#
# There is insufficient memory for the Java Runtime Environment to continue.
# Native memory allocation (malloc) failed to allocate 604496 bytes for Chunk::new
# Possible reasons:
#   The system is out of physical RAM or swap space
#   The process is running with CompressedOops enabled, and the Java Heap may be blocking the growth of the native heap
# Possible solutions:
#   Reduce memory load on the system
#   Increase physical memory or swap space
#   Check if swap backing store is full
#   Decrease Java heap size (-Xmx/-Xms)
#   Decrease number of Java threads
#   Decrease Java thread stack sizes (-Xss)
#   Set larger code cache with -XX:ReservedCodeCacheSize=
#   JVM is running with Unscaled Compressed Oops mode in which the Java heap is
#     placed in the first 4GB address space. The Java Heap base address is the
#     maximum limit for the native heap growth. Please use -XX:HeapBaseMinAddress
#     to set the Java Heap base and to place the Java Heap above 4GB virtual address.
# This output file may be truncated or incomplete.
#
#  Out of Memory Error (arena.cpp:191), pid=1936, tid=9648
#
# JRE version: OpenJDK Runtime Environment Temurin-17.0.10+7 (17.0.10+7) (build 17.0.10+7)
# Java VM: OpenJDK 64-Bit Server VM Temurin-17.0.10+7 (17.0.10+7, mixed mode, tiered, compressed oops, compressed class ptrs, parallel gc, windows-amd64)
# No core dump will be written. Minidumps are not enabled by default on client versions of Windows
#

---------------  S U M M A R Y ------------

Command Line: --add-modules=ALL-SYSTEM --add-opens=java.base/java.util=ALL-UNNAMED --add-opens=java.base/java.lang=ALL-UNNAMED --add-opens=java.base/sun.nio.fs=ALL-UNNAMED -Declipse.application=org.eclipse.jdt.ls.core.id1 -Dosgi.bundles.defaultStartLevel=4 -Declipse.product=org.eclipse.jdt.ls.core.product -Djava.import.generatesMetadataFilesAtProjectRoot=false -DDetectVMInstallationsJob.disabled=true -Dfile.encoding=utf8 -XX:+UseParallelGC -XX:GCTimeRatio=4 -XX:AdaptiveSizePolicyWeight=90 -Dsun.zip.disableMemoryMapping=true -Xmx1G -Xms100m -Xlog:disable -javaagent:c:\Users\STARIM\.vscode\extensions\redhat.java-1.28.1-win32-x64\lombok\lombok-1.18.31.jar c:\Users\STARIM\.vscode\extensions\redhat.java-1.28.1-win32-x64\server\plugins\org.eclipse.equinox.launcher_1.6.700.v20231214-2017.jar -configuration c:\Users\STARIM\AppData\Roaming\Code\User\globalStorage\redhat.java\1.28.1\config_ss_win -data c:\Users\STARIM\AppData\Roaming\Code\User\workspaceStorage\fca8b4c608cf10cf091734a5bbae42fa\redhat.java\ss_ws --stdio

Host: AMD Ryzen 7 4800H with Radeon Graphics         , 16 cores, 7G,  Windows 11 , 64 bit Build 22621 (10.0.22621.3235)
Time: Wed Mar 13 12:48:14 2024 India Standard Time elapsed time: 2.509521 seconds (0d 0h 0m 2s)

---------------  T H R E A D  ---------------

Current thread (0x000001afa8454580):  JavaThread "C2 CompilerThread0" daemon [_thread_in_native, id=9648, stack(0x0000009aa0800000,0x0000009aa0900000)]


Current CompileTask:
C2:   2509 1526       4       java.io.WinNTFileSystem::normalize (143 bytes)

Stack: [0x0000009aa0800000,0x0000009aa0900000]
Native frames: (J=compiled Java code, j=interpreted, Vv=VM code, C=native code)
V  [jvm.dll+0x67d2c9]
V  [jvm.dll+0x834afa]
V  [jvm.dll+0x8365be]
V  [jvm.dll+0x836c23]
V  [jvm.dll+0x2477ff]
V  [jvm.dll+0xac514]
V  [jvm.dll+0xacb5c]
V  [jvm.dll+0x366782]
V  [jvm.dll+0x330bfa]
V  [jvm.dll+0x33009a]
V  [jvm.dll+0x219ef1]
V  [jvm.dll+0x219311]
V  [jvm.dll+0x1a502d]
V  [jvm.dll+0x2290de]
V  [jvm.dll+0x2272ac]
V  [jvm.dll+0x7e9bb7]
V  [jvm.dll+0x7e3fba]
V  [jvm.dll+0x67c1b5]
C  [ucrtbase.dll+0x29363]
C  [KERNEL32.DLL+0x1257d]
C  [ntdll.dll+0x5aa58]


---------------  P R O C E S S  ---------------

Threads class SMR info:
_java_thread_list=0x000001afaae74aa0, length=18, elements={
0x000001af8d50f400, 0x000001afa32d5e00, 0x000001afa32d7330, 0x000001af8d5ae2d0,
0x000001afa844a180, 0x000001afa844d4c0, 0x000001afa844f540, 0x000001afa8454580,
0x000001afa84556e0, 0x000001afa845e7c0, 0x000001af8d5728f0, 0x000001afa85d7810,
0x000001afa8726270, 0x000001afaa4ed0b0, 0x000001afaa5a70e0, 0x000001afaad634e0,
0x000001afaade8450, 0x000001afaadeaf60
}

Java Threads: ( => current thread )
  0x000001af8d50f400 JavaThread "main" [_thread_blocked, id=19400, stack(0x0000009a9ff00000,0x0000009aa0000000)]
  0x000001afa32d5e00 JavaThread "Reference Handler" daemon [_thread_blocked, id=12100, stack(0x0000009aa0200000,0x0000009aa0300000)]
  0x000001afa32d7330 JavaThread "Finalizer" daemon [_thread_blocked, id=14408, stack(0x0000009aa0300000,0x0000009aa0400000)]
  0x000001af8d5ae2d0 JavaThread "Signal Dispatcher" daemon [_thread_blocked, id=12200, stack(0x0000009aa0400000,0x0000009aa0500000)]
  0x000001afa844a180 JavaThread "Attach Listener" daemon [_thread_blocked, id=12940, stack(0x0000009aa0500000,0x0000009aa0600000)]
  0x000001afa844d4c0 JavaThread "Service Thread" daemon [_thread_blocked, id=7152, stack(0x0000009aa0600000,0x0000009aa0700000)]
  0x000001afa844f540 JavaThread "Monitor Deflation Thread" daemon [_thread_blocked, id=9148, stack(0x0000009aa0700000,0x0000009aa0800000)]
=>0x000001afa8454580 JavaThread "C2 CompilerThread0" daemon [_thread_in_native, id=9648, stack(0x0000009aa0800000,0x0000009aa0900000)]
  0x000001afa84556e0 JavaThread "C1 CompilerThread0" daemon [_thread_blocked, id=19992, stack(0x0000009aa0900000,0x0000009aa0a00000)]
  0x000001afa845e7c0 JavaThread "Sweeper thread" daemon [_thread_blocked, id=20116, stack(0x0000009aa0a00000,0x0000009aa0b00000)]
  0x000001af8d5728f0 JavaThread "Common-Cleaner" daemon [_thread_blocked, id=8420, stack(0x0000009aa0b00000,0x0000009aa0c00000)]
  0x000001afa85d7810 JavaThread "C1 CompilerThread1" daemon [_thread_blocked, id=10736, stack(0x0000009aa0c00000,0x0000009aa0d00000)]
  0x000001afa8726270 JavaThread "C1 CompilerThread2" daemon [_thread_blocked, id=18752, stack(0x0000009aa0e00000,0x0000009aa0f00000)]
  0x000001afaa4ed0b0 JavaThread "C1 CompilerThread3" daemon [_thread_blocked, id=14740, stack(0x0000009aa0f00000,0x0000009aa1000000)]
  0x000001afaa5a70e0 JavaThread "Notification Thread" daemon [_thread_blocked, id=19904, stack(0x0000009aa1000000,0x0000009aa1100000)]
  0x000001afaad634e0 JavaThread "Active Thread: Equinox Container: 34b06e68-18eb-4784-8128-f8814018c830" [_thread_blocked, id=20368, stack(0x0000009aa0d00000,0x0000009aa0e00000)]
  0x000001afaade8450 JavaThread "Framework Event Dispatcher: Equinox Container: 34b06e68-18eb-4784-8128-f8814018c830" daemon [_thread_blocked, id=22140, stack(0x0000009aa1700000,0x0000009aa1800000)]
  0x000001afaadeaf60 JavaThread "Start Level: Equinox Container: 34b06e68-18eb-4784-8128-f8814018c830" daemon [_thread_in_Java, id=10284, stack(0x0000009aa1800000,0x0000009aa1900000)]

Other Threads:
  0x000001afa8416600 VMThread "VM Thread" [stack: 0x0000009aa0100000,0x0000009aa0200000] [id=21664]
  0x000001afaa5a75c0 WatcherThread [stack: 0x0000009aa1100000,0x0000009aa1200000] [id=13360]
  0x000001af8d522dd0 GCTaskThread "GC Thread#0" [stack: 0x0000009aa0000000,0x0000009aa0100000] [id=20784]
  0x000001afaac8c030 GCTaskThread "GC Thread#1" [stack: 0x0000009aa1200000,0x0000009aa1300000] [id=14436]
  0x000001afaa835e30 GCTaskThread "GC Thread#2" [stack: 0x0000009aa1300000,0x0000009aa1400000] [id=13760]
  0x000001afaa8360f0 GCTaskThread "GC Thread#3" [stack: 0x0000009aa1400000,0x0000009aa1500000] [id=20468]
  0x000001afaa836bc0 GCTaskThread "GC Thread#4" [stack: 0x0000009aa1500000,0x0000009aa1600000] [id=2548]
  0x000001afaa838e90 GCTaskThread "GC Thread#5" [stack: 0x0000009aa1600000,0x0000009aa1700000] [id=10604]

Threads with active compile tasks:
C2 CompilerThread0     2530 1526       4       java.io.WinNTFileSystem::normalize (143 bytes)

VM state: not at safepoint (normal execution)

VM Mutex/Monitor currently owned by a thread: None

Heap address: 0x00000000c0000000, size: 1024 MB, Compressed Oops mode: 32-bit

CDS archive(s) not mapped
Compressed class space mapped at: 0x0000000100000000-0x0000000140000000, reserved size: 1073741824
Narrow klass base: 0x0000000000000000, Narrow klass shift: 3, Narrow klass range: 0x140000000

GC Precious Log:
 CPUs: 16 total, 16 available
 Memory: 7599M
 Large Page Support: Disabled
 NUMA Support: Disabled
 Compressed Oops: Enabled (32-bit)
 Alignments: Space 512K, Generation 512K, Heap 2M
 Heap Min Capacity: 100M
 Heap Initial Capacity: 100M
 Heap Max Capacity: 1G
 Pre-touch: Disabled
 Parallel Workers: 13

Heap:
 PSYoungGen      total 29696K, used 25290K [0x00000000eab00000, 0x00000000ecc00000, 0x0000000100000000)
  eden space 25600K, 86% used [0x00000000eab00000,0x00000000ec0b9818,0x00000000ec400000)
  from space 4096K, 74% used [0x00000000ec400000,0x00000000ec6f9140,0x00000000ec800000)
  to   space 4096K, 0% used [0x00000000ec800000,0x00000000ec800000,0x00000000ecc00000)
 ParOldGen       total 68608K, used 8K [0x00000000c0000000, 0x00000000c4300000, 0x00000000eab00000)
  object space 68608K, 0% used [0x00000000c0000000,0x00000000c0002000,0x00000000c4300000)
 Metaspace       used 13901K, committed 14080K, reserved 1114112K
  class space    used 1381K, committed 1472K, reserved 1048576K

Card table byte_map: [0x000001afa0b50000,0x000001afa0d60000] _byte_map_base: 0x000001afa0550000

Marking Bits: (ParMarkBitMap*) 0x00007ffec7d4d7d0
 Begin Bits: [0x000001afa0ec0000, 0x000001afa1ec0000)
 End Bits:   [0x000001afa1ec0000, 0x000001afa2ec0000)

Polling page: 0x000001af91940000

Metaspace:

Usage:
  Non-class:     12.23 MB used.
      Class:      1.35 MB used.
       Both:     13.58 MB used.

Virtual space:
  Non-class space:       64.00 MB reserved,      12.31 MB ( 19%) committed,  1 nodes.
      Class space:        1.00 GB reserved,       1.44 MB ( <1%) committed,  1 nodes.
             Both:        1.06 GB reserved,      13.75 MB (  1%) committed. 

Chunk freelists:
   Non-Class:  3.22 MB
       Class:  14.47 MB
        Both:  17.69 MB

MaxMetaspaceSize: unlimited
CompressedClassSpaceSize: 1.00 GB
Initial GC threshold: 21.00 MB
Current GC threshold: 21.00 MB
CDS: off
MetaspaceReclaimPolicy: balanced
 - commit_granule_bytes: 65536.
 - commit_granule_words: 8192.
 - virtual_space_node_default_size: 8388608.
 - enlarge_chunks_in_place: 1.
 - new_chunks_are_fully_committed: 0.
 - uncommit_free_chunks: 1.
 - use_allocation_guard: 0.
 - handle_deallocations: 1.


Internal statistics:

num_allocs_failed_limit: 0.
num_arena_births: 56.
num_arena_deaths: 0.
num_vsnodes_births: 2.
num_vsnodes_deaths: 0.
num_space_committed: 220.
num_space_uncommitted: 0.
num_chunks_returned_to_freelist: 0.
num_chunks_taken_from_freelist: 230.
num_chunk_merges: 0.
num_chunk_splits: 154.
num_chunks_enlarged: 125.
num_inconsistent_stats: 0.

CodeHeap 'non-profiled nmethods': size=119168Kb used=575Kb max_used=575Kb free=118592Kb
 bounds [0x000001af99500000, 0x000001af99770000, 0x000001afa0960000]
CodeHeap 'profiled nmethods': size=119104Kb used=2887Kb max_used=2887Kb free=116216Kb
 bounds [0x000001af91960000, 0x000001af91c40000, 0x000001af98db0000]
CodeHeap 'non-nmethods': size=7488Kb used=2845Kb max_used=2861Kb free=4642Kb
 bounds [0x000001af98db0000, 0x000001af99080000, 0x000001af99500000]
 total_blobs=2010 nmethods=1557 adapters=364
 compilation: enabled
              stopped_count=0, restarted_count=0
 full_count=0

Compilation events (20 events):
Event: 2.491 Thread 0x000001afa84556e0 nmethod 1543 0x000001af91c24d10 code [0x000001af91c24ec0, 0x000001af91c25128]
Event: 2.491 Thread 0x000001afaa4ed0b0 nmethod 1542 0x000001af91c25290 code [0x000001af91c25480, 0x000001af91c258f8]
Event: 2.491 Thread 0x000001afaa4ed0b0 1546       1       org.eclipse.osgi.internal.framework.EquinoxBundle$EquinoxModule::getBundle (5 bytes)
Event: 2.491 Thread 0x000001afaa4ed0b0 nmethod 1546 0x000001af9958f310 code [0x000001af9958f4a0, 0x000001af9958f578]
Event: 2.493 Thread 0x000001afa84556e0 1547       1       org.eclipse.osgi.container.ModuleContainer::getModuleLockTimeout (5 bytes)
Event: 2.493 Thread 0x000001afa84556e0 nmethod 1547 0x000001af9958f610 code [0x000001af9958f7a0, 0x000001af9958f878]
Event: 2.493 Thread 0x000001afa85d7810 1548       3       org.eclipse.osgi.container.Module::compareTo (9 bytes)
Event: 2.493 Thread 0x000001afa8726270 1549       3       org.eclipse.osgi.container.Module::compareTo (54 bytes)
Event: 2.493 Thread 0x000001afaa4ed0b0 1550       3       java.util.ArrayList$SubList::checkForComodification (23 bytes)
Event: 2.493 Thread 0x000001afa84556e0 1551       3       java.util.RegularEnumSet::contains (57 bytes)
Event: 2.493 Thread 0x000001afa85d7810 nmethod 1548 0x000001af91c25b10 code [0x000001af91c25cc0, 0x000001af91c25ee8]
Event: 2.493 Thread 0x000001afaa4ed0b0 nmethod 1550 0x000001af91c25f90 code [0x000001af91c26140, 0x000001af91c26368]
Event: 2.494 Thread 0x000001afa8726270 nmethod 1549 0x000001af91c26490 code [0x000001af91c26660, 0x000001af91c26978]
Event: 2.494 Thread 0x000001afa84556e0 nmethod 1551 0x000001af91c26a90 code [0x000001af91c26c60, 0x000001af91c27068]
Event: 2.497 Thread 0x000001afa8726270 1552       3       java.lang.invoke.MemberName::getType (19 bytes)
Event: 2.498 Thread 0x000001afa8726270 nmethod 1552 0x000001af91c27190 code [0x000001af91c27360, 0x000001af91c27718]
Event: 2.501 Thread 0x000001afaa4ed0b0 1553   !   3       java.net.URLClassLoader::defineClass (225 bytes)
Event: 2.502 Thread 0x000001afa8726270 1554       3       java.util.concurrent.locks.ReentrantReadWriteLock$Sync::sharedCount (5 bytes)
Event: 2.503 Thread 0x000001afa8726270 nmethod 1554 0x000001af91c27890 code [0x000001af91c27a20, 0x000001af91c27b18]
Event: 2.505 Thread 0x000001afaa4ed0b0 nmethod 1553 0x000001af91c27b90 code [0x000001af91c28040, 0x000001af91c2a168]

GC Heap History (2 events):
Event: 1.488 GC heap before
{Heap before GC invocations=1 (full 0):
 PSYoungGen      total 29696K, used 25600K [0x00000000eab00000, 0x00000000ecc00000, 0x0000000100000000)
  eden space 25600K, 100% used [0x00000000eab00000,0x00000000ec400000,0x00000000ec400000)
  from space 4096K, 0% used [0x00000000ec800000,0x00000000ec800000,0x00000000ecc00000)
  to   space 4096K, 0% used [0x00000000ec400000,0x00000000ec400000,0x00000000ec800000)
 ParOldGen       total 68608K, used 0K [0x00000000c0000000, 0x00000000c4300000, 0x00000000eab00000)
  object space 68608K, 0% used [0x00000000c0000000,0x00000000c0000000,0x00000000c4300000)
 Metaspace       used 10640K, committed 10816K, reserved 1114112K
  class space    used 1060K, committed 1152K, reserved 1048576K
}
Event: 1.499 GC heap after
{Heap after GC invocations=1 (full 0):
 PSYoungGen      total 29696K, used 3044K [0x00000000eab00000, 0x00000000ecc00000, 0x0000000100000000)
  eden space 25600K, 0% used [0x00000000eab00000,0x00000000eab00000,0x00000000ec400000)
  from space 4096K, 74% used [0x00000000ec400000,0x00000000ec6f9140,0x00000000ec800000)
  to   space 4096K, 0% used [0x00000000ec800000,0x00000000ec800000,0x00000000ecc00000)
 ParOldGen       total 68608K, used 8K [0x00000000c0000000, 0x00000000c4300000, 0x00000000eab00000)
  object space 68608K, 0% used [0x00000000c0000000,0x00000000c0002000,0x00000000c4300000)
 Metaspace       used 10640K, committed 10816K, reserved 1114112K
  class space    used 1060K, committed 1152K, reserved 1048576K
}

Dll operation events (8 events):
Event: 0.021 Loaded shared library c:\Users\STARIM\.vscode\extensions\redhat.java-1.28.1-win32-x64\jre\17.0.10-win32-x86_64\bin\java.dll
Event: 0.336 Loaded shared library c:\Users\STARIM\.vscode\extensions\redhat.java-1.28.1-win32-x64\jre\17.0.10-win32-x86_64\bin\zip.dll
Event: 0.343 Loaded shared library C:\Users\STARIM\.vscode\extensions\redhat.java-1.28.1-win32-x64\jre\17.0.10-win32-x86_64\bin\instrument.dll
Event: 0.370 Loaded shared library C:\Users\STARIM\.vscode\extensions\redhat.java-1.28.1-win32-x64\jre\17.0.10-win32-x86_64\bin\net.dll
Event: 0.374 Loaded shared library C:\Users\STARIM\.vscode\extensions\redhat.java-1.28.1-win32-x64\jre\17.0.10-win32-x86_64\bin\nio.dll
Event: 0.388 Loaded shared library C:\Users\STARIM\.vscode\extensions\redhat.java-1.28.1-win32-x64\jre\17.0.10-win32-x86_64\bin\zip.dll
Event: 0.417 Loaded shared library C:\Users\STARIM\.vscode\extensions\redhat.java-1.28.1-win32-x64\jre\17.0.10-win32-x86_64\bin\jimage.dll
Event: 0.533 Loaded shared library c:\Users\STARIM\.vscode\extensions\redhat.java-1.28.1-win32-x64\jre\17.0.10-win32-x86_64\bin\verify.dll

Deoptimization events (20 events):
Event: 1.973 Thread 0x000001af8d50f400 DEOPT PACKING pc=0x000001af919d6645 sp=0x0000009a9fff76c0
Event: 1.973 Thread 0x000001af8d50f400 DEOPT UNPACKING pc=0x000001af98e06e43 sp=0x0000009a9fff6b70 mode 0
Event: 1.978 Thread 0x000001af8d50f400 Uncommon trap: trap_request=0xffffffc6 fr.pc=0x000001af9952aa9c relative=0x000000000000027c
Event: 1.978 Thread 0x000001af8d50f400 Uncommon trap: reason=bimorphic_or_optimized_type_check action=maybe_recompile pc=0x000001af9952aa9c method=java.util.Collections$UnmodifiableCollection$1.next()Ljava/lang/Object; @ 4 c2
Event: 1.978 Thread 0x000001af8d50f400 DEOPT PACKING pc=0x000001af9952aa9c sp=0x0000009a9fff8220
Event: 1.978 Thread 0x000001af8d50f400 DEOPT UNPACKING pc=0x000001af98e066a3 sp=0x0000009a9fff81d0 mode 2
Event: 1.978 Thread 0x000001af8d50f400 Uncommon trap: trap_request=0xffffffc6 fr.pc=0x000001af9952aa9c relative=0x000000000000027c
Event: 1.978 Thread 0x000001af8d50f400 Uncommon trap: reason=bimorphic_or_optimized_type_check action=maybe_recompile pc=0x000001af9952aa9c method=java.util.Collections$UnmodifiableCollection$1.next()Ljava/lang/Object; @ 4 c2
Event: 1.978 Thread 0x000001af8d50f400 DEOPT PACKING pc=0x000001af9952aa9c sp=0x0000009a9fff8220
Event: 1.978 Thread 0x000001af8d50f400 DEOPT UNPACKING pc=0x000001af98e066a3 sp=0x0000009a9fff81d0 mode 2
Event: 2.268 Thread 0x000001af8d50f400 Uncommon trap: trap_request=0xffffffde fr.pc=0x000001af995619c0 relative=0x0000000000000900
Event: 2.268 Thread 0x000001af8d50f400 Uncommon trap: reason=class_check action=maybe_recompile pc=0x000001af995619c0 method=java.util.HashMap.putVal(ILjava/lang/Object;Ljava/lang/Object;ZZ)Ljava/lang/Object; @ 253 c2
Event: 2.268 Thread 0x000001af8d50f400 DEOPT PACKING pc=0x000001af995619c0 sp=0x0000009a9fffe050
Event: 2.268 Thread 0x000001af8d50f400 DEOPT UNPACKING pc=0x000001af98e066a3 sp=0x0000009a9fffdfd0 mode 2
Event: 2.273 Thread 0x000001af8d50f400 Uncommon trap: trap_request=0xffffffde fr.pc=0x000001af995619c0 relative=0x0000000000000900
Event: 2.273 Thread 0x000001af8d50f400 Uncommon trap: reason=class_check action=maybe_recompile pc=0x000001af995619c0 method=java.util.HashMap.putVal(ILjava/lang/Object;Ljava/lang/Object;ZZ)Ljava/lang/Object; @ 253 c2
Event: 2.273 Thread 0x000001af8d50f400 DEOPT PACKING pc=0x000001af995619c0 sp=0x0000009a9fffe050
Event: 2.273 Thread 0x000001af8d50f400 DEOPT UNPACKING pc=0x000001af98e066a3 sp=0x0000009a9fffdfd0 mode 2
Event: 2.352 Thread 0x000001af8d50f400 DEOPT PACKING pc=0x000001af91a8c789 sp=0x0000009a9fffca00
Event: 2.352 Thread 0x000001af8d50f400 DEOPT UNPACKING pc=0x000001af98e06e43 sp=0x0000009a9fffbe88 mode 0

Classes unloaded (0 events):
No events

Classes redefined (0 events):
No events

Internal exceptions (20 events):
Event: 1.019 Thread 0x000001af8d50f400 Exception <a 'java/io/FileNotFoundException'{0x00000000eb9f9718}> (0x00000000eb9f9718) 
thrown [s\src\hotspot\share\prims\jni.cpp, line 516]
Event: 1.020 Thread 0x000001af8d50f400 Exception <a 'java/io/FileNotFoundException'{0x00000000eb9fa3d8}> (0x00000000eb9fa3d8) 
thrown [s\src\hotspot\share\prims\jni.cpp, line 516]
Event: 1.027 Thread 0x000001af8d50f400 Implicit null exception at 0x000001af99524172 to 0x000001af99524690
Event: 1.033 Thread 0x000001af8d50f400 Exception <a 'java/io/FileNotFoundException'{0x00000000eba34cd8}> (0x00000000eba34cd8) 
thrown [s\src\hotspot\share\prims\jni.cpp, line 516]
Event: 1.348 Thread 0x000001af8d50f400 Exception <a 'java/lang/ClassNotFoundException'{0x00000000ec23ca60}: sun/net/www/protocol/c/Handler> (0x00000000ec23ca60) 
thrown [s\src\hotspot\share\classfile\systemDictionary.cpp, line 256]
Event: 1.349 Thread 0x000001af8d50f400 Exception <a 'java/lang/ClassNotFoundException'{0x00000000ec23de18}: sun/net/www/protocol/c/Handler> (0x00000000ec23de18) 
thrown [s\src\hotspot\share\classfile\systemDictionary.cpp, line 256]
Event: 1.350 Thread 0x000001af8d50f400 Exception <a 'java/lang/ClassNotFoundException'{0x00000000ec23f058}: sun/net/www/protocol/c/Handler> (0x00000000ec23f058) 
thrown [s\src\hotspot\share\classfile\systemDictionary.cpp, line 256]
Event: 1.369 Thread 0x000001af8d50f400 Exception <a 'java/io/FileNotFoundException'{0x00000000ec262418}> (0x00000000ec262418) 
thrown [s\src\hotspot\share\prims\jni.cpp, line 516]
Event: 1.452 Thread 0x000001af8d50f400 Implicit null exception at 0x000001af995561fb to 0x000001af99556b80
Event: 1.453 Thread 0x000001af8d50f400 Implicit null exception at 0x000001af9954edec to 0x000001af9954efc8
Event: 1.453 Thread 0x000001af8d50f400 Implicit null exception at 0x000001af9954e76c to 0x000001af9954e948
Event: 1.453 Thread 0x000001af8d50f400 Implicit null exception at 0x000001af9954260f to 0x000001af99542685
Event: 1.585 Thread 0x000001af8d50f400 Exception <a 'java/lang/NoSuchMethodError'{0x00000000eacb7020}: 'int java.lang.invoke.DirectMethodHandle$Holder.invokeStaticInit(java.lang.Object, java.lang.Object, java.lang.Object, java.lang.Object)'> (0x00000000eacb7020) 
thrown [s\src\hotspot\share\interpreter\linkResolver.cpp, line 759]
Event: 1.590 Thread 0x000001af8d50f400 Exception <a 'java/lang/NoSuchMethodError'{0x00000000eacc1798}: 'java.lang.Object java.lang.invoke.DirectMethodHandle$Holder.invokeInterface(java.lang.Object, java.lang.Object)'> (0x00000000eacc1798) 
thrown [s\src\hotspot\share\interpreter\linkResolver.cpp, line 759]
Event: 1.590 Thread 0x000001af8d50f400 Exception <a 'java/lang/IncompatibleClassChangeError'{0x00000000eacc4f90}: Found class java.lang.Object, but interface was expected> (0x00000000eacc4f90) 
thrown [s\src\hotspot\share\interpreter\linkResolver.cpp, line 826]
Event: 1.592 Thread 0x000001af8d50f400 Exception <a 'java/lang/NoSuchMethodError'{0x00000000eacc9480}: 'void java.lang.invoke.DirectMethodHandle$Holder.invokeStatic(java.lang.Object, java.lang.Object)'> (0x00000000eacc9480) 
thrown [s\src\hotspot\share\interpreter\linkResolver.cpp, line 759]
Event: 1.593 Thread 0x000001af8d50f400 Exception <a 'java/lang/NoSuchMethodError'{0x00000000eacccc80}: 'void java.lang.invoke.DirectMethodHandle$Holder.invokeStaticInit(java.lang.Object, java.lang.Object)'> (0x00000000eacccc80) 
thrown [s\src\hotspot\share\interpreter\linkResolver.cpp, line 759]
Event: 1.596 Thread 0x000001af8d50f400 Exception <a 'java/lang/NoSuchMethodError'{0x00000000eacd4210}: 'int java.lang.invoke.DirectMethodHandle$Holder.invokeStaticInit(java.lang.Object, java.lang.Object)'> (0x00000000eacd4210) 
thrown [s\src\hotspot\share\interpreter\linkResolver.cpp, line 759]
Event: 1.703 Thread 0x000001af8d50f400 Exception <a 'java/lang/NoSuchMethodError'{0x00000000eae3df10}: 'void java.lang.invoke.DirectMethodHandle$Holder.invokeSpecial(java.lang.Object, java.lang.Object, java.lang.Object)'> (0x00000000eae3df10) 
thrown [s\src\hotspot\share\interpreter\linkResolver.cpp, line 759]
Event: 2.228 Thread 0x000001af8d50f400 Exception <a 'java/lang/NoSuchMethodError'{0x00000000ebaac870}: 'java.lang.Object java.lang.invoke.DirectMethodHandle$Holder.newInvokeSpecial(java.lang.Object, int, java.lang.Object)'> (0x00000000ebaac870) 
thrown [s\src\hotspot\share\interpreter\linkResolver.cpp, line 759]

VM Operations (20 events):
Event: 0.444 Executing VM operation: HandshakeAllThreads
Event: 0.444 Executing VM operation: HandshakeAllThreads done
Event: 0.975 Executing VM operation: HandshakeAllThreads
Event: 0.976 Executing VM operation: HandshakeAllThreads done
Event: 1.000 Executing VM operation: HandshakeAllThreads
Event: 1.000 Executing VM operation: HandshakeAllThreads done
Event: 1.315 Executing VM operation: HandshakeAllThreads
Event: 1.315 Executing VM operation: HandshakeAllThreads done
Event: 1.315 Executing VM operation: Cleanup
Event: 1.315 Executing VM operation: Cleanup done
Event: 1.488 Executing VM operation: ParallelGCFailedAllocation
Event: 1.499 Executing VM operation: ParallelGCFailedAllocation done
Event: 2.174 Executing VM operation: HandshakeAllThreads
Event: 2.174 Executing VM operation: HandshakeAllThreads done
Event: 2.175 Executing VM operation: HandshakeAllThreads
Event: 2.175 Executing VM operation: HandshakeAllThreads done
Event: 2.187 Executing VM operation: HandshakeAllThreads
Event: 2.187 Executing VM operation: HandshakeAllThreads done
Event: 2.217 Executing VM operation: HandshakeAllThreads
Event: 2.217 Executing VM operation: HandshakeAllThreads done

Events (20 events):
Event: 2.280 loading class java/net/ContentHandlerFactory done
Event: 2.286 loading class java/net/ContentHandler
Event: 2.287 loading class java/net/ContentHandler done
Event: 2.316 loading class javax/xml/parsers/ParserConfigurationException
Event: 2.316 loading class javax/xml/parsers/ParserConfigurationException done
Event: 2.326 loading class java/security/KeyStoreException
Event: 2.326 loading class java/security/KeyStoreException done
Event: 2.389 loading class java/util/LinkedList$Node
Event: 2.389 loading class java/util/LinkedList$Node done
Event: 2.389 loading class java/util/LinkedList$ListItr
Event: 2.389 loading class java/util/LinkedList$ListItr done
Event: 2.408 loading class sun/nio/fs/WindowsChannelFactory
Event: 2.408 loading class sun/nio/fs/WindowsChannelFactory done
Event: 2.408 loading class sun/nio/fs/WindowsChannelFactory$1
Event: 2.409 loading class sun/nio/fs/WindowsChannelFactory$1 done
Event: 2.409 loading class sun/nio/fs/WindowsChannelFactory$Flags
Event: 2.409 loading class sun/nio/fs/WindowsChannelFactory$Flags done
Event: 2.409 loading class sun/nio/ch/FileChannelImpl$Closer
Event: 2.409 loading class sun/nio/ch/FileChannelImpl$Closer done
Event: 2.499 Thread 0x000001afaade8450 Thread added: 0x000001afaade8450


Dynamic libraries:
0x00007ff68ab90000 - 0x00007ff68ab9e000 	c:\Users\STARIM\.vscode\extensions\redhat.java-1.28.1-win32-x64\jre\17.0.10-win32-x86_64\bin\java.exe
0x00007fff15490000 - 0x00007fff156a6000 	C:\WINDOWS\SYSTEM32\ntdll.dll
0x00007fff14410000 - 0x00007fff144d4000 	C:\WINDOWS\System32\KERNEL32.DLL
0x00007fff12a50000 - 0x00007fff12df6000 	C:\WINDOWS\System32\KERNELBASE.dll
0x00007fff0f7a0000 - 0x00007fff0f837000 	C:\WINDOWS\SYSTEM32\apphelp.dll
0x00007fff12ec0000 - 0x00007fff12fd1000 	C:\WINDOWS\System32\ucrtbase.dll
0x00007fff04bc0000 - 0x00007fff04bd7000 	c:\Users\STARIM\.vscode\extensions\redhat.java-1.28.1-win32-x64\jre\17.0.10-win32-x86_64\bin\jli.dll
0x00007fff04ba0000 - 0x00007fff04bbb000 	c:\Users\STARIM\.vscode\extensions\redhat.java-1.28.1-win32-x64\jre\17.0.10-win32-x86_64\bin\VCRUNTIME140.dll
0x00007fff13f50000 - 0x00007fff140fd000 	C:\WINDOWS\System32\USER32.dll
0x00007fff131b0000 - 0x00007fff131d6000 	C:\WINDOWS\System32\win32u.dll
0x00007fff15420000 - 0x00007fff15449000 	C:\WINDOWS\System32\GDI32.dll
0x00007fff13010000 - 0x00007fff13128000 	C:\WINDOWS\System32\gdi32full.dll
0x00007fff09b50000 - 0x00007fff09de3000 	C:\WINDOWS\WinSxS\amd64_microsoft.windows.common-controls_6595b64144ccf1df_6.0.22621.3235_none_270f74e173860f98\COMCTL32.dll
0x00007fff127d0000 - 0x00007fff1286a000 	C:\WINDOWS\System32\msvcp_win.dll
0x00007fff141c0000 - 0x00007fff14267000 	C:\WINDOWS\System32\msvcrt.dll
0x00007fff153e0000 - 0x00007fff15411000 	C:\WINDOWS\System32\IMM32.DLL
0x00007fff0ca60000 - 0x00007fff0ca6c000 	c:\Users\STARIM\.vscode\extensions\redhat.java-1.28.1-win32-x64\jre\17.0.10-win32-x86_64\bin\vcruntime140_1.dll
0x00007ffedcfa0000 - 0x00007ffedd02d000 	c:\Users\STARIM\.vscode\extensions\redhat.java-1.28.1-win32-x64\jre\17.0.10-win32-x86_64\bin\msvcp140.dll
0x00007ffec71b0000 - 0x00007ffec7e12000 	c:\Users\STARIM\.vscode\extensions\redhat.java-1.28.1-win32-x64\jre\17.0.10-win32-x86_64\bin\server\jvm.dll
0x00007fff14100000 - 0x00007fff141b2000 	C:\WINDOWS\System32\ADVAPI32.dll
0x00007fff14870000 - 0x00007fff14918000 	C:\WINDOWS\System32\sechost.dll
0x00007fff12fe0000 - 0x00007fff13008000 	C:\WINDOWS\System32\bcrypt.dll
0x00007fff14980000 - 0x00007fff14a95000 	C:\WINDOWS\System32\RPCRT4.dll
0x00007fff12440000 - 0x00007fff1248d000 	C:\WINDOWS\SYSTEM32\POWRPROF.dll
0x00007fff08870000 - 0x00007fff088a4000 	C:\WINDOWS\SYSTEM32\WINMM.dll
0x00007fff0c300000 - 0x00007fff0c309000 	C:\WINDOWS\SYSTEM32\WSOCK32.dll
0x00007fff15360000 - 0x00007fff153d1000 	C:\WINDOWS\System32\WS2_32.dll
0x00007fff094e0000 - 0x00007fff094ea000 	C:\WINDOWS\SYSTEM32\VERSION.dll
0x00007fff12420000 - 0x00007fff12433000 	C:\WINDOWS\SYSTEM32\UMPDC.dll
0x00007fff11810000 - 0x00007fff11828000 	C:\WINDOWS\SYSTEM32\kernel.appcore.dll
0x00007fff0aec0000 - 0x00007fff0aeca000 	c:\Users\STARIM\.vscode\extensions\redhat.java-1.28.1-win32-x64\jre\17.0.10-win32-x86_64\bin\jimage.dll
0x00007fff0fc50000 - 0x00007fff0fe83000 	C:\WINDOWS\SYSTEM32\DBGHELP.DLL
0x00007fff144e0000 - 0x00007fff14868000 	C:\WINDOWS\System32\combase.dll
0x00007fff133a0000 - 0x00007fff13477000 	C:\WINDOWS\System32\OLEAUT32.dll
0x00007fff07260000 - 0x00007fff07292000 	C:\WINDOWS\SYSTEM32\dbgcore.DLL
0x00007fff13130000 - 0x00007fff131aa000 	C:\WINDOWS\System32\bcryptPrimitives.dll
0x00007fff0ae80000 - 0x00007fff0ae8e000 	c:\Users\STARIM\.vscode\extensions\redhat.java-1.28.1-win32-x64\jre\17.0.10-win32-x86_64\bin\instrument.dll
0x00007fff02960000 - 0x00007fff02985000 	c:\Users\STARIM\.vscode\extensions\redhat.java-1.28.1-win32-x64\jre\17.0.10-win32-x86_64\bin\java.dll
0x00007fff04620000 - 0x00007fff04638000 	c:\Users\STARIM\.vscode\extensions\redhat.java-1.28.1-win32-x64\jre\17.0.10-win32-x86_64\bin\zip.dll
0x00007fff13690000 - 0x00007fff13eec000 	C:\WINDOWS\System32\SHELL32.dll
0x00007fff106e0000 - 0x00007fff10fd8000 	C:\WINDOWS\SYSTEM32\windows.storage.dll
0x00007fff105a0000 - 0x00007fff106de000 	C:\WINDOWS\SYSTEM32\wintypes.dll
0x00007fff13490000 - 0x00007fff13583000 	C:\WINDOWS\System32\SHCORE.dll
0x00007fff13ef0000 - 0x00007fff13f4e000 	C:\WINDOWS\System32\shlwapi.dll
0x00007fff12700000 - 0x00007fff12726000 	C:\WINDOWS\SYSTEM32\profapi.dll
0x00007fff02cf0000 - 0x00007fff02d09000 	C:\Users\STARIM\.vscode\extensions\redhat.java-1.28.1-win32-x64\jre\17.0.10-win32-x86_64\bin\net.dll
0x00007fff0c0a0000 - 0x00007fff0c1d7000 	C:\WINDOWS\SYSTEM32\WINHTTP.dll
0x00007fff11c90000 - 0x00007fff11cf9000 	C:\WINDOWS\system32\mswsock.dll
0x00007fff02cb0000 - 0x00007fff02cc6000 	C:\Users\STARIM\.vscode\extensions\redhat.java-1.28.1-win32-x64\jre\17.0.10-win32-x86_64\bin\nio.dll
0x00007fff0a5f0000 - 0x00007fff0a600000 	c:\Users\STARIM\.vscode\extensions\redhat.java-1.28.1-win32-x64\jre\17.0.10-win32-x86_64\bin\verify.dll

dbghelp: loaded successfully - version: 4.0.5 - missing functions: none
symbol engine: initialized successfully - sym options: 0x614 - pdb path: .;c:\Users\STARIM\.vscode\extensions\redhat.java-1.28.1-win32-x64\jre\17.0.10-win32-x86_64\bin;C:\WINDOWS\SYSTEM32;C:\WINDOWS\WinSxS\amd64_microsoft.windows.common-controls_6595b64144ccf1df_6.0.22621.3235_none_270f74e173860f98;c:\Users\STARIM\.vscode\extensions\redhat.java-1.28.1-win32-x64\jre\17.0.10-win32-x86_64\bin\server

VM Arguments:
jvm_args: --add-modules=ALL-SYSTEM --add-opens=java.base/java.util=ALL-UNNAMED --add-opens=java.base/java.lang=ALL-UNNAMED --add-opens=java.base/sun.nio.fs=ALL-UNNAMED -Declipse.application=org.eclipse.jdt.ls.core.id1 -Dosgi.bundles.defaultStartLevel=4 -Declipse.product=org.eclipse.jdt.ls.core.product -Djava.import.generatesMetadataFilesAtProjectRoot=false -DDetectVMInstallationsJob.disabled=true -Dfile.encoding=utf8 -XX:+UseParallelGC -XX:GCTimeRatio=4 -XX:AdaptiveSizePolicyWeight=90 -Dsun.zip.disableMemoryMapping=true -Xmx1G -Xms100m -Xlog:disable -javaagent:c:\Users\STARIM\.vscode\extensions\redhat.java-1.28.1-win32-x64\lombok\lombok-1.18.31.jar 
java_command: c:\Users\STARIM\.vscode\extensions\redhat.java-1.28.1-win32-x64\server\plugins\org.eclipse.equinox.launcher_1.6.700.v20231214-2017.jar -configuration c:\Users\STARIM\AppData\Roaming\Code\User\globalStorage\redhat.java\1.28.1\config_ss_win -data c:\Users\STARIM\AppData\Roaming\Code\User\workspaceStorage\fca8b4c608cf10cf091734a5bbae42fa\redhat.java\ss_ws --stdio
java_class_path (initial): c:\Users\STARIM\.vscode\extensions\redhat.java-1.28.1-win32-x64\server\plugins\org.eclipse.equinox.launcher_1.6.700.v20231214-2017.jar
Launcher Type: SUN_STANDARD

[Global flags]
    uintx AdaptiveSizePolicyWeight                 = 90                                        {product} {command line}
     intx CICompilerCount                          = 12                                        {product} {ergonomic}
    uintx GCTimeRatio                              = 4                                         {product} {command line}
   size_t InitialHeapSize                          = 104857600                                 {product} {command line}
   size_t MaxHeapSize                              = 1073741824                                {product} {command line}
   size_t MaxNewSize                               = 357564416                                 {product} {ergonomic}
   size_t MinHeapDeltaBytes                        = 524288                                    {product} {ergonomic}
   size_t MinHeapSize                              = 104857600                                 {product} {command line}
   size_t NewSize                                  = 34603008                                  {product} {ergonomic}
    uintx NonNMethodCodeHeapSize                   = 7602480                                {pd product} {ergonomic}
    uintx NonProfiledCodeHeapSize                  = 122027880                              {pd product} {ergonomic}
   size_t OldSize                                  = 70254592                                  {product} {ergonomic}
    uintx ProfiledCodeHeapSize                     = 122027880                              {pd product} {ergonomic}
    uintx ReservedCodeCacheSize                    = 251658240                              {pd product} {ergonomic}
     bool SegmentedCodeCache                       = true                                      {product} {ergonomic}
   size_t SoftMaxHeapSize                          = 1073741824                             {manageable} {ergonomic}
     bool UseCompressedClassPointers               = true                           {product lp64_product} {ergonomic}
     bool UseCompressedOops                        = true                           {product lp64_product} {ergonomic}
     bool UseLargePagesIndividualAllocation        = false                                  {pd product} {ergonomic}
     bool UseParallelGC                            = true                                      {product} {command line}

Logging:
Log output configuration:
 #0: stdout all=off uptime,level,tags
 #1: stderr all=off uptime,level,tags

Environment Variables:
PATH=C:\Program Files\Common Files\Oracle\Java\javapath;C:\Windows\system32;C:\Windows;C:\Windows\System32\Wbem;C:\Windows\System32\WindowsPowerShell\v1.0\;C:\Windows\System32\OpenSSH\;C:\Program Files (x86)\NVIDIA Corporation\PhysX\Common;C:\Program Files\dotnet\;C:\Program Files\Microsoft SQL Server\Client SDK\ODBC\170\Tools\Binn\;C:\Program Files (x86)\Microsoft SQL Server\150\Tools\Binn\;C:\Program Files\Microsoft SQL Server\150\Tools\Binn\;C:\Program Files\Microsoft SQL Server\150\DTS\Binn\;C:\WINDOWS\system32;C:\WINDOWS;C:\WINDOWS\System32\Wbem;C:\WINDOWS\System32\WindowsPowerShell\v1.0\;C:\WINDOWS\System32\OpenSSH\;C:\Users\STARIM\Downloads\apache-maven-3.9.5-bin\apache-maven-3.9.5\bin;C:\Program Files\Java\jdk-21;C:\Program Files\Git\cmd;%NVM_HOME%;%NVM_SYMLINK%;C:\Users\STARIM\AppData\Local\Microsoft\WindowsApps;C:\Users\STARIM\.dotnet\tools;C:\Users\STARIM\AppData\Local\Programs\Microsoft VS Code\bin;C:\Users\STARIM\AppData\Local\Programs\mongosh\;C:\Program Files\JetBrains\IntelliJ IDEA Community Edition 2023.2.5\bin;;C:\Users\STARIM\AppData\Roaming\npm;C:\Users\STARIM\AppData\Roaming\nvm;C:\Program Files\nodejs
USERNAME=STARIM
OS=Windows_NT
PROCESSOR_IDENTIFIER=AMD64 Family 23 Model 96 Stepping 1, AuthenticAMD
TMP=C:\Users\STARIM\AppData\Local\Temp
TEMP=C:\Users\STARIM\AppData\Local\Temp



Periodic native trim disabled


---------------  S Y S T E M  ---------------

OS:
 Windows 11 , 64 bit Build 22621 (10.0.22621.3235)
OS uptime: 0 days 18:08 hours
Hyper-V role detected

CPU: total 16 (initial active 16) (16 cores per cpu, 2 threads per core) family 23 model 96 stepping 1 microcode 0x0, cx8, cmov, fxsr, ht, mmx, 3dnowpref, sse, sse2, sse3, ssse3, sse4a, sse4.1, sse4.2, popcnt, lzcnt, tsc, tscinvbit, avx, avx2, aes, clmul, bmi1, bmi2, adx, sha, fma, vzeroupper, clflush, clflushopt, hv
Processor Information for all 16 processors :
  Max Mhz: 2901, Current Mhz: 2901, Mhz Limit: 2901

Memory: 4k page, system-wide physical 7599M (300M free)
TotalPageFile size 15763M (AvailPageFile size 0M)
current process WorkingSet (physical memory assigned to process): 85M, peak: 85M
current process commit charge ("private bytes"): 221M, peak: 221M

vm_info: OpenJDK 64-Bit Server VM (17.0.10+7) for windows-amd64 JRE (17.0.10+7), built on Jan 16 2024 23:25:11 by "admin" with MS VC++ 16.10 / 16.11 (VS2019)

END.
