#
# There is insufficient memory for the Java Runtime Environment to continue.
# Native memory allocation (malloc) failed to allocate 2097152 bytes for AllocateHeap
# Possible reasons:
#   The system is out of physical RAM or swap space
#   The process is running with CompressedOops enabled, and the Java Heap may be blocking the growth of the native heap
# Possible solutions:
#   Reduce memory load on the system
#   Increase physical memory or swap space
#   Check if swap backing store is full
#   Decrease Java heap size (-Xmx/-Xms)
#   Decrease number of Java threads
#   Decrease Java thread stack sizes (-Xss)
#   Set larger code cache with -XX:ReservedCodeCacheSize=
#   JVM is running with Unscaled Compressed Oops mode in which the Java heap is
#     placed in the first 4GB address space. The Java Heap base address is the
#     maximum limit for the native heap growth. Please use -XX:HeapBaseMinAddress
#     to set the Java Heap base and to place the Java Heap above 4GB virtual address.
# This output file may be truncated or incomplete.
#
#  Out of Memory Error (allocation.cpp:44), pid=24564, tid=26420
#
# JRE version: OpenJDK Runtime Environment Temurin-17.0.10+7 (17.0.10+7) (build 17.0.10+7)
# Java VM: OpenJDK 64-Bit Server VM Temurin-17.0.10+7 (17.0.10+7, mixed mode, emulated-client, tiered, compressed oops, compressed class ptrs, g1 gc, windows-amd64)
# No core dump will be written. Minidumps are not enabled by default on client versions of Windows
#

---------------  S U M M A R Y ------------

Command Line: -XX:+HeapDumpOnOutOfMemoryError -Xmx1024m -Dsts.lsp.client=vscode -Dsts.log.file=/dev/null -XX:TieredStopAtLevel=1 -Xlog:jni+resolve=off -Dspring.config.location=file:c:\Users\STARIM\.vscode\extensions\vmware.vscode-spring-boot-1.53.0\language-server\BOOT-INF\classes\application.properties org.springframework.ide.vscode.boot.app.BootLanguageServerBootApp

Host: AMD Ryzen 7 4800H with Radeon Graphics         , 16 cores, 7G,  Windows 11 , 64 bit Build 22621 (10.0.22621.3235)
Time: Fri Mar 15 11:07:47 2024 India Standard Time elapsed time: 585.137167 seconds (0d 0h 9m 45s)

---------------  T H R E A D  ---------------

Current thread (0x000001d0ecf43860):  VMThread "VM Thread" [stack: 0x0000002e46000000,0x0000002e46100000] [id=26420]

Stack: [0x0000002e46000000,0x0000002e46100000]
Native frames: (J=compiled Java code, j=interpreted, Vv=VM code, C=native code)
V  [jvm.dll+0x67d2c9]
V  [jvm.dll+0x834afa]
V  [jvm.dll+0x8365be]
V  [jvm.dll+0x836c23]
V  [jvm.dll+0x2477ff]
V  [jvm.dll+0xa6c93]
V  [jvm.dll+0x2f86f1]
V  [jvm.dll+0x2f42e0]
V  [jvm.dll+0x2dc8c7]
V  [jvm.dll+0x31fb87]
V  [jvm.dll+0x83b11b]
V  [jvm.dll+0x83be61]
V  [jvm.dll+0x83c37d]
V  [jvm.dll+0x83c754]
V  [jvm.dll+0x83c820]
V  [jvm.dll+0x7e3fba]
V  [jvm.dll+0x67c1b5]
C  [ucrtbase.dll+0x29363]
C  [KERNEL32.DLL+0x1257d]
C  [ntdll.dll+0x5aa58]

VM_Operation (0x0000002e47fff150): G1CollectFull, mode: safepoint, requested by thread 0x000001d0f2a8efa0


---------------  P R O C E S S  ---------------

Threads class SMR info:
_java_thread_list=0x000001d0f2c427b0, length=21, elements={
0x000001d0ecf5a020, 0x000001d0ecf5aca0, 0x000001d0ecf7e5c0, 0x000001d0f110a1e0,
0x000001d0f110bac0, 0x000001d0f110c390, 0x000001d0f110cc60, 0x000001d0f1129430,
0x000001d0f132adb0, 0x000001d0f1335d20, 0x000001d0f2a8e070, 0x000001d0f2a8efa0,
0x000001d0f2a8e580, 0x000001d0f2a8f4b0, 0x000001d0f2a8ea90, 0x000001d0f2a8f9c0,
0x000001d0f2c69520, 0x000001d0f2c70990, 0x000001d0f2c6f040, 0x000001d0f2c69a30,
0x000001d0f2c69f40
}

Java Threads: ( => current thread )
  0x000001d0ecf5a020 JavaThread "Reference Handler" daemon [_thread_blocked, id=26452, stack(0x0000002e46100000,0x0000002e46200000)]
  0x000001d0ecf5aca0 JavaThread "Finalizer" daemon [_thread_blocked, id=26456, stack(0x0000002e46200000,0x0000002e46300000)]
  0x000001d0ecf7e5c0 JavaThread "Signal Dispatcher" daemon [_thread_blocked, id=12000, stack(0x0000002e46300000,0x0000002e46400000)]
  0x000001d0f110a1e0 JavaThread "Attach Listener" daemon [_thread_blocked, id=22192, stack(0x0000002e46400000,0x0000002e46500000)]
  0x000001d0f110bac0 JavaThread "Service Thread" daemon [_thread_blocked, id=17768, stack(0x0000002e46500000,0x0000002e46600000)]
  0x000001d0f110c390 JavaThread "Monitor Deflation Thread" daemon [_thread_blocked, id=24276, stack(0x0000002e46600000,0x0000002e46700000)]
  0x000001d0f110cc60 JavaThread "C1 CompilerThread0" daemon [_thread_blocked, id=2780, stack(0x0000002e46700000,0x0000002e46800000)]
  0x000001d0f1129430 JavaThread "Sweeper thread" daemon [_thread_blocked, id=25360, stack(0x0000002e46800000,0x0000002e46900000)]
  0x000001d0f132adb0 JavaThread "Notification Thread" daemon [_thread_blocked, id=17108, stack(0x0000002e46c00000,0x0000002e46d00000)]
  0x000001d0f1335d20 JavaThread "Common-Cleaner" daemon [_thread_blocked, id=4224, stack(0x0000002e46e00000,0x0000002e46f00000)]
  0x000001d0f2a8e070 JavaThread "boundedElastic-evictor-1" daemon [_thread_blocked, id=5052, stack(0x0000002e47e00000,0x0000002e47f00000)]
  0x000001d0f2a8efa0 JavaThread "pool-13-thread-1" [_thread_blocked, id=11300, stack(0x0000002e47f00000,0x0000002e48000000)]
  0x000001d0f2a8e580 JavaThread "LanguageServerApp-lifecycle" [_thread_blocked, id=12104, stack(0x0000002e48000000,0x0000002e48100000)]
  0x000001d0f2a8f4b0 JavaThread "DestroyJavaVM" [_thread_blocked, id=26340, stack(0x0000002e45a00000,0x0000002e45b00000)]
  0x000001d0f2a8ea90 JavaThread "pool-14-thread-1" [_thread_in_native, id=12944, stack(0x0000002e48100000,0x0000002e48200000)]
  0x000001d0f2a8f9c0 JavaThread "Simple-Language-Server main thread" daemon [_thread_blocked, id=21932, stack(0x0000002e48200000,0x0000002e48300000)]
  0x000001d0f2c69520 JavaThread "pool-8-thread-1" [_thread_blocked, id=23952, stack(0x0000002e48300000,0x0000002e48400000)]
  0x000001d0f2c70990 JavaThread "parallel-1" daemon [_thread_blocked, id=24872, stack(0x0000002e48400000,0x0000002e48500000)]
  0x000001d0f2c6f040 JavaThread "pool-6-thread-1" [_thread_blocked, id=20528, stack(0x0000002e48600000,0x0000002e48700000)]
  0x000001d0f2c69a30 JavaThread "parallel-2" daemon [_thread_blocked, id=1508, stack(0x0000002e48700000,0x0000002e48800000)]
  0x000001d0f2c69f40 JavaThread "Reconciler-1" daemon [_thread_blocked, id=14412, stack(0x0000002e48a00000,0x0000002e48b00000)]

Other Threads:
=>0x000001d0ecf43860 VMThread "VM Thread" [stack: 0x0000002e46000000,0x0000002e46100000] [id=26420]
  0x000001d0f132f2a0 WatcherThread [stack: 0x0000002e46d00000,0x0000002e46e00000] [id=13352]
  0x000001d0df6ca9f0 GCTaskThread "GC Thread#0" [stack: 0x0000002e45b00000,0x0000002e45c00000] [id=26368]
  0x000001d0f1f03870 GCTaskThread "GC Thread#1" [stack: 0x0000002e46f00000,0x0000002e47000000] [id=21244]
  0x000001d0f1f32d20 GCTaskThread "GC Thread#2" [stack: 0x0000002e47000000,0x0000002e47100000] [id=15296]
  0x000001d0f1f333f0 GCTaskThread "GC Thread#3" [stack: 0x0000002e47100000,0x0000002e47200000] [id=9100]
  0x000001d0f2153fb0 GCTaskThread "GC Thread#4" [stack: 0x0000002e47200000,0x0000002e47300000] [id=2208]
  0x000001d0f215edf0 GCTaskThread "GC Thread#5" [stack: 0x0000002e47300000,0x0000002e47400000] [id=3400]
  0x000001d0f236c650 GCTaskThread "GC Thread#6" [stack: 0x0000002e47600000,0x0000002e47700000] [id=12276]
  0x000001d0f2331620 GCTaskThread "GC Thread#7" [stack: 0x0000002e47700000,0x0000002e47800000] [id=24732]
  0x000001d0f23d39c0 GCTaskThread "GC Thread#8" [stack: 0x0000002e47800000,0x0000002e47900000] [id=3592]
  0x000001d0f23df970 GCTaskThread "GC Thread#9" [stack: 0x0000002e47900000,0x0000002e47a00000] [id=7356]
  0x000001d0f23b0180 GCTaskThread "GC Thread#10" [stack: 0x0000002e47a00000,0x0000002e47b00000] [id=22492]
  0x000001d0f2494f10 GCTaskThread "GC Thread#11" [stack: 0x0000002e47b00000,0x0000002e47c00000] [id=13632]
  0x000001d0f25128a0 GCTaskThread "GC Thread#12" [stack: 0x0000002e47400000,0x0000002e47500000] [id=9084]
  0x000001d0df6d3840 ConcurrentGCThread "G1 Main Marker" [stack: 0x0000002e45c00000,0x0000002e45d00000] [id=26372]
  0x000001d0df6d4900 ConcurrentGCThread "G1 Conc#0" [stack: 0x0000002e45d00000,0x0000002e45e00000] [id=26376]
  0x000001d0f2512060 ConcurrentGCThread "G1 Conc#1" [stack: 0x0000002e47c00000,0x0000002e47d00000] [id=18096]
  0x000001d0f25130e0 ConcurrentGCThread "G1 Conc#2" [stack: 0x0000002e47d00000,0x0000002e47e00000] [id=8360]
  0x000001d0df72ea10 ConcurrentGCThread "G1 Refine#0" [stack: 0x0000002e45e00000,0x0000002e45f00000] [id=26380]
  0x000001d0ecdb98f0 ConcurrentGCThread "G1 Service" [stack: 0x0000002e45f00000,0x0000002e46000000] [id=26384]

Threads with active compile tasks:

VM state: at safepoint (normal execution)

VM Mutex/Monitor currently owned by a thread:  ([mutex/lock_event])
[0x000001d0df3b1960] Threads_lock - owner thread: 0x000001d0ecf43860
[0x000001d0df3af620] Heap_lock - owner thread: 0x000001d0f2a8efa0

Heap address: 0x00000000c0000000, size: 1024 MB, Compressed Oops mode: 32-bit

CDS archive(s) not mapped
Compressed class space mapped at: 0x0000000100000000-0x0000000140000000, reserved size: 1073741824
Narrow klass base: 0x0000000000000000, Narrow klass shift: 3, Narrow klass range: 0x140000000

GC Precious Log:
 CPUs: 16 total, 16 available
 Memory: 7599M
 Large Page Support: Disabled
 NUMA Support: Disabled
 Compressed Oops: Enabled (32-bit)
 Heap Region Size: 1M
 Heap Min Capacity: 8M
 Heap Initial Capacity: 120M
 Heap Max Capacity: 1G
 Pre-touch: Disabled
 Parallel Workers: 13
 Concurrent Workers: 3
 Concurrent Refinement Workers: 13
 Periodic GC: Disabled

Heap:
 garbage-first heap   total 75776K, used 24001K [0x00000000c0000000, 0x0000000100000000)
  region size 1024K, 1 young (1024K), 0 survivors (0K)
 Metaspace       used 38809K, committed 39360K, reserved 1114112K
  class space    used 5120K, committed 5376K, reserved 1048576K

Heap Regions: E=young(eden), S=young(survivor), O=old, HS=humongous(starts), HC=humongous(continues), CS=collection set, F=free, OA=open archive, CA=closed archive, TAMS=top-at-mark-start (previous, next)
|   0|0x00000000c0000000, 0x00000000c0100000, 0x00000000c0100000|100%|HS|  |TAMS 0x00000000c0100000, 0x00000000c0000000| Untracked 
|   1|0x00000000c0100000, 0x00000000c0200000, 0x00000000c0200000|100%|HC|  |TAMS 0x00000000c0200000, 0x00000000c0100000| Untracked 
|   2|0x00000000c0200000, 0x00000000c0300000, 0x00000000c0300000|100%|HC|  |TAMS 0x00000000c0300000, 0x00000000c0200000| Untracked 
|   3|0x00000000c0300000, 0x00000000c0400000, 0x00000000c0400000|100%|HC|  |TAMS 0x00000000c0400000, 0x00000000c0300000| Untracked 
|   4|0x00000000c0400000, 0x00000000c0500000, 0x00000000c0500000|100%|HS|  |TAMS 0x00000000c0500000, 0x00000000c0400000| Untracked 
|   5|0x00000000c0500000, 0x00000000c0600000, 0x00000000c0600000|100%|HC|  |TAMS 0x00000000c0600000, 0x00000000c0500000| Untracked 
|   6|0x00000000c0600000, 0x00000000c0700000, 0x00000000c0700000|100%| O|  |TAMS 0x00000000c0700000, 0x00000000c0600000| Untracked 
|   7|0x00000000c0700000, 0x00000000c0800000, 0x00000000c0800000|100%| O|  |TAMS 0x00000000c0800000, 0x00000000c0700000| Untracked 
|   8|0x00000000c0800000, 0x00000000c08fffe8, 0x00000000c0900000| 99%| O|  |TAMS 0x00000000c08fffe8, 0x00000000c0800000| Untracked 
|   9|0x00000000c0900000, 0x00000000c0a00000, 0x00000000c0a00000|100%| O|  |TAMS 0x00000000c0a00000, 0x00000000c0900000| Untracked 
|  10|0x00000000c0a00000, 0x00000000c0b00000, 0x00000000c0b00000|100%| O|  |TAMS 0x00000000c0b00000, 0x00000000c0a00000| Untracked 
|  11|0x00000000c0b00000, 0x00000000c0c00000, 0x00000000c0c00000|100%| O|  |TAMS 0x00000000c0c00000, 0x00000000c0b00000| Untracked 
|  12|0x00000000c0c00000, 0x00000000c0cffff0, 0x00000000c0d00000| 99%| O|  |TAMS 0x00000000c0cffff0, 0x00000000c0c00000| Untracked 
|  13|0x00000000c0d00000, 0x00000000c0e00000, 0x00000000c0e00000|100%| O|  |TAMS 0x00000000c0e00000, 0x00000000c0d00000| Untracked 
|  14|0x00000000c0e00000, 0x00000000c0f00000, 0x00000000c0f00000|100%| O|  |TAMS 0x00000000c0f00000, 0x00000000c0e00000| Untracked 
|  15|0x00000000c0f00000, 0x00000000c0fffde0, 0x00000000c1000000| 99%| O|  |TAMS 0x00000000c0fffde0, 0x00000000c0f00000| Untracked 
|  16|0x00000000c1000000, 0x00000000c1100000, 0x00000000c1100000|100%| O|  |TAMS 0x00000000c1100000, 0x00000000c1000000| Untracked 
|  17|0x00000000c1100000, 0x00000000c11ffff0, 0x00000000c1200000| 99%| O|  |TAMS 0x00000000c11ffff0, 0x00000000c1100000| Untracked 
|  18|0x00000000c1200000, 0x00000000c12fffe0, 0x00000000c1300000| 99%| O|  |TAMS 0x00000000c12fffe0, 0x00000000c1200000| Untracked 
|  19|0x00000000c1300000, 0x00000000c13ffff0, 0x00000000c1400000| 99%| O|  |TAMS 0x00000000c13ffff0, 0x00000000c1300000| Untracked 
|  20|0x00000000c1400000, 0x00000000c14ffff8, 0x00000000c1500000| 99%| O|  |TAMS 0x00000000c14ffff8, 0x00000000c1400000| Untracked 
|  21|0x00000000c1500000, 0x00000000c15fffe8, 0x00000000c1600000| 99%| O|  |TAMS 0x00000000c15fffe8, 0x00000000c1500000| Untracked 
|  22|0x00000000c1600000, 0x00000000c16fffa0, 0x00000000c1700000| 99%| O|  |TAMS 0x00000000c16fffa0, 0x00000000c1600000| Untracked 
|  23|0x00000000c1700000, 0x00000000c1767210, 0x00000000c1800000| 40%| O|  |TAMS 0x00000000c1700000, 0x00000000c1700000| Untracked 
|  24|0x00000000c1800000, 0x00000000c1809690, 0x00000000c1900000|  3%| O|  |TAMS 0x00000000c1800000, 0x00000000c1800000| Untracked 
|  25|0x00000000c1900000, 0x00000000c1900000, 0x00000000c1a00000|  0%| F|  |TAMS 0x00000000c1900000, 0x00000000c1900000| Untracked 
|  26|0x00000000c1a00000, 0x00000000c1a00000, 0x00000000c1b00000|  0%| F|  |TAMS 0x00000000c1a00000, 0x00000000c1a00000| Untracked 
|  27|0x00000000c1b00000, 0x00000000c1b00000, 0x00000000c1c00000|  0%| F|  |TAMS 0x00000000c1b00000, 0x00000000c1b00000| Untracked 
|  28|0x00000000c1c00000, 0x00000000c1c00000, 0x00000000c1d00000|  0%| F|  |TAMS 0x00000000c1c00000, 0x00000000c1c00000| Untracked 
|  29|0x00000000c1d00000, 0x00000000c1d00000, 0x00000000c1e00000|  0%| F|  |TAMS 0x00000000c1d00000, 0x00000000c1d00000| Untracked 
|  30|0x00000000c1e00000, 0x00000000c1e00000, 0x00000000c1f00000|  0%| F|  |TAMS 0x00000000c1e00000, 0x00000000c1e00000| Untracked 
|  31|0x00000000c1f00000, 0x00000000c1f00000, 0x00000000c2000000|  0%| F|  |TAMS 0x00000000c1f00000, 0x00000000c1f00000| Untracked 
|  32|0x00000000c2000000, 0x00000000c2000000, 0x00000000c2100000|  0%| F|  |TAMS 0x00000000c2000000, 0x00000000c2000000| Untracked 
|  33|0x00000000c2100000, 0x00000000c2100000, 0x00000000c2200000|  0%| F|  |TAMS 0x00000000c2100000, 0x00000000c2100000| Untracked 
|  34|0x00000000c2200000, 0x00000000c2200000, 0x00000000c2300000|  0%| F|  |TAMS 0x00000000c2200000, 0x00000000c2200000| Untracked 
|  35|0x00000000c2300000, 0x00000000c2300000, 0x00000000c2400000|  0%| F|  |TAMS 0x00000000c2300000, 0x00000000c2300000| Untracked 
|  36|0x00000000c2400000, 0x00000000c2400000, 0x00000000c2500000|  0%| F|  |TAMS 0x00000000c2400000, 0x00000000c2400000| Untracked 
|  37|0x00000000c2500000, 0x00000000c2500000, 0x00000000c2600000|  0%| F|  |TAMS 0x00000000c2500000, 0x00000000c2500000| Untracked 
|  38|0x00000000c2600000, 0x00000000c2600000, 0x00000000c2700000|  0%| F|  |TAMS 0x00000000c2600000, 0x00000000c2600000| Untracked 
|  39|0x00000000c2700000, 0x00000000c2700000, 0x00000000c2800000|  0%| F|  |TAMS 0x00000000c2700000, 0x00000000c2700000| Untracked 
|  40|0x00000000c2800000, 0x00000000c2800000, 0x00000000c2900000|  0%| F|  |TAMS 0x00000000c2800000, 0x00000000c2800000| Untracked 
|  41|0x00000000c2900000, 0x00000000c2900000, 0x00000000c2a00000|  0%| F|  |TAMS 0x00000000c2900000, 0x00000000c2900000| Untracked 
|  42|0x00000000c2a00000, 0x00000000c2a00000, 0x00000000c2b00000|  0%| F|  |TAMS 0x00000000c2a00000, 0x00000000c2a00000| Untracked 
|  43|0x00000000c2b00000, 0x00000000c2b00000, 0x00000000c2c00000|  0%| F|  |TAMS 0x00000000c2b00000, 0x00000000c2b00000| Untracked 
|  44|0x00000000c2c00000, 0x00000000c2c00000, 0x00000000c2d00000|  0%| F|  |TAMS 0x00000000c2c00000, 0x00000000c2c00000| Untracked 
|  45|0x00000000c2d00000, 0x00000000c2d00000, 0x00000000c2e00000|  0%| F|  |TAMS 0x00000000c2d00000, 0x00000000c2d00000| Untracked 
|  46|0x00000000c2e00000, 0x00000000c2e00000, 0x00000000c2f00000|  0%| F|  |TAMS 0x00000000c2e00000, 0x00000000c2e00000| Untracked 
|  47|0x00000000c2f00000, 0x00000000c2f00000, 0x00000000c3000000|  0%| F|  |TAMS 0x00000000c2f00000, 0x00000000c2f00000| Untracked 
|  48|0x00000000c3000000, 0x00000000c3000000, 0x00000000c3100000|  0%| F|  |TAMS 0x00000000c3000000, 0x00000000c3000000| Untracked 
|  49|0x00000000c3100000, 0x00000000c3100000, 0x00000000c3200000|  0%| F|  |TAMS 0x00000000c3100000, 0x00000000c3100000| Untracked 
|  50|0x00000000c3200000, 0x00000000c3200000, 0x00000000c3300000|  0%| F|  |TAMS 0x00000000c3200000, 0x00000000c3200000| Untracked 
|  51|0x00000000c3300000, 0x00000000c3300000, 0x00000000c3400000|  0%| F|  |TAMS 0x00000000c3300000, 0x00000000c3300000| Untracked 
|  52|0x00000000c3400000, 0x00000000c3400000, 0x00000000c3500000|  0%| F|  |TAMS 0x00000000c3400000, 0x00000000c3400000| Untracked 
|  53|0x00000000c3500000, 0x00000000c3500000, 0x00000000c3600000|  0%| F|  |TAMS 0x00000000c3500000, 0x00000000c3500000| Untracked 
|  54|0x00000000c3600000, 0x00000000c3600000, 0x00000000c3700000|  0%| F|  |TAMS 0x00000000c3600000, 0x00000000c3600000| Untracked 
|  55|0x00000000c3700000, 0x00000000c3700000, 0x00000000c3800000|  0%| F|  |TAMS 0x00000000c3700000, 0x00000000c3700000| Untracked 
|  56|0x00000000c3800000, 0x00000000c3800000, 0x00000000c3900000|  0%| F|  |TAMS 0x00000000c3800000, 0x00000000c3800000| Untracked 
|  57|0x00000000c3900000, 0x00000000c3900000, 0x00000000c3a00000|  0%| F|  |TAMS 0x00000000c3900000, 0x00000000c3900000| Untracked 
|  58|0x00000000c3a00000, 0x00000000c3a00000, 0x00000000c3b00000|  0%| F|  |TAMS 0x00000000c3a00000, 0x00000000c3a00000| Untracked 
|  59|0x00000000c3b00000, 0x00000000c3b00000, 0x00000000c3c00000|  0%| F|  |TAMS 0x00000000c3b00000, 0x00000000c3b00000| Untracked 
|  60|0x00000000c3c00000, 0x00000000c3c00000, 0x00000000c3d00000|  0%| F|  |TAMS 0x00000000c3c00000, 0x00000000c3c00000| Untracked 
|  61|0x00000000c3d00000, 0x00000000c3d00000, 0x00000000c3e00000|  0%| F|  |TAMS 0x00000000c3d00000, 0x00000000c3d00000| Untracked 
|  62|0x00000000c3e00000, 0x00000000c3e00000, 0x00000000c3f00000|  0%| F|  |TAMS 0x00000000c3e00000, 0x00000000c3e00000| Untracked 
|  63|0x00000000c3f00000, 0x00000000c3f00000, 0x00000000c4000000|  0%| F|  |TAMS 0x00000000c3f00000, 0x00000000c3f00000| Untracked 
|  64|0x00000000c4000000, 0x00000000c4000000, 0x00000000c4100000|  0%| F|  |TAMS 0x00000000c4000000, 0x00000000c4000000| Untracked 
|  65|0x00000000c4100000, 0x00000000c4100000, 0x00000000c4200000|  0%| F|  |TAMS 0x00000000c4100000, 0x00000000c4100000| Untracked 
|  66|0x00000000c4200000, 0x00000000c4200000, 0x00000000c4300000|  0%| F|  |TAMS 0x00000000c4200000, 0x00000000c4200000| Untracked 
|  67|0x00000000c4300000, 0x00000000c4300000, 0x00000000c4400000|  0%| F|  |TAMS 0x00000000c4300000, 0x00000000c4300000| Untracked 
|  81|0x00000000c5100000, 0x00000000c5100000, 0x00000000c5200000|  0%| F|  |TAMS 0x00000000c5100000, 0x00000000c5100000| Untracked 
|  82|0x00000000c5200000, 0x00000000c5200000, 0x00000000c5300000|  0%| F|  |TAMS 0x00000000c5200000, 0x00000000c5200000| Untracked 
|  83|0x00000000c5300000, 0x00000000c5300000, 0x00000000c5400000|  0%| F|  |TAMS 0x00000000c5300000, 0x00000000c5300000| Untracked 
|  84|0x00000000c5400000, 0x00000000c5400000, 0x00000000c5500000|  0%| F|  |TAMS 0x00000000c5400000, 0x00000000c5400000| Untracked 
|  85|0x00000000c5500000, 0x00000000c5500000, 0x00000000c5600000|  0%| F|  |TAMS 0x00000000c5500000, 0x00000000c5500000| Untracked 
| 119|0x00000000c7700000, 0x00000000c7715470, 0x00000000c7800000|  8%| E|  |TAMS 0x00000000c7700000, 0x00000000c7700000| Complete 

Card table byte_map: [0x000001d0e7b40000,0x000001d0e7d40000] _byte_map_base: 0x000001d0e7540000

Marking Bits (Prev, Next): (CMBitMap*) 0x000001d0df6caf50, (CMBitMap*) 0x000001d0df6caf10
 Prev Bits: [0x000001d0e8f40000, 0x000001d0e9f40000)
 Next Bits: [0x000001d0e7f40000, 0x000001d0e8f40000)

Polling page: 0x000001d0df730000

Metaspace:

Usage:
  Non-class:     32.90 MB used.
      Class:      5.00 MB used.
       Both:     37.90 MB used.

Virtual space:
  Non-class space:       64.00 MB reserved,      33.19 MB ( 52%) committed,  1 nodes.
      Class space:        1.00 GB reserved,       5.25 MB ( <1%) committed,  1 nodes.
             Both:        1.06 GB reserved,      38.44 MB (  4%) committed. 

Chunk freelists:
   Non-Class:  14.91 MB
       Class:  10.80 MB
        Both:  25.71 MB

MaxMetaspaceSize: unlimited
CompressedClassSpaceSize: 1.00 GB
Initial GC threshold: 21.00 MB
Current GC threshold: 64.06 MB
CDS: off
MetaspaceReclaimPolicy: balanced
 - commit_granule_bytes: 65536.
 - commit_granule_words: 8192.
 - virtual_space_node_default_size: 8388608.
 - enlarge_chunks_in_place: 1.
 - new_chunks_are_fully_committed: 0.
 - uncommit_free_chunks: 1.
 - use_allocation_guard: 0.
 - handle_deallocations: 1.


Internal statistics:

num_allocs_failed_limit: 6.
num_arena_births: 502.
num_arena_deaths: 152.
num_vsnodes_births: 2.
num_vsnodes_deaths: 0.
num_space_committed: 615.
num_space_uncommitted: 0.
num_chunks_returned_to_freelist: 176.
num_chunks_taken_from_freelist: 1647.
num_chunk_merges: 49.
num_chunk_splits: 1143.
num_chunks_enlarged: 873.
num_inconsistent_stats: 0.

CodeCache: size=49152Kb used=6767Kb max_used=8992Kb free=42384Kb
 bounds [0x000001d0e3b00000, 0x000001d0e43d0000, 0x000001d0e6b00000]
 total_blobs=4204 nmethods=3660 adapters=470
 compilation: enabled
              stopped_count=0, restarted_count=0
 full_count=0

Compilation events (20 events):
Event: 340.741 Thread 0x000001d0f110cc60 3651       1       java.lang.ProcessImpl::needsEscaping (169 bytes)
Event: 340.742 Thread 0x000001d0f110cc60 nmethod 3651 0x000001d0e3ca1090 code [0x000001d0e3ca12e0, 0x000001d0e3ca19e8]
Event: 340.742 Thread 0x000001d0f110cc60 3652       1       java.lang.ProcessImpl::unQuote (40 bytes)
Event: 340.742 Thread 0x000001d0f110cc60 nmethod 3652 0x000001d0e3ca0b90 code [0x000001d0e3ca0d40, 0x000001d0e3ca0f08]
Event: 371.332 Thread 0x000001d0f110cc60 3653       1       java.lang.System::getProperty (25 bytes)
Event: 371.348 Thread 0x000001d0f110cc60 nmethod 3653 0x000001d0e3ca0390 code [0x000001d0e3ca0580, 0x000001d0e3ca0948]
Event: 432.179 Thread 0x000001d0f110cc60 3654       1       java.util.concurrent.ThreadPoolExecutor::isShutdown (12 bytes)
Event: 432.179 Thread 0x000001d0f110cc60 nmethod 3654 0x000001d0e3ca0090 code [0x000001d0e3ca0220, 0x000001d0e3ca0318]
Event: 432.182 Thread 0x000001d0f110cc60 3655       1       java.util.concurrent.TimeUnit::toNanos (45 bytes)
Event: 432.182 Thread 0x000001d0f110cc60 nmethod 3655 0x000001d0e3c9fc90 code [0x000001d0e3c9fe40, 0x000001d0e3c9ffd8]
Event: 442.454 Thread 0x000001d0f110cc60 3656       1       java.util.concurrent.ScheduledThreadPoolExecutor::canRunInCurrentRunState (61 bytes)
Event: 442.454 Thread 0x000001d0f110cc60 nmethod 3656 0x000001d0e3c9f690 code [0x000001d0e3c9f840, 0x000001d0e3c9fae8]
Event: 483.161 Thread 0x000001d0f110cc60 3657       1       java.util.concurrent.ThreadPoolExecutor::workerCountOf (5 bytes)
Event: 483.162 Thread 0x000001d0f110cc60 nmethod 3657 0x000001d0e3c9f390 code [0x000001d0e3c9f520, 0x000001d0e3c9f5d8]
Event: 533.721 Thread 0x000001d0f110cc60 3658       1       jdk.internal.misc.Unsafe::putReferenceOpaque (9 bytes)
Event: 533.722 Thread 0x000001d0f110cc60 nmethod 3658 0x000001d0e3c9f090 code [0x000001d0e3c9f220, 0x000001d0e3c9f338]
Event: 543.912 Thread 0x000001d0f110cc60 3659       1       java.lang.invoke.DelegatingMethodHandle$Holder::reinvoke_L (20 bytes)
Event: 543.913 Thread 0x000001d0f110cc60 nmethod 3659 0x000001d0e3c9ec90 code [0x000001d0e3c9ee40, 0x000001d0e3c9ef78]
Event: 564.789 Thread 0x000001d0f110cc60 3660       1       java.util.concurrent.locks.LockSupport::setBlocker (12 bytes)
Event: 564.789 Thread 0x000001d0f110cc60 nmethod 3660 0x000001d0e3c9e990 code [0x000001d0e3c9eb20, 0x000001d0e3c9ec18]

GC Heap History (20 events):
Event: 483.142 GC heap before
{Heap before GC invocations=47 (full 39):
 garbage-first heap   total 75776K, used 24001K [0x00000000c0000000, 0x0000000100000000)
  region size 1024K, 1 young (1024K), 0 survivors (0K)
 Metaspace       used 38809K, committed 39360K, reserved 1114112K
  class space    used 5120K, committed 5376K, reserved 1048576K
}
Event: 483.161 GC heap after
{Heap after GC invocations=48 (full 40):
 garbage-first heap   total 75776K, used 24001K [0x00000000c0000000, 0x0000000100000000)
  region size 1024K, 0 young (0K), 0 survivors (0K)
 Metaspace       used 38809K, committed 39360K, reserved 1114112K
  class space    used 5120K, committed 5376K, reserved 1048576K
}
Event: 493.301 GC heap before
{Heap before GC invocations=48 (full 40):
 garbage-first heap   total 75776K, used 24001K [0x00000000c0000000, 0x0000000100000000)
  region size 1024K, 1 young (1024K), 0 survivors (0K)
 Metaspace       used 38809K, committed 39360K, reserved 1114112K
  class space    used 5120K, committed 5376K, reserved 1048576K
}
Event: 493.318 GC heap after
{Heap after GC invocations=49 (full 41):
 garbage-first heap   total 75776K, used 24001K [0x00000000c0000000, 0x0000000100000000)
  region size 1024K, 0 young (0K), 0 survivors (0K)
 Metaspace       used 38809K, committed 39360K, reserved 1114112K
  class space    used 5120K, committed 5376K, reserved 1048576K
}
Event: 503.442 GC heap before
{Heap before GC invocations=49 (full 41):
 garbage-first heap   total 75776K, used 24001K [0x00000000c0000000, 0x0000000100000000)
  region size 1024K, 1 young (1024K), 0 survivors (0K)
 Metaspace       used 38809K, committed 39360K, reserved 1114112K
  class space    used 5120K, committed 5376K, reserved 1048576K
}
Event: 503.456 GC heap after
{Heap after GC invocations=50 (full 42):
 garbage-first heap   total 75776K, used 24001K [0x00000000c0000000, 0x0000000100000000)
  region size 1024K, 0 young (0K), 0 survivors (0K)
 Metaspace       used 38809K, committed 39360K, reserved 1114112K
  class space    used 5120K, committed 5376K, reserved 1048576K
}
Event: 513.570 GC heap before
{Heap before GC invocations=50 (full 42):
 garbage-first heap   total 75776K, used 24001K [0x00000000c0000000, 0x0000000100000000)
  region size 1024K, 1 young (1024K), 0 survivors (0K)
 Metaspace       used 38809K, committed 39360K, reserved 1114112K
  class space    used 5120K, committed 5376K, reserved 1048576K
}
Event: 513.585 GC heap after
{Heap after GC invocations=51 (full 43):
 garbage-first heap   total 75776K, used 24001K [0x00000000c0000000, 0x0000000100000000)
  region size 1024K, 0 young (0K), 0 survivors (0K)
 Metaspace       used 38809K, committed 39360K, reserved 1114112K
  class space    used 5120K, committed 5376K, reserved 1048576K
}
Event: 523.708 GC heap before
{Heap before GC invocations=51 (full 43):
 garbage-first heap   total 75776K, used 24001K [0x00000000c0000000, 0x0000000100000000)
  region size 1024K, 1 young (1024K), 0 survivors (0K)
 Metaspace       used 38809K, committed 39360K, reserved 1114112K
  class space    used 5120K, committed 5376K, reserved 1048576K
}
Event: 523.722 GC heap after
{Heap after GC invocations=52 (full 44):
 garbage-first heap   total 75776K, used 24001K [0x00000000c0000000, 0x0000000100000000)
  region size 1024K, 0 young (0K), 0 survivors (0K)
 Metaspace       used 38809K, committed 39360K, reserved 1114112K
  class space    used 5120K, committed 5376K, reserved 1048576K
}
Event: 533.882 GC heap before
{Heap before GC invocations=52 (full 44):
 garbage-first heap   total 75776K, used 24001K [0x00000000c0000000, 0x0000000100000000)
  region size 1024K, 1 young (1024K), 0 survivors (0K)
 Metaspace       used 38809K, committed 39360K, reserved 1114112K
  class space    used 5120K, committed 5376K, reserved 1048576K
}
Event: 533.899 GC heap after
{Heap after GC invocations=53 (full 45):
 garbage-first heap   total 75776K, used 24001K [0x00000000c0000000, 0x0000000100000000)
  region size 1024K, 0 young (0K), 0 survivors (0K)
 Metaspace       used 38809K, committed 39360K, reserved 1114112K
  class space    used 5120K, committed 5376K, reserved 1048576K
}
Event: 544.612 GC heap before
{Heap before GC invocations=53 (full 45):
 garbage-first heap   total 75776K, used 24001K [0x00000000c0000000, 0x0000000100000000)
  region size 1024K, 1 young (1024K), 0 survivors (0K)
 Metaspace       used 38809K, committed 39360K, reserved 1114112K
  class space    used 5120K, committed 5376K, reserved 1048576K
}
Event: 544.637 GC heap after
{Heap after GC invocations=54 (full 46):
 garbage-first heap   total 75776K, used 24001K [0x00000000c0000000, 0x0000000100000000)
  region size 1024K, 0 young (0K), 0 survivors (0K)
 Metaspace       used 38809K, committed 39360K, reserved 1114112K
  class space    used 5120K, committed 5376K, reserved 1048576K
}
Event: 554.764 GC heap before
{Heap before GC invocations=54 (full 46):
 garbage-first heap   total 75776K, used 24001K [0x00000000c0000000, 0x0000000100000000)
  region size 1024K, 1 young (1024K), 0 survivors (0K)
 Metaspace       used 38809K, committed 39360K, reserved 1114112K
  class space    used 5120K, committed 5376K, reserved 1048576K
}
Event: 554.778 GC heap after
{Heap after GC invocations=55 (full 47):
 garbage-first heap   total 75776K, used 24001K [0x00000000c0000000, 0x0000000100000000)
  region size 1024K, 0 young (0K), 0 survivors (0K)
 Metaspace       used 38809K, committed 39360K, reserved 1114112K
  class space    used 5120K, committed 5376K, reserved 1048576K
}
Event: 564.911 GC heap before
{Heap before GC invocations=55 (full 47):
 garbage-first heap   total 75776K, used 24001K [0x00000000c0000000, 0x0000000100000000)
  region size 1024K, 1 young (1024K), 0 survivors (0K)
 Metaspace       used 38809K, committed 39360K, reserved 1114112K
  class space    used 5120K, committed 5376K, reserved 1048576K
}
Event: 564.925 GC heap after
{Heap after GC invocations=56 (full 48):
 garbage-first heap   total 75776K, used 24001K [0x00000000c0000000, 0x0000000100000000)
  region size 1024K, 0 young (0K), 0 survivors (0K)
 Metaspace       used 38809K, committed 39360K, reserved 1114112K
  class space    used 5120K, committed 5376K, reserved 1048576K
}
Event: 575.063 GC heap before
{Heap before GC invocations=56 (full 48):
 garbage-first heap   total 75776K, used 24001K [0x00000000c0000000, 0x0000000100000000)
  region size 1024K, 1 young (1024K), 0 survivors (0K)
 Metaspace       used 38809K, committed 39360K, reserved 1114112K
  class space    used 5120K, committed 5376K, reserved 1048576K
}
Event: 575.078 GC heap after
{Heap after GC invocations=57 (full 49):
 garbage-first heap   total 75776K, used 24001K [0x00000000c0000000, 0x0000000100000000)
  region size 1024K, 0 young (0K), 0 survivors (0K)
 Metaspace       used 38809K, committed 39360K, reserved 1114112K
  class space    used 5120K, committed 5376K, reserved 1048576K
}

Dll operation events (8 events):
Event: 0.020 Loaded shared library c:\Users\STARIM\.vscode\extensions\redhat.java-1.28.1-win32-x64\jre\17.0.10-win32-x86_64\bin\java.dll
Event: 0.344 Loaded shared library C:\Users\STARIM\.vscode\extensions\redhat.java-1.28.1-win32-x64\jre\17.0.10-win32-x86_64\bin\net.dll
Event: 0.348 Loaded shared library C:\Users\STARIM\.vscode\extensions\redhat.java-1.28.1-win32-x64\jre\17.0.10-win32-x86_64\bin\nio.dll
Event: 0.361 Loaded shared library C:\Users\STARIM\.vscode\extensions\redhat.java-1.28.1-win32-x64\jre\17.0.10-win32-x86_64\bin\zip.dll
Event: 0.785 Loaded shared library C:\Users\STARIM\.vscode\extensions\redhat.java-1.28.1-win32-x64\jre\17.0.10-win32-x86_64\bin\jimage.dll
Event: 1.911 Loaded shared library c:\Users\STARIM\.vscode\extensions\redhat.java-1.28.1-win32-x64\jre\17.0.10-win32-x86_64\bin\verify.dll
Event: 3.752 Loaded shared library C:\Users\STARIM\.vscode\extensions\redhat.java-1.28.1-win32-x64\jre\17.0.10-win32-x86_64\bin\management.dll
Event: 3.756 Loaded shared library C:\Users\STARIM\.vscode\extensions\redhat.java-1.28.1-win32-x64\jre\17.0.10-win32-x86_64\bin\management_ext.dll

Deoptimization events (4 events):
Event: 3.987 Thread 0x000001d0f2a8ea90 DEOPT PACKING pc=0x000001d0e4162601 sp=0x0000002e481fde30
Event: 3.987 Thread 0x000001d0f2a8ea90 DEOPT UNPACKING pc=0x000001d0e3b57143 sp=0x0000002e481fd2c0 mode 3
Event: 3.998 Thread 0x000001d0f2a8f9c0 DEOPT PACKING pc=0x000001d0e4142d97 sp=0x0000002e482ff040
Event: 3.998 Thread 0x000001d0f2a8f9c0 DEOPT UNPACKING pc=0x000001d0e3b57143 sp=0x0000002e482fe498 mode 3

Classes unloaded (20 events):
Event: 85.509 Thread 0x000001d0ecf43860 Unloading class 0x0000000100094800 'java/lang/invoke/LambdaForm$MH+0x0000000100094800'
Event: 85.509 Thread 0x000001d0ecf43860 Unloading class 0x0000000100094400 'java/lang/invoke/LambdaForm$MH+0x0000000100094400'
Event: 85.509 Thread 0x000001d0ecf43860 Unloading class 0x000000010008e800 'java/lang/invoke/LambdaForm$MH+0x000000010008e800'
Event: 85.509 Thread 0x000001d0ecf43860 Unloading class 0x000000010008e400 'java/lang/invoke/LambdaForm$MH+0x000000010008e400'
Event: 85.509 Thread 0x000001d0ecf43860 Unloading class 0x000000010008e000 'java/lang/invoke/LambdaForm$MH+0x000000010008e000'
Event: 85.509 Thread 0x000001d0ecf43860 Unloading class 0x000000010008dc00 'java/lang/invoke/LambdaForm$MH+0x000000010008dc00'
Event: 85.509 Thread 0x000001d0ecf43860 Unloading class 0x000000010008d800 'java/lang/invoke/LambdaForm$MH+0x000000010008d800'
Event: 85.509 Thread 0x000001d0ecf43860 Unloading class 0x000000010008d400 'java/lang/invoke/LambdaForm$MH+0x000000010008d400'
Event: 85.509 Thread 0x000001d0ecf43860 Unloading class 0x000000010008cc00 'java/lang/invoke/LambdaForm$MH+0x000000010008cc00'
Event: 85.509 Thread 0x000001d0ecf43860 Unloading class 0x000000010008c800 'java/lang/invoke/LambdaForm$MH+0x000000010008c800'
Event: 85.509 Thread 0x000001d0ecf43860 Unloading class 0x000000010008c000 'java/lang/invoke/LambdaForm$MH+0x000000010008c000'
Event: 85.509 Thread 0x000001d0ecf43860 Unloading class 0x000000010008bc00 'java/lang/invoke/LambdaForm$MH+0x000000010008bc00'
Event: 85.509 Thread 0x000001d0ecf43860 Unloading class 0x000000010008ac00 'java/lang/invoke/LambdaForm$MH+0x000000010008ac00'
Event: 85.509 Thread 0x000001d0ecf43860 Unloading class 0x000000010008a400 'java/lang/invoke/LambdaForm$MH+0x000000010008a400'
Event: 85.509 Thread 0x000001d0ecf43860 Unloading class 0x000000010008a000 'java/lang/invoke/LambdaForm$MH+0x000000010008a000'
Event: 85.509 Thread 0x000001d0ecf43860 Unloading class 0x0000000100089c00 'java/lang/invoke/LambdaForm$MH+0x0000000100089c00'
Event: 85.509 Thread 0x000001d0ecf43860 Unloading class 0x0000000100089800 'java/lang/invoke/LambdaForm$MH+0x0000000100089800'
Event: 85.509 Thread 0x000001d0ecf43860 Unloading class 0x0000000100089400 'java/lang/invoke/LambdaForm$MH+0x0000000100089400'
Event: 85.509 Thread 0x000001d0ecf43860 Unloading class 0x0000000100088c00 'java/lang/invoke/LambdaForm$MH+0x0000000100088c00'
Event: 85.509 Thread 0x000001d0ecf43860 Unloading class 0x0000000100088400 'java/lang/invoke/LambdaForm$MH+0x0000000100088400'

Classes redefined (0 events):
No events

Internal exceptions (20 events):
Event: 2.943 Thread 0x000001d0df46e8d0 Exception <a 'java/lang/NoSuchMethodError'{0x00000000c3e37088}: 'java.lang.Object java.lang.invoke.DirectMethodHandle$Holder.invokeSpecial(java.lang.Object, java.lang.Object, int, java.lang.Object, java.lang.Object)'> (0x00000000c3e37088) 
thrown [s\src\hotspot\share\interpreter\linkResolver.cpp, line 759]
Event: 2.943 Thread 0x000001d0df46e8d0 Exception <a 'java/lang/NoSuchMethodError'{0x00000000c3e3ad30}: 'java.lang.Object java.lang.invoke.DelegatingMethodHandle$Holder.delegate(java.lang.Object, int, java.lang.Object, java.lang.Object)'> (0x00000000c3e3ad30) 
thrown [s\src\hotspot\share\interpreter\linkResolver.cpp, line 759]
Event: 2.944 Thread 0x000001d0df46e8d0 Exception <a 'java/lang/NoSuchMethodError'{0x00000000c3e4bbb8}: 'int java.lang.invoke.Invokers$Holder.linkToTargetMethod(java.lang.Object, java.lang.Object, java.lang.Object)'> (0x00000000c3e4bbb8) 
thrown [s\src\hotspot\share\interpreter\linkResolver.cpp, line 759]
Event: 3.030 Thread 0x000001d0df46e8d0 Exception <a 'java/lang/NoSuchMethodError'{0x00000000c3af5450}: 'java.lang.Object java.lang.invoke.DirectMethodHandle$Holder.invokeStaticInit(java.lang.Object, int, int, int, int)'> (0x00000000c3af5450) 
thrown [s\src\hotspot\share\interpreter\linkResolver.cpp, line 759]
Event: 3.060 Thread 0x000001d0df46e8d0 Exception <a 'java/lang/NoSuchMethodError'{0x00000000c39dd738}: 'java.lang.Object java.lang.invoke.DirectMethodHandle$Holder.invokeStaticInit(java.lang.Object, java.lang.Object, int, int, int, int)'> (0x00000000c39dd738) 
thrown [s\src\hotspot\share\interpreter\linkResolver.cpp, line 759]
Event: 3.198 Thread 0x000001d0df46e8d0 Exception <a 'java/lang/NoSuchMethodError'{0x00000000c302a838}: 'void java.lang.invoke.DirectMethodHandle$Holder.invokeSpecialIFC(java.lang.Object, java.lang.Object, java.lang.Object)'> (0x00000000c302a838) 
thrown [s\src\hotspot\share\interpreter\linkResolver.cpp, line 759]
Event: 3.467 Thread 0x000001d0df46e8d0 Exception <a 'java/lang/NoSuchMethodError'{0x00000000c3907fa0}: 'int java.lang.invoke.DirectMethodHandle$Holder.invokeStaticInit(java.lang.Object, java.lang.Object, int, java.lang.Object)'> (0x00000000c3907fa0) 
thrown [s\src\hotspot\share\interpreter\linkResolver.cpp, line 759]
Event: 3.502 Thread 0x000001d0df46e8d0 Exception <a 'java/lang/NoSuchMethodError'{0x00000000c381a700}: 'void java.lang.invoke.DirectMethodHandle$Holder.invokeSpecial(java.lang.Object, java.lang.Object, java.lang.Object, java.lang.Object, java.lang.Object, java.lang.Object, java.lang.Object)'> (0x00000000c381a700) 
thrown [s\src\hotspot\share\interpreter\linkResolver.cpp, line 759]
Event: 3.626 Thread 0x000001d0df46e8d0 Exception <a 'java/lang/NoSuchMethodError'{0x00000000c34ae120}: 'java.lang.Object java.lang.invoke.DirectMethodHandle$Holder.invokeInterface(java.lang.Object, java.lang.Object, int)'> (0x00000000c34ae120) 
thrown [s\src\hotspot\share\interpreter\linkResolver.cpp, line 759]
Event: 3.627 Thread 0x000001d0df46e8d0 Exception <a 'java/lang/IncompatibleClassChangeError'{0x00000000c34c4a18}: Found class java.lang.Object, but interface was expected> (0x00000000c34c4a18) 
thrown [s\src\hotspot\share\interpreter\linkResolver.cpp, line 826]
Event: 3.745 Thread 0x000001d0df46e8d0 Exception <a 'java/lang/NoSuchMethodError'{0x00000000c54ba7a0}: 'java.lang.Object java.lang.invoke.DirectMethodHandle$Holder.newInvokeSpecial(java.lang.Object, java.lang.Object, int, java.lang.Object, java.lang.Object)'> (0x00000000c54ba7a0) 
thrown [s\src\hotspot\share\interpreter\linkResolver.cpp, line 759]
Event: 3.746 Thread 0x000001d0df46e8d0 Exception <a 'java/lang/NoSuchMethodError'{0x00000000c54cd8d8}: 'java.lang.Object java.lang.invoke.DirectMethodHandle$Holder.invokeSpecial(java.lang.Object, java.lang.Object, int, java.lang.Object, int, java.lang.Object)'> (0x00000000c54cd8d8) 
thrown [s\src\hotspot\share\interpreter\linkResolver.cpp, line 759]
Event: 3.746 Thread 0x000001d0df46e8d0 Exception <a 'java/lang/NoSuchMethodError'{0x00000000c54d56e0}: 'java.lang.Object java.lang.invoke.DirectMethodHandle$Holder.newInvokeSpecial(java.lang.Object, java.lang.Object, int, java.lang.Object, int)'> (0x00000000c54d56e0) 
thrown [s\src\hotspot\share\interpreter\linkResolver.cpp, line 759]
Event: 3.747 Thread 0x000001d0df46e8d0 Exception <a 'java/lang/NoSuchMethodError'{0x00000000c54d97e0}: 'java.lang.Object java.lang.invoke.DirectMethodHandle$Holder.invokeSpecial(java.lang.Object, java.lang.Object, java.lang.Object, int, java.lang.Object, int)'> (0x00000000c54d97e0) 
thrown [s\src\hotspot\share\interpreter\linkResolver.cpp, line 759]
Event: 3.952 Thread 0x000001d0f2a8f9c0 Exception <a 'java/lang/NoSuchMethodError'{0x00000000c3c3c7b8}: 'java.lang.Object java.lang.invoke.DirectMethodHandle$Holder.invokeStatic(java.lang.Object, int, java.lang.Object)'> (0x00000000c3c3c7b8) 
thrown [s\src\hotspot\share\interpreter\linkResolver.cpp, line 759]
Event: 3.952 Thread 0x000001d0f2a8ea90 Exception <a 'java/lang/NoSuchMethodError'{0x00000000c3c4e4c0}: 'java.lang.Object java.lang.invoke.DirectMethodHandle$Holder.invokeStatic(java.lang.Object, java.lang.Object, java.lang.Object, int, java.lang.Object, java.lang.Object)'> (0x00000000c3c4e4c0) 
thrown [s\src\hotspot\share\interpreter\linkResolver.cpp, line 759]
Event: 4.612 Thread 0x000001d0f2c69f40 Exception <a 'java/lang/NoSuchMethodError'{0x00000000c351f7a0}: 'int java.lang.invoke.DirectMethodHandle$Holder.invokeStatic(java.lang.Object)'> (0x00000000c351f7a0) 
thrown [s\src\hotspot\share\interpreter\linkResolver.cpp, line 759]
Event: 4.612 Thread 0x000001d0f2c69f40 Exception <a 'java/lang/NoSuchMethodError'{0x00000000c3522ba0}: 'int java.lang.invoke.DirectMethodHandle$Holder.invokeStaticInit(java.lang.Object)'> (0x00000000c3522ba0) 
thrown [s\src\hotspot\share\interpreter\linkResolver.cpp, line 759]
Event: 75.166 Thread 0x000001d0f2a8efa0 Exception <a 'java/lang/NoSuchMethodError'{0x00000000c54843c8}: 'void java.lang.invoke.DirectMethodHandle$Holder.invokeStatic(java.lang.Object, long)'> (0x00000000c54843c8) 
thrown [s\src\hotspot\share\interpreter\linkResolver.cpp, line 759]
Event: 75.167 Thread 0x000001d0f2a8efa0 Exception <a 'java/lang/NoSuchMethodError'{0x00000000c5489770}: 'java.lang.Object java.lang.invoke.DirectMethodHandle$Holder.newInvokeSpecial(java.lang.Object, long)'> (0x00000000c5489770) 
thrown [s\src\hotspot\share\interpreter\linkResolver.cpp, line 759]

VM Operations (20 events):
Event: 483.161 Executing VM operation: G1CollectFull done
Event: 493.301 Executing VM operation: G1CollectFull
Event: 493.318 Executing VM operation: G1CollectFull done
Event: 503.442 Executing VM operation: G1CollectFull
Event: 503.456 Executing VM operation: G1CollectFull done
Event: 513.569 Executing VM operation: G1CollectFull
Event: 513.585 Executing VM operation: G1CollectFull done
Event: 523.708 Executing VM operation: G1CollectFull
Event: 523.722 Executing VM operation: G1CollectFull done
Event: 533.882 Executing VM operation: G1CollectFull
Event: 533.899 Executing VM operation: G1CollectFull done
Event: 544.612 Executing VM operation: G1CollectFull
Event: 544.638 Executing VM operation: G1CollectFull done
Event: 554.764 Executing VM operation: G1CollectFull
Event: 554.778 Executing VM operation: G1CollectFull done
Event: 564.911 Executing VM operation: G1CollectFull
Event: 564.925 Executing VM operation: G1CollectFull done
Event: 575.063 Executing VM operation: G1CollectFull
Event: 575.078 Executing VM operation: G1CollectFull done
Event: 585.133 Executing VM operation: G1CollectFull

Events (20 events):
Event: 4.616 loading class java/util/concurrent/atomic/AtomicLongFieldUpdater$CASUpdater$1 done
Event: 9.622 Thread 0x000001d0f23a7f60 Thread exited: 0x000001d0f23a7f60
Event: 9.622 Thread 0x000001d0f132a480 Thread exited: 0x000001d0f132a480
Event: 14.637 Thread 0x000001d0f13275a0 Thread exited: 0x000001d0f13275a0
Event: 14.637 Thread 0x000001d0f1318740 Thread exited: 0x000001d0f1318740
Event: 75.155 loading class java/lang/ProcessBuilder
Event: 75.156 loading class java/lang/ProcessBuilder done
Event: 75.156 loading class java/lang/ProcessImpl
Event: 75.157 loading class java/lang/ProcessImpl done
Event: 75.167 loading class java/lang/ProcessImpl$2
Event: 75.167 loading class java/lang/ProcessImpl$2 done
Event: 75.167 loading class java/lang/Process$PipeInputStream
Event: 75.167 loading class java/lang/Process$PipeInputStream done
Event: 75.168 loading class jdk/internal/event/ProcessStartEvent
Event: 75.169 loading class jdk/internal/event/ProcessStartEvent done
Event: 75.350 loading class java/io/FileOutputStream$1
Event: 75.350 loading class java/io/FileOutputStream$1 done
Event: 95.372 Thread 0x000001d0f2c6bda0 Thread exited: 0x000001d0f2c6bda0
Event: 95.372 Thread 0x000001d0f2c70ea0 Thread exited: 0x000001d0f2c70ea0
Event: 95.747 Thread 0x000001d0f2c6b890 Thread exited: 0x000001d0f2c6b890


Dynamic libraries:
0x00007ff7e82e0000 - 0x00007ff7e82ee000 	c:\Users\STARIM\.vscode\extensions\redhat.java-1.28.1-win32-x64\jre\17.0.10-win32-x86_64\bin\java.exe
0x00007ffb288d0000 - 0x00007ffb28ae6000 	C:\WINDOWS\SYSTEM32\ntdll.dll
0x00007ffb27600000 - 0x00007ffb276c4000 	C:\WINDOWS\System32\KERNEL32.DLL
0x00007ffb26100000 - 0x00007ffb264a6000 	C:\WINDOWS\System32\KERNELBASE.dll
0x00007ffb25e00000 - 0x00007ffb25f11000 	C:\WINDOWS\System32\ucrtbase.dll
0x00007ffaf2ed0000 - 0x00007ffaf2ee7000 	c:\Users\STARIM\.vscode\extensions\redhat.java-1.28.1-win32-x64\jre\17.0.10-win32-x86_64\bin\jli.dll
0x00007ffaedf80000 - 0x00007ffaedf9b000 	c:\Users\STARIM\.vscode\extensions\redhat.java-1.28.1-win32-x64\jre\17.0.10-win32-x86_64\bin\VCRUNTIME140.dll
0x00007ffb26bc0000 - 0x00007ffb26d6d000 	C:\WINDOWS\System32\USER32.dll
0x00007ffb25c40000 - 0x00007ffb25c66000 	C:\WINDOWS\System32\win32u.dll
0x00007ffb1cd90000 - 0x00007ffb1d023000 	C:\WINDOWS\WinSxS\amd64_microsoft.windows.common-controls_6595b64144ccf1df_6.0.22621.3235_none_270f74e173860f98\COMCTL32.dll
0x00007ffb28860000 - 0x00007ffb28889000 	C:\WINDOWS\System32\GDI32.dll
0x00007ffb26b10000 - 0x00007ffb26bb7000 	C:\WINDOWS\System32\msvcrt.dll
0x00007ffb25c70000 - 0x00007ffb25d88000 	C:\WINDOWS\System32\gdi32full.dll
0x00007ffb25f20000 - 0x00007ffb25fba000 	C:\WINDOWS\System32\msvcp_win.dll
0x00007ffb26a70000 - 0x00007ffb26aa1000 	C:\WINDOWS\System32\IMM32.DLL
0x00007ffb17400000 - 0x00007ffb1740c000 	c:\Users\STARIM\.vscode\extensions\redhat.java-1.28.1-win32-x64\jre\17.0.10-win32-x86_64\bin\vcruntime140_1.dll
0x00007ffa8cb40000 - 0x00007ffa8cbcd000 	c:\Users\STARIM\.vscode\extensions\redhat.java-1.28.1-win32-x64\jre\17.0.10-win32-x86_64\bin\msvcp140.dll
0x00007ffa831f0000 - 0x00007ffa83e52000 	c:\Users\STARIM\.vscode\extensions\redhat.java-1.28.1-win32-x64\jre\17.0.10-win32-x86_64\bin\server\jvm.dll
0x00007ffb26620000 - 0x00007ffb266d2000 	C:\WINDOWS\System32\ADVAPI32.dll
0x00007ffb28570000 - 0x00007ffb28618000 	C:\WINDOWS\System32\sechost.dll
0x00007ffb25c10000 - 0x00007ffb25c38000 	C:\WINDOWS\System32\bcrypt.dll
0x00007ffb28740000 - 0x00007ffb28855000 	C:\WINDOWS\System32\RPCRT4.dll
0x00007ffb25880000 - 0x00007ffb258cd000 	C:\WINDOWS\SYSTEM32\POWRPROF.dll
0x00007ffb1aef0000 - 0x00007ffb1af24000 	C:\WINDOWS\SYSTEM32\WINMM.dll
0x00007ffb13b60000 - 0x00007ffb13b69000 	C:\WINDOWS\SYSTEM32\WSOCK32.dll
0x00007ffb276d0000 - 0x00007ffb27741000 	C:\WINDOWS\System32\WS2_32.dll
0x00007ffb1c5d0000 - 0x00007ffb1c5da000 	C:\WINDOWS\SYSTEM32\VERSION.dll
0x00007ffb25860000 - 0x00007ffb25873000 	C:\WINDOWS\SYSTEM32\UMPDC.dll
0x00007ffb24c20000 - 0x00007ffb24c38000 	C:\WINDOWS\SYSTEM32\kernel.appcore.dll
0x00007ffb13b40000 - 0x00007ffb13b4a000 	c:\Users\STARIM\.vscode\extensions\redhat.java-1.28.1-win32-x64\jre\17.0.10-win32-x86_64\bin\jimage.dll
0x00007ffb22f80000 - 0x00007ffb231b3000 	C:\WINDOWS\SYSTEM32\DBGHELP.DLL
0x00007ffb266e0000 - 0x00007ffb26a68000 	C:\WINDOWS\System32\combase.dll
0x00007ffb27350000 - 0x00007ffb27427000 	C:\WINDOWS\System32\OLEAUT32.dll
0x00007ffb17c00000 - 0x00007ffb17c32000 	C:\WINDOWS\SYSTEM32\dbgcore.DLL
0x00007ffb25fc0000 - 0x00007ffb2603a000 	C:\WINDOWS\System32\bcryptPrimitives.dll
0x00007ffabf460000 - 0x00007ffabf485000 	c:\Users\STARIM\.vscode\extensions\redhat.java-1.28.1-win32-x64\jre\17.0.10-win32-x86_64\bin\java.dll
0x00007ffad59a0000 - 0x00007ffad59b8000 	c:\Users\STARIM\.vscode\extensions\redhat.java-1.28.1-win32-x64\jre\17.0.10-win32-x86_64\bin\zip.dll
0x00007ffb27960000 - 0x00007ffb281bd000 	C:\WINDOWS\System32\SHELL32.dll
0x00007ffb23b20000 - 0x00007ffb24418000 	C:\WINDOWS\SYSTEM32\windows.storage.dll
0x00007ffb239e0000 - 0x00007ffb23b1e000 	C:\WINDOWS\SYSTEM32\wintypes.dll
0x00007ffb274f0000 - 0x00007ffb275e3000 	C:\WINDOWS\System32\SHCORE.dll
0x00007ffb27900000 - 0x00007ffb2795e000 	C:\WINDOWS\System32\shlwapi.dll
0x00007ffb25b40000 - 0x00007ffb25b66000 	C:\WINDOWS\SYSTEM32\profapi.dll
0x00007ffa967b0000 - 0x00007ffa967c9000 	C:\Users\STARIM\.vscode\extensions\redhat.java-1.28.1-win32-x64\jre\17.0.10-win32-x86_64\bin\net.dll
0x00007ffb1f7e0000 - 0x00007ffb1f917000 	C:\WINDOWS\SYSTEM32\WINHTTP.dll
0x00007ffb250b0000 - 0x00007ffb25119000 	C:\WINDOWS\system32\mswsock.dll
0x00007ffa931f0000 - 0x00007ffa93206000 	C:\Users\STARIM\.vscode\extensions\redhat.java-1.28.1-win32-x64\jre\17.0.10-win32-x86_64\bin\nio.dll
0x00007ffb0fbc0000 - 0x00007ffb0fbd0000 	c:\Users\STARIM\.vscode\extensions\redhat.java-1.28.1-win32-x64\jre\17.0.10-win32-x86_64\bin\verify.dll
0x00007ffb25320000 - 0x00007ffb2533b000 	C:\WINDOWS\SYSTEM32\CRYPTSP.dll
0x00007ffb24b80000 - 0x00007ffb24bb5000 	C:\WINDOWS\system32\rsaenh.dll
0x00007ffb251c0000 - 0x00007ffb251ec000 	C:\WINDOWS\SYSTEM32\USERENV.dll
0x00007ffb25340000 - 0x00007ffb2534c000 	C:\WINDOWS\SYSTEM32\CRYPTBASE.dll
0x00007ffb24670000 - 0x00007ffb2469d000 	C:\WINDOWS\SYSTEM32\IPHLPAPI.DLL
0x00007ffb28380000 - 0x00007ffb28389000 	C:\WINDOWS\System32\NSI.dll
0x00007ffb1f640000 - 0x00007ffb1f659000 	C:\WINDOWS\SYSTEM32\dhcpcsvc6.DLL
0x00007ffb1f5f0000 - 0x00007ffb1f60f000 	C:\WINDOWS\SYSTEM32\dhcpcsvc.DLL
0x00007ffb246a0000 - 0x00007ffb24799000 	C:\WINDOWS\SYSTEM32\DNSAPI.dll
0x00007ffb17860000 - 0x00007ffb17869000 	C:\Users\STARIM\.vscode\extensions\redhat.java-1.28.1-win32-x64\jre\17.0.10-win32-x86_64\bin\management.dll
0x00007ffb0e400000 - 0x00007ffb0e40b000 	C:\Users\STARIM\.vscode\extensions\redhat.java-1.28.1-win32-x64\jre\17.0.10-win32-x86_64\bin\management_ext.dll
0x00007ffb27750000 - 0x00007ffb27758000 	C:\WINDOWS\System32\PSAPI.DLL

dbghelp: loaded successfully - version: 4.0.5 - missing functions: none
symbol engine: initialized successfully - sym options: 0x614 - pdb path: .;c:\Users\STARIM\.vscode\extensions\redhat.java-1.28.1-win32-x64\jre\17.0.10-win32-x86_64\bin;C:\WINDOWS\SYSTEM32;C:\WINDOWS\WinSxS\amd64_microsoft.windows.common-controls_6595b64144ccf1df_6.0.22621.3235_none_270f74e173860f98;c:\Users\STARIM\.vscode\extensions\redhat.java-1.28.1-win32-x64\jre\17.0.10-win32-x86_64\bin\server

VM Arguments:
jvm_args: -XX:+HeapDumpOnOutOfMemoryError -Xmx1024m -Dsts.lsp.client=vscode -Dsts.log.file=/dev/null -XX:TieredStopAtLevel=1 -Xlog:jni+resolve=off -Dspring.config.location=file:c:\Users\STARIM\.vscode\extensions\vmware.vscode-spring-boot-1.53.0\language-server\BOOT-INF\classes\application.properties 
java_command: org.springframework.ide.vscode.boot.app.BootLanguageServerBootApp
java_class_path (initial): c:\Users\STARIM\.vscode\extensions\vmware.vscode-spring-boot-1.53.0\language-server\BOOT-INF\classes;c:\Users\STARIM\.vscode\extensions\vmware.vscode-spring-boot-1.53.0\language-server\BOOT-INF\lib\annotations-24.1.0.jar;c:\Users\STARIM\.vscode\extensions\vmware.vscode-spring-boot-1.53.0\language-server\BOOT-INF\lib\antlr4-runtime-4.11.1.jar;c:\Users\STARIM\.vscode\extensions\vmware.vscode-spring-boot-1.53.0\language-server\BOOT-INF\lib\asm-9.6.jar;c:\Users\STARIM\.vscode\extensions\vmware.vscode-spring-boot-1.53.0\language-server\BOOT-INF\lib\asm-analysis-9.6.jar;c:\Users\STARIM\.vscode\extensions\vmware.vscode-spring-boot-1.53.0\language-server\BOOT-INF\lib\asm-tree-9.6.jar;c:\Users\STARIM\.vscode\extensions\vmware.vscode-spring-boot-1.53.0\language-server\BOOT-INF\lib\asm-util-9.6.jar;c:\Users\STARIM\.vscode\extensions\vmware.vscode-spring-boot-1.53.0\language-server\BOOT-INF\lib\caffeine-3.1.8.jar;c:\Users\STARIM\.vscode\extensions\vmware.vscode-spring-boot-1.53.0\language-server\BOOT-INF\lib\checker-qual-3.12.0.jar;c:\Users\STARIM\.vscode\extensions\vmware.vscode-spring-boot-1.53.0\language-server\BOOT-INF\lib\classgraph-4.8.149.jar;c:\Users\STARIM\.vscode\extensions\vmware.vscode-spring-boot-1.53.0\language-server\BOOT-INF\lib\commons-codec-1.16.1.jar;c:\Users\STARIM\.vscode\extensions\vmware.vscode-spring-boot-1.53.0\language-server\BOOT-INF\lib\commons-compress-1.26.0.jar;c:\Users\STARIM\.vscode\extensions\vmware.vscode-spring-boot-1.53.0\language-server\BOOT-INF\lib\commons-io-2.4.jar;c:\Users\STARIM\.vscode\extensions\vmware.vscode-spring-boot-1.53.0\language-server\BOOT-INF\lib\commons-java-1.53.0-SNAPSHOT.jar;c:\Users\STARIM\.vscode\extensions\vmware.vscode-spring-boot-1.53.0\language-server\BOOT-INF\lib\commons-lang3-3.13.0.jar;c:\Users\STARIM\.vscode\extensions\vmware.vscode-spring-boot-1.53.0\language-server\BOOT-INF\lib\commons-language-server-1.53.0-SNAPSHOT.jar;c:\Users\STARIM\.vscode\extensions\vmware.vscode-spring-boo
Launcher Type: SUN_STANDARD

[Global flags]
     intx CICompilerCount                          = 12                                        {product} {ergonomic}
     uint ConcGCThreads                            = 3                                         {product} {ergonomic}
     uint G1ConcRefinementThreads                  = 13                                        {product} {ergonomic}
   size_t G1HeapRegionSize                         = 1048576                                   {product} {ergonomic}
    uintx GCDrainStackTargetSize                   = 64                                        {product} {ergonomic}
     bool HeapDumpOnOutOfMemoryError               = true                                   {manageable} {command line}
   size_t InitialHeapSize                          = 125829120                                 {product} {ergonomic}
   size_t MarkStackSize                            = 4194304                                   {product} {ergonomic}
   size_t MaxHeapSize                              = 1073741824                                {product} {command line}
   size_t MaxNewSize                               = 643825664                                 {product} {ergonomic}
   size_t MinHeapDeltaBytes                        = 1048576                                   {product} {ergonomic}
   size_t MinHeapSize                              = 8388608                                   {product} {ergonomic}
    uintx NonProfiledCodeHeapSize                  = 0                                      {pd product} {ergonomic}
     bool ProfileInterpreter                       = false                                  {pd product} {command line}
    uintx ProfiledCodeHeapSize                     = 0                                      {pd product} {ergonomic}
   size_t SoftMaxHeapSize                          = 1073741824                             {manageable} {ergonomic}
     intx TieredStopAtLevel                        = 1                                         {product} {command line}
     bool UseCompressedClassPointers               = true                           {product lp64_product} {ergonomic}
     bool UseCompressedOops                        = true                           {product lp64_product} {ergonomic}
     bool UseG1GC                                  = true                                      {product} {ergonomic}
     bool UseLargePagesIndividualAllocation        = false                                  {pd product} {ergonomic}

Logging:
Log output configuration:
 #0: stdout all=warning,jni+resolve=off uptime,level,tags
 #1: stderr all=off uptime,level,tags

Environment Variables:
PATH=C:\Program Files\Common Files\Oracle\Java\javapath;C:\Windows\system32;C:\Windows;C:\Windows\System32\Wbem;C:\Windows\System32\WindowsPowerShell\v1.0\;C:\Windows\System32\OpenSSH\;C:\Program Files (x86)\NVIDIA Corporation\PhysX\Common;C:\Program Files\dotnet\;C:\Program Files\Microsoft SQL Server\Client SDK\ODBC\170\Tools\Binn\;C:\Program Files (x86)\Microsoft SQL Server\150\Tools\Binn\;C:\Program Files\Microsoft SQL Server\150\Tools\Binn\;C:\Program Files\Microsoft SQL Server\150\DTS\Binn\;C:\WINDOWS\system32;C:\WINDOWS;C:\WINDOWS\System32\Wbem;C:\WINDOWS\System32\WindowsPowerShell\v1.0\;C:\WINDOWS\System32\OpenSSH\;C:\Users\STARIM\Downloads\apache-maven-3.9.5-bin\apache-maven-3.9.5\bin;C:\Program Files\Java\jdk-21;C:\Program Files\Git\cmd;C:\Users\STARIM\AppData\Roaming\nvm;C:\Program Files\nodejs;C:\Users\STARIM\AppData\Local\Microsoft\WindowsApps;C:\Users\STARIM\.dotnet\tools;C:\Users\STARIM\AppData\Local\Programs\Microsoft VS Code\bin;C:\Users\STARIM\AppData\Local\Programs\mongosh\;C:\Program Files\JetBrains\IntelliJ IDEA Community Edition 2023.2.5\bin;;C:\Users\STARIM\AppData\Roaming\npm;C:\Users\STARIM\AppData\Roaming\nvm;C:\Program Files\nodejs
USERNAME=STARIM
OS=Windows_NT
PROCESSOR_IDENTIFIER=AMD64 Family 23 Model 96 Stepping 1, AuthenticAMD
TMP=C:\Users\STARIM\AppData\Local\Temp
TEMP=C:\Users\STARIM\AppData\Local\Temp



Periodic native trim disabled


---------------  S Y S T E M  ---------------

OS:
 Windows 11 , 64 bit Build 22621 (10.0.22621.3235)
OS uptime: 0 days 21:09 hours
Hyper-V role detected

CPU: total 16 (initial active 16) (16 cores per cpu, 2 threads per core) family 23 model 96 stepping 1 microcode 0x0, cx8, cmov, fxsr, ht, mmx, 3dnowpref, sse, sse2, sse3, ssse3, sse4a, sse4.1, sse4.2, popcnt, lzcnt, tsc, tscinvbit, avx, avx2, aes, clmul, bmi1, bmi2, adx, sha, fma, vzeroupper, clflush, clflushopt, hv
Processor Information for all 16 processors :
  Max Mhz: 2901, Current Mhz: 2901, Mhz Limit: 2901

Memory: 4k page, system-wide physical 7599M (354M free)
TotalPageFile size 15763M (AvailPageFile size 44M)
current process WorkingSet (physical memory assigned to process): 100M, peak: 166M
current process commit charge ("private bytes"): 219M, peak: 238M

vm_info: OpenJDK 64-Bit Server VM (17.0.10+7) for windows-amd64 JRE (17.0.10+7), built on Jan 16 2024 23:25:11 by "admin" with MS VC++ 16.10 / 16.11 (VS2019)

END.
