#
# There is insufficient memory for the Java Runtime Environment to continue.
# Native memory allocation (malloc) failed to allocate 1925616 bytes for Chunk::new
# Possible reasons:
#   The system is out of physical RAM or swap space
#   The process is running with CompressedOops enabled, and the Java Heap may be blocking the growth of the native heap
# Possible solutions:
#   Reduce memory load on the system
#   Increase physical memory or swap space
#   Check if swap backing store is full
#   Decrease Java heap size (-Xmx/-Xms)
#   Decrease number of Java threads
#   Decrease Java thread stack sizes (-Xss)
#   Set larger code cache with -XX:ReservedCodeCacheSize=
#   JVM is running with Unscaled Compressed Oops mode in which the Java heap is
#     placed in the first 4GB address space. The Java Heap base address is the
#     maximum limit for the native heap growth. Please use -XX:HeapBaseMinAddress
#     to set the Java Heap base and to place the Java Heap above 4GB virtual address.
# This output file may be truncated or incomplete.
#
#  Out of Memory Error (arena.cpp:191), pid=19832, tid=14372
#
# JRE version: OpenJDK Runtime Environment Temurin-17.0.10+7 (17.0.10+7) (build 17.0.10+7)
# Java VM: OpenJDK 64-Bit Server VM Temurin-17.0.10+7 (17.0.10+7, mixed mode, tiered, compressed oops, compressed class ptrs, parallel gc, windows-amd64)
# No core dump will be written. Minidumps are not enabled by default on client versions of Windows
#

---------------  S U M M A R Y ------------

Command Line: --add-modules=ALL-SYSTEM --add-opens=java.base/java.util=ALL-UNNAMED --add-opens=java.base/java.lang=ALL-UNNAMED --add-opens=java.base/sun.nio.fs=ALL-UNNAMED -Declipse.application=org.eclipse.jdt.ls.core.id1 -Dosgi.bundles.defaultStartLevel=4 -Declipse.product=org.eclipse.jdt.ls.core.product -Djava.import.generatesMetadataFilesAtProjectRoot=false -DDetectVMInstallationsJob.disabled=true -Dfile.encoding=utf8 -XX:+UseParallelGC -XX:GCTimeRatio=4 -XX:AdaptiveSizePolicyWeight=90 -Dsun.zip.disableMemoryMapping=true -Xmx1G -Xms100m -Xlog:disable -javaagent:c:\Users\STARIM\.vscode\extensions\redhat.java-1.27.0-win32-x64\lombok\lombok-1.18.31.jar -XX:+HeapDumpOnOutOfMemoryError -XX:HeapDumpPath=c:\Users\STARIM\AppData\Roaming\Code\User\workspaceStorage\f9ab32abbbd5cd031c83568945532e53\redhat.java -Daether.dependencyCollector.impl=bf c:\Users\STARIM\.vscode\extensions\redhat.java-1.27.0-win32-x64\server\plugins\org.eclipse.equinox.launcher_1.6.700.v20231214-2017.jar -configuration c:\Users\STARIM\AppData\Roaming\Code\User\globalStorage\redhat.java\1.27.0\config_win -data c:\Users\STARIM\AppData\Roaming\Code\User\workspaceStorage\f9ab32abbbd5cd031c83568945532e53\redhat.java\jdt_ws --stdio

Host: AMD Ryzen 7 4800H with Radeon Graphics         , 16 cores, 7G,  Windows 11 , 64 bit Build 22621 (10.0.22621.3085)
Time: Mon Feb  5 13:28:51 2024 India Standard Time elapsed time: 16.232745 seconds (0d 0h 0m 16s)

---------------  T H R E A D  ---------------

Current thread (0x0000023ddc85e250):  JavaThread "C2 CompilerThread1" daemon [_thread_in_native, id=14372, stack(0x000000c9c6300000,0x000000c9c6400000)]


Current CompileTask:
C2:  16232 8334   !   4       org.eclipse.osgi.internal.loader.BundleLoader::findRequiredSource (283 bytes)

Stack: [0x000000c9c6300000,0x000000c9c6400000]
Native frames: (J=compiled Java code, j=interpreted, Vv=VM code, C=native code)
V  [jvm.dll+0x67d2c9]
V  [jvm.dll+0x834afa]
V  [jvm.dll+0x8365be]
V  [jvm.dll+0x836c23]
V  [jvm.dll+0x2477ff]
V  [jvm.dll+0xac514]
V  [jvm.dll+0xacb5c]
V  [jvm.dll+0x366782]
V  [jvm.dll+0x330bfa]
V  [jvm.dll+0x33009a]
V  [jvm.dll+0x219ef1]
V  [jvm.dll+0x219311]
V  [jvm.dll+0x1a502d]
V  [jvm.dll+0x2290de]
V  [jvm.dll+0x2272ac]
V  [jvm.dll+0x7e9bb7]
V  [jvm.dll+0x7e3fba]
V  [jvm.dll+0x67c1b5]
C  [ucrtbase.dll+0x29363]
C  [KERNEL32.DLL+0x1257d]
C  [ntdll.dll+0x5aa58]


---------------  P R O C E S S  ---------------

Threads class SMR info:
_java_thread_list=0x0000023de0aaa3a0, length=43, elements={
0x0000023dc09a7370, 0x0000023dd4825020, 0x0000023dd48287e0, 0x0000023dd998a310,
0x0000023dd998afa0, 0x0000023dd998bd30, 0x0000023dd998d810, 0x0000023dd9991460,
0x0000023dd9997c20, 0x0000023dd9998d10, 0x0000023dc0a0b4c0, 0x0000023ddbbd8fe0,
0x0000023ddbea83b0, 0x0000023dd9b31410, 0x0000023dd9b334c0, 0x0000023ddbbd2f10,
0x0000023ddc5305d0, 0x0000023ddbd88470, 0x0000023ddc08bf70, 0x0000023ddc54cdc0,
0x0000023dd9c0bec0, 0x0000023dd9c0dd20, 0x0000023dd9c0cdf0, 0x0000023ddc85e250,
0x0000023ddc815f40, 0x0000023dd9c0d300, 0x0000023dd9c0b4a0, 0x0000023dd9c0b9b0,
0x0000023dd9c0aa80, 0x0000023dd9c0af90, 0x0000023dde6b1230, 0x0000023dde6ada80,
0x0000023dde6b2b80, 0x0000023dde6b2160, 0x0000023dde6ae9b0, 0x0000023dde6ae4a0,
0x0000023dde6b44d0, 0x0000023dde6b3fc0, 0x0000023dde6b0300, 0x0000023dde6b2670,
0x0000023dde6ad060, 0x0000023dde6b49e0, 0x0000023dde6b0810
}

Java Threads: ( => current thread )
  0x0000023dc09a7370 JavaThread "main" [_thread_blocked, id=17808, stack(0x000000c9c3e00000,0x000000c9c3f00000)]
  0x0000023dd4825020 JavaThread "Reference Handler" daemon [_thread_blocked, id=22700, stack(0x000000c9c4100000,0x000000c9c4200000)]
  0x0000023dd48287e0 JavaThread "Finalizer" daemon [_thread_blocked, id=15008, stack(0x000000c9c4200000,0x000000c9c4300000)]
  0x0000023dd998a310 JavaThread "Signal Dispatcher" daemon [_thread_blocked, id=24968, stack(0x000000c9c4300000,0x000000c9c4400000)]
  0x0000023dd998afa0 JavaThread "Attach Listener" daemon [_thread_blocked, id=10336, stack(0x000000c9c4400000,0x000000c9c4500000)]
  0x0000023dd998bd30 JavaThread "Service Thread" daemon [_thread_blocked, id=16128, stack(0x000000c9c4500000,0x000000c9c4600000)]
  0x0000023dd998d810 JavaThread "Monitor Deflation Thread" daemon [_thread_blocked, id=11964, stack(0x000000c9c4600000,0x000000c9c4700000)]
  0x0000023dd9991460 JavaThread "C2 CompilerThread0" daemon [_thread_in_native, id=13968, stack(0x000000c9c4700000,0x000000c9c4800000)]
  0x0000023dd9997c20 JavaThread "C1 CompilerThread0" daemon [_thread_blocked, id=8456, stack(0x000000c9c4800000,0x000000c9c4900000)]
  0x0000023dd9998d10 JavaThread "Sweeper thread" daemon [_thread_blocked, id=17308, stack(0x000000c9c4900000,0x000000c9c4a00000)]
  0x0000023dc0a0b4c0 JavaThread "Common-Cleaner" daemon [_thread_blocked, id=16896, stack(0x000000c9c4a00000,0x000000c9c4b00000)]
  0x0000023ddbbd8fe0 JavaThread "Notification Thread" daemon [_thread_blocked, id=25076, stack(0x000000c9c4c00000,0x000000c9c4d00000)]
  0x0000023ddbea83b0 JavaThread "Active Thread: Equinox Container: f9fcd389-7783-4fe7-b578-0b7efd83683f" [_thread_blocked, id=9780, stack(0x000000c9c5300000,0x000000c9c5400000)]
  0x0000023dd9b31410 JavaThread "Framework Event Dispatcher: Equinox Container: f9fcd389-7783-4fe7-b578-0b7efd83683f" daemon [_thread_blocked, id=16304, stack(0x000000c9c4b00000,0x000000c9c4c00000)]
  0x0000023dd9b334c0 JavaThread "Start Level: Equinox Container: f9fcd389-7783-4fe7-b578-0b7efd83683f" daemon [_thread_blocked, id=25384, stack(0x000000c9c5400000,0x000000c9c5500000)]
  0x0000023ddbbd2f10 JavaThread "Bundle File Closer" daemon [_thread_blocked, id=13268, stack(0x000000c9c5800000,0x000000c9c5900000)]
  0x0000023ddc5305d0 JavaThread "SCR Component Actor" daemon [_thread_blocked, id=12412, stack(0x000000c9c5700000,0x000000c9c5800000)]
  0x0000023ddbd88470 JavaThread "C1 CompilerThread1" daemon [_thread_blocked, id=16124, stack(0x000000c9c5b00000,0x000000c9c5c00000)]
  0x0000023ddc08bf70 JavaThread "SCR Component Registry" daemon [_thread_blocked, id=25924, stack(0x000000c9c5c00000,0x000000c9c5d00000)]
  0x0000023ddc54cdc0 JavaThread "C1 CompilerThread2" daemon [_thread_blocked, id=12920, stack(0x000000c9c5d00000,0x000000c9c5e00000)]
  0x0000023dd9c0bec0 JavaThread "Worker-JM" [_thread_blocked, id=13048, stack(0x000000c9c5f00000,0x000000c9c6000000)]
  0x0000023dd9c0dd20 JavaThread "Worker-0: Initialize workspace" [_thread_blocked, id=19880, stack(0x000000c9c6100000,0x000000c9c6200000)]
  0x0000023dd9c0cdf0 JavaThread "Worker-1: Synchronizing projects" [_thread_blocked, id=19624, stack(0x000000c9c6200000,0x000000c9c6300000)]
=>0x0000023ddc85e250 JavaThread "C2 CompilerThread1" daemon [_thread_in_native, id=14372, stack(0x000000c9c6300000,0x000000c9c6400000)]
  0x0000023ddc815f40 JavaThread "C1 CompilerThread3" daemon [_thread_blocked, id=20976, stack(0x000000c9c6500000,0x000000c9c6600000)]
  0x0000023dd9c0d300 JavaThread "Java indexing" daemon [_thread_blocked, id=1092, stack(0x000000c9c6600000,0x000000c9c6700000)]
  0x0000023dd9c0b4a0 JavaThread "JNA Cleaner" daemon [_thread_blocked, id=1796, stack(0x000000c9c6700000,0x000000c9c6800000)]
  0x0000023dd9c0b9b0 JavaThread "pool-2-thread-1" [_thread_blocked, id=15632, stack(0x000000c9c6800000,0x000000c9c6900000)]
  0x0000023dd9c0aa80 JavaThread "WorkspaceEventsHandler" [_thread_blocked, id=24088, stack(0x000000c9c6900000,0x000000c9c6a00000)]
  0x0000023dd9c0af90 JavaThread "pool-1-thread-1" [_thread_in_native, id=1992, stack(0x000000c9c6a00000,0x000000c9c6b00000)]
  0x0000023dde6b1230 JavaThread "Worker-2" [_thread_blocked, id=2796, stack(0x000000c9c6b00000,0x000000c9c6c00000)]
  0x0000023dde6ada80 JavaThread "Worker-3: Update project food-ordering" [_thread_in_vm, id=21088, stack(0x000000c9c6c00000,0x000000c9c6d00000)]
  0x0000023dde6b2b80 JavaThread "Keep-Alive-Timer" daemon [_thread_blocked, id=2044, stack(0x000000c9c6e00000,0x000000c9c6f00000)]
  0x0000023dde6b2160 JavaThread "Worker-4: Refreshing workspace" [_thread_blocked, id=16996, stack(0x000000c9c6f00000,0x000000c9c7000000)]
  0x0000023dde6ae9b0 JavaThread "ForkJoinPool.commonPool-worker-1" daemon [_thread_blocked, id=24712, stack(0x000000c9c7000000,0x000000c9c7100000)]
  0x0000023dde6ae4a0 JavaThread "ForkJoinPool.commonPool-worker-2" daemon [_thread_blocked, id=27460, stack(0x000000c9c7100000,0x000000c9c7200000)]
  0x0000023dde6b44d0 JavaThread "ForkJoinPool.commonPool-worker-3" daemon [_thread_blocked, id=18492, stack(0x000000c9c7200000,0x000000c9c7300000)]
  0x0000023dde6b3fc0 JavaThread "ForkJoinPool.commonPool-worker-4" daemon [_thread_blocked, id=21048, stack(0x000000c9c7300000,0x000000c9c7400000)]
  0x0000023dde6b0300 JavaThread "Worker-5" [_thread_blocked, id=24208, stack(0x000000c9c7400000,0x000000c9c7500000)]
  0x0000023dde6b2670 JavaThread "Worker-6" [_thread_blocked, id=20620, stack(0x000000c9c7500000,0x000000c9c7600000)]
  0x0000023dde6ad060 JavaThread "ForkJoinPool.commonPool-worker-5" daemon [_thread_blocked, id=6256, stack(0x000000c9c7600000,0x000000c9c7700000)]
  0x0000023dde6b49e0 JavaThread "ForkJoinPool.commonPool-worker-6" daemon [_thread_blocked, id=26324, stack(0x000000c9c7700000,0x000000c9c7800000)]
  0x0000023dde6b0810 JavaThread "ForkJoinPool.commonPool-worker-7" daemon [_thread_blocked, id=15004, stack(0x000000c9c7800000,0x000000c9c7900000)]

Other Threads:
  0x0000023dc0a4ed10 VMThread "VM Thread" [stack: 0x000000c9c4000000,0x000000c9c4100000] [id=15540]
  0x0000023ddbc333c0 WatcherThread [stack: 0x000000c9c4d00000,0x000000c9c4e00000] [id=5032]
  0x0000023dc09bce50 GCTaskThread "GC Thread#0" [stack: 0x000000c9c3f00000,0x000000c9c4000000] [id=23988]
  0x0000023ddbefd2c0 GCTaskThread "GC Thread#1" [stack: 0x000000c9c4e00000,0x000000c9c4f00000] [id=27192]
  0x0000023ddbd20e10 GCTaskThread "GC Thread#2" [stack: 0x000000c9c4f00000,0x000000c9c5000000] [id=22568]
  0x0000023ddbd210d0 GCTaskThread "GC Thread#3" [stack: 0x000000c9c5000000,0x000000c9c5100000] [id=15388]
  0x0000023ddc3c0290 GCTaskThread "GC Thread#4" [stack: 0x000000c9c5100000,0x000000c9c5200000] [id=20308]
  0x0000023ddc3c0550 GCTaskThread "GC Thread#5" [stack: 0x000000c9c5200000,0x000000c9c5300000] [id=17188]
  0x0000023dd9b339a0 GCTaskThread "GC Thread#6" [stack: 0x000000c9c5500000,0x000000c9c5600000] [id=16732]
  0x0000023ddc1c7650 GCTaskThread "GC Thread#7" [stack: 0x000000c9c5600000,0x000000c9c5700000] [id=25016]
  0x0000023ddc517830 GCTaskThread "GC Thread#8" [stack: 0x000000c9c5900000,0x000000c9c5a00000] [id=27428]
  0x0000023ddc517af0 GCTaskThread "GC Thread#9" [stack: 0x000000c9c5a00000,0x000000c9c5b00000] [id=18552]
  0x0000023ddc208520 GCTaskThread "GC Thread#10" [stack: 0x000000c9c5e00000,0x000000c9c5f00000] [id=20368]
  0x0000023ddc4993a0 GCTaskThread "GC Thread#11" [stack: 0x000000c9c6000000,0x000000c9c6100000] [id=6324]
  0x0000023ddc9ce000 GCTaskThread "GC Thread#12" [stack: 0x000000c9c6400000,0x000000c9c6500000] [id=17192]

Threads with active compile tasks:
C2 CompilerThread0    16258 8485       4       org.eclipse.osgi.internal.loader.BundleLoader::addExportedProvidersFor (167 bytes)
C1 CompilerThread1    16258 8551       1       org.apache.maven.model.Build::getTestOutputDirectory (5 bytes)
C1 CompilerThread2    16258 8543   !   3       org.apache.maven.model.RepositoryPolicy::clone (73 bytes)
C2 CompilerThread1    16258 8334   !   4       org.eclipse.osgi.internal.loader.BundleLoader::findRequiredSource (283 bytes)
C1 CompilerThread3    16258 8552       3       org.codehaus.plexus.interpolation.AbstractValueSource::<init> (28 bytes)

VM state: not at safepoint (normal execution)

VM Mutex/Monitor currently owned by a thread: None

Heap address: 0x00000000c0000000, size: 1024 MB, Compressed Oops mode: 32-bit

CDS archive(s) not mapped
Compressed class space mapped at: 0x0000000100000000-0x0000000140000000, reserved size: 1073741824
Narrow klass base: 0x0000000000000000, Narrow klass shift: 3, Narrow klass range: 0x140000000

GC Precious Log:
 CPUs: 16 total, 16 available
 Memory: 7599M
 Large Page Support: Disabled
 NUMA Support: Disabled
 Compressed Oops: Enabled (32-bit)
 Alignments: Space 512K, Generation 512K, Heap 2M
 Heap Min Capacity: 100M
 Heap Initial Capacity: 100M
 Heap Max Capacity: 1G
 Pre-touch: Disabled
 Parallel Workers: 13

Heap:
 PSYoungGen      total 17920K, used 8533K [0x00000000eab00000, 0x00000000ebf80000, 0x0000000100000000)
  eden space 16896K, 44% used [0x00000000eab00000,0x00000000eb25d5a8,0x00000000ebb80000)
  from space 1024K, 96% used [0x00000000ebe00000,0x00000000ebef8228,0x00000000ebf00000)
  to   space 2048K, 0% used [0x00000000ebb80000,0x00000000ebb80000,0x00000000ebd80000)
 ParOldGen       total 68608K, used 40076K [0x00000000c0000000, 0x00000000c4300000, 0x00000000eab00000)
  object space 68608K, 58% used [0x00000000c0000000,0x00000000c2723048,0x00000000c4300000)
 Metaspace       used 66041K, committed 67264K, reserved 1114112K
  class space    used 7175K, committed 7744K, reserved 1048576K

Card table byte_map: [0x0000023dc0330000,0x0000023dc0540000] _byte_map_base: 0x0000023dbfd30000

Marking Bits: (ParMarkBitMap*) 0x00007ffdcde9d7d0
 Begin Bits: [0x0000023dd2630000, 0x0000023dd3630000)
 End Bits:   [0x0000023dd3630000, 0x0000023dd4630000)

Polling page: 0x0000023dbe8f0000

Metaspace:

Usage:
  Non-class:     57.49 MB used.
      Class:      7.01 MB used.
       Both:     64.49 MB used.

Virtual space:
  Non-class space:       64.00 MB reserved,      58.12 MB ( 91%) committed,  1 nodes.
      Class space:        1.00 GB reserved,       7.56 MB ( <1%) committed,  1 nodes.
             Both:        1.06 GB reserved,      65.69 MB (  6%) committed. 

Chunk freelists:
   Non-Class:  5.48 MB
       Class:  8.45 MB
        Both:  13.93 MB

MaxMetaspaceSize: unlimited
CompressedClassSpaceSize: 1.00 GB
Initial GC threshold: 21.00 MB
Current GC threshold: 97.31 MB
CDS: off
MetaspaceReclaimPolicy: balanced
 - commit_granule_bytes: 65536.
 - commit_granule_words: 8192.
 - virtual_space_node_default_size: 8388608.
 - enlarge_chunks_in_place: 1.
 - new_chunks_are_fully_committed: 0.
 - uncommit_free_chunks: 1.
 - use_allocation_guard: 0.
 - handle_deallocations: 1.


Internal statistics:

num_allocs_failed_limit: 9.
num_arena_births: 770.
num_arena_deaths: 14.
num_vsnodes_births: 2.
num_vsnodes_deaths: 0.
num_space_committed: 1051.
num_space_uncommitted: 0.
num_chunks_returned_to_freelist: 23.
num_chunks_taken_from_freelist: 3272.
num_chunk_merges: 14.
num_chunk_splits: 2046.
num_chunks_enlarged: 1204.
num_inconsistent_stats: 0.

CodeHeap 'non-profiled nmethods': size=119168Kb used=3891Kb max_used=3891Kb free=115276Kb
 bounds [0x0000023dcb1d0000, 0x0000023dcb5a0000, 0x0000023dd2630000]
CodeHeap 'profiled nmethods': size=119104Kb used=16504Kb max_used=16504Kb free=102599Kb
 bounds [0x0000023dc3630000, 0x0000023dc4650000, 0x0000023dcaa80000]
CodeHeap 'non-nmethods': size=7488Kb used=3048Kb max_used=3092Kb free=4439Kb
 bounds [0x0000023dcaa80000, 0x0000023dcad90000, 0x0000023dcb1d0000]
 total_blobs=8464 nmethods=7765 adapters=609
 compilation: enabled
              stopped_count=0, restarted_count=0
 full_count=0

Compilation events (20 events):
Event: 16.215 Thread 0x0000023dd9997c20 8532       3       java.io.Reader::<init> (15 bytes)
Event: 16.215 Thread 0x0000023dd9997c20 nmethod 8532 0x0000023dc4649390 code [0x0000023dc4649520, 0x0000023dc46496b8]
Event: 16.216 Thread 0x0000023ddc815f40 8533       1       java.net.URI::getRawAuthority (5 bytes)
Event: 16.216 Thread 0x0000023ddc54cdc0 8534       1       org.apache.maven.model.Activation::getOs (5 bytes)
Event: 16.217 Thread 0x0000023ddc54cdc0 nmethod 8534 0x0000023dcb59b090 code [0x0000023dcb59b220, 0x0000023dcb59b2f8]
Event: 16.217 Thread 0x0000023ddc815f40 nmethod 8533 0x0000023dcb59b390 code [0x0000023dcb59b520, 0x0000023dcb59b5f8]
Event: 16.217 Thread 0x0000023dd9997c20 8535       3       org.apache.maven.model.ConfigurationContainer::getLocation (147 bytes)
Event: 16.217 Thread 0x0000023ddc54cdc0 8537       1       org.apache.maven.model.Build::getOutputDirectory (5 bytes)
Event: 16.217 Thread 0x0000023ddc54cdc0 nmethod 8537 0x0000023dcb59b690 code [0x0000023dcb59b820, 0x0000023dcb59b8f8]
Event: 16.218 Thread 0x0000023ddc54cdc0 8538       3       java.util.Properties::get (9 bytes)
Event: 16.218 Thread 0x0000023dd9997c20 nmethod 8535 0x0000023dc4649790 code [0x0000023dc4649a00, 0x0000023dc464a5f8]
Event: 16.218 Thread 0x0000023ddc54cdc0 nmethod 8538 0x0000023dc464a810 code [0x0000023dc464a9c0, 0x0000023dc464ab88]
Event: 16.219 Thread 0x0000023ddbd88470 8539       3       java.net.URI::decode (73 bytes)
Event: 16.219 Thread 0x0000023ddbd88470 nmethod 8539 0x0000023dc464ac90 code [0x0000023dc464ae40, 0x0000023dc464b138]
Event: 16.219 Thread 0x0000023ddc54cdc0 8540       3       org.eclipse.core.filesystem.provider.FileInfo::setDirectory (18 bytes)
Event: 16.220 Thread 0x0000023ddc54cdc0 nmethod 8540 0x0000023dc464b210 code [0x0000023dc464b3c0, 0x0000023dc464b618]
Event: 16.222 Thread 0x0000023ddc54cdc0 8541       3       org.eclipse.core.internal.filesystem.local.LocalFile::toURI (23 bytes)
Event: 16.222 Thread 0x0000023ddc54cdc0 nmethod 8541 0x0000023dc464b710 code [0x0000023dc464b8e0, 0x0000023dc464bc38]
Event: 16.224 Thread 0x0000023ddc54cdc0 8542       3       com.sun.org.apache.xerces.internal.dom.ParentNode::<init> (21 bytes)
Event: 16.224 Thread 0x0000023ddc54cdc0 nmethod 8542 0x0000023dc464bd90 code [0x0000023dc464bf40, 0x0000023dc464c1b8]

GC Heap History (20 events):
Event: 14.700 GC heap before
{Heap before GC invocations=26 (full 2):
 PSYoungGen      total 20992K, used 20896K [0x00000000eab00000, 0x00000000ec380000, 0x0000000100000000)
  eden space 18944K, 100% used [0x00000000eab00000,0x00000000ebd80000,0x00000000ebd80000)
  from space 2048K, 95% used [0x00000000ebd80000,0x00000000ebf68000,0x00000000ebf80000)
  to   space 3072K, 0% used [0x00000000ec080000,0x00000000ec080000,0x00000000ec380000)
 ParOldGen       total 68608K, used 30792K [0x00000000c0000000, 0x00000000c4300000, 0x00000000eab00000)
  object space 68608K, 44% used [0x00000000c0000000,0x00000000c1e12338,0x00000000c4300000)
 Metaspace       used 57349K, committed 58432K, reserved 1114112K
  class space    used 6287K, committed 6720K, reserved 1048576K
}
Event: 14.703 GC heap after
{Heap after GC invocations=26 (full 2):
 PSYoungGen      total 20992K, used 2016K [0x00000000eab00000, 0x00000000ec280000, 0x0000000100000000)
  eden space 18944K, 0% used [0x00000000eab00000,0x00000000eab00000,0x00000000ebd80000)
  from space 2048K, 98% used [0x00000000ec080000,0x00000000ec278010,0x00000000ec280000)
  to   space 2560K, 0% used [0x00000000ebd80000,0x00000000ebd80000,0x00000000ec000000)
 ParOldGen       total 68608K, used 32520K [0x00000000c0000000, 0x00000000c4300000, 0x00000000eab00000)
  object space 68608K, 47% used [0x00000000c0000000,0x00000000c1fc2338,0x00000000c4300000)
 Metaspace       used 57349K, committed 58432K, reserved 1114112K
  class space    used 6287K, committed 6720K, reserved 1048576K
}
Event: 14.722 GC heap before
{Heap before GC invocations=27 (full 2):
 PSYoungGen      total 20992K, used 20960K [0x00000000eab00000, 0x00000000ec280000, 0x0000000100000000)
  eden space 18944K, 100% used [0x00000000eab00000,0x00000000ebd80000,0x00000000ebd80000)
  from space 2048K, 98% used [0x00000000ec080000,0x00000000ec278010,0x00000000ec280000)
  to   space 2560K, 0% used [0x00000000ebd80000,0x00000000ebd80000,0x00000000ec000000)
 ParOldGen       total 68608K, used 32520K [0x00000000c0000000, 0x00000000c4300000, 0x00000000eab00000)
  object space 68608K, 47% used [0x00000000c0000000,0x00000000c1fc2338,0x00000000c4300000)
 Metaspace       used 57349K, committed 58432K, reserved 1114112K
  class space    used 6287K, committed 6720K, reserved 1048576K
}
Event: 14.725 GC heap after
{Heap after GC invocations=27 (full 2):
 PSYoungGen      total 20992K, used 1760K [0x00000000eab00000, 0x00000000ec180000, 0x0000000100000000)
  eden space 18944K, 0% used [0x00000000eab00000,0x00000000eab00000,0x00000000ebd80000)
  from space 2048K, 85% used [0x00000000ebd80000,0x00000000ebf38000,0x00000000ebf80000)
  to   space 2048K, 0% used [0x00000000ebf80000,0x00000000ebf80000,0x00000000ec180000)
 ParOldGen       total 68608K, used 34472K [0x00000000c0000000, 0x00000000c4300000, 0x00000000eab00000)
  object space 68608K, 50% used [0x00000000c0000000,0x00000000c21aa348,0x00000000c4300000)
 Metaspace       used 57349K, committed 58432K, reserved 1114112K
  class space    used 6287K, committed 6720K, reserved 1048576K
}
Event: 14.866 GC heap before
{Heap before GC invocations=28 (full 2):
 PSYoungGen      total 20992K, used 20704K [0x00000000eab00000, 0x00000000ec180000, 0x0000000100000000)
  eden space 18944K, 100% used [0x00000000eab00000,0x00000000ebd80000,0x00000000ebd80000)
  from space 2048K, 85% used [0x00000000ebd80000,0x00000000ebf38000,0x00000000ebf80000)
  to   space 2048K, 0% used [0x00000000ebf80000,0x00000000ebf80000,0x00000000ec180000)
 ParOldGen       total 68608K, used 34472K [0x00000000c0000000, 0x00000000c4300000, 0x00000000eab00000)
  object space 68608K, 50% used [0x00000000c0000000,0x00000000c21aa348,0x00000000c4300000)
 Metaspace       used 58256K, committed 59328K, reserved 1114112K
  class space    used 6382K, committed 6848K, reserved 1048576K
}
Event: 14.869 GC heap after
{Heap after GC invocations=28 (full 2):
 PSYoungGen      total 18944K, used 2048K [0x00000000eab00000, 0x00000000ec580000, 0x0000000100000000)
  eden space 16896K, 0% used [0x00000000eab00000,0x00000000eab00000,0x00000000ebb80000)
  from space 2048K, 100% used [0x00000000ebf80000,0x00000000ec180000,0x00000000ec180000)
  to   space 4096K, 0% used [0x00000000ebb80000,0x00000000ebb80000,0x00000000ebf80000)
 ParOldGen       total 68608K, used 36168K [0x00000000c0000000, 0x00000000c4300000, 0x00000000eab00000)
  object space 68608K, 52% used [0x00000000c0000000,0x00000000c2352348,0x00000000c4300000)
 Metaspace       used 58256K, committed 59328K, reserved 1114112K
  class space    used 6382K, committed 6848K, reserved 1048576K
}
Event: 14.920 GC heap before
{Heap before GC invocations=29 (full 2):
 PSYoungGen      total 18944K, used 16063K [0x00000000eab00000, 0x00000000ec580000, 0x0000000100000000)
  eden space 16896K, 82% used [0x00000000eab00000,0x00000000eb8afe80,0x00000000ebb80000)
  from space 2048K, 100% used [0x00000000ebf80000,0x00000000ec180000,0x00000000ec180000)
  to   space 4096K, 0% used [0x00000000ebb80000,0x00000000ebb80000,0x00000000ebf80000)
 ParOldGen       total 68608K, used 36168K [0x00000000c0000000, 0x00000000c4300000, 0x00000000eab00000)
  object space 68608K, 52% used [0x00000000c0000000,0x00000000c2352348,0x00000000c4300000)
 Metaspace       used 58694K, committed 59776K, reserved 1114112K
  class space    used 6417K, committed 6848K, reserved 1048576K
}
Event: 14.923 GC heap after
{Heap after GC invocations=29 (full 2):
 PSYoungGen      total 20992K, used 960K [0x00000000eab00000, 0x00000000ec180000, 0x0000000100000000)
  eden space 16896K, 0% used [0x00000000eab00000,0x00000000eab00000,0x00000000ebb80000)
  from space 4096K, 23% used [0x00000000ebb80000,0x00000000ebc70000,0x00000000ebf80000)
  to   space 2048K, 0% used [0x00000000ebf80000,0x00000000ebf80000,0x00000000ec180000)
 ParOldGen       total 68608K, used 38229K [0x00000000c0000000, 0x00000000c4300000, 0x00000000eab00000)
  object space 68608K, 55% used [0x00000000c0000000,0x00000000c2555480,0x00000000c4300000)
 Metaspace       used 58694K, committed 59776K, reserved 1114112K
  class space    used 6417K, committed 6848K, reserved 1048576K
}
Event: 14.923 GC heap before
{Heap before GC invocations=30 (full 3):
 PSYoungGen      total 20992K, used 960K [0x00000000eab00000, 0x00000000ec180000, 0x0000000100000000)
  eden space 16896K, 0% used [0x00000000eab00000,0x00000000eab00000,0x00000000ebb80000)
  from space 4096K, 23% used [0x00000000ebb80000,0x00000000ebc70000,0x00000000ebf80000)
  to   space 2048K, 0% used [0x00000000ebf80000,0x00000000ebf80000,0x00000000ec180000)
 ParOldGen       total 68608K, used 38229K [0x00000000c0000000, 0x00000000c4300000, 0x00000000eab00000)
  object space 68608K, 55% used [0x00000000c0000000,0x00000000c2555480,0x00000000c4300000)
 Metaspace       used 58694K, committed 59776K, reserved 1114112K
  class space    used 6417K, committed 6848K, reserved 1048576K
}
Event: 14.966 GC heap after
{Heap after GC invocations=30 (full 3):
 PSYoungGen      total 20992K, used 0K [0x00000000eab00000, 0x00000000ec180000, 0x0000000100000000)
  eden space 16896K, 0% used [0x00000000eab00000,0x00000000eab00000,0x00000000ebb80000)
  from space 4096K, 0% used [0x00000000ebb80000,0x00000000ebb80000,0x00000000ebf80000)
  to   space 2048K, 0% used [0x00000000ebf80000,0x00000000ebf80000,0x00000000ec180000)
 ParOldGen       total 68608K, used 36847K [0x00000000c0000000, 0x00000000c4300000, 0x00000000eab00000)
  object space 68608K, 53% used [0x00000000c0000000,0x00000000c23fbd90,0x00000000c4300000)
 Metaspace       used 58694K, committed 59776K, reserved 1114112K
  class space    used 6417K, committed 6848K, reserved 1048576K
}
Event: 15.043 GC heap before
{Heap before GC invocations=31 (full 3):
 PSYoungGen      total 20992K, used 16896K [0x00000000eab00000, 0x00000000ec180000, 0x0000000100000000)
  eden space 16896K, 100% used [0x00000000eab00000,0x00000000ebb80000,0x00000000ebb80000)
  from space 4096K, 0% used [0x00000000ebb80000,0x00000000ebb80000,0x00000000ebf80000)
  to   space 2048K, 0% used [0x00000000ebf80000,0x00000000ebf80000,0x00000000ec180000)
 ParOldGen       total 68608K, used 36847K [0x00000000c0000000, 0x00000000c4300000, 0x00000000eab00000)
  object space 68608K, 53% used [0x00000000c0000000,0x00000000c23fbd90,0x00000000c4300000)
 Metaspace       used 59786K, committed 60864K, reserved 1114112K
  class space    used 6557K, committed 7040K, reserved 1048576K
}
Event: 15.044 GC heap after
{Heap after GC invocations=31 (full 3):
 PSYoungGen      total 18432K, used 1504K [0x00000000eab00000, 0x00000000ec100000, 0x0000000100000000)
  eden space 16896K, 0% used [0x00000000eab00000,0x00000000eab00000,0x00000000ebb80000)
  from space 1536K, 97% used [0x00000000ebf80000,0x00000000ec0f8330,0x00000000ec100000)
  to   space 2048K, 0% used [0x00000000ebd00000,0x00000000ebd00000,0x00000000ebf00000)
 ParOldGen       total 68608K, used 36855K [0x00000000c0000000, 0x00000000c4300000, 0x00000000eab00000)
  object space 68608K, 53% used [0x00000000c0000000,0x00000000c23fdd90,0x00000000c4300000)
 Metaspace       used 59786K, committed 60864K, reserved 1114112K
  class space    used 6557K, committed 7040K, reserved 1048576K
}
Event: 15.226 GC heap before
{Heap before GC invocations=32 (full 3):
 PSYoungGen      total 18432K, used 18400K [0x00000000eab00000, 0x00000000ec100000, 0x0000000100000000)
  eden space 16896K, 100% used [0x00000000eab00000,0x00000000ebb80000,0x00000000ebb80000)
  from space 1536K, 97% used [0x00000000ebf80000,0x00000000ec0f8330,0x00000000ec100000)
  to   space 2048K, 0% used [0x00000000ebd00000,0x00000000ebd00000,0x00000000ebf00000)
 ParOldGen       total 68608K, used 36855K [0x00000000c0000000, 0x00000000c4300000, 0x00000000eab00000)
  object space 68608K, 53% used [0x00000000c0000000,0x00000000c23fdd90,0x00000000c4300000)
 Metaspace       used 61469K, committed 62592K, reserved 1114112K
  class space    used 6746K, committed 7232K, reserved 1048576K
}
Event: 15.227 GC heap after
{Heap after GC invocations=32 (full 3):
 PSYoungGen      total 17920K, used 856K [0x00000000eab00000, 0x00000000ec000000, 0x0000000100000000)
  eden space 16896K, 0% used [0x00000000eab00000,0x00000000eab00000,0x00000000ebb80000)
  from space 1024K, 83% used [0x00000000ebd00000,0x00000000ebdd6050,0x00000000ebe00000)
  to   space 1536K, 0% used [0x00000000ebe80000,0x00000000ebe80000,0x00000000ec000000)
 ParOldGen       total 68608K, used 38175K [0x00000000c0000000, 0x00000000c4300000, 0x00000000eab00000)
  object space 68608K, 55% used [0x00000000c0000000,0x00000000c2547de8,0x00000000c4300000)
 Metaspace       used 61469K, committed 62592K, reserved 1114112K
  class space    used 6746K, committed 7232K, reserved 1048576K
}
Event: 15.421 GC heap before
{Heap before GC invocations=33 (full 3):
 PSYoungGen      total 17920K, used 17752K [0x00000000eab00000, 0x00000000ec000000, 0x0000000100000000)
  eden space 16896K, 100% used [0x00000000eab00000,0x00000000ebb80000,0x00000000ebb80000)
  from space 1024K, 83% used [0x00000000ebd00000,0x00000000ebdd6050,0x00000000ebe00000)
  to   space 1536K, 0% used [0x00000000ebe80000,0x00000000ebe80000,0x00000000ec000000)
 ParOldGen       total 68608K, used 38175K [0x00000000c0000000, 0x00000000c4300000, 0x00000000eab00000)
  object space 68608K, 55% used [0x00000000c0000000,0x00000000c2547e00,0x00000000c4300000)
 Metaspace       used 62092K, committed 63168K, reserved 1114112K
  class space    used 6817K, committed 7296K, reserved 1048576K
}
Event: 15.422 GC heap after
{Heap after GC invocations=33 (full 3):
 PSYoungGen      total 17920K, used 992K [0x00000000eab00000, 0x00000000ebf80000, 0x0000000100000000)
  eden space 16896K, 0% used [0x00000000eab00000,0x00000000eab00000,0x00000000ebb80000)
  from space 1024K, 96% used [0x00000000ebe80000,0x00000000ebf78000,0x00000000ebf80000)
  to   space 1024K, 0% used [0x00000000ebd00000,0x00000000ebd00000,0x00000000ebe00000)
 ParOldGen       total 68608K, used 38876K [0x00000000c0000000, 0x00000000c4300000, 0x00000000eab00000)
  object space 68608K, 56% used [0x00000000c0000000,0x00000000c25f7158,0x00000000c4300000)
 Metaspace       used 62092K, committed 63168K, reserved 1114112K
  class space    used 6817K, committed 7296K, reserved 1048576K
}
Event: 15.619 GC heap before
{Heap before GC invocations=34 (full 3):
 PSYoungGen      total 17920K, used 17888K [0x00000000eab00000, 0x00000000ebf80000, 0x0000000100000000)
  eden space 16896K, 100% used [0x00000000eab00000,0x00000000ebb80000,0x00000000ebb80000)
  from space 1024K, 96% used [0x00000000ebe80000,0x00000000ebf78000,0x00000000ebf80000)
  to   space 1024K, 0% used [0x00000000ebd00000,0x00000000ebd00000,0x00000000ebe00000)
 ParOldGen       total 68608K, used 38878K [0x00000000c0000000, 0x00000000c4300000, 0x00000000eab00000)
  object space 68608K, 56% used [0x00000000c0000000,0x00000000c25f7930,0x00000000c4300000)
 Metaspace       used 63098K, committed 64192K, reserved 1114112K
  class space    used 6908K, committed 7360K, reserved 1048576K
}
Event: 15.620 GC heap after
{Heap after GC invocations=34 (full 3):
 PSYoungGen      total 17920K, used 784K [0x00000000eab00000, 0x00000000ebf00000, 0x0000000100000000)
  eden space 16896K, 0% used [0x00000000eab00000,0x00000000eab00000,0x00000000ebb80000)
  from space 1024K, 76% used [0x00000000ebd00000,0x00000000ebdc4020,0x00000000ebe00000)
  to   space 1024K, 0% used [0x00000000ebe00000,0x00000000ebe00000,0x00000000ebf00000)
 ParOldGen       total 68608K, used 39566K [0x00000000c0000000, 0x00000000c4300000, 0x00000000eab00000)
  object space 68608K, 57% used [0x00000000c0000000,0x00000000c26a3930,0x00000000c4300000)
 Metaspace       used 63098K, committed 64192K, reserved 1114112K
  class space    used 6908K, committed 7360K, reserved 1048576K
}
Event: 16.027 GC heap before
{Heap before GC invocations=35 (full 3):
 PSYoungGen      total 17920K, used 17680K [0x00000000eab00000, 0x00000000ebf00000, 0x0000000100000000)
  eden space 16896K, 100% used [0x00000000eab00000,0x00000000ebb80000,0x00000000ebb80000)
  from space 1024K, 76% used [0x00000000ebd00000,0x00000000ebdc4020,0x00000000ebe00000)
  to   space 1024K, 0% used [0x00000000ebe00000,0x00000000ebe00000,0x00000000ebf00000)
 ParOldGen       total 68608K, used 39566K [0x00000000c0000000, 0x00000000c4300000, 0x00000000eab00000)
  object space 68608K, 57% used [0x00000000c0000000,0x00000000c26a3930,0x00000000c4300000)
 Metaspace       used 65124K, committed 66368K, reserved 1114112K
  class space    used 7082K, committed 7680K, reserved 1048576K
}
Event: 16.030 GC heap after
{Heap after GC invocations=35 (full 3):
 PSYoungGen      total 17920K, used 992K [0x00000000eab00000, 0x00000000ebf80000, 0x0000000100000000)
  eden space 16896K, 0% used [0x00000000eab00000,0x00000000eab00000,0x00000000ebb80000)
  from space 1024K, 96% used [0x00000000ebe00000,0x00000000ebef8228,0x00000000ebf00000)
  to   space 2048K, 0% used [0x00000000ebb80000,0x00000000ebb80000,0x00000000ebd80000)
 ParOldGen       total 68608K, used 40076K [0x00000000c0000000, 0x00000000c4300000, 0x00000000eab00000)
  object space 68608K, 58% used [0x00000000c0000000,0x00000000c2723048,0x00000000c4300000)
 Metaspace       used 65124K, committed 66368K, reserved 1114112K
  class space    used 7082K, committed 7680K, reserved 1048576K
}

Dll operation events (12 events):
Event: 0.011 Loaded shared library c:\Users\STARIM\.vscode\extensions\redhat.java-1.27.0-win32-x64\jre\17.0.10-win32-x86_64\bin\java.dll
Event: 0.213 Loaded shared library c:\Users\STARIM\.vscode\extensions\redhat.java-1.27.0-win32-x64\jre\17.0.10-win32-x86_64\bin\zip.dll
Event: 0.219 Loaded shared library C:\Users\STARIM\.vscode\extensions\redhat.java-1.27.0-win32-x64\jre\17.0.10-win32-x86_64\bin\instrument.dll
Event: 0.240 Loaded shared library C:\Users\STARIM\.vscode\extensions\redhat.java-1.27.0-win32-x64\jre\17.0.10-win32-x86_64\bin\net.dll
Event: 0.243 Loaded shared library C:\Users\STARIM\.vscode\extensions\redhat.java-1.27.0-win32-x64\jre\17.0.10-win32-x86_64\bin\nio.dll
Event: 0.253 Loaded shared library C:\Users\STARIM\.vscode\extensions\redhat.java-1.27.0-win32-x64\jre\17.0.10-win32-x86_64\bin\zip.dll
Event: 0.280 Loaded shared library C:\Users\STARIM\.vscode\extensions\redhat.java-1.27.0-win32-x64\jre\17.0.10-win32-x86_64\bin\jimage.dll
Event: 0.371 Loaded shared library c:\Users\STARIM\.vscode\extensions\redhat.java-1.27.0-win32-x64\jre\17.0.10-win32-x86_64\bin\verify.dll
Event: 3.956 Loaded shared library C:\Users\STARIM\AppData\Roaming\Code\User\globalStorage\redhat.java\1.27.0\config_win\org.eclipse.equinox.launcher\org.eclipse.equinox.launcher.win32.win32.x86_64_1.2.900.v20240129-1338\eclipse_11900.dll
Event: 12.398 Loaded shared library C:\Users\STARIM\AppData\Local\Temp\jna--1839154442\jna11645181025388894083.dll
Event: 12.831 Loaded shared library C:\Users\STARIM\.vscode\extensions\redhat.java-1.27.0-win32-x64\jre\17.0.10-win32-x86_64\bin\sunmscapi.dll
Event: 13.075 Loaded shared library C:\Users\STARIM\.vscode\extensions\redhat.java-1.27.0-win32-x64\jre\17.0.10-win32-x86_64\bin\extnet.dll

Deoptimization events (20 events):
Event: 16.204 Thread 0x0000023dde6b49e0 DEOPT UNPACKING pc=0x0000023dcaad66a3 sp=0x000000c9c77fda38 mode 2
Event: 16.204 Thread 0x0000023dde6b49e0 Uncommon trap: trap_request=0xffffff45 fr.pc=0x0000023dcb3724b8 relative=0x00000000000000b8
Event: 16.204 Thread 0x0000023dde6ae4a0 DEOPT UNPACKING pc=0x0000023dcaad66a3 sp=0x000000c9c71fd6c8 mode 2
Event: 16.204 Thread 0x0000023dde6b49e0 Uncommon trap: reason=unstable_if action=reinterpret pc=0x0000023dcb3724b8 method=java.util.concurrent.locks.ReentrantReadWriteLock$Sync.tryReleaseShared(I)Z @ 9 c2
Event: 16.204 Thread 0x0000023dde6b49e0 DEOPT PACKING pc=0x0000023dcb3724b8 sp=0x000000c9c77fdb20
Event: 16.204 Thread 0x0000023dde6b49e0 DEOPT UNPACKING pc=0x0000023dcaad66a3 sp=0x000000c9c77fdaa0 mode 2
Event: 16.204 Thread 0x0000023dde6b49e0 Uncommon trap: trap_request=0xffffff45 fr.pc=0x0000023dcb372948 relative=0x00000000000001a8
Event: 16.204 Thread 0x0000023dde6b49e0 Uncommon trap: reason=unstable_if action=reinterpret pc=0x0000023dcb372948 method=java.util.concurrent.locks.ReentrantReadWriteLock$Sync.tryAcquireShared(I)I @ 81 c2
Event: 16.204 Thread 0x0000023dde6b49e0 DEOPT PACKING pc=0x0000023dcb372948 sp=0x000000c9c77fdb20
Event: 16.204 Thread 0x0000023dde6b49e0 DEOPT UNPACKING pc=0x0000023dcaad66a3 sp=0x000000c9c77fda40 mode 2
Event: 16.204 Thread 0x0000023dde6ae4a0 Uncommon trap: trap_request=0xffffff45 fr.pc=0x0000023dcb370ad4 relative=0x0000000000000154
Event: 16.204 Thread 0x0000023dde6ae4a0 Uncommon trap: reason=unstable_if action=reinterpret pc=0x0000023dcb370ad4 method=java.util.concurrent.locks.ReentrantReadWriteLock$Sync.tryAcquireShared(I)I @ 81 c2
Event: 16.204 Thread 0x0000023dde6ae4a0 DEOPT PACKING pc=0x0000023dcb370ad4 sp=0x000000c9c71fd680
Event: 16.204 Thread 0x0000023dde6ae4a0 DEOPT UNPACKING pc=0x0000023dcaad66a3 sp=0x000000c9c71fd608 mode 2
Event: 16.204 Thread 0x0000023dde6b1230 DEOPT PACKING pc=0x0000023dc3950403 sp=0x000000c9c6bfe270
Event: 16.204 Thread 0x0000023dde6b1230 DEOPT UNPACKING pc=0x0000023dcaad6e43 sp=0x000000c9c6bfd708 mode 0
Event: 16.210 Thread 0x0000023dde6ae4a0 Uncommon trap: trap_request=0xffffff45 fr.pc=0x0000023dcb584a4c relative=0x000000000000144c
Event: 16.210 Thread 0x0000023dde6ae4a0 Uncommon trap: reason=unstable_if action=reinterpret pc=0x0000023dcb584a4c method=org.eclipse.core.runtime.Path.computeSegmentCount(Ljava/lang/String;)I @ 78 c2
Event: 16.210 Thread 0x0000023dde6ae4a0 DEOPT PACKING pc=0x0000023dcb584a4c sp=0x000000c9c71fe020
Event: 16.210 Thread 0x0000023dde6ae4a0 DEOPT UNPACKING pc=0x0000023dcaad66a3 sp=0x000000c9c71fdf68 mode 2

Classes unloaded (7 events):
Event: 12.236 Thread 0x0000023dc0a4ed10 Unloading class 0x0000000100252400 'java/lang/invoke/LambdaForm$MH+0x0000000100252400'
Event: 12.236 Thread 0x0000023dc0a4ed10 Unloading class 0x0000000100252000 'java/lang/invoke/LambdaForm$MH+0x0000000100252000'
Event: 12.236 Thread 0x0000023dc0a4ed10 Unloading class 0x0000000100251c00 'java/lang/invoke/LambdaForm$MH+0x0000000100251c00'
Event: 12.236 Thread 0x0000023dc0a4ed10 Unloading class 0x0000000100251800 'java/lang/invoke/LambdaForm$MH+0x0000000100251800'
Event: 12.236 Thread 0x0000023dc0a4ed10 Unloading class 0x0000000100251400 'java/lang/invoke/LambdaForm$BMH+0x0000000100251400'
Event: 12.236 Thread 0x0000023dc0a4ed10 Unloading class 0x0000000100251000 'java/lang/invoke/LambdaForm$DMH+0x0000000100251000'
Event: 12.236 Thread 0x0000023dc0a4ed10 Unloading class 0x000000010024c400 'java/lang/invoke/LambdaForm$DMH+0x000000010024c400'

Classes redefined (0 events):
No events

Internal exceptions (20 events):
Event: 13.817 Thread 0x0000023dd9c0cdf0 Exception <a 'java/lang/NoClassDefFoundError'{0x00000000ebb89e00}: com/google/inject/servlet/ServletModuleTargetVisitor> (0x00000000ebb89e00) 
thrown [s\src\hotspot\share\classfile\systemDictionary.cpp, line 245]
Event: 13.912 Thread 0x0000023dde6ada80 Exception <a 'java/io/FileNotFoundException'{0x00000000eb19ac70}> (0x00000000eb19ac70) 
thrown [s\src\hotspot\share\prims\jni.cpp, line 516]
Event: 14.349 Thread 0x0000023dde6b1230 Exception <a 'java/lang/NoSuchMethodError'{0x00000000ebe130c8}: 'int java.lang.invoke.DirectMethodHandle$Holder.invokeInterface(java.lang.Object, java.lang.Object)'> (0x00000000ebe130c8) 
thrown [s\src\hotspot\share\interpreter\linkResolver.cpp, line 759]
Event: 14.349 Thread 0x0000023dde6b1230 Exception <a 'java/lang/IncompatibleClassChangeError'{0x00000000ebec5a08}: Found class java.lang.Object, but interface was expected> (0x00000000ebec5a08) 
thrown [s\src\hotspot\share\interpreter\linkResolver.cpp, line 826]
Event: 14.392 Thread 0x0000023dde6b1230 Exception <a 'java/lang/NoSuchMethodError'{0x00000000eb5277e8}: 'java.lang.Object java.lang.invoke.Invokers$Holder.invoke_MT(java.lang.Object, java.lang.Object, java.lang.Object)'> (0x00000000eb5277e8) 
thrown [s\src\hotspot\share\interpreter\linkResolver.cpp, line 759]
Event: 14.547 Thread 0x0000023dde6b1230 Exception <a 'java/io/FileNotFoundException'{0x00000000ebced0f0}> (0x00000000ebced0f0) 
thrown [s\src\hotspot\share\prims\jni.cpp, line 516]
Event: 14.547 Thread 0x0000023dde6b1230 Exception <a 'java/io/FileNotFoundException'{0x00000000ebcee610}> (0x00000000ebcee610) 
thrown [s\src\hotspot\share\prims\jni.cpp, line 516]
Event: 14.808 Thread 0x0000023dde6b1230 Exception <a 'sun/nio/fs/WindowsException'{0x00000000eb8c8870}> (0x00000000eb8c8870) 
thrown [s\src\hotspot\share\prims\jni.cpp, line 516]
Event: 14.811 Thread 0x0000023dde6b1230 Exception <a 'sun/nio/fs/WindowsException'{0x00000000eb8e17c8}> (0x00000000eb8e17c8) 
thrown [s\src\hotspot\share\prims\jni.cpp, line 516]
Event: 14.852 Thread 0x0000023dde6ada80 Exception <a 'java/lang/NoSuchMethodError'{0x00000000ebabcab0}: 'java.lang.Object java.lang.invoke.DirectMethodHandle$Holder.invokeInterface(java.lang.Object, java.lang.Object, java.lang.Object, java.lang.Object)'> (0x00000000ebabcab0) 
thrown [s\src\hotspot\share\interpreter\linkResolver.cpp, line 759]
Event: 14.856 Thread 0x0000023dd9c0af90 Exception <a 'java/lang/NoSuchMethodError'{0x00000000ebc70998}: 'java.lang.Object java.lang.invoke.DirectMethodHandle$Holder.invokeInterface(java.lang.Object, java.lang.Object, java.lang.Object)'> (0x00000000ebc70998) 
thrown [s\src\hotspot\share\interpreter\linkResolver.cpp, line 759]
Event: 15.879 Thread 0x0000023dd9c0af90 Exception <a 'java/io/FileNotFoundException'{0x00000000eb70a5d0}> (0x00000000eb70a5d0) 
thrown [s\src\hotspot\share\prims\jni.cpp, line 516]
Event: 15.880 Thread 0x0000023dd9c0af90 Exception <a 'java/io/FileNotFoundException'{0x00000000eb70b5f8}> (0x00000000eb70b5f8) 
thrown [s\src\hotspot\share\prims\jni.cpp, line 516]
Event: 15.910 Thread 0x0000023dd9c0af90 Exception <a 'sun/nio/fs/WindowsException'{0x00000000eb820ac8}> (0x00000000eb820ac8) 
thrown [s\src\hotspot\share\prims\jni.cpp, line 516]
Event: 15.923 Thread 0x0000023dd9c0af90 Exception <a 'sun/nio/fs/WindowsException'{0x00000000eb846138}> (0x00000000eb846138) 
thrown [s\src\hotspot\share\prims\jni.cpp, line 516]
Event: 15.927 Thread 0x0000023dd9c0af90 Exception <a 'java/lang/NoSuchMethodError'{0x00000000eb84f4e8}: 'java.lang.Object java.lang.invoke.DirectMethodHandle$Holder.invokeStatic(java.lang.Object, java.lang.Object, int, java.lang.Object)'> (0x00000000eb84f4e8) 
thrown [s\src\hotspot\share\interpreter\linkResolver.cpp, line 759]
Event: 15.927 Thread 0x0000023dd9c0af90 Exception <a 'java/lang/NoSuchMethodError'{0x00000000eb856e28}: 'java.lang.Object java.lang.invoke.DirectMethodHandle$Holder.newInvokeSpecial(java.lang.Object, java.lang.Object, int)'> (0x00000000eb856e28) 
thrown [s\src\hotspot\share\interpreter\linkResolver.cpp, line 759]
Event: 16.037 Thread 0x0000023dd9c0dd20 Exception <a 'java/io/FileNotFoundException'{0x00000000eab81260}> (0x00000000eab81260) 
thrown [s\src\hotspot\share\prims\jni.cpp, line 516]
Event: 16.037 Thread 0x0000023dd9c0dd20 Exception <a 'java/io/FileNotFoundException'{0x00000000eab82518}> (0x00000000eab82518) 
thrown [s\src\hotspot\share\prims\jni.cpp, line 516]
Event: 16.038 Thread 0x0000023dd9c0dd20 Exception <a 'java/io/FileNotFoundException'{0x00000000eab83528}> (0x00000000eab83528) 
thrown [s\src\hotspot\share\prims\jni.cpp, line 516]

VM Operations (20 events):
Event: 15.002 Executing VM operation: HandshakeAllThreads
Event: 15.002 Executing VM operation: HandshakeAllThreads done
Event: 15.043 Executing VM operation: ParallelGCFailedAllocation
Event: 15.044 Executing VM operation: ParallelGCFailedAllocation done
Event: 15.120 Executing VM operation: HandshakeAllThreads
Event: 15.120 Executing VM operation: HandshakeAllThreads done
Event: 15.226 Executing VM operation: ParallelGCFailedAllocation
Event: 15.227 Executing VM operation: ParallelGCFailedAllocation done
Event: 15.286 Executing VM operation: HandshakeAllThreads
Event: 15.286 Executing VM operation: HandshakeAllThreads done
Event: 15.421 Executing VM operation: ParallelGCFailedAllocation
Event: 15.421 Executing VM operation: ParallelGCFailedAllocation done
Event: 15.421 Executing VM operation: ParallelGCSystemGC
Event: 15.422 Executing VM operation: ParallelGCSystemGC done
Event: 15.619 Executing VM operation: ParallelGCFailedAllocation
Event: 15.620 Executing VM operation: ParallelGCFailedAllocation done
Event: 15.689 Executing VM operation: HandshakeAllThreads
Event: 15.690 Executing VM operation: HandshakeAllThreads done
Event: 16.027 Executing VM operation: ParallelGCFailedAllocation
Event: 16.030 Executing VM operation: ParallelGCFailedAllocation done

Events (20 events):
Event: 15.859 loading class java/io/SequenceInputStream
Event: 15.859 loading class java/io/SequenceInputStream done
Event: 15.890 Thread 0x0000023dde6b2670 Thread added: 0x0000023dde6b2670
Event: 15.900 loading class java/util/WeakHashMap$KeyIterator
Event: 15.901 loading class java/util/WeakHashMap$KeyIterator done
Event: 15.929 Thread 0x0000023dde6ad060 Thread added: 0x0000023dde6ad060
Event: 16.036 loading class java/util/Hashtable$KeySet
Event: 16.036 loading class java/util/Hashtable$KeySet done
Event: 16.181 Thread 0x0000023dde6b49e0 Thread added: 0x0000023dde6b49e0
Event: 16.182 loading class java/util/concurrent/CompletionException
Event: 16.183 loading class java/util/concurrent/CompletionException done
Event: 16.188 Thread 0x0000023dde6b0810 Thread added: 0x0000023dde6b0810
Event: 16.203 loading class java/lang/Throwable$WrappedPrintWriter
Event: 16.203 loading class java/lang/Throwable$PrintStreamOrWriter
Event: 16.203 loading class java/lang/Throwable$PrintStreamOrWriter done
Event: 16.204 loading class java/lang/Throwable$WrappedPrintWriter done
Event: 16.204 loading class java/util/concurrent/locks/ReentrantReadWriteLock$Sync$HoldCounter
Event: 16.204 loading class java/util/concurrent/locks/ReentrantReadWriteLock$Sync$HoldCounter done
Event: 16.205 loading class java/text/NumberFormat$Field
Event: 16.206 loading class java/text/NumberFormat$Field done


Dynamic libraries:
0x00007ff6b9070000 - 0x00007ff6b907e000 	c:\Users\STARIM\.vscode\extensions\redhat.java-1.27.0-win32-x64\jre\17.0.10-win32-x86_64\bin\java.exe
0x00007ffe1e870000 - 0x00007ffe1ea87000 	C:\WINDOWS\SYSTEM32\ntdll.dll
0x00007ffe1ccd0000 - 0x00007ffe1cd94000 	C:\WINDOWS\System32\KERNEL32.DLL
0x00007ffe1bbb0000 - 0x00007ffe1bf56000 	C:\WINDOWS\System32\KERNELBASE.dll
0x00007ffe1c210000 - 0x00007ffe1c321000 	C:\WINDOWS\System32\ucrtbase.dll
0x00007ffe0c170000 - 0x00007ffe0c187000 	c:\Users\STARIM\.vscode\extensions\redhat.java-1.27.0-win32-x64\jre\17.0.10-win32-x86_64\bin\jli.dll
0x00007ffe0bf70000 - 0x00007ffe0bf8b000 	c:\Users\STARIM\.vscode\extensions\redhat.java-1.27.0-win32-x64\jre\17.0.10-win32-x86_64\bin\VCRUNTIME140.dll
0x00007ffe1c860000 - 0x00007ffe1ca0e000 	C:\WINDOWS\System32\USER32.dll
0x00007ffe1bf60000 - 0x00007ffe1bf86000 	C:\WINDOWS\System32\win32u.dll
0x00007ffe13a50000 - 0x00007ffe13ce3000 	C:\WINDOWS\WinSxS\amd64_microsoft.windows.common-controls_6595b64144ccf1df_6.0.22621.2506_none_270c5ae97388e100\COMCTL32.dll
0x00007ffe1d4d0000 - 0x00007ffe1d577000 	C:\WINDOWS\System32\msvcrt.dll
0x00007ffe1caa0000 - 0x00007ffe1cac9000 	C:\WINDOWS\System32\GDI32.dll
0x00007ffe1c4a0000 - 0x00007ffe1c5b8000 	C:\WINDOWS\System32\gdi32full.dll
0x00007ffe1c050000 - 0x00007ffe1c0ea000 	C:\WINDOWS\System32\msvcp_win.dll
0x00007ffe1c820000 - 0x00007ffe1c851000 	C:\WINDOWS\System32\IMM32.DLL
0x00007ffe15920000 - 0x00007ffe1592c000 	c:\Users\STARIM\.vscode\extensions\redhat.java-1.27.0-win32-x64\jre\17.0.10-win32-x86_64\bin\vcruntime140_1.dll
0x00007ffe07ff0000 - 0x00007ffe0807d000 	c:\Users\STARIM\.vscode\extensions\redhat.java-1.27.0-win32-x64\jre\17.0.10-win32-x86_64\bin\msvcp140.dll
0x00007ffdcd300000 - 0x00007ffdcdf62000 	c:\Users\STARIM\.vscode\extensions\redhat.java-1.27.0-win32-x64\jre\17.0.10-win32-x86_64\bin\server\jvm.dll
0x00007ffe1d240000 - 0x00007ffe1d2f3000 	C:\WINDOWS\System32\ADVAPI32.dll
0x00007ffe1cc20000 - 0x00007ffe1ccc8000 	C:\WINDOWS\System32\sechost.dll
0x00007ffe1c1e0000 - 0x00007ffe1c208000 	C:\WINDOWS\System32\bcrypt.dll
0x00007ffe1d580000 - 0x00007ffe1d697000 	C:\WINDOWS\System32\RPCRT4.dll
0x00007ffe1aa00000 - 0x00007ffe1aa4d000 	C:\WINDOWS\SYSTEM32\POWRPROF.dll
0x00007ffe15400000 - 0x00007ffe15409000 	C:\WINDOWS\SYSTEM32\WSOCK32.dll
0x00007ffe1cba0000 - 0x00007ffe1cc11000 	C:\WINDOWS\System32\WS2_32.dll
0x00007ffe111e0000 - 0x00007ffe11214000 	C:\WINDOWS\SYSTEM32\WINMM.dll
0x00007ffe13db0000 - 0x00007ffe13dba000 	C:\WINDOWS\SYSTEM32\VERSION.dll
0x00007ffe1a9e0000 - 0x00007ffe1a9f3000 	C:\WINDOWS\SYSTEM32\UMPDC.dll
0x00007ffe1aca0000 - 0x00007ffe1acb8000 	C:\WINDOWS\SYSTEM32\kernel.appcore.dll
0x00007ffe14950000 - 0x00007ffe1495a000 	c:\Users\STARIM\.vscode\extensions\redhat.java-1.27.0-win32-x64\jre\17.0.10-win32-x86_64\bin\jimage.dll
0x00007ffe19550000 - 0x00007ffe19783000 	C:\WINDOWS\SYSTEM32\DBGHELP.DLL
0x00007ffe1e1e0000 - 0x00007ffe1e569000 	C:\WINDOWS\System32\combase.dll
0x00007ffe1d310000 - 0x00007ffe1d3e7000 	C:\WINDOWS\System32\OLEAUT32.dll
0x00007ffe11b10000 - 0x00007ffe11b42000 	C:\WINDOWS\SYSTEM32\dbgcore.DLL
0x00007ffe1c160000 - 0x00007ffe1c1da000 	C:\WINDOWS\System32\bcryptPrimitives.dll
0x00007ffe14140000 - 0x00007ffe1414e000 	c:\Users\STARIM\.vscode\extensions\redhat.java-1.27.0-win32-x64\jre\17.0.10-win32-x86_64\bin\instrument.dll
0x00007ffe0bbe0000 - 0x00007ffe0bc05000 	c:\Users\STARIM\.vscode\extensions\redhat.java-1.27.0-win32-x64\jre\17.0.10-win32-x86_64\bin\java.dll
0x00007ffe0bb90000 - 0x00007ffe0bba8000 	c:\Users\STARIM\.vscode\extensions\redhat.java-1.27.0-win32-x64\jre\17.0.10-win32-x86_64\bin\zip.dll
0x00007ffe1d980000 - 0x00007ffe1e1db000 	C:\WINDOWS\System32\SHELL32.dll
0x00007ffe19ad0000 - 0x00007ffe1a3c6000 	C:\WINDOWS\SYSTEM32\windows.storage.dll
0x00007ffe19990000 - 0x00007ffe19ace000 	C:\WINDOWS\SYSTEM32\wintypes.dll
0x00007ffe1e730000 - 0x00007ffe1e823000 	C:\WINDOWS\System32\SHCORE.dll
0x00007ffe1c760000 - 0x00007ffe1c7be000 	C:\WINDOWS\System32\shlwapi.dll
0x00007ffe1bae0000 - 0x00007ffe1bb06000 	C:\WINDOWS\SYSTEM32\profapi.dll
0x00007ffe0ae40000 - 0x00007ffe0ae59000 	C:\Users\STARIM\.vscode\extensions\redhat.java-1.27.0-win32-x64\jre\17.0.10-win32-x86_64\bin\net.dll
0x00007ffe15ad0000 - 0x00007ffe15c07000 	C:\WINDOWS\SYSTEM32\WINHTTP.dll
0x00007ffe1b120000 - 0x00007ffe1b189000 	C:\WINDOWS\system32\mswsock.dll
0x00007ffe0a360000 - 0x00007ffe0a376000 	C:\Users\STARIM\.vscode\extensions\redhat.java-1.27.0-win32-x64\jre\17.0.10-win32-x86_64\bin\nio.dll
0x00007ffe11100000 - 0x00007ffe11110000 	c:\Users\STARIM\.vscode\extensions\redhat.java-1.27.0-win32-x64\jre\17.0.10-win32-x86_64\bin\verify.dll
0x00007ffe04bb0000 - 0x00007ffe04bee000 	C:\Users\STARIM\AppData\Roaming\Code\User\globalStorage\redhat.java\1.27.0\config_win\org.eclipse.equinox.launcher\org.eclipse.equinox.launcher.win32.win32.x86_64_1.2.900.v20240129-1338\eclipse_11900.dll
0x00007ffe1c5c0000 - 0x00007ffe1c760000 	C:\WINDOWS\System32\ole32.dll
0x00007ffe1b3a0000 - 0x00007ffe1b3bb000 	C:\WINDOWS\SYSTEM32\CRYPTSP.dll
0x00007ffe1ac00000 - 0x00007ffe1ac35000 	C:\WINDOWS\system32\rsaenh.dll
0x00007ffe1b1f0000 - 0x00007ffe1b21c000 	C:\WINDOWS\SYSTEM32\USERENV.dll
0x00007ffe1b390000 - 0x00007ffe1b39c000 	C:\WINDOWS\SYSTEM32\CRYPTBASE.dll
0x00007ffe1a6a0000 - 0x00007ffe1a6cd000 	C:\WINDOWS\SYSTEM32\IPHLPAPI.DLL
0x00007ffe1cda0000 - 0x00007ffe1cda9000 	C:\WINDOWS\System32\NSI.dll
0x00007ffe15540000 - 0x00007ffe15559000 	C:\WINDOWS\SYSTEM32\dhcpcsvc6.DLL
0x00007ffe15350000 - 0x00007ffe1536f000 	C:\WINDOWS\SYSTEM32\dhcpcsvc.DLL
0x00007ffe1a6d0000 - 0x00007ffe1a7c9000 	C:\WINDOWS\SYSTEM32\DNSAPI.dll
0x00007ffe02da0000 - 0x00007ffe02de5000 	C:\Users\STARIM\AppData\Local\Temp\jna--1839154442\jna11645181025388894083.dll
0x00007ffe1d300000 - 0x00007ffe1d308000 	C:\WINDOWS\System32\PSAPI.DLL
0x00007ffe12710000 - 0x00007ffe1271e000 	C:\Users\STARIM\.vscode\extensions\redhat.java-1.27.0-win32-x64\jre\17.0.10-win32-x86_64\bin\sunmscapi.dll
0x00007ffe1c330000 - 0x00007ffe1c496000 	C:\WINDOWS\System32\CRYPT32.dll
0x00007ffe1b570000 - 0x00007ffe1b59e000 	C:\WINDOWS\SYSTEM32\ncrypt.dll
0x00007ffe1b530000 - 0x00007ffe1b567000 	C:\WINDOWS\SYSTEM32\NTASN1.dll
0x00007ffe154e0000 - 0x00007ffe154ea000 	C:\Windows\System32\rasadhlp.dll
0x00007ffe143c0000 - 0x00007ffe14443000 	C:\WINDOWS\System32\fwpuclnt.dll
0x00007ffe10f90000 - 0x00007ffe10f99000 	C:\Users\STARIM\.vscode\extensions\redhat.java-1.27.0-win32-x64\jre\17.0.10-win32-x86_64\bin\extnet.dll

dbghelp: loaded successfully - version: 4.0.5 - missing functions: none
symbol engine: initialized successfully - sym options: 0x614 - pdb path: .;c:\Users\STARIM\.vscode\extensions\redhat.java-1.27.0-win32-x64\jre\17.0.10-win32-x86_64\bin;C:\WINDOWS\SYSTEM32;C:\WINDOWS\WinSxS\amd64_microsoft.windows.common-controls_6595b64144ccf1df_6.0.22621.2506_none_270c5ae97388e100;c:\Users\STARIM\.vscode\extensions\redhat.java-1.27.0-win32-x64\jre\17.0.10-win32-x86_64\bin\server;C:\Users\STARIM\AppData\Roaming\Code\User\globalStorage\redhat.java\1.27.0\config_win\org.eclipse.equinox.launcher\org.eclipse.equinox.launcher.win32.win32.x86_64_1.2.900.v20240129-1338;C:\Users\STARIM\AppData\Local\Temp\jna--1839154442

VM Arguments:
jvm_args: --add-modules=ALL-SYSTEM --add-opens=java.base/java.util=ALL-UNNAMED --add-opens=java.base/java.lang=ALL-UNNAMED --add-opens=java.base/sun.nio.fs=ALL-UNNAMED -Declipse.application=org.eclipse.jdt.ls.core.id1 -Dosgi.bundles.defaultStartLevel=4 -Declipse.product=org.eclipse.jdt.ls.core.product -Djava.import.generatesMetadataFilesAtProjectRoot=false -DDetectVMInstallationsJob.disabled=true -Dfile.encoding=utf8 -XX:+UseParallelGC -XX:GCTimeRatio=4 -XX:AdaptiveSizePolicyWeight=90 -Dsun.zip.disableMemoryMapping=true -Xmx1G -Xms100m -Xlog:disable -javaagent:c:\Users\STARIM\.vscode\extensions\redhat.java-1.27.0-win32-x64\lombok\lombok-1.18.31.jar -XX:+HeapDumpOnOutOfMemoryError -XX:HeapDumpPath=c:\Users\STARIM\AppData\Roaming\Code\User\workspaceStorage\f9ab32abbbd5cd031c83568945532e53\redhat.java -Daether.dependencyCollector.impl=bf 
java_command: c:\Users\STARIM\.vscode\extensions\redhat.java-1.27.0-win32-x64\server\plugins\org.eclipse.equinox.launcher_1.6.700.v20231214-2017.jar -configuration c:\Users\STARIM\AppData\Roaming\Code\User\globalStorage\redhat.java\1.27.0\config_win -data c:\Users\STARIM\AppData\Roaming\Code\User\workspaceStorage\f9ab32abbbd5cd031c83568945532e53\redhat.java\jdt_ws --stdio
java_class_path (initial): c:\Users\STARIM\.vscode\extensions\redhat.java-1.27.0-win32-x64\server\plugins\org.eclipse.equinox.launcher_1.6.700.v20231214-2017.jar
Launcher Type: SUN_STANDARD

[Global flags]
    uintx AdaptiveSizePolicyWeight                 = 90                                        {product} {command line}
     intx CICompilerCount                          = 12                                        {product} {ergonomic}
    uintx GCTimeRatio                              = 4                                         {product} {command line}
     bool HeapDumpOnOutOfMemoryError               = true                                   {manageable} {command line}
    ccstr HeapDumpPath                             = c:\Users\STARIM\AppData\Roaming\Code\User\workspaceStorage\f9ab32abbbd5cd031c83568945532e53\redhat.java         {manageable} {command line}
   size_t InitialHeapSize                          = 104857600                                 {product} {command line}
   size_t MaxHeapSize                              = 1073741824                                {product} {command line}
   size_t MaxNewSize                               = 357564416                                 {product} {ergonomic}
   size_t MinHeapDeltaBytes                        = 524288                                    {product} {ergonomic}
   size_t MinHeapSize                              = 104857600                                 {product} {command line}
   size_t NewSize                                  = 34603008                                  {product} {ergonomic}
    uintx NonNMethodCodeHeapSize                   = 7602480                                {pd product} {ergonomic}
    uintx NonProfiledCodeHeapSize                  = 122027880                              {pd product} {ergonomic}
   size_t OldSize                                  = 70254592                                  {product} {ergonomic}
    uintx ProfiledCodeHeapSize                     = 122027880                              {pd product} {ergonomic}
    uintx ReservedCodeCacheSize                    = 251658240                              {pd product} {ergonomic}
     bool SegmentedCodeCache                       = true                                      {product} {ergonomic}
   size_t SoftMaxHeapSize                          = 1073741824                             {manageable} {ergonomic}
     bool UseCompressedClassPointers               = true                           {product lp64_product} {ergonomic}
     bool UseCompressedOops                        = true                           {product lp64_product} {ergonomic}
     bool UseLargePagesIndividualAllocation        = false                                  {pd product} {ergonomic}
     bool UseParallelGC                            = true                                      {product} {command line}

Logging:
Log output configuration:
 #0: stdout all=off uptime,level,tags
 #1: stderr all=off uptime,level,tags

Environment Variables:
PATH=C:\Program Files\Common Files\Oracle\Java\javapath;C:\Windows\system32;C:\Windows;C:\Windows\System32\Wbem;C:\Windows\System32\WindowsPowerShell\v1.0\;C:\Windows\System32\OpenSSH\;C:\Program Files (x86)\NVIDIA Corporation\PhysX\Common;C:\Program Files\dotnet\;C:\Program Files\Microsoft SQL Server\Client SDK\ODBC\170\Tools\Binn\;C:\Program Files (x86)\Microsoft SQL Server\150\Tools\Binn\;C:\Program Files\Microsoft SQL Server\150\Tools\Binn\;C:\Program Files\Microsoft SQL Server\150\DTS\Binn\;C:\WINDOWS\system32;C:\WINDOWS;C:\WINDOWS\System32\Wbem;C:\WINDOWS\System32\WindowsPowerShell\v1.0\;C:\WINDOWS\System32\OpenSSH\;C:\Users\STARIM\Downloads\apache-maven-3.9.5-bin\apache-maven-3.9.5\bin;C:\Program Files\Java\jdk-21;C:\Program Files\Docker\Docker\resources\bin;C:\Program Files\Git\cmd;C:\Users\STARIM\AppData\Roaming\nvm;C:\Program Files\nodejs;C:\Users\STARIM\AppData\Local\Microsoft\WindowsApps;C:\Users\STARIM\.dotnet\tools;C:\Users\STARIM\AppData\Local\Programs\Microsoft VS Code\bin;C:\Users\STARIM\AppData\Local\Programs\mongosh\;C:\Program Files\JetBrains\IntelliJ IDEA Community Edition 2023.2.5\bin;;C:\Users\STARIM\AppData\Roaming\npm;C:\Users\STARIM\AppData\Roaming\nvm;C:\Program Files\nodejs
USERNAME=STARIM
OS=Windows_NT
PROCESSOR_IDENTIFIER=AMD64 Family 23 Model 96 Stepping 1, AuthenticAMD
TMP=C:\Users\STARIM\AppData\Local\Temp
TEMP=C:\Users\STARIM\AppData\Local\Temp



Periodic native trim disabled


---------------  S Y S T E M  ---------------

OS:
 Windows 11 , 64 bit Build 22621 (10.0.22621.3085)
OS uptime: 2 days 23:44 hours
Hyper-V role detected

CPU: total 16 (initial active 16) (16 cores per cpu, 2 threads per core) family 23 model 96 stepping 1 microcode 0x0, cx8, cmov, fxsr, ht, mmx, 3dnowpref, sse, sse2, sse3, ssse3, sse4a, sse4.1, sse4.2, popcnt, lzcnt, tsc, tscinvbit, avx, avx2, aes, clmul, bmi1, bmi2, adx, sha, fma, vzeroupper, clflush, clflushopt, hv
Processor Information for all 16 processors :
  Max Mhz: 2901, Current Mhz: 2901, Mhz Limit: 2901

Memory: 4k page, system-wide physical 7599M (312M free)
TotalPageFile size 15763M (AvailPageFile size 93M)
current process WorkingSet (physical memory assigned to process): 245M, peak: 248M
current process commit charge ("private bytes"): 330M, peak: 332M

vm_info: OpenJDK 64-Bit Server VM (17.0.10+7) for windows-amd64 JRE (17.0.10+7), built on Jan 16 2024 23:25:11 by "admin" with MS VC++ 16.10 / 16.11 (VS2019)

END.
