#
# There is insufficient memory for the Java Runtime Environment to continue.
# Native memory allocation (malloc) failed to allocate 32744 bytes for ChunkPool::allocate
# Possible reasons:
#   The system is out of physical RAM or swap space
#   The process is running with CompressedOops enabled, and the Java Heap may be blocking the growth of the native heap
# Possible solutions:
#   Reduce memory load on the system
#   Increase physical memory or swap space
#   Check if swap backing store is full
#   Decrease Java heap size (-Xmx/-Xms)
#   Decrease number of Java threads
#   Decrease Java thread stack sizes (-Xss)
#   Set larger code cache with -XX:ReservedCodeCacheSize=
#   JVM is running with Unscaled Compressed Oops mode in which the Java heap is
#     placed in the first 4GB address space. The Java Heap base address is the
#     maximum limit for the native heap growth. Please use -XX:HeapBaseMinAddress
#     to set the Java Heap base and to place the Java Heap above 4GB virtual address.
# This output file may be truncated or incomplete.
#
#  Out of Memory Error (arena.cpp:79), pid=6140, tid=18024
#
# JRE version: OpenJDK Runtime Environment Temurin-17.0.9+9 (17.0.9+9) (build 17.0.9+9)
# Java VM: OpenJDK 64-Bit Server VM Temurin-17.0.9+9 (17.0.9+9, mixed mode, tiered, compressed oops, compressed class ptrs, parallel gc, windows-amd64)
# No core dump will be written. Minidumps are not enabled by default on client versions of Windows
#

---------------  S U M M A R Y ------------

Command Line: --add-modules=ALL-SYSTEM --add-opens=java.base/java.util=ALL-UNNAMED --add-opens=java.base/java.lang=ALL-UNNAMED --add-opens=java.base/sun.nio.fs=ALL-UNNAMED -Declipse.application=org.eclipse.jdt.ls.core.id1 -Dosgi.bundles.defaultStartLevel=4 -Declipse.product=org.eclipse.jdt.ls.core.product -Djava.import.generatesMetadataFilesAtProjectRoot=false -DDetectVMInstallationsJob.disabled=true -Dfile.encoding=utf8 -XX:+UseParallelGC -XX:GCTimeRatio=4 -XX:AdaptiveSizePolicyWeight=90 -Dsun.zip.disableMemoryMapping=true -Xmx1G -Xms100m -Xlog:disable -javaagent:c:\Users\STARIM\.vscode\extensions\redhat.java-1.26.0-win32-x64\lombok\lombok-1.18.31-3454.jar c:\Users\STARIM\.vscode\extensions\redhat.java-1.26.0-win32-x64\server\plugins\org.eclipse.equinox.launcher_1.6.700.v20231214-2017.jar -configuration c:\Users\STARIM\AppData\Roaming\Code\User\globalStorage\redhat.java\1.26.0\config_ss_win -data c:\Users\STARIM\AppData\Roaming\Code\User\workspaceStorage\8f6b0ca312aad867fe6247deca058052\redhat.java\ss_ws --stdio

Host: AMD Ryzen 7 4800H with Radeon Graphics         , 16 cores, 7G,  Windows 11 , 64 bit Build 22621 (10.0.22621.2506)
Time: Sun Jan 21 20:36:45 2024 India Standard Time elapsed time: 11.227354 seconds (0d 0h 0m 11s)

---------------  T H R E A D  ---------------

Current thread (0x0000020e07333ba0):  JavaThread "C2 CompilerThread0" daemon [_thread_in_native, id=18024, stack(0x000000f235300000,0x000000f235400000)]


Current CompileTask:
C2:  11227 4728       4       java.lang.invoke.MethodType::makeImpl (109 bytes)

Stack: [0x000000f235300000,0x000000f235400000]
Native frames: (J=compiled Java code, j=interpreted, Vv=VM code, C=native code)
V  [jvm.dll+0x67cf49]
V  [jvm.dll+0x83478a]
V  [jvm.dll+0x83624e]
V  [jvm.dll+0x8368b3]
V  [jvm.dll+0x247f1f]
V  [jvm.dll+0xac65c]
V  [jvm.dll+0xaca8c]
V  [jvm.dll+0xac54b]
V  [jvm.dll+0x65a5ac]
V  [jvm.dll+0x574f61]
V  [jvm.dll+0x574787]
V  [jvm.dll+0x573d9e]
V  [jvm.dll+0x573db1]
V  [jvm.dll+0x573db1]
V  [jvm.dll+0x573db1]
V  [jvm.dll+0x573db1]
V  [jvm.dll+0x585c3f]
V  [jvm.dll+0x222f62]
V  [jvm.dll+0x21c15e]
V  [jvm.dll+0x2198c1]
V  [jvm.dll+0x1a57cd]
V  [jvm.dll+0x2297ae]
V  [jvm.dll+0x22797c]
V  [jvm.dll+0x7e9877]
V  [jvm.dll+0x7e3c3a]
V  [jvm.dll+0x67be35]
C  [ucrtbase.dll+0x29363]
C  [KERNEL32.DLL+0x1257d]
C  [ntdll.dll+0x5aa58]


---------------  P R O C E S S  ---------------

Threads class SMR info:
_java_thread_list=0x0000020e0b1a63d0, length=28, elements={
0x0000020e6e1a1760, 0x0000020e021f6010, 0x0000020e021f79f0, 0x0000020e6e249c00,
0x0000020e6e24a6d0, 0x0000020e6e24b940, 0x0000020e6e24cbb0, 0x0000020e07333ba0,
0x0000020e07334c50, 0x0000020e0733e140, 0x0000020e0748a620, 0x0000020e0951b820,
0x0000020e09ab5dd0, 0x0000020e09f617b0, 0x0000020e0a00a450, 0x0000020e09cf62a0,
0x0000020e0a091e70, 0x0000020e0a091960, 0x0000020e0a0937c0, 0x0000020e0a090f40,
0x0000020e0a091450, 0x0000020e0a090520, 0x0000020e0a092380, 0x0000020e0a092890,
0x0000020e0a092da0, 0x0000020e0a0932b0, 0x0000020e0a55cbe0, 0x0000020e0a55e020
}

Java Threads: ( => current thread )
  0x0000020e6e1a1760 JavaThread "main" [_thread_blocked, id=20864, stack(0x000000f234a00000,0x000000f234b00000)]
  0x0000020e021f6010 JavaThread "Reference Handler" daemon [_thread_blocked, id=12192, stack(0x000000f234d00000,0x000000f234e00000)]
  0x0000020e021f79f0 JavaThread "Finalizer" daemon [_thread_blocked, id=10160, stack(0x000000f234e00000,0x000000f234f00000)]
  0x0000020e6e249c00 JavaThread "Signal Dispatcher" daemon [_thread_blocked, id=10656, stack(0x000000f234f00000,0x000000f235000000)]
  0x0000020e6e24a6d0 JavaThread "Attach Listener" daemon [_thread_blocked, id=6484, stack(0x000000f235000000,0x000000f235100000)]
  0x0000020e6e24b940 JavaThread "Service Thread" daemon [_thread_blocked, id=16196, stack(0x000000f235100000,0x000000f235200000)]
  0x0000020e6e24cbb0 JavaThread "Monitor Deflation Thread" daemon [_thread_blocked, id=22656, stack(0x000000f235200000,0x000000f235300000)]
=>0x0000020e07333ba0 JavaThread "C2 CompilerThread0" daemon [_thread_in_native, id=18024, stack(0x000000f235300000,0x000000f235400000)]
  0x0000020e07334c50 JavaThread "C1 CompilerThread0" daemon [_thread_blocked, id=6032, stack(0x000000f235400000,0x000000f235500000)]
  0x0000020e0733e140 JavaThread "Sweeper thread" daemon [_thread_blocked, id=12588, stack(0x000000f235500000,0x000000f235600000)]
  0x0000020e0748a620 JavaThread "Common-Cleaner" daemon [_thread_blocked, id=1184, stack(0x000000f235600000,0x000000f235700000)]
  0x0000020e0951b820 JavaThread "Notification Thread" daemon [_thread_blocked, id=5988, stack(0x000000f235c00000,0x000000f235d00000)]
  0x0000020e09ab5dd0 JavaThread "Active Thread: Equinox Container: 155698b3-da51-47c2-a882-c446df82efc0" [_thread_blocked, id=7760, stack(0x000000f235e00000,0x000000f235f00000)]
  0x0000020e09f617b0 JavaThread "Framework Event Dispatcher: Equinox Container: 155698b3-da51-47c2-a882-c446df82efc0" daemon [_thread_blocked, id=12036, stack(0x000000f235f00000,0x000000f236000000)]
  0x0000020e0a00a450 JavaThread "Start Level: Equinox Container: 155698b3-da51-47c2-a882-c446df82efc0" daemon [_thread_blocked, id=7836, stack(0x000000f236000000,0x000000f236100000)]
  0x0000020e09cf62a0 JavaThread "SCR Component Actor" daemon [_thread_blocked, id=15172, stack(0x000000f236600000,0x000000f236700000)]
  0x0000020e0a091e70 JavaThread "Worker-JM" [_thread_blocked, id=8020, stack(0x000000f235800000,0x000000f235900000)]
  0x0000020e0a091960 JavaThread "Worker-0" [_thread_blocked, id=14952, stack(0x000000f236b00000,0x000000f236c00000)]
  0x0000020e0a0937c0 JavaThread "Worker-1" [_thread_blocked, id=20600, stack(0x000000f236c00000,0x000000f236d00000)]
  0x0000020e0a090f40 JavaThread "Worker-2: Shutdown..." [_thread_in_Java, id=22468, stack(0x000000f237000000,0x000000f237100000)]
  0x0000020e0a091450 JavaThread "JNA Cleaner" daemon [_thread_blocked, id=3308, stack(0x000000f237300000,0x000000f237400000)]
  0x0000020e0a090520 JavaThread "pool-2-thread-1" [_thread_blocked, id=18356, stack(0x000000f237400000,0x000000f237500000)]
  0x0000020e0a092380 JavaThread "WorkspaceEventsHandler" [_thread_blocked, id=15100, stack(0x000000f237500000,0x000000f237600000)]
  0x0000020e0a092890 JavaThread "pool-1-thread-1" [_thread_blocked, id=3868, stack(0x000000f237600000,0x000000f237700000)]
  0x0000020e0a092da0 JavaThread "ForkJoinPool.commonPool-worker-1" daemon [_thread_blocked, id=13744, stack(0x000000f237800000,0x000000f237900000)]
  0x0000020e0a0932b0 JavaThread "Worker-3" [_thread_blocked, id=16112, stack(0x000000f237900000,0x000000f237a00000)]
  0x0000020e0a55cbe0 JavaThread "ForkJoinPool.commonPool-worker-2" daemon [_thread_blocked, id=20792, stack(0x000000f237700000,0x000000f237800000)]
  0x0000020e0a55e020 JavaThread "pool-3-thread-1" [_thread_blocked, id=21328, stack(0x000000f235a00000,0x000000f235b00000)]

Other Threads:
  0x0000020e6e2281b0 VMThread "VM Thread" [stack: 0x000000f234c00000,0x000000f234d00000] [id=16528]
  0x0000020e094fefe0 WatcherThread [stack: 0x000000f235d00000,0x000000f235e00000] [id=9776]
  0x0000020e6e1b4d40 GCTaskThread "GC Thread#0" [stack: 0x000000f234b00000,0x000000f234c00000] [id=12080]
  0x0000020e09c46e50 GCTaskThread "GC Thread#1" [stack: 0x000000f236100000,0x000000f236200000] [id=20932]
  0x0000020e09863870 GCTaskThread "GC Thread#2" [stack: 0x000000f236200000,0x000000f236300000] [id=7132]
  0x0000020e09863b30 GCTaskThread "GC Thread#3" [stack: 0x000000f236300000,0x000000f236400000] [id=22268]
  0x0000020e09863df0 GCTaskThread "GC Thread#4" [stack: 0x000000f236400000,0x000000f236500000] [id=19060]
  0x0000020e098640b0 GCTaskThread "GC Thread#5" [stack: 0x000000f236500000,0x000000f236600000] [id=23444]
  0x0000020e09f57340 GCTaskThread "GC Thread#6" [stack: 0x000000f236700000,0x000000f236800000] [id=13636]
  0x0000020e09d7d5d0 GCTaskThread "GC Thread#7" [stack: 0x000000f236800000,0x000000f236900000] [id=23396]
  0x0000020e09e21510 GCTaskThread "GC Thread#8" [stack: 0x000000f235900000,0x000000f235a00000] [id=23296]
  0x0000020e09e51f70 GCTaskThread "GC Thread#9" [stack: 0x000000f236a00000,0x000000f236b00000] [id=22048]
  0x0000020e0a0ddc10 GCTaskThread "GC Thread#10" [stack: 0x000000f236d00000,0x000000f236e00000] [id=15996]
  0x0000020e0a20ebf0 GCTaskThread "GC Thread#11" [stack: 0x000000f237100000,0x000000f237200000] [id=11352]
  0x0000020e0b545c60 GCTaskThread "GC Thread#12" [stack: 0x000000f237200000,0x000000f237300000] [id=16160]

Threads with active compile tasks:
C2 CompilerThread0    11260 4728       4       java.lang.invoke.MethodType::makeImpl (109 bytes)

VM state: not at safepoint (normal execution)

VM Mutex/Monitor currently owned by a thread: None

Heap address: 0x00000000c0000000, size: 1024 MB, Compressed Oops mode: 32-bit

CDS archive(s) not mapped
Compressed class space mapped at: 0x0000000100000000-0x0000000140000000, reserved size: 1073741824
Narrow klass base: 0x0000000000000000, Narrow klass shift: 3, Narrow klass range: 0x140000000

GC Precious Log:
 CPUs: 16 total, 16 available
 Memory: 7599M
 Large Page Support: Disabled
 NUMA Support: Disabled
 Compressed Oops: Enabled (32-bit)
 Alignments: Space 512K, Generation 512K, Heap 2M
 Heap Min Capacity: 100M
 Heap Initial Capacity: 100M
 Heap Max Capacity: 1G
 Pre-touch: Disabled
 Parallel Workers: 13

Heap:
 PSYoungGen      total 24064K, used 7643K [0x00000000eab00000, 0x00000000ec380000, 0x0000000100000000)
  eden space 22016K, 32% used [0x00000000eab00000,0x00000000eb1eeed0,0x00000000ec080000)
  from space 2048K, 26% used [0x00000000ec080000,0x00000000ec108000,0x00000000ec280000)
  to   space 1024K, 0% used [0x00000000ec280000,0x00000000ec280000,0x00000000ec380000)
 ParOldGen       total 68608K, used 28094K [0x00000000c0000000, 0x00000000c4300000, 0x00000000eab00000)
  object space 68608K, 40% used [0x00000000c0000000,0x00000000c1b6fb48,0x00000000c4300000)
 Metaspace       used 45158K, committed 45952K, reserved 1114112K
  class space    used 4577K, committed 4928K, reserved 1048576K

Card table byte_map: [0x0000020e6db30000,0x0000020e6dd40000] _byte_map_base: 0x0000020e6d530000

Marking Bits: (ParMarkBitMap*) 0x00007fff861bd0b0
 Begin Bits: [0x0000020e00000000, 0x0000020e01000000)
 End Bits:   [0x0000020e01000000, 0x0000020e02000000)

Polling page: 0x0000020e6c120000

Metaspace:

Usage:
  Non-class:     39.63 MB used.
      Class:      4.47 MB used.
       Both:     44.10 MB used.

Virtual space:
  Non-class space:       64.00 MB reserved,      40.06 MB ( 63%) committed,  1 nodes.
      Class space:        1.00 GB reserved,       4.81 MB ( <1%) committed,  1 nodes.
             Both:        1.06 GB reserved,      44.88 MB (  4%) committed. 

Chunk freelists:
   Non-Class:  7.77 MB
       Class:  11.07 MB
        Both:  18.84 MB

MaxMetaspaceSize: unlimited
CompressedClassSpaceSize: 1.00 GB
Initial GC threshold: 21.00 MB
Current GC threshold: 58.38 MB
CDS: off
MetaspaceReclaimPolicy: balanced
 - commit_granule_bytes: 65536.
 - commit_granule_words: 8192.
 - virtual_space_node_default_size: 8388608.
 - enlarge_chunks_in_place: 1.
 - new_chunks_are_fully_committed: 0.
 - uncommit_free_chunks: 1.
 - use_allocation_guard: 0.
 - handle_deallocations: 1.


Internal statistics:

num_allocs_failed_limit: 6.
num_arena_births: 424.
num_arena_deaths: 14.
num_vsnodes_births: 2.
num_vsnodes_deaths: 0.
num_space_committed: 718.
num_space_uncommitted: 0.
num_chunks_returned_to_freelist: 20.
num_chunks_taken_from_freelist: 1924.
num_chunk_merges: 5.
num_chunk_splits: 1260.
num_chunks_enlarged: 840.
num_inconsistent_stats: 0.

CodeHeap 'non-profiled nmethods': size=119168Kb used=2630Kb max_used=2630Kb free=116537Kb
 bounds [0x0000020e789d0000, 0x0000020e78c70000, 0x0000020e7fe30000]
CodeHeap 'profiled nmethods': size=119104Kb used=10563Kb max_used=10563Kb free=108540Kb
 bounds [0x0000020e70e30000, 0x0000020e71890000, 0x0000020e78280000]
CodeHeap 'non-nmethods': size=7488Kb used=1305Kb max_used=3057Kb free=6182Kb
 bounds [0x0000020e78280000, 0x0000020e78580000, 0x0000020e789d0000]
 total_blobs=5376 nmethods=4739 adapters=551
 compilation: enabled
              stopped_count=0, restarted_count=0
 full_count=0

Compilation events (20 events):
Event: 11.165 Thread 0x0000020e07334c50 nmethod 4729 0x0000020e71870d90 code [0x0000020e71870f20, 0x0000020e718710b8]
Event: 11.167 Thread 0x0000020e07334c50 4730       3       java.lang.invoke.MemberName$Factory::resolveOrNull (54 bytes)
Event: 11.168 Thread 0x0000020e07334c50 nmethod 4730 0x0000020e71871190 code [0x0000020e71871340, 0x0000020e71871608]
Event: 11.177 Thread 0x0000020e07333ba0 nmethod 4727 0x0000020e78c5f710 code [0x0000020e78c5f900, 0x0000020e78c60388]
Event: 11.177 Thread 0x0000020e07333ba0 4728       4       java.lang.invoke.MethodType::makeImpl (109 bytes)
Event: 11.180 Thread 0x0000020e07334c50 4732       3       java.lang.invoke.DirectMethodHandle::shouldBeInitialized (127 bytes)
Event: 11.181 Thread 0x0000020e07334c50 nmethod 4732 0x0000020e71871710 code [0x0000020e71871980, 0x0000020e71872358]
Event: 11.197 Thread 0x0000020e07334c50 4735  s    3       java.io.BufferedOutputStream::write (35 bytes)
Event: 11.198 Thread 0x0000020e07334c50 nmethod 4735 0x0000020e71872610 code [0x0000020e718727c0, 0x0000020e71872b88]
Event: 11.198 Thread 0x0000020e07334c50 4737       3       java.io.DataOutputStream::incCount (20 bytes)
Event: 11.198 Thread 0x0000020e07334c50 nmethod 4737 0x0000020e71872d10 code [0x0000020e71872ea0, 0x0000020e71872ff8]
Event: 11.198 Thread 0x0000020e07334c50 4739       3       java.io.OutputStream::write (34 bytes)
Event: 11.199 Thread 0x0000020e07334c50 nmethod 4739 0x0000020e71873090 code [0x0000020e71873260, 0x0000020e718736d8]
Event: 11.199 Thread 0x0000020e07334c50 4740       3       java.io.DataOutputStream::writeUTF (411 bytes)
Event: 11.202 Thread 0x0000020e07334c50 nmethod 4740 0x0000020e71873910 code [0x0000020e71873ca0, 0x0000020e71875be8]
Event: 11.202 Thread 0x0000020e07334c50 4736   !   3       org.eclipse.core.internal.localstore.SafeFileOutputStream::write (20 bytes)
Event: 11.202 Thread 0x0000020e07334c50 nmethod 4736 0x0000020e71876790 code [0x0000020e71876940, 0x0000020e71876b48]
Event: 11.207 Thread 0x0000020e07334c50 4741       3       java.nio.ByteBuffer::array (35 bytes)
Event: 11.207 Thread 0x0000020e07334c50 nmethod 4741 0x0000020e71876c90 code [0x0000020e71876e60, 0x0000020e71877118]
Event: 11.219 Thread 0x0000020e07334c50 4745       3       jdk.internal.org.objectweb.asm.Frame::execute (2318 bytes)

GC Heap History (20 events):
Event: 4.893 GC heap before
{Heap before GC invocations=12 (full 2):
 PSYoungGen      total 26112K, used 25696K [0x00000000eab00000, 0x00000000ec800000, 0x0000000100000000)
  eden space 23552K, 100% used [0x00000000eab00000,0x00000000ec200000,0x00000000ec200000)
  from space 2560K, 83% used [0x00000000ec280000,0x00000000ec498040,0x00000000ec500000)
  to   space 3072K, 0% used [0x00000000ec500000,0x00000000ec500000,0x00000000ec800000)
 ParOldGen       total 68608K, used 11190K [0x00000000c0000000, 0x00000000c4300000, 0x00000000eab00000)
  object space 68608K, 16% used [0x00000000c0000000,0x00000000c0aed9b8,0x00000000c4300000)
 Metaspace       used 36967K, committed 37696K, reserved 1114112K
  class space    used 3742K, committed 4096K, reserved 1048576K
}
Event: 4.895 GC heap after
{Heap after GC invocations=12 (full 2):
 PSYoungGen      total 25088K, used 3040K [0x00000000eab00000, 0x00000000eca80000, 0x0000000100000000)
  eden space 22016K, 0% used [0x00000000eab00000,0x00000000eab00000,0x00000000ec080000)
  from space 3072K, 98% used [0x00000000ec500000,0x00000000ec7f8040,0x00000000ec800000)
  to   space 4608K, 0% used [0x00000000ec080000,0x00000000ec080000,0x00000000ec500000)
 ParOldGen       total 68608K, used 12046K [0x00000000c0000000, 0x00000000c4300000, 0x00000000eab00000)
  object space 68608K, 17% used [0x00000000c0000000,0x00000000c0bc39b8,0x00000000c4300000)
 Metaspace       used 36967K, committed 37696K, reserved 1114112K
  class space    used 3742K, committed 4096K, reserved 1048576K
}
Event: 4.962 GC heap before
{Heap before GC invocations=13 (full 2):
 PSYoungGen      total 25088K, used 25056K [0x00000000eab00000, 0x00000000eca80000, 0x0000000100000000)
  eden space 22016K, 100% used [0x00000000eab00000,0x00000000ec080000,0x00000000ec080000)
  from space 3072K, 98% used [0x00000000ec500000,0x00000000ec7f8040,0x00000000ec800000)
  to   space 4608K, 0% used [0x00000000ec080000,0x00000000ec080000,0x00000000ec500000)
 ParOldGen       total 68608K, used 12046K [0x00000000c0000000, 0x00000000c4300000, 0x00000000eab00000)
  object space 68608K, 17% used [0x00000000c0000000,0x00000000c0bc39b8,0x00000000c4300000)
 Metaspace       used 37042K, committed 37760K, reserved 1114112K
  class space    used 3754K, committed 4096K, reserved 1048576K
}
Event: 4.966 GC heap after
{Heap after GC invocations=13 (full 2):
 PSYoungGen      total 24576K, used 2528K [0x00000000eab00000, 0x00000000ec680000, 0x0000000100000000)
  eden space 22016K, 0% used [0x00000000eab00000,0x00000000eab00000,0x00000000ec080000)
  from space 2560K, 98% used [0x00000000ec080000,0x00000000ec2f8020,0x00000000ec300000)
  to   space 3072K, 0% used [0x00000000ec380000,0x00000000ec380000,0x00000000ec680000)
 ParOldGen       total 68608K, used 15077K [0x00000000c0000000, 0x00000000c4300000, 0x00000000eab00000)
  object space 68608K, 21% used [0x00000000c0000000,0x00000000c0eb95c8,0x00000000c4300000)
 Metaspace       used 37042K, committed 37760K, reserved 1114112K
  class space    used 3754K, committed 4096K, reserved 1048576K
}
Event: 5.003 GC heap before
{Heap before GC invocations=14 (full 2):
 PSYoungGen      total 24576K, used 24544K [0x00000000eab00000, 0x00000000ec680000, 0x0000000100000000)
  eden space 22016K, 100% used [0x00000000eab00000,0x00000000ec080000,0x00000000ec080000)
  from space 2560K, 98% used [0x00000000ec080000,0x00000000ec2f8020,0x00000000ec300000)
  to   space 3072K, 0% used [0x00000000ec380000,0x00000000ec380000,0x00000000ec680000)
 ParOldGen       total 68608K, used 15077K [0x00000000c0000000, 0x00000000c4300000, 0x00000000eab00000)
  object space 68608K, 21% used [0x00000000c0000000,0x00000000c0eb95c8,0x00000000c4300000)
 Metaspace       used 37043K, committed 37760K, reserved 1114112K
  class space    used 3754K, committed 4096K, reserved 1048576K
}
Event: 5.006 GC heap after
{Heap after GC invocations=14 (full 2):
 PSYoungGen      total 24064K, used 2048K [0x00000000eab00000, 0x00000000ec580000, 0x0000000100000000)
  eden space 22016K, 0% used [0x00000000eab00000,0x00000000eab00000,0x00000000ec080000)
  from space 2048K, 100% used [0x00000000ec380000,0x00000000ec580000,0x00000000ec580000)
  to   space 2560K, 0% used [0x00000000ec080000,0x00000000ec080000,0x00000000ec300000)
 ParOldGen       total 68608K, used 17420K [0x00000000c0000000, 0x00000000c4300000, 0x00000000eab00000)
  object space 68608K, 25% used [0x00000000c0000000,0x00000000c11033c8,0x00000000c4300000)
 Metaspace       used 37043K, committed 37760K, reserved 1114112K
  class space    used 3754K, committed 4096K, reserved 1048576K
}
Event: 5.046 GC heap before
{Heap before GC invocations=15 (full 2):
 PSYoungGen      total 24064K, used 24064K [0x00000000eab00000, 0x00000000ec580000, 0x0000000100000000)
  eden space 22016K, 100% used [0x00000000eab00000,0x00000000ec080000,0x00000000ec080000)
  from space 2048K, 100% used [0x00000000ec380000,0x00000000ec580000,0x00000000ec580000)
  to   space 2560K, 0% used [0x00000000ec080000,0x00000000ec080000,0x00000000ec300000)
 ParOldGen       total 68608K, used 17420K [0x00000000c0000000, 0x00000000c4300000, 0x00000000eab00000)
  object space 68608K, 25% used [0x00000000c0000000,0x00000000c11033c8,0x00000000c4300000)
 Metaspace       used 37043K, committed 37760K, reserved 1114112K
  class space    used 3754K, committed 4096K, reserved 1048576K
}
Event: 5.051 GC heap after
{Heap after GC invocations=15 (full 2):
 PSYoungGen      total 24576K, used 2464K [0x00000000eab00000, 0x00000000ec580000, 0x0000000100000000)
  eden space 22016K, 0% used [0x00000000eab00000,0x00000000eab00000,0x00000000ec080000)
  from space 2560K, 96% used [0x00000000ec080000,0x00000000ec2e8010,0x00000000ec300000)
  to   space 2560K, 0% used [0x00000000ec300000,0x00000000ec300000,0x00000000ec580000)
 ParOldGen       total 68608K, used 19380K [0x00000000c0000000, 0x00000000c4300000, 0x00000000eab00000)
  object space 68608K, 28% used [0x00000000c0000000,0x00000000c12ed3c8,0x00000000c4300000)
 Metaspace       used 37043K, committed 37760K, reserved 1114112K
  class space    used 3754K, committed 4096K, reserved 1048576K
}
Event: 5.090 GC heap before
{Heap before GC invocations=16 (full 2):
 PSYoungGen      total 24576K, used 24480K [0x00000000eab00000, 0x00000000ec580000, 0x0000000100000000)
  eden space 22016K, 100% used [0x00000000eab00000,0x00000000ec080000,0x00000000ec080000)
  from space 2560K, 96% used [0x00000000ec080000,0x00000000ec2e8010,0x00000000ec300000)
  to   space 2560K, 0% used [0x00000000ec300000,0x00000000ec300000,0x00000000ec580000)
 ParOldGen       total 68608K, used 19380K [0x00000000c0000000, 0x00000000c4300000, 0x00000000eab00000)
  object space 68608K, 28% used [0x00000000c0000000,0x00000000c12ed3c8,0x00000000c4300000)
 Metaspace       used 37043K, committed 37760K, reserved 1114112K
  class space    used 3754K, committed 4096K, reserved 1048576K
}
Event: 5.093 GC heap after
{Heap after GC invocations=16 (full 2):
 PSYoungGen      total 24576K, used 1920K [0x00000000eab00000, 0x00000000ec580000, 0x0000000100000000)
  eden space 22016K, 0% used [0x00000000eab00000,0x00000000eab00000,0x00000000ec080000)
  from space 2560K, 75% used [0x00000000ec300000,0x00000000ec4e0000,0x00000000ec580000)
  to   space 2560K, 0% used [0x00000000ec080000,0x00000000ec080000,0x00000000ec300000)
 ParOldGen       total 68608K, used 21620K [0x00000000c0000000, 0x00000000c4300000, 0x00000000eab00000)
  object space 68608K, 31% used [0x00000000c0000000,0x00000000c151d3d8,0x00000000c4300000)
 Metaspace       used 37043K, committed 37760K, reserved 1114112K
  class space    used 3754K, committed 4096K, reserved 1048576K
}
Event: 5.471 GC heap before
{Heap before GC invocations=17 (full 2):
 PSYoungGen      total 24576K, used 23896K [0x00000000eab00000, 0x00000000ec580000, 0x0000000100000000)
  eden space 22016K, 99% used [0x00000000eab00000,0x00000000ec076270,0x00000000ec080000)
  from space 2560K, 75% used [0x00000000ec300000,0x00000000ec4e0000,0x00000000ec580000)
  to   space 2560K, 0% used [0x00000000ec080000,0x00000000ec080000,0x00000000ec300000)
 ParOldGen       total 68608K, used 21620K [0x00000000c0000000, 0x00000000c4300000, 0x00000000eab00000)
  object space 68608K, 31% used [0x00000000c0000000,0x00000000c151d3d8,0x00000000c4300000)
 Metaspace       used 38753K, committed 39488K, reserved 1114112K
  class space    used 3955K, committed 4352K, reserved 1048576K
}
Event: 5.475 GC heap after
{Heap after GC invocations=17 (full 2):
 PSYoungGen      total 24576K, used 2112K [0x00000000eab00000, 0x00000000ec580000, 0x0000000100000000)
  eden space 22016K, 0% used [0x00000000eab00000,0x00000000eab00000,0x00000000ec080000)
  from space 2560K, 82% used [0x00000000ec080000,0x00000000ec290000,0x00000000ec300000)
  to   space 2560K, 0% used [0x00000000ec300000,0x00000000ec300000,0x00000000ec580000)
 ParOldGen       total 68608K, used 23435K [0x00000000c0000000, 0x00000000c4300000, 0x00000000eab00000)
  object space 68608K, 34% used [0x00000000c0000000,0x00000000c16e2c58,0x00000000c4300000)
 Metaspace       used 38753K, committed 39488K, reserved 1114112K
  class space    used 3955K, committed 4352K, reserved 1048576K
}
Event: 6.053 GC heap before
{Heap before GC invocations=18 (full 2):
 PSYoungGen      total 24576K, used 24128K [0x00000000eab00000, 0x00000000ec580000, 0x0000000100000000)
  eden space 22016K, 100% used [0x00000000eab00000,0x00000000ec080000,0x00000000ec080000)
  from space 2560K, 82% used [0x00000000ec080000,0x00000000ec290000,0x00000000ec300000)
  to   space 2560K, 0% used [0x00000000ec300000,0x00000000ec300000,0x00000000ec580000)
 ParOldGen       total 68608K, used 23435K [0x00000000c0000000, 0x00000000c4300000, 0x00000000eab00000)
  object space 68608K, 34% used [0x00000000c0000000,0x00000000c16e2c58,0x00000000c4300000)
 Metaspace       used 40568K, committed 41344K, reserved 1114112K
  class space    used 4137K, committed 4480K, reserved 1048576K
}
Event: 6.056 GC heap after
{Heap after GC invocations=18 (full 2):
 PSYoungGen      total 23552K, used 1137K [0x00000000eab00000, 0x00000000ec480000, 0x0000000100000000)
  eden space 22016K, 0% used [0x00000000eab00000,0x00000000eab00000,0x00000000ec080000)
  from space 1536K, 74% used [0x00000000ec300000,0x00000000ec41c6f8,0x00000000ec480000)
  to   space 1536K, 0% used [0x00000000ec180000,0x00000000ec180000,0x00000000ec300000)
 ParOldGen       total 68608K, used 25394K [0x00000000c0000000, 0x00000000c4300000, 0x00000000eab00000)
  object space 68608K, 37% used [0x00000000c0000000,0x00000000c18ccb78,0x00000000c4300000)
 Metaspace       used 40568K, committed 41344K, reserved 1114112K
  class space    used 4137K, committed 4480K, reserved 1048576K
}
Event: 6.486 GC heap before
{Heap before GC invocations=19 (full 2):
 PSYoungGen      total 23552K, used 23153K [0x00000000eab00000, 0x00000000ec480000, 0x0000000100000000)
  eden space 22016K, 100% used [0x00000000eab00000,0x00000000ec080000,0x00000000ec080000)
  from space 1536K, 74% used [0x00000000ec300000,0x00000000ec41c6f8,0x00000000ec480000)
  to   space 1536K, 0% used [0x00000000ec180000,0x00000000ec180000,0x00000000ec300000)
 ParOldGen       total 68608K, used 25394K [0x00000000c0000000, 0x00000000c4300000, 0x00000000eab00000)
  object space 68608K, 37% used [0x00000000c0000000,0x00000000c18ccb78,0x00000000c4300000)
 Metaspace       used 41938K, committed 42752K, reserved 1114112K
  class space    used 4261K, committed 4608K, reserved 1048576K
}
Event: 6.489 GC heap after
{Heap after GC invocations=19 (full 2):
 PSYoungGen      total 23552K, used 1385K [0x00000000eab00000, 0x00000000ec380000, 0x0000000100000000)
  eden space 22016K, 0% used [0x00000000eab00000,0x00000000eab00000,0x00000000ec080000)
  from space 1536K, 90% used [0x00000000ec180000,0x00000000ec2da650,0x00000000ec300000)
  to   space 512K, 0% used [0x00000000ec300000,0x00000000ec300000,0x00000000ec380000)
 ParOldGen       total 68608K, used 26232K [0x00000000c0000000, 0x00000000c4300000, 0x00000000eab00000)
  object space 68608K, 38% used [0x00000000c0000000,0x00000000c199e058,0x00000000c4300000)
 Metaspace       used 41938K, committed 42752K, reserved 1114112K
  class space    used 4261K, committed 4608K, reserved 1048576K
}
Event: 6.595 GC heap before
{Heap before GC invocations=20 (full 2):
 PSYoungGen      total 23552K, used 23263K [0x00000000eab00000, 0x00000000ec380000, 0x0000000100000000)
  eden space 22016K, 99% used [0x00000000eab00000,0x00000000ec05d620,0x00000000ec080000)
  from space 1536K, 90% used [0x00000000ec180000,0x00000000ec2da650,0x00000000ec300000)
  to   space 512K, 0% used [0x00000000ec300000,0x00000000ec300000,0x00000000ec380000)
 ParOldGen       total 68608K, used 26232K [0x00000000c0000000, 0x00000000c4300000, 0x00000000eab00000)
  object space 68608K, 38% used [0x00000000c0000000,0x00000000c199e058,0x00000000c4300000)
 Metaspace       used 41959K, committed 42752K, reserved 1114112K
  class space    used 4261K, committed 4608K, reserved 1048576K
}
Event: 6.597 GC heap after
{Heap after GC invocations=20 (full 2):
 PSYoungGen      total 22528K, used 483K [0x00000000eab00000, 0x00000000ec480000, 0x0000000100000000)
  eden space 22016K, 0% used [0x00000000eab00000,0x00000000eab00000,0x00000000ec080000)
  from space 512K, 94% used [0x00000000ec300000,0x00000000ec378f60,0x00000000ec380000)
  to   space 2048K, 0% used [0x00000000ec080000,0x00000000ec080000,0x00000000ec280000)
 ParOldGen       total 68608K, used 27591K [0x00000000c0000000, 0x00000000c4300000, 0x00000000eab00000)
  object space 68608K, 40% used [0x00000000c0000000,0x00000000c1af1f38,0x00000000c4300000)
 Metaspace       used 41959K, committed 42752K, reserved 1114112K
  class space    used 4261K, committed 4608K, reserved 1048576K
}
Event: 7.664 GC heap before
{Heap before GC invocations=21 (full 2):
 PSYoungGen      total 22528K, used 22499K [0x00000000eab00000, 0x00000000ec480000, 0x0000000100000000)
  eden space 22016K, 100% used [0x00000000eab00000,0x00000000ec080000,0x00000000ec080000)
  from space 512K, 94% used [0x00000000ec300000,0x00000000ec378f60,0x00000000ec380000)
  to   space 2048K, 0% used [0x00000000ec080000,0x00000000ec080000,0x00000000ec280000)
 ParOldGen       total 68608K, used 27591K [0x00000000c0000000, 0x00000000c4300000, 0x00000000eab00000)
  object space 68608K, 40% used [0x00000000c0000000,0x00000000c1af1f38,0x00000000c4300000)
 Metaspace       used 44318K, committed 45120K, reserved 1114112K
  class space    used 4493K, committed 4864K, reserved 1048576K
}
Event: 7.665 GC heap after
{Heap after GC invocations=21 (full 2):
 PSYoungGen      total 24064K, used 544K [0x00000000eab00000, 0x00000000ec380000, 0x0000000100000000)
  eden space 22016K, 0% used [0x00000000eab00000,0x00000000eab00000,0x00000000ec080000)
  from space 2048K, 26% used [0x00000000ec080000,0x00000000ec108000,0x00000000ec280000)
  to   space 1024K, 0% used [0x00000000ec280000,0x00000000ec280000,0x00000000ec380000)
 ParOldGen       total 68608K, used 28094K [0x00000000c0000000, 0x00000000c4300000, 0x00000000eab00000)
  object space 68608K, 40% used [0x00000000c0000000,0x00000000c1b6fb48,0x00000000c4300000)
 Metaspace       used 44318K, committed 45120K, reserved 1114112K
  class space    used 4493K, committed 4864K, reserved 1048576K
}

Dll operation events (10 events):
Event: 0.008 Loaded shared library c:\Users\STARIM\.vscode\extensions\redhat.java-1.26.0-win32-x64\jre\17.0.9-win32-x86_64\bin\java.dll
Event: 0.165 Loaded shared library c:\Users\STARIM\.vscode\extensions\redhat.java-1.26.0-win32-x64\jre\17.0.9-win32-x86_64\bin\zip.dll
Event: 0.169 Loaded shared library C:\Users\STARIM\.vscode\extensions\redhat.java-1.26.0-win32-x64\jre\17.0.9-win32-x86_64\bin\instrument.dll
Event: 0.184 Loaded shared library C:\Users\STARIM\.vscode\extensions\redhat.java-1.26.0-win32-x64\jre\17.0.9-win32-x86_64\bin\net.dll
Event: 0.187 Loaded shared library C:\Users\STARIM\.vscode\extensions\redhat.java-1.26.0-win32-x64\jre\17.0.9-win32-x86_64\bin\nio.dll
Event: 0.195 Loaded shared library C:\Users\STARIM\.vscode\extensions\redhat.java-1.26.0-win32-x64\jre\17.0.9-win32-x86_64\bin\zip.dll
Event: 0.212 Loaded shared library C:\Users\STARIM\.vscode\extensions\redhat.java-1.26.0-win32-x64\jre\17.0.9-win32-x86_64\bin\jimage.dll
Event: 0.280 Loaded shared library c:\Users\STARIM\.vscode\extensions\redhat.java-1.26.0-win32-x64\jre\17.0.9-win32-x86_64\bin\verify.dll
Event: 1.511 Loaded shared library C:\Users\STARIM\AppData\Roaming\Code\User\globalStorage\redhat.java\1.26.0\config_ss_win\org.eclipse.equinox.launcher\org.eclipse.equinox.launcher.win32.win32.x86_64_1.2.800.v20231003-1442\eclipse_11802.dll
Event: 4.243 Loaded shared library C:\Users\STARIM\AppData\Local\Temp\jna--1839154442\jna13267933835718937851.dll

Deoptimization events (20 events):
Event: 11.140 Thread 0x0000020e0a090f40 Uncommon trap: trap_request=0xffffffde fr.pc=0x0000020e78b5f12c relative=0x0000000000000c0c
Event: 11.140 Thread 0x0000020e0a090f40 Uncommon trap: reason=class_check action=maybe_recompile pc=0x0000020e78b5f12c method=java.util.Spliterators$1Adapter.hasNext()Z @ 12 c2
Event: 11.140 Thread 0x0000020e0a090f40 DEOPT PACKING pc=0x0000020e78b5f12c sp=0x000000f2370fe8f0
Event: 11.140 Thread 0x0000020e0a090f40 DEOPT UNPACKING pc=0x0000020e782d66a3 sp=0x000000f2370fe8b8 mode 2
Event: 11.140 Thread 0x0000020e0a090f40 Uncommon trap: trap_request=0xffffffde fr.pc=0x0000020e78b5f12c relative=0x0000000000000c0c
Event: 11.140 Thread 0x0000020e0a090f40 Uncommon trap: reason=class_check action=maybe_recompile pc=0x0000020e78b5f12c method=java.util.Spliterators$1Adapter.hasNext()Z @ 12 c2
Event: 11.140 Thread 0x0000020e0a090f40 DEOPT PACKING pc=0x0000020e78b5f12c sp=0x000000f2370fe8f0
Event: 11.140 Thread 0x0000020e0a090f40 DEOPT UNPACKING pc=0x0000020e782d66a3 sp=0x000000f2370fe8b8 mode 2
Event: 11.197 Thread 0x0000020e0a090f40 Uncommon trap: trap_request=0xffffffde fr.pc=0x0000020e78b142cc relative=0x000000000000074c
Event: 11.197 Thread 0x0000020e0a090f40 Uncommon trap: reason=class_check action=maybe_recompile pc=0x0000020e78b142cc method=java.util.HashMap.computeIfAbsent(Ljava/lang/Object;Ljava/util/function/Function;)Ljava/lang/Object; @ 188 c2
Event: 11.197 Thread 0x0000020e0a090f40 DEOPT PACKING pc=0x0000020e78b142cc sp=0x000000f2370fef00
Event: 11.197 Thread 0x0000020e0a090f40 DEOPT UNPACKING pc=0x0000020e782d66a3 sp=0x000000f2370feea8 mode 2
Event: 11.214 Thread 0x0000020e0a090f40 Uncommon trap: trap_request=0xffffff45 fr.pc=0x0000020e78b273ec relative=0x000000000000326c
Event: 11.214 Thread 0x0000020e0a090f40 Uncommon trap: reason=unstable_if action=reinterpret pc=0x0000020e78b273ec method=jdk.internal.org.objectweb.asm.Frame.push(I)V @ 26 c2
Event: 11.214 Thread 0x0000020e0a090f40 DEOPT PACKING pc=0x0000020e78b273ec sp=0x000000f2370fd600
Event: 11.214 Thread 0x0000020e0a090f40 DEOPT UNPACKING pc=0x0000020e782d66a3 sp=0x000000f2370fd528 mode 2
Event: 11.217 Thread 0x0000020e0a090f40 Uncommon trap: trap_request=0xffffff45 fr.pc=0x0000020e78b20ba4 relative=0x0000000000000184
Event: 11.217 Thread 0x0000020e0a090f40 Uncommon trap: reason=unstable_if action=reinterpret pc=0x0000020e78b20ba4 method=jdk.internal.org.objectweb.asm.Frame.push(I)V @ 26 c2
Event: 11.217 Thread 0x0000020e0a090f40 DEOPT PACKING pc=0x0000020e78b20ba4 sp=0x000000f2370fd6a0
Event: 11.218 Thread 0x0000020e0a090f40 DEOPT UNPACKING pc=0x0000020e782d66a3 sp=0x000000f2370fd638 mode 2

Classes unloaded (7 events):
Event: 2.838 Thread 0x0000020e6e2281b0 Unloading class 0x000000010021a400 'java/lang/invoke/LambdaForm$MH+0x000000010021a400'
Event: 2.838 Thread 0x0000020e6e2281b0 Unloading class 0x000000010021a000 'java/lang/invoke/LambdaForm$MH+0x000000010021a000'
Event: 2.838 Thread 0x0000020e6e2281b0 Unloading class 0x0000000100219c00 'java/lang/invoke/LambdaForm$MH+0x0000000100219c00'
Event: 2.838 Thread 0x0000020e6e2281b0 Unloading class 0x0000000100219800 'java/lang/invoke/LambdaForm$MH+0x0000000100219800'
Event: 2.838 Thread 0x0000020e6e2281b0 Unloading class 0x0000000100219400 'java/lang/invoke/LambdaForm$BMH+0x0000000100219400'
Event: 2.838 Thread 0x0000020e6e2281b0 Unloading class 0x0000000100219000 'java/lang/invoke/LambdaForm$DMH+0x0000000100219000'
Event: 2.838 Thread 0x0000020e6e2281b0 Unloading class 0x0000000100214400 'java/lang/invoke/LambdaForm$DMH+0x0000000100214400'

Classes redefined (0 events):
No events

Internal exceptions (20 events):
Event: 4.655 Thread 0x0000020e0a092890 Exception <a 'java/lang/NoSuchMethodError'{0x00000000eafc3820}: 'int java.lang.invoke.DirectMethodHandle$Holder.invokeVirtual(java.lang.Object, java.lang.Object)'> (0x00000000eafc3820) 
thrown [s\src\hotspot\share\interpreter\linkResolver.cpp, line 759]
Event: 4.657 Thread 0x0000020e0a090f40 Exception <a 'java/lang/NoSuchMethodError'{0x00000000eafdcfd8}: 'java.lang.Object java.lang.invoke.Invokers$Holder.invoke_MT(java.lang.Object, java.lang.Object, java.lang.Object)'> (0x00000000eafdcfd8) 
thrown [s\src\hotspot\share\interpreter\linkResolver.cpp, line 759]
Event: 4.832 Thread 0x0000020e0a090f40 Exception <a 'java/io/FileNotFoundException'{0x00000000eb0c7548}> (0x00000000eb0c7548) 
thrown [s\src\hotspot\share\prims\jni.cpp, line 516]
Event: 4.832 Thread 0x0000020e0a090f40 Exception <a 'java/io/FileNotFoundException'{0x00000000eb0c8a88}> (0x00000000eb0c8a88) 
thrown [s\src\hotspot\share\prims\jni.cpp, line 516]
Event: 4.834 Thread 0x0000020e0a090f40 Exception <a 'java/lang/NoSuchMethodError'{0x00000000eb0d9a38}: 'void java.lang.invoke.DirectMethodHandle$Holder.invokeStaticInit(java.lang.Object, java.lang.Object, java.lang.Object)'> (0x00000000eb0d9a38) 
thrown [s\src\hotspot\share\interpreter\linkResolver.cpp, line 759]
Event: 5.247 Thread 0x0000020e0a092da0 Exception <a 'java/lang/NoSuchMethodError'{0x00000000eb5d8730}: 'java.lang.Object java.lang.invoke.DirectMethodHandle$Holder.invokeInterface(java.lang.Object, java.lang.Object, java.lang.Object)'> (0x00000000eb5d8730) 
thrown [s\src\hotspot\share\interpreter\linkResolver.cpp, line 759]
Event: 5.247 Thread 0x0000020e0a092890 Exception <a 'java/lang/NoSuchMethodError'{0x00000000eb5f8ba8}: 'java.lang.Object java.lang.invoke.DirectMethodHandle$Holder.invokeInterface(java.lang.Object, java.lang.Object, java.lang.Object)'> (0x00000000eb5f8ba8) 
thrown [s\src\hotspot\share\interpreter\linkResolver.cpp, line 759]
Event: 5.640 Thread 0x0000020e0a092890 Exception <a 'java/io/FileNotFoundException'{0x00000000eb05fab0}> (0x00000000eb05fab0) 
thrown [s\src\hotspot\share\prims\jni.cpp, line 516]
Event: 5.688 Thread 0x0000020e0a092890 Exception <a 'java/lang/LinkageError'{0x00000000eb1df1d8}: loader lombok.launch.ShadowClassLoader @38cf80b2 attempted duplicate class definition for lombok.launch.PatchFixesHider$Transform. (lombok.launch.PatchFixesHider$Transform is in unnamed module of loader lombok.launch.ShadowClassLoader @38cf80b2, parent loader org.eclipse.osgi.internal.loader.EquinoxClassLoader @489c7911)> (0x00000000eb1df1d8) 
thrown [s\src\hotspot\share\classfile\systemDictionary.cpp, line 1724]
Event: 6.230 Thread 0x0000020e0a092da0 Implicit null exception at 0x0000020e78be91cb to 0x0000020e78be9df0
Event: 6.230 Thread 0x0000020e0a092da0 Implicit null exception at 0x0000020e78beabd0 to 0x0000020e78beb8dc
Event: 6.416 Thread 0x0000020e0a092da0 Exception <a 'java/lang/LinkageError'{0x00000000eb95ad90}: loader lombok.launch.ShadowClassLoader @38cf80b2 attempted duplicate class definition for lombok.launch.PatchFixesHider$ValPortal. (lombok.launch.PatchFixesHider$ValPortal is in unnamed module of loader lombok.launch.ShadowClassLoader @38cf80b2, parent loader org.eclipse.osgi.internal.loader.EquinoxClassLoader @489c7911)> (0x00000000eb95ad90) 
thrown [s\src\hotspot\share\classfile\systemDictionary.cpp, line 1724]
Event: 7.671 Thread 0x0000020e0a55cbe0 Exception <a 'java/lang/ArrayIndexOutOfBoundsException'{0x00000000eab6c868}: Index 2930 out of bounds for length 2929> (0x00000000eab6c868) 
thrown [s\src\hotspot\share\interpreter\interpreterRuntime.cpp, line 428]
Event: 8.333 Thread 0x0000020e0a091960 Exception <a 'java/io/FileNotFoundException'{0x00000000eaf30418}> (0x00000000eaf30418) 
thrown [s\src\hotspot\share\prims\jni.cpp, line 516]
Event: 8.333 Thread 0x0000020e0a091960 Exception <a 'java/io/FileNotFoundException'{0x00000000eaf31ef0}> (0x00000000eaf31ef0) 
thrown [s\src\hotspot\share\prims\jni.cpp, line 516]
Event: 8.333 Thread 0x0000020e0a091960 Exception <a 'java/io/FileNotFoundException'{0x00000000eaf333d8}> (0x00000000eaf333d8) 
thrown [s\src\hotspot\share\prims\jni.cpp, line 516]
Event: 10.033 Thread 0x0000020e0a55cbe0 Exception <a 'java/lang/ArrayIndexOutOfBoundsException'{0x00000000eb068158}> (0x00000000eb068158) 
thrown [s\src\hotspot\share\runtime\sharedRuntime.cpp, line 631]
Event: 11.217 Thread 0x0000020e0a090f40 Exception <a 'java/lang/NoSuchMethodError'{0x00000000eb156008}: 'java.lang.Object java.lang.invoke.DirectMethodHandle$Holder.newInvokeSpecial(java.lang.Object, java.lang.Object, java.lang.Object, java.lang.Object, java.lang.Object, java.lang.Object, java.lang.Object, java.lang.Object, java.lang.Object, java.lang.Object)'> (0x00000000eb156008) 
thrown [s\src\hotspot\share\interpreter\linkResolver.cpp, line 759]
Event: 11.219 Thread 0x0000020e0a090f40 Exception <a 'java/lang/NoSuchMethodError'{0x00000000eb17aef0}: 'java.lang.Object java.lang.invoke.DirectMethodHandle$Holder.invokeSpecial(java.lang.Object, java.lang.Object, java.lang.Object, java.lang.Object, java.lang.Object, java.lang.Object, java.lang.Object, java.lang.Object, java.lang.Object, java.lang.Object, java.lang.Object)'> (0x00000000eb17aef0) 
thrown [s\src\hotspot\share\interpreter\linkResolver.cpp, line 759]
Event: 11.220 Thread 0x0000020e0a090f40 Exception <a 'java/lang/NoSuchMethodError'{0x00000000eb17f400}: 'java.lang.Object java.lang.invoke.Invokers$Holder.linkToTargetMethod(java.lang.Object, java.lang.Object, java.lang.Object, java.lang.Object, java.lang.Object, java.lang.Object, java.lang.Object, java.lang.Object, java.lang.Object, java.lang.Object)'> (0x00000000eb17f400) 
thrown [s\src\hotspot\share\interpreter\linkResolver.cpp, line 759]

VM Operations (20 events):
Event: 5.470 Executing VM operation: ParallelGCFailedAllocation
Event: 5.475 Executing VM operation: ParallelGCFailedAllocation done
Event: 5.597 Executing VM operation: HandshakeAllThreads
Event: 5.597 Executing VM operation: HandshakeAllThreads done
Event: 6.053 Executing VM operation: ParallelGCFailedAllocation
Event: 6.056 Executing VM operation: ParallelGCFailedAllocation done
Event: 6.486 Executing VM operation: ParallelGCFailedAllocation
Event: 6.489 Executing VM operation: ParallelGCFailedAllocation done
Event: 6.594 Executing VM operation: ParallelGCFailedAllocation
Event: 6.597 Executing VM operation: ParallelGCFailedAllocation done
Event: 6.802 Executing VM operation: HandshakeAllThreads
Event: 6.803 Executing VM operation: HandshakeAllThreads done
Event: 6.866 Executing VM operation: HandshakeAllThreads
Event: 6.866 Executing VM operation: HandshakeAllThreads done
Event: 7.664 Executing VM operation: ParallelGCFailedAllocation
Event: 7.665 Executing VM operation: ParallelGCFailedAllocation done
Event: 8.666 Executing VM operation: Cleanup
Event: 8.666 Executing VM operation: Cleanup done
Event: 10.674 Executing VM operation: Cleanup
Event: 10.674 Executing VM operation: Cleanup done

Events (20 events):
Event: 11.177 loading class java/util/concurrent/CountedCompleter
Event: 11.179 loading class java/util/concurrent/CountedCompleter done
Event: 11.179 loading class java/util/stream/AbstractTask done
Event: 11.179 loading class java/util/stream/Nodes$CollectorTask done
Event: 11.179 loading class java/util/stream/Nodes$CollectorTask$OfRef done
Event: 11.179 loading class java/util/function/LongFunction
Event: 11.180 loading class java/util/function/LongFunction done
Event: 11.182 loading class java/util/stream/Nodes$ConcNode
Event: 11.182 loading class java/util/stream/Nodes$AbstractConcNode
Event: 11.182 loading class java/util/stream/Nodes$AbstractConcNode done
Event: 11.182 loading class java/util/stream/Nodes$ConcNode done
Event: 11.184 Thread 0x0000020e0a55ea40 Thread added: 0x0000020e0a55ea40
Event: 11.184 loading class java/util/stream/Nodes$ToArrayTask$OfRef
Event: 11.185 loading class java/util/stream/Nodes$ToArrayTask
Event: 11.185 loading class java/util/stream/Nodes$ToArrayTask done
Event: 11.185 loading class java/util/stream/Nodes$ToArrayTask$OfRef done
Event: 11.185 Thread 0x0000020e0a559430 Thread added: 0x0000020e0a559430
Event: 11.208 Thread 0x0000020e0a55a870 Thread exited: 0x0000020e0a55a870
Event: 11.209 Thread 0x0000020e0a55ea40 Thread exited: 0x0000020e0a55ea40
Event: 11.213 Thread 0x0000020e0a559430 Thread exited: 0x0000020e0a559430


Dynamic libraries:
0x00007ff6f1640000 - 0x00007ff6f164e000 	c:\Users\STARIM\.vscode\extensions\redhat.java-1.26.0-win32-x64\jre\17.0.9-win32-x86_64\bin\java.exe
0x00007fffcb1d0000 - 0x00007fffcb3e7000 	C:\WINDOWS\SYSTEM32\ntdll.dll
0x00007fffc9480000 - 0x00007fffc9544000 	C:\WINDOWS\System32\KERNEL32.DLL
0x00007fffc8960000 - 0x00007fffc8d06000 	C:\WINDOWS\System32\KERNELBASE.dll
0x00007fffc8d10000 - 0x00007fffc8e21000 	C:\WINDOWS\System32\ucrtbase.dll
0x00007fffbcc50000 - 0x00007fffbcc67000 	c:\Users\STARIM\.vscode\extensions\redhat.java-1.26.0-win32-x64\jre\17.0.9-win32-x86_64\bin\jli.dll
0x00007fffbc970000 - 0x00007fffbc98b000 	c:\Users\STARIM\.vscode\extensions\redhat.java-1.26.0-win32-x64\jre\17.0.9-win32-x86_64\bin\VCRUNTIME140.dll
0x00007fffca3d0000 - 0x00007fffca57e000 	C:\WINDOWS\System32\USER32.dll
0x00007fffc8e30000 - 0x00007fffc8e56000 	C:\WINDOWS\System32\win32u.dll
0x00007fffbf960000 - 0x00007fffbfbf3000 	C:\WINDOWS\WinSxS\amd64_microsoft.windows.common-controls_6595b64144ccf1df_6.0.22621.2506_none_270c5ae97388e100\COMCTL32.dll
0x00007fffcb0a0000 - 0x00007fffcb147000 	C:\WINDOWS\System32\msvcrt.dll
0x00007fffc9fc0000 - 0x00007fffc9fe9000 	C:\WINDOWS\System32\GDI32.dll
0x00007fffc86b0000 - 0x00007fffc87c8000 	C:\WINDOWS\System32\gdi32full.dll
0x00007fffc8840000 - 0x00007fffc88da000 	C:\WINDOWS\System32\msvcp_win.dll
0x00007fffcb150000 - 0x00007fffcb181000 	C:\WINDOWS\System32\IMM32.DLL
0x00007fffc3000000 - 0x00007fffc300c000 	c:\Users\STARIM\.vscode\extensions\redhat.java-1.26.0-win32-x64\jre\17.0.9-win32-x86_64\bin\vcruntime140_1.dll
0x00007fffbc8e0000 - 0x00007fffbc96d000 	c:\Users\STARIM\.vscode\extensions\redhat.java-1.26.0-win32-x64\jre\17.0.9-win32-x86_64\bin\msvcp140.dll
0x00007fff85620000 - 0x00007fff86281000 	c:\Users\STARIM\.vscode\extensions\redhat.java-1.26.0-win32-x64\jre\17.0.9-win32-x86_64\bin\server\jvm.dll
0x00007fffca310000 - 0x00007fffca3c3000 	C:\WINDOWS\System32\ADVAPI32.dll
0x00007fffc9f10000 - 0x00007fffc9fb8000 	C:\WINDOWS\System32\sechost.dll
0x00007fffc8510000 - 0x00007fffc8538000 	C:\WINDOWS\System32\bcrypt.dll
0x00007fffca680000 - 0x00007fffca797000 	C:\WINDOWS\System32\RPCRT4.dll
0x00007fffc7370000 - 0x00007fffc73bd000 	C:\WINDOWS\SYSTEM32\POWRPROF.dll
0x00007fffbde50000 - 0x00007fffbde84000 	C:\WINDOWS\SYSTEM32\WINMM.dll
0x00007fffbf700000 - 0x00007fffbf709000 	C:\WINDOWS\SYSTEM32\WSOCK32.dll
0x00007fffc9400000 - 0x00007fffc9471000 	C:\WINDOWS\System32\WS2_32.dll
0x00007fffbef60000 - 0x00007fffbef6a000 	C:\WINDOWS\SYSTEM32\VERSION.dll
0x00007fffc7340000 - 0x00007fffc7353000 	C:\WINDOWS\SYSTEM32\UMPDC.dll
0x00007fffc7610000 - 0x00007fffc7628000 	C:\WINDOWS\SYSTEM32\kernel.appcore.dll
0x00007fffc2f30000 - 0x00007fffc2f3a000 	c:\Users\STARIM\.vscode\extensions\redhat.java-1.26.0-win32-x64\jre\17.0.9-win32-x86_64\bin\jimage.dll
0x00007fffc5e50000 - 0x00007fffc6083000 	C:\WINDOWS\SYSTEM32\DBGHELP.DLL
0x00007fffc9550000 - 0x00007fffc98d9000 	C:\WINDOWS\System32\combase.dll
0x00007fffca590000 - 0x00007fffca667000 	C:\WINDOWS\System32\OLEAUT32.dll
0x00007fffbda40000 - 0x00007fffbda72000 	C:\WINDOWS\SYSTEM32\dbgcore.DLL
0x00007fffc88e0000 - 0x00007fffc895a000 	C:\WINDOWS\System32\bcryptPrimitives.dll
0x00007fffc2ef0000 - 0x00007fffc2efe000 	c:\Users\STARIM\.vscode\extensions\redhat.java-1.26.0-win32-x64\jre\17.0.9-win32-x86_64\bin\instrument.dll
0x00007fffb8c80000 - 0x00007fffb8ca5000 	c:\Users\STARIM\.vscode\extensions\redhat.java-1.26.0-win32-x64\jre\17.0.9-win32-x86_64\bin\java.dll
0x00007fffbc760000 - 0x00007fffbc778000 	c:\Users\STARIM\.vscode\extensions\redhat.java-1.26.0-win32-x64\jre\17.0.9-win32-x86_64\bin\zip.dll
0x00007fffca840000 - 0x00007fffcb09a000 	C:\WINDOWS\System32\SHELL32.dll
0x00007fffc6420000 - 0x00007fffc6d16000 	C:\WINDOWS\SYSTEM32\windows.storage.dll
0x00007fffc62e0000 - 0x00007fffc641e000 	C:\WINDOWS\SYSTEM32\wintypes.dll
0x00007fffc98e0000 - 0x00007fffc99d3000 	C:\WINDOWS\System32\SHCORE.dll
0x00007fffc99e0000 - 0x00007fffc9a3e000 	C:\WINDOWS\System32\shlwapi.dll
0x00007fffc8440000 - 0x00007fffc8466000 	C:\WINDOWS\SYSTEM32\profapi.dll
0x00007fffbb750000 - 0x00007fffbb769000 	C:\Users\STARIM\.vscode\extensions\redhat.java-1.26.0-win32-x64\jre\17.0.9-win32-x86_64\bin\net.dll
0x00007fffc2330000 - 0x00007fffc2467000 	C:\WINDOWS\SYSTEM32\WINHTTP.dll
0x00007fffc7ab0000 - 0x00007fffc7b19000 	C:\WINDOWS\system32\mswsock.dll
0x00007fffbb2e0000 - 0x00007fffbb2f6000 	C:\Users\STARIM\.vscode\extensions\redhat.java-1.26.0-win32-x64\jre\17.0.9-win32-x86_64\bin\nio.dll
0x00007fffc1ad0000 - 0x00007fffc1ae0000 	c:\Users\STARIM\.vscode\extensions\redhat.java-1.26.0-win32-x64\jre\17.0.9-win32-x86_64\bin\verify.dll
0x00007fffb8c40000 - 0x00007fffb8c7e000 	C:\Users\STARIM\AppData\Roaming\Code\User\globalStorage\redhat.java\1.26.0\config_ss_win\org.eclipse.equinox.launcher\org.eclipse.equinox.launcher.win32.win32.x86_64_1.2.800.v20231003-1442\eclipse_11802.dll
0x00007fffc9d70000 - 0x00007fffc9f10000 	C:\WINDOWS\System32\ole32.dll
0x00007fffc7d10000 - 0x00007fffc7d2b000 	C:\WINDOWS\SYSTEM32\CRYPTSP.dll
0x00007fffc7570000 - 0x00007fffc75a5000 	C:\WINDOWS\system32\rsaenh.dll
0x00007fffc7ba0000 - 0x00007fffc7bcc000 	C:\WINDOWS\SYSTEM32\USERENV.dll
0x00007fffc7d00000 - 0x00007fffc7d0c000 	C:\WINDOWS\SYSTEM32\CRYPTBASE.dll
0x00007fffc6ff0000 - 0x00007fffc701d000 	C:\WINDOWS\SYSTEM32\IPHLPAPI.DLL
0x00007fffc9d60000 - 0x00007fffc9d69000 	C:\WINDOWS\System32\NSI.dll
0x00007fffc1c10000 - 0x00007fffc1c29000 	C:\WINDOWS\SYSTEM32\dhcpcsvc6.DLL
0x00007fffc1bf0000 - 0x00007fffc1c0f000 	C:\WINDOWS\SYSTEM32\dhcpcsvc.DLL
0x00007fffc7060000 - 0x00007fffc7159000 	C:\WINDOWS\SYSTEM32\DNSAPI.dll
0x00007fffb62d0000 - 0x00007fffb6315000 	C:\Users\STARIM\AppData\Local\Temp\jna--1839154442\jna13267933835718937851.dll
0x00007fffca140000 - 0x00007fffca148000 	C:\WINDOWS\System32\PSAPI.DLL

dbghelp: loaded successfully - version: 4.0.5 - missing functions: none
symbol engine: initialized successfully - sym options: 0x614 - pdb path: .;c:\Users\STARIM\.vscode\extensions\redhat.java-1.26.0-win32-x64\jre\17.0.9-win32-x86_64\bin;C:\WINDOWS\SYSTEM32;C:\WINDOWS\WinSxS\amd64_microsoft.windows.common-controls_6595b64144ccf1df_6.0.22621.2506_none_270c5ae97388e100;c:\Users\STARIM\.vscode\extensions\redhat.java-1.26.0-win32-x64\jre\17.0.9-win32-x86_64\bin\server;C:\Users\STARIM\AppData\Roaming\Code\User\globalStorage\redhat.java\1.26.0\config_ss_win\org.eclipse.equinox.launcher\org.eclipse.equinox.launcher.win32.win32.x86_64_1.2.800.v20231003-1442;C:\Users\STARIM\AppData\Local\Temp\jna--1839154442

VM Arguments:
jvm_args: --add-modules=ALL-SYSTEM --add-opens=java.base/java.util=ALL-UNNAMED --add-opens=java.base/java.lang=ALL-UNNAMED --add-opens=java.base/sun.nio.fs=ALL-UNNAMED -Declipse.application=org.eclipse.jdt.ls.core.id1 -Dosgi.bundles.defaultStartLevel=4 -Declipse.product=org.eclipse.jdt.ls.core.product -Djava.import.generatesMetadataFilesAtProjectRoot=false -DDetectVMInstallationsJob.disabled=true -Dfile.encoding=utf8 -XX:+UseParallelGC -XX:GCTimeRatio=4 -XX:AdaptiveSizePolicyWeight=90 -Dsun.zip.disableMemoryMapping=true -Xmx1G -Xms100m -Xlog:disable -javaagent:c:\Users\STARIM\.vscode\extensions\redhat.java-1.26.0-win32-x64\lombok\lombok-1.18.31-3454.jar 
java_command: c:\Users\STARIM\.vscode\extensions\redhat.java-1.26.0-win32-x64\server\plugins\org.eclipse.equinox.launcher_1.6.700.v20231214-2017.jar -configuration c:\Users\STARIM\AppData\Roaming\Code\User\globalStorage\redhat.java\1.26.0\config_ss_win -data c:\Users\STARIM\AppData\Roaming\Code\User\workspaceStorage\8f6b0ca312aad867fe6247deca058052\redhat.java\ss_ws --stdio
java_class_path (initial): c:\Users\STARIM\.vscode\extensions\redhat.java-1.26.0-win32-x64\server\plugins\org.eclipse.equinox.launcher_1.6.700.v20231214-2017.jar
Launcher Type: SUN_STANDARD

[Global flags]
    uintx AdaptiveSizePolicyWeight                 = 90                                        {product} {command line}
     intx CICompilerCount                          = 12                                        {product} {ergonomic}
    uintx GCTimeRatio                              = 4                                         {product} {command line}
   size_t InitialHeapSize                          = 104857600                                 {product} {command line}
   size_t MaxHeapSize                              = 1073741824                                {product} {command line}
   size_t MaxNewSize                               = 357564416                                 {product} {ergonomic}
   size_t MinHeapDeltaBytes                        = 524288                                    {product} {ergonomic}
   size_t MinHeapSize                              = 104857600                                 {product} {command line}
   size_t NewSize                                  = 34603008                                  {product} {ergonomic}
    uintx NonNMethodCodeHeapSize                   = 7602480                                {pd product} {ergonomic}
    uintx NonProfiledCodeHeapSize                  = 122027880                              {pd product} {ergonomic}
   size_t OldSize                                  = 70254592                                  {product} {ergonomic}
    uintx ProfiledCodeHeapSize                     = 122027880                              {pd product} {ergonomic}
    uintx ReservedCodeCacheSize                    = 251658240                              {pd product} {ergonomic}
     bool SegmentedCodeCache                       = true                                      {product} {ergonomic}
   size_t SoftMaxHeapSize                          = 1073741824                             {manageable} {ergonomic}
     bool UseCompressedClassPointers               = true                           {product lp64_product} {ergonomic}
     bool UseCompressedOops                        = true                           {product lp64_product} {ergonomic}
     bool UseLargePagesIndividualAllocation        = false                                  {pd product} {ergonomic}
     bool UseParallelGC                            = true                                      {product} {command line}

Logging:
Log output configuration:
 #0: stdout all=off uptime,level,tags
 #1: stderr all=off uptime,level,tags

Environment Variables:
PATH=C:\Program Files\Common Files\Oracle\Java\javapath;C:\Windows\system32;C:\Windows;C:\Windows\System32\Wbem;C:\Windows\System32\WindowsPowerShell\v1.0\;C:\Windows\System32\OpenSSH\;C:\Program Files (x86)\NVIDIA Corporation\PhysX\Common;C:\Program Files\dotnet\;C:\Program Files\Microsoft SQL Server\Client SDK\ODBC\170\Tools\Binn\;C:\Program Files (x86)\Microsoft SQL Server\150\Tools\Binn\;C:\Program Files\Microsoft SQL Server\150\Tools\Binn\;C:\Program Files\Microsoft SQL Server\150\DTS\Binn\;C:\WINDOWS\system32;C:\WINDOWS;C:\WINDOWS\System32\Wbem;C:\WINDOWS\System32\WindowsPowerShell\v1.0\;C:\WINDOWS\System32\OpenSSH\;C:\Users\STARIM\Downloads\apache-maven-3.9.5-bin\apache-maven-3.9.5\bin;C:\Program Files\Java\jdk-21;C:\Program Files\Docker\Docker\resources\bin;C:\Program Files\Git\cmd;C:\Users\STARIM\AppData\Roaming\nvm;C:\Program Files\nodejs;C:\Users\STARIM\AppData\Local\Microsoft\WindowsApps;C:\Users\STARIM\.dotnet\tools;C:\Users\STARIM\AppData\Local\Programs\Microsoft VS Code\bin;C:\Users\STARIM\AppData\Local\Programs\mongosh\;C:\Program Files\JetBrains\IntelliJ IDEA Community Edition 2023.2.5\bin;;C:\Users\STARIM\AppData\Roaming\npm;C:\Users\STARIM\AppData\Roaming\nvm;C:\Program Files\nodejs
USERNAME=STARIM
OS=Windows_NT
PROCESSOR_IDENTIFIER=AMD64 Family 23 Model 96 Stepping 1, AuthenticAMD
TMP=C:\Users\STARIM\AppData\Local\Temp
TEMP=C:\Users\STARIM\AppData\Local\Temp



Periodic native trim disabled


---------------  S Y S T E M  ---------------

OS:
 Windows 11 , 64 bit Build 22621 (10.0.22621.2506)
OS uptime: 0 days 4:19 hours
Hyper-V role detected

CPU: total 16 (initial active 16) (16 cores per cpu, 2 threads per core) family 23 model 96 stepping 1 microcode 0x0, cx8, cmov, fxsr, ht, mmx, 3dnowpref, sse, sse2, sse3, ssse3, sse4a, sse4.1, sse4.2, popcnt, lzcnt, tsc, tscinvbit, avx, avx2, aes, clmul, bmi1, bmi2, adx, sha, fma, vzeroupper, clflush, clflushopt, hv
Processor Information for all 16 processors :
  Max Mhz: 2901, Current Mhz: 2901, Mhz Limit: 2901

Memory: 4k page, system-wide physical 7599M (551M free)
TotalPageFile size 15763M (AvailPageFile size 9M)
current process WorkingSet (physical memory assigned to process): 171M, peak: 221M
current process commit charge ("private bytes"): 268M, peak: 321M

vm_info: OpenJDK 64-Bit Server VM (17.0.9+9) for windows-amd64 JRE (17.0.9+9), built on Oct 26 2023 14:01:42 by "admin" with MS VC++ 16.10 / 16.11 (VS2019)

END.
