#
# There is insufficient memory for the Java Runtime Environment to continue.
# Native memory allocation (malloc) failed to allocate 1020016 bytes for Chunk::new
# Possible reasons:
#   The system is out of physical RAM or swap space
#   The process is running with CompressedOops enabled, and the Java Heap may be blocking the growth of the native heap
# Possible solutions:
#   Reduce memory load on the system
#   Increase physical memory or swap space
#   Check if swap backing store is full
#   Decrease Java heap size (-Xmx/-Xms)
#   Decrease number of Java threads
#   Decrease Java thread stack sizes (-Xss)
#   Set larger code cache with -XX:ReservedCodeCacheSize=
#   JVM is running with Unscaled Compressed Oops mode in which the Java heap is
#     placed in the first 4GB address space. The Java Heap base address is the
#     maximum limit for the native heap growth. Please use -XX:HeapBaseMinAddress
#     to set the Java Heap base and to place the Java Heap above 4GB virtual address.
# This output file may be truncated or incomplete.
#
#  Out of Memory Error (arena.cpp:191), pid=22012, tid=5492
#
# JRE version: OpenJDK Runtime Environment Temurin-17.0.10+7 (17.0.10+7) (build 17.0.10+7)
# Java VM: OpenJDK 64-Bit Server VM Temurin-17.0.10+7 (17.0.10+7, mixed mode, tiered, compressed oops, compressed class ptrs, parallel gc, windows-amd64)
# No core dump will be written. Minidumps are not enabled by default on client versions of Windows
#

---------------  S U M M A R Y ------------

Command Line: --add-modules=ALL-SYSTEM --add-opens=java.base/java.util=ALL-UNNAMED --add-opens=java.base/java.lang=ALL-UNNAMED --add-opens=java.base/sun.nio.fs=ALL-UNNAMED -Declipse.application=org.eclipse.jdt.ls.core.id1 -Dosgi.bundles.defaultStartLevel=4 -Declipse.product=org.eclipse.jdt.ls.core.product -Djava.import.generatesMetadataFilesAtProjectRoot=false -DDetectVMInstallationsJob.disabled=true -Dfile.encoding=utf8 -XX:+UseParallelGC -XX:GCTimeRatio=4 -XX:AdaptiveSizePolicyWeight=90 -Dsun.zip.disableMemoryMapping=true -Xmx1G -Xms100m -Xlog:disable -javaagent:c:\Users\STARIM\.vscode\extensions\redhat.java-1.27.0-win32-x64\lombok\lombok-1.18.31.jar -XX:+HeapDumpOnOutOfMemoryError -XX:HeapDumpPath=c:\Users\STARIM\AppData\Roaming\Code\User\workspaceStorage\f9ab32abbbd5cd031c83568945532e53\redhat.java -Daether.dependencyCollector.impl=bf c:\Users\STARIM\.vscode\extensions\redhat.java-1.27.0-win32-x64\server\plugins\org.eclipse.equinox.launcher_1.6.700.v20231214-2017.jar -configuration c:\Users\STARIM\AppData\Roaming\Code\User\globalStorage\redhat.java\1.27.0\config_win -data c:\Users\STARIM\AppData\Roaming\Code\User\workspaceStorage\f9ab32abbbd5cd031c83568945532e53\redhat.java\jdt_ws --stdio

Host: AMD Ryzen 7 4800H with Radeon Graphics         , 16 cores, 7G,  Windows 11 , 64 bit Build 22621 (10.0.22621.3085)
Time: Tue Feb  6 18:06:54 2024 India Standard Time elapsed time: 3.107962 seconds (0d 0h 0m 3s)

---------------  T H R E A D  ---------------

Current thread (0x0000017617223b40):  JavaThread "C2 CompilerThread1" daemon [_thread_in_native, id=5492, stack(0x0000002ca5900000,0x0000002ca5a00000)]


Current CompileTask:
C2:   3108 3923       4       org.lombokweb.asm.ClassReader::readMethod (1066 bytes)

Stack: [0x0000002ca5900000,0x0000002ca5a00000]
Native frames: (J=compiled Java code, j=interpreted, Vv=VM code, C=native code)
V  [jvm.dll+0x67d2c9]
V  [jvm.dll+0x834afa]
V  [jvm.dll+0x8365be]
V  [jvm.dll+0x836c23]
V  [jvm.dll+0x2477ff]
V  [jvm.dll+0xac514]
V  [jvm.dll+0xacb5c]
V  [jvm.dll+0x2aed1f]
V  [jvm.dll+0x584b67]
V  [jvm.dll+0x2228a2]
V  [jvm.dll+0x222c8f]
V  [jvm.dll+0x21bdb6]
V  [jvm.dll+0x219201]
V  [jvm.dll+0x1a502d]
V  [jvm.dll+0x2290de]
V  [jvm.dll+0x2272ac]
V  [jvm.dll+0x7e9bb7]
V  [jvm.dll+0x7e3fba]
V  [jvm.dll+0x67c1b5]
C  [ucrtbase.dll+0x29363]
C  [KERNEL32.DLL+0x1257d]
C  [ntdll.dll+0x5aa58]


---------------  P R O C E S S  ---------------

Threads class SMR info:
_java_thread_list=0x000001761722cf40, length=26, elements={
0x000001767ac10020, 0x000001767acbbfd0, 0x000001767acbd330, 0x000001767fa94ab0,
0x000001767fa95670, 0x000001767fa979e0, 0x0000017613bba910, 0x0000017613bbc740,
0x0000017613bc1bc0, 0x0000017613be48e0, 0x0000017613ce0220, 0x0000017613d118c0,
0x0000017615cd50c0, 0x0000017615cd55e0, 0x0000017615d77ff0, 0x00000176166e08c0,
0x0000017616a3b1c0, 0x000001761667fbf0, 0x0000017617113a70, 0x00000176171444e0,
0x00000176167a9030, 0x00000176170556f0, 0x0000017617053890, 0x00000176170547c0,
0x0000017617223b40, 0x00000176176c6e10
}

Java Threads: ( => current thread )
  0x000001767ac10020 JavaThread "main" [_thread_blocked, id=21284, stack(0x0000002ca3300000,0x0000002ca3400000)]
  0x000001767acbbfd0 JavaThread "Reference Handler" daemon [_thread_blocked, id=15692, stack(0x0000002ca3600000,0x0000002ca3700000)]
  0x000001767acbd330 JavaThread "Finalizer" daemon [_thread_blocked, id=10780, stack(0x0000002ca3700000,0x0000002ca3800000)]
  0x000001767fa94ab0 JavaThread "Signal Dispatcher" daemon [_thread_blocked, id=328, stack(0x0000002ca3800000,0x0000002ca3900000)]
  0x000001767fa95670 JavaThread "Attach Listener" daemon [_thread_blocked, id=18216, stack(0x0000002ca3900000,0x0000002ca3a00000)]
  0x000001767fa979e0 JavaThread "Service Thread" daemon [_thread_blocked, id=10300, stack(0x0000002ca3a00000,0x0000002ca3b00000)]
  0x0000017613bba910 JavaThread "Monitor Deflation Thread" daemon [_thread_blocked, id=5020, stack(0x0000002ca3b00000,0x0000002ca3c00000)]
  0x0000017613bbc740 JavaThread "C2 CompilerThread0" daemon [_thread_in_native, id=5648, stack(0x0000002ca3c00000,0x0000002ca3d00000)]
  0x0000017613bc1bc0 JavaThread "C1 CompilerThread0" daemon [_thread_blocked, id=22936, stack(0x0000002ca3d00000,0x0000002ca3e00000)]
  0x0000017613be48e0 JavaThread "Sweeper thread" daemon [_thread_blocked, id=3112, stack(0x0000002ca3e00000,0x0000002ca3f00000)]
  0x0000017613ce0220 JavaThread "Common-Cleaner" daemon [_thread_blocked, id=23564, stack(0x0000002ca3f00000,0x0000002ca4000000)]
  0x0000017613d118c0 JavaThread "C1 CompilerThread1" daemon [_thread_blocked, id=10232, stack(0x0000002ca4000000,0x0000002ca4100000)]
  0x0000017615cd50c0 JavaThread "C1 CompilerThread2" daemon [_thread_blocked, id=21780, stack(0x0000002ca4300000,0x0000002ca4400000)]
  0x0000017615cd55e0 JavaThread "C1 CompilerThread3" daemon [_thread_in_native, id=24292, stack(0x0000002ca4400000,0x0000002ca4500000)]
  0x0000017615d77ff0 JavaThread "Notification Thread" daemon [_thread_blocked, id=19304, stack(0x0000002ca4500000,0x0000002ca4600000)]
  0x00000176166e08c0 JavaThread "Active Thread: Equinox Container: 96a68194-3c92-4436-bbb1-7b2a6484e0d5" [_thread_blocked, id=24232, stack(0x0000002ca4d00000,0x0000002ca4e00000)]
  0x0000017616a3b1c0 JavaThread "Framework Event Dispatcher: Equinox Container: 96a68194-3c92-4436-bbb1-7b2a6484e0d5" daemon [_thread_blocked, id=18956, stack(0x0000002ca4e00000,0x0000002ca4f00000)]
  0x000001761667fbf0 JavaThread "Start Level: Equinox Container: 96a68194-3c92-4436-bbb1-7b2a6484e0d5" daemon [_thread_in_Java, id=24444, stack(0x0000002ca4f00000,0x0000002ca5000000)]
  0x0000017617113a70 JavaThread "Bundle File Closer" daemon [_thread_blocked, id=2436, stack(0x0000002ca5200000,0x0000002ca5300000)]
  0x00000176171444e0 JavaThread "SCR Component Actor" daemon [_thread_blocked, id=6212, stack(0x0000002ca5400000,0x0000002ca5500000)]
  0x00000176167a9030 JavaThread "SCR Component Registry" daemon [_thread_blocked, id=23312, stack(0x0000002ca5500000,0x0000002ca5600000)]
  0x00000176170556f0 JavaThread "Worker-JM" [_thread_blocked, id=18784, stack(0x0000002ca4700000,0x0000002ca4800000)]
  0x0000017617053890 JavaThread "Worker-0" [_thread_blocked, id=13168, stack(0x0000002ca4100000,0x0000002ca4200000)]
  0x00000176170547c0 JavaThread "Worker-1" [_thread_blocked, id=23828, stack(0x0000002ca4200000,0x0000002ca4300000)]
=>0x0000017617223b40 JavaThread "C2 CompilerThread1" daemon [_thread_in_native, id=5492, stack(0x0000002ca5900000,0x0000002ca5a00000)]
  0x00000176176c6e10 JavaThread "C2 CompilerThread2" daemon [_thread_in_native, id=15428, stack(0x0000002ca5b00000,0x0000002ca5c00000)]

Other Threads:
  0x000001767acb8d00 VMThread "VM Thread" [stack: 0x0000002ca3500000,0x0000002ca3600000] [id=17740]
  0x0000017615d3fe70 WatcherThread [stack: 0x0000002ca4600000,0x0000002ca4700000] [id=3456]
  0x000001767ac24380 GCTaskThread "GC Thread#0" [stack: 0x0000002ca3400000,0x0000002ca3500000] [id=10048]
  0x00000176164c3760 GCTaskThread "GC Thread#1" [stack: 0x0000002ca4800000,0x0000002ca4900000] [id=10848]
  0x000001761675fed0 GCTaskThread "GC Thread#2" [stack: 0x0000002ca4900000,0x0000002ca4a00000] [id=18544]
  0x0000017616760190 GCTaskThread "GC Thread#3" [stack: 0x0000002ca4a00000,0x0000002ca4b00000] [id=22728]
  0x0000017616760450 GCTaskThread "GC Thread#4" [stack: 0x0000002ca4b00000,0x0000002ca4c00000] [id=13508]
  0x0000017616760710 GCTaskThread "GC Thread#5" [stack: 0x0000002ca4c00000,0x0000002ca4d00000] [id=12076]
  0x00000176167d9770 GCTaskThread "GC Thread#6" [stack: 0x0000002ca5000000,0x0000002ca5100000] [id=14356]
  0x0000017678b4e4c0 GCTaskThread "GC Thread#7" [stack: 0x0000002ca5100000,0x0000002ca5200000] [id=24408]
  0x0000017616de2130 GCTaskThread "GC Thread#8" [stack: 0x0000002ca5300000,0x0000002ca5400000] [id=14444]
  0x0000017616ed0650 GCTaskThread "GC Thread#9" [stack: 0x0000002ca5600000,0x0000002ca5700000] [id=19608]
  0x000001761737d830 GCTaskThread "GC Thread#10" [stack: 0x0000002ca5700000,0x0000002ca5800000] [id=5948]
  0x000001761713fcc0 GCTaskThread "GC Thread#11" [stack: 0x0000002ca5800000,0x0000002ca5900000] [id=3524]
  0x0000017617297db0 GCTaskThread "GC Thread#12" [stack: 0x0000002ca5a00000,0x0000002ca5b00000] [id=5536]

Threads with active compile tasks:
C2 CompilerThread0     3121 3998       4       java.lang.invoke.MethodType::makeImpl (109 bytes)
C2 CompilerThread1     3121 3923       4       org.lombokweb.asm.ClassReader::readMethod (1066 bytes)
C2 CompilerThread2     3121 4015       4       java.util.Properties::loadConvert (540 bytes)

VM state: not at safepoint (normal execution)

VM Mutex/Monitor currently owned by a thread: None

Heap address: 0x00000000c0000000, size: 1024 MB, Compressed Oops mode: 32-bit

CDS archive(s) not mapped
Compressed class space mapped at: 0x0000000100000000-0x0000000140000000, reserved size: 1073741824
Narrow klass base: 0x0000000000000000, Narrow klass shift: 3, Narrow klass range: 0x140000000

GC Precious Log:
 CPUs: 16 total, 16 available
 Memory: 7599M
 Large Page Support: Disabled
 NUMA Support: Disabled
 Compressed Oops: Enabled (32-bit)
 Alignments: Space 512K, Generation 512K, Heap 2M
 Heap Min Capacity: 100M
 Heap Initial Capacity: 100M
 Heap Max Capacity: 1G
 Pre-touch: Disabled
 Parallel Workers: 13

Heap:
 PSYoungGen      total 25600K, used 8496K [0x00000000eab00000, 0x00000000ec880000, 0x0000000100000000)
  eden space 23552K, 27% used [0x00000000eab00000,0x00000000eb150ed8,0x00000000ec200000)
  from space 2048K, 99% used [0x00000000ec400000,0x00000000ec5fb208,0x00000000ec600000)
  to   space 2560K, 0% used [0x00000000ec600000,0x00000000ec600000,0x00000000ec880000)
 ParOldGen       total 68608K, used 12367K [0x00000000c0000000, 0x00000000c4300000, 0x00000000eab00000)
  object space 68608K, 18% used [0x00000000c0000000,0x00000000c0c13ca0,0x00000000c4300000)
 Metaspace       used 33251K, committed 33984K, reserved 1114112K
  class space    used 3253K, committed 3520K, reserved 1048576K

Card table byte_map: [0x000001767a5a0000,0x000001767a7b0000] _byte_map_base: 0x0000017679fa0000

Marking Bits: (ParMarkBitMap*) 0x00007ffce895d7d0
 Begin Bits: [0x000001767d8a0000, 0x000001767e8a0000)
 End Bits:   [0x000001767e8a0000, 0x000001767f8a0000)

Polling page: 0x0000017678a40000

Metaspace:

Usage:
  Non-class:     29.30 MB used.
      Class:      3.18 MB used.
       Both:     32.47 MB used.

Virtual space:
  Non-class space:       64.00 MB reserved,      29.75 MB ( 46%) committed,  1 nodes.
      Class space:        1.00 GB reserved,       3.44 MB ( <1%) committed,  1 nodes.
             Both:        1.06 GB reserved,      33.19 MB (  3%) committed. 

Chunk freelists:
   Non-Class:  2.08 MB
       Class:  12.51 MB
        Both:  14.58 MB

MaxMetaspaceSize: unlimited
CompressedClassSpaceSize: 1.00 GB
Initial GC threshold: 21.00 MB
Current GC threshold: 35.00 MB
CDS: off
MetaspaceReclaimPolicy: balanced
 - commit_granule_bytes: 65536.
 - commit_granule_words: 8192.
 - virtual_space_node_default_size: 8388608.
 - enlarge_chunks_in_place: 1.
 - new_chunks_are_fully_committed: 0.
 - uncommit_free_chunks: 1.
 - use_allocation_guard: 0.
 - handle_deallocations: 1.


Internal statistics:

num_allocs_failed_limit: 3.
num_arena_births: 572.
num_arena_deaths: 0.
num_vsnodes_births: 2.
num_vsnodes_deaths: 0.
num_space_committed: 531.
num_space_uncommitted: 0.
num_chunks_returned_to_freelist: 3.
num_chunks_taken_from_freelist: 1598.
num_chunk_merges: 3.
num_chunk_splits: 1035.
num_chunks_enlarged: 650.
num_inconsistent_stats: 0.

CodeHeap 'non-profiled nmethods': size=119168Kb used=1660Kb max_used=1660Kb free=117507Kb
 bounds [0x0000017607ba0000, 0x0000017607e10000, 0x000001760f000000]
CodeHeap 'profiled nmethods': size=119104Kb used=8633Kb max_used=8633Kb free=110470Kb
 bounds [0x0000017600000000, 0x0000017600870000, 0x0000017607450000]
CodeHeap 'non-nmethods': size=7488Kb used=2941Kb max_used=2959Kb free=4546Kb
 bounds [0x0000017607450000, 0x0000017607740000, 0x0000017607ba0000]
 total_blobs=4605 nmethods=4035 adapters=481
 compilation: enabled
              stopped_count=0, restarted_count=0
 full_count=0

Compilation events (20 events):
Event: 3.091 Thread 0x0000017613bc1bc0 4004       3       org.eclipse.core.runtime.IPath::fromPortableString (5 bytes)
Event: 3.091 Thread 0x0000017613bc1bc0 nmethod 4004 0x000001760085d810 code [0x000001760085d9a0, 0x000001760085daa8]
Event: 3.091 Thread 0x0000017613bc1bc0 4006       3       org.eclipse.core.runtime.Path::fromPortableString (5 bytes)
Event: 3.091 Thread 0x0000017613bc1bc0 nmethod 4006 0x000001760085db90 code [0x000001760085dd40, 0x000001760085dea8]
Event: 3.091 Thread 0x00000176176c6e10 4010       4       java.io.DataInputStream::readUTF (5 bytes)
Event: 3.091 Thread 0x0000017613bc1bc0 4007       3       org.eclipse.jdt.internal.core.JavaModelManager$VariablesAndContainersLoadHelper::loadBoolean (8 bytes)
Event: 3.092 Thread 0x0000017615cd55e0 nmethod 4003 0x000001760085df90 code [0x000001760085e1a0, 0x000001760085e718]
Event: 3.092 Thread 0x0000017613d118c0 nmethod 4002 0x000001760085ea10 code [0x000001760085ec20, 0x000001760085f3f8]
Event: 3.092 Thread 0x0000017615cd55e0 4008       3       org.eclipse.jdt.internal.core.JavaModelManager$VariablesAndContainersLoadHelper::loadAttribute (20 bytes)
Event: 3.092 Thread 0x0000017613d118c0 4009       3       org.eclipse.jdt.internal.core.ClasspathAttribute::<init> (15 bytes)
Event: 3.092 Thread 0x0000017613d118c0 nmethod 4009 0x000001760085f710 code [0x000001760085f8a0, 0x000001760085fa38]
Event: 3.092 Thread 0x0000017615cd55e0 nmethod 4008 0x000001760085fb10 code [0x000001760085fce0, 0x000001760085ff98]
Event: 3.092 Thread 0x0000017613bc1bc0 nmethod 4007 0x0000017600860110 code [0x00000176008602e0, 0x00000176008606b8]
Event: 3.092 Thread 0x0000017615cd55e0 4012       3       org.eclipse.jdt.internal.core.JavaModelManager$VariablesAndContainersLoadHelper::loadPath (51 bytes)
Event: 3.092 Thread 0x0000017615cd50c0 nmethod 4005 0x0000017600860810 code [0x0000017600860b60, 0x0000017600861f18]
Event: 3.092 Thread 0x0000017615cd55e0 nmethod 4012 0x0000017600862710 code [0x0000017600862960, 0x0000017600863218]
Event: 3.092 Thread 0x00000176176c6e10 nmethod 4010 0x0000017607d3c110 code [0x0000017607d3c2a0, 0x0000017607d3c348]
Event: 3.092 Thread 0x00000176176c6e10 4011       4       java.io.DataInputStream::readUTF (501 bytes)
Event: 3.093 Thread 0x0000017613bc1bc0 4013  s    3       org.eclipse.core.internal.registry.RegistryObjectManager::add (49 bytes)
Event: 3.093 Thread 0x0000017613bc1bc0 nmethod 4013 0x0000017600863510 code [0x00000176008636e0, 0x0000017600863bf8]

GC Heap History (20 events):
Event: 0.735 GC heap before
{Heap before GC invocations=1 (full 0):
 PSYoungGen      total 29696K, used 25600K [0x00000000eab00000, 0x00000000ecc00000, 0x0000000100000000)
  eden space 25600K, 100% used [0x00000000eab00000,0x00000000ec400000,0x00000000ec400000)
  from space 4096K, 0% used [0x00000000ec800000,0x00000000ec800000,0x00000000ecc00000)
  to   space 4096K, 0% used [0x00000000ec400000,0x00000000ec400000,0x00000000ec800000)
 ParOldGen       total 68608K, used 0K [0x00000000c0000000, 0x00000000c4300000, 0x00000000eab00000)
  object space 68608K, 0% used [0x00000000c0000000,0x00000000c0000000,0x00000000c4300000)
 Metaspace       used 10633K, committed 10816K, reserved 1114112K
  class space    used 1060K, committed 1152K, reserved 1048576K
}
Event: 0.742 GC heap after
{Heap after GC invocations=1 (full 0):
 PSYoungGen      total 29696K, used 3053K [0x00000000eab00000, 0x00000000ecc00000, 0x0000000100000000)
  eden space 25600K, 0% used [0x00000000eab00000,0x00000000eab00000,0x00000000ec400000)
  from space 4096K, 74% used [0x00000000ec400000,0x00000000ec6fb5b8,0x00000000ec800000)
  to   space 4096K, 0% used [0x00000000ec800000,0x00000000ec800000,0x00000000ecc00000)
 ParOldGen       total 68608K, used 16K [0x00000000c0000000, 0x00000000c4300000, 0x00000000eab00000)
  object space 68608K, 0% used [0x00000000c0000000,0x00000000c0004000,0x00000000c4300000)
 Metaspace       used 10633K, committed 10816K, reserved 1114112K
  class space    used 1060K, committed 1152K, reserved 1048576K
}
Event: 1.370 GC heap before
{Heap before GC invocations=2 (full 0):
 PSYoungGen      total 29696K, used 28653K [0x00000000eab00000, 0x00000000ecc00000, 0x0000000100000000)
  eden space 25600K, 100% used [0x00000000eab00000,0x00000000ec400000,0x00000000ec400000)
  from space 4096K, 74% used [0x00000000ec400000,0x00000000ec6fb5b8,0x00000000ec800000)
  to   space 4096K, 0% used [0x00000000ec800000,0x00000000ec800000,0x00000000ecc00000)
 ParOldGen       total 68608K, used 16K [0x00000000c0000000, 0x00000000c4300000, 0x00000000eab00000)
  object space 68608K, 0% used [0x00000000c0000000,0x00000000c0004000,0x00000000c4300000)
 Metaspace       used 14341K, committed 14464K, reserved 1114112K
  class space    used 1421K, committed 1472K, reserved 1048576K
}
Event: 1.378 GC heap after
{Heap after GC invocations=2 (full 0):
 PSYoungGen      total 29696K, used 4084K [0x00000000eab00000, 0x00000000ecc00000, 0x0000000100000000)
  eden space 25600K, 0% used [0x00000000eab00000,0x00000000eab00000,0x00000000ec400000)
  from space 4096K, 99% used [0x00000000ec800000,0x00000000ecbfd130,0x00000000ecc00000)
  to   space 4096K, 0% used [0x00000000ec400000,0x00000000ec400000,0x00000000ec800000)
 ParOldGen       total 68608K, used 1442K [0x00000000c0000000, 0x00000000c4300000, 0x00000000eab00000)
  object space 68608K, 2% used [0x00000000c0000000,0x00000000c0168b28,0x00000000c4300000)
 Metaspace       used 14341K, committed 14464K, reserved 1114112K
  class space    used 1421K, committed 1472K, reserved 1048576K
}
Event: 1.809 GC heap before
{Heap before GC invocations=3 (full 0):
 PSYoungGen      total 29696K, used 29684K [0x00000000eab00000, 0x00000000ecc00000, 0x0000000100000000)
  eden space 25600K, 100% used [0x00000000eab00000,0x00000000ec400000,0x00000000ec400000)
  from space 4096K, 99% used [0x00000000ec800000,0x00000000ecbfd130,0x00000000ecc00000)
  to   space 4096K, 0% used [0x00000000ec400000,0x00000000ec400000,0x00000000ec800000)
 ParOldGen       total 68608K, used 1442K [0x00000000c0000000, 0x00000000c4300000, 0x00000000eab00000)
  object space 68608K, 2% used [0x00000000c0000000,0x00000000c0168b28,0x00000000c4300000)
 Metaspace       used 16031K, committed 16320K, reserved 1114112K
  class space    used 1602K, committed 1728K, reserved 1048576K
}
Event: 1.815 GC heap after
{Heap after GC invocations=3 (full 0):
 PSYoungGen      total 29696K, used 4093K [0x00000000eab00000, 0x00000000ecc00000, 0x0000000100000000)
  eden space 25600K, 0% used [0x00000000eab00000,0x00000000eab00000,0x00000000ec400000)
  from space 4096K, 99% used [0x00000000ec400000,0x00000000ec7ff728,0x00000000ec800000)
  to   space 4096K, 0% used [0x00000000ec800000,0x00000000ec800000,0x00000000ecc00000)
 ParOldGen       total 68608K, used 5217K [0x00000000c0000000, 0x00000000c4300000, 0x00000000eab00000)
  object space 68608K, 7% used [0x00000000c0000000,0x00000000c05185d0,0x00000000c4300000)
 Metaspace       used 16031K, committed 16320K, reserved 1114112K
  class space    used 1602K, committed 1728K, reserved 1048576K
}
Event: 2.123 GC heap before
{Heap before GC invocations=4 (full 0):
 PSYoungGen      total 29696K, used 29693K [0x00000000eab00000, 0x00000000ecc00000, 0x0000000100000000)
  eden space 25600K, 100% used [0x00000000eab00000,0x00000000ec400000,0x00000000ec400000)
  from space 4096K, 99% used [0x00000000ec400000,0x00000000ec7ff728,0x00000000ec800000)
  to   space 4096K, 0% used [0x00000000ec800000,0x00000000ec800000,0x00000000ecc00000)
 ParOldGen       total 68608K, used 5217K [0x00000000c0000000, 0x00000000c4300000, 0x00000000eab00000)
  object space 68608K, 7% used [0x00000000c0000000,0x00000000c05185d0,0x00000000c4300000)
 Metaspace       used 20570K, committed 21056K, reserved 1114112K
  class space    used 2073K, committed 2304K, reserved 1048576K
}
Event: 2.127 GC heap after
{Heap after GC invocations=4 (full 0):
 PSYoungGen      total 29696K, used 4068K [0x00000000eab00000, 0x00000000ecc00000, 0x0000000100000000)
  eden space 25600K, 0% used [0x00000000eab00000,0x00000000eab00000,0x00000000ec400000)
  from space 4096K, 99% used [0x00000000ec800000,0x00000000ecbf90b8,0x00000000ecc00000)
  to   space 4096K, 0% used [0x00000000ec400000,0x00000000ec400000,0x00000000ec800000)
 ParOldGen       total 68608K, used 6535K [0x00000000c0000000, 0x00000000c4300000, 0x00000000eab00000)
  object space 68608K, 9% used [0x00000000c0000000,0x00000000c0661d88,0x00000000c4300000)
 Metaspace       used 20570K, committed 21056K, reserved 1114112K
  class space    used 2073K, committed 2304K, reserved 1048576K
}
Event: 2.161 GC heap before
{Heap before GC invocations=5 (full 0):
 PSYoungGen      total 29696K, used 6466K [0x00000000eab00000, 0x00000000ecc00000, 0x0000000100000000)
  eden space 25600K, 9% used [0x00000000eab00000,0x00000000ead57a50,0x00000000ec400000)
  from space 4096K, 99% used [0x00000000ec800000,0x00000000ecbf90b8,0x00000000ecc00000)
  to   space 4096K, 0% used [0x00000000ec400000,0x00000000ec400000,0x00000000ec800000)
 ParOldGen       total 68608K, used 6535K [0x00000000c0000000, 0x00000000c4300000, 0x00000000eab00000)
  object space 68608K, 9% used [0x00000000c0000000,0x00000000c0661d88,0x00000000c4300000)
 Metaspace       used 20983K, committed 21504K, reserved 1114112K
  class space    used 2109K, committed 2304K, reserved 1048576K
}
Event: 2.164 GC heap after
{Heap after GC invocations=5 (full 0):
 PSYoungGen      total 29696K, used 4072K [0x00000000eab00000, 0x00000000ece00000, 0x0000000100000000)
  eden space 25600K, 0% used [0x00000000eab00000,0x00000000eab00000,0x00000000ec400000)
  from space 4096K, 99% used [0x00000000ec400000,0x00000000ec7fa0b0,0x00000000ec800000)
  to   space 5120K, 0% used [0x00000000ec900000,0x00000000ec900000,0x00000000ece00000)
 ParOldGen       total 68608K, used 6653K [0x00000000c0000000, 0x00000000c4300000, 0x00000000eab00000)
  object space 68608K, 9% used [0x00000000c0000000,0x00000000c067f438,0x00000000c4300000)
 Metaspace       used 20983K, committed 21504K, reserved 1114112K
  class space    used 2109K, committed 2304K, reserved 1048576K
}
Event: 2.164 GC heap before
{Heap before GC invocations=6 (full 1):
 PSYoungGen      total 29696K, used 4072K [0x00000000eab00000, 0x00000000ece00000, 0x0000000100000000)
  eden space 25600K, 0% used [0x00000000eab00000,0x00000000eab00000,0x00000000ec400000)
  from space 4096K, 99% used [0x00000000ec400000,0x00000000ec7fa0b0,0x00000000ec800000)
  to   space 5120K, 0% used [0x00000000ec900000,0x00000000ec900000,0x00000000ece00000)
 ParOldGen       total 68608K, used 6653K [0x00000000c0000000, 0x00000000c4300000, 0x00000000eab00000)
  object space 68608K, 9% used [0x00000000c0000000,0x00000000c067f438,0x00000000c4300000)
 Metaspace       used 20983K, committed 21504K, reserved 1114112K
  class space    used 2109K, committed 2304K, reserved 1048576K
}
Event: 2.182 GC heap after
{Heap after GC invocations=6 (full 1):
 PSYoungGen      total 29696K, used 0K [0x00000000eab00000, 0x00000000ece00000, 0x0000000100000000)
  eden space 25600K, 0% used [0x00000000eab00000,0x00000000eab00000,0x00000000ec400000)
  from space 4096K, 0% used [0x00000000ec400000,0x00000000ec400000,0x00000000ec800000)
  to   space 5120K, 0% used [0x00000000ec900000,0x00000000ec900000,0x00000000ece00000)
 ParOldGen       total 68608K, used 10503K [0x00000000c0000000, 0x00000000c4300000, 0x00000000eab00000)
  object space 68608K, 15% used [0x00000000c0000000,0x00000000c0a41dc0,0x00000000c4300000)
 Metaspace       used 20983K, committed 21504K, reserved 1114112K
  class space    used 2109K, committed 2304K, reserved 1048576K
}
Event: 2.568 GC heap before
{Heap before GC invocations=7 (full 1):
 PSYoungGen      total 29696K, used 25600K [0x00000000eab00000, 0x00000000ece00000, 0x0000000100000000)
  eden space 25600K, 100% used [0x00000000eab00000,0x00000000ec400000,0x00000000ec400000)
  from space 4096K, 0% used [0x00000000ec400000,0x00000000ec400000,0x00000000ec800000)
  to   space 5120K, 0% used [0x00000000ec900000,0x00000000ec900000,0x00000000ece00000)
 ParOldGen       total 68608K, used 10503K [0x00000000c0000000, 0x00000000c4300000, 0x00000000eab00000)
  object space 68608K, 15% used [0x00000000c0000000,0x00000000c0a41dc0,0x00000000c4300000)
 Metaspace       used 24411K, committed 25024K, reserved 1114112K
  class space    used 2469K, committed 2688K, reserved 1048576K
}
Event: 2.570 GC heap after
{Heap after GC invocations=7 (full 1):
 PSYoungGen      total 26624K, used 1232K [0x00000000eab00000, 0x00000000eca80000, 0x0000000100000000)
  eden space 25088K, 0% used [0x00000000eab00000,0x00000000eab00000,0x00000000ec380000)
  from space 1536K, 80% used [0x00000000ec900000,0x00000000eca340a8,0x00000000eca80000)
  to   space 2560K, 0% used [0x00000000ec580000,0x00000000ec580000,0x00000000ec800000)
 ParOldGen       total 68608K, used 10511K [0x00000000c0000000, 0x00000000c4300000, 0x00000000eab00000)
  object space 68608K, 15% used [0x00000000c0000000,0x00000000c0a43dc0,0x00000000c4300000)
 Metaspace       used 24411K, committed 25024K, reserved 1114112K
  class space    used 2469K, committed 2688K, reserved 1048576K
}
Event: 2.785 GC heap before
{Heap before GC invocations=8 (full 1):
 PSYoungGen      total 26624K, used 26233K [0x00000000eab00000, 0x00000000eca80000, 0x0000000100000000)
  eden space 25088K, 99% used [0x00000000eab00000,0x00000000ec36a580,0x00000000ec380000)
  from space 1536K, 80% used [0x00000000ec900000,0x00000000eca340a8,0x00000000eca80000)
  to   space 2560K, 0% used [0x00000000ec580000,0x00000000ec580000,0x00000000ec800000)
 ParOldGen       total 68608K, used 10511K [0x00000000c0000000, 0x00000000c4300000, 0x00000000eab00000)
  object space 68608K, 15% used [0x00000000c0000000,0x00000000c0a43dc0,0x00000000c4300000)
 Metaspace       used 27269K, committed 28032K, reserved 1114112K
  class space    used 2811K, committed 3136K, reserved 1048576K
}
Event: 2.787 GC heap after
{Heap after GC invocations=8 (full 1):
 PSYoungGen      total 27136K, used 2538K [0x00000000eab00000, 0x00000000eca00000, 0x0000000100000000)
  eden space 24576K, 0% used [0x00000000eab00000,0x00000000eab00000,0x00000000ec300000)
  from space 2560K, 99% used [0x00000000ec580000,0x00000000ec7fa850,0x00000000ec800000)
  to   space 2048K, 0% used [0x00000000ec800000,0x00000000ec800000,0x00000000eca00000)
 ParOldGen       total 68608K, used 11079K [0x00000000c0000000, 0x00000000c4300000, 0x00000000eab00000)
  object space 68608K, 16% used [0x00000000c0000000,0x00000000c0ad1dd0,0x00000000c4300000)
 Metaspace       used 27269K, committed 28032K, reserved 1114112K
  class space    used 2811K, committed 3136K, reserved 1048576K
}
Event: 2.907 GC heap before
{Heap before GC invocations=9 (full 1):
 PSYoungGen      total 27136K, used 27114K [0x00000000eab00000, 0x00000000eca00000, 0x0000000100000000)
  eden space 24576K, 100% used [0x00000000eab00000,0x00000000ec300000,0x00000000ec300000)
  from space 2560K, 99% used [0x00000000ec580000,0x00000000ec7fa850,0x00000000ec800000)
  to   space 2048K, 0% used [0x00000000ec800000,0x00000000ec800000,0x00000000eca00000)
 ParOldGen       total 68608K, used 11079K [0x00000000c0000000, 0x00000000c4300000, 0x00000000eab00000)
  object space 68608K, 16% used [0x00000000c0000000,0x00000000c0ad1dd0,0x00000000c4300000)
 Metaspace       used 30029K, committed 30784K, reserved 1114112K
  class space    used 2988K, committed 3328K, reserved 1048576K
}
Event: 2.909 GC heap after
{Heap after GC invocations=9 (full 1):
 PSYoungGen      total 26112K, used 2035K [0x00000000eab00000, 0x00000000eca00000, 0x0000000100000000)
  eden space 24064K, 0% used [0x00000000eab00000,0x00000000eab00000,0x00000000ec280000)
  from space 2048K, 99% used [0x00000000ec800000,0x00000000ec9fcdd0,0x00000000eca00000)
  to   space 3072K, 0% used [0x00000000ec400000,0x00000000ec400000,0x00000000ec700000)
 ParOldGen       total 68608K, used 11838K [0x00000000c0000000, 0x00000000c4300000, 0x00000000eab00000)
  object space 68608K, 17% used [0x00000000c0000000,0x00000000c0b8f8e0,0x00000000c4300000)
 Metaspace       used 30029K, committed 30784K, reserved 1114112K
  class space    used 2988K, committed 3328K, reserved 1048576K
}
Event: 3.075 GC heap before
{Heap before GC invocations=10 (full 1):
 PSYoungGen      total 26112K, used 26099K [0x00000000eab00000, 0x00000000eca00000, 0x0000000100000000)
  eden space 24064K, 100% used [0x00000000eab00000,0x00000000ec280000,0x00000000ec280000)
  from space 2048K, 99% used [0x00000000ec800000,0x00000000ec9fcdd0,0x00000000eca00000)
  to   space 3072K, 0% used [0x00000000ec400000,0x00000000ec400000,0x00000000ec700000)
 ParOldGen       total 68608K, used 11838K [0x00000000c0000000, 0x00000000c4300000, 0x00000000eab00000)
  object space 68608K, 17% used [0x00000000c0000000,0x00000000c0b8f8e0,0x00000000c4300000)
 Metaspace       used 32646K, committed 33408K, reserved 1114112K
  class space    used 3194K, committed 3520K, reserved 1048576K
}
Event: 3.077 GC heap after
{Heap after GC invocations=10 (full 1):
 PSYoungGen      total 25600K, used 2028K [0x00000000eab00000, 0x00000000ec880000, 0x0000000100000000)
  eden space 23552K, 0% used [0x00000000eab00000,0x00000000eab00000,0x00000000ec200000)
  from space 2048K, 99% used [0x00000000ec400000,0x00000000ec5fb208,0x00000000ec600000)
  to   space 2560K, 0% used [0x00000000ec600000,0x00000000ec600000,0x00000000ec880000)
 ParOldGen       total 68608K, used 12367K [0x00000000c0000000, 0x00000000c4300000, 0x00000000eab00000)
  object space 68608K, 18% used [0x00000000c0000000,0x00000000c0c13ca0,0x00000000c4300000)
 Metaspace       used 32646K, committed 33408K, reserved 1114112K
  class space    used 3194K, committed 3520K, reserved 1048576K
}

Dll operation events (9 events):
Event: 0.012 Loaded shared library c:\Users\STARIM\.vscode\extensions\redhat.java-1.27.0-win32-x64\jre\17.0.10-win32-x86_64\bin\java.dll
Event: 0.124 Loaded shared library c:\Users\STARIM\.vscode\extensions\redhat.java-1.27.0-win32-x64\jre\17.0.10-win32-x86_64\bin\zip.dll
Event: 0.127 Loaded shared library C:\Users\STARIM\.vscode\extensions\redhat.java-1.27.0-win32-x64\jre\17.0.10-win32-x86_64\bin\instrument.dll
Event: 0.136 Loaded shared library C:\Users\STARIM\.vscode\extensions\redhat.java-1.27.0-win32-x64\jre\17.0.10-win32-x86_64\bin\net.dll
Event: 0.137 Loaded shared library C:\Users\STARIM\.vscode\extensions\redhat.java-1.27.0-win32-x64\jre\17.0.10-win32-x86_64\bin\nio.dll
Event: 0.141 Loaded shared library C:\Users\STARIM\.vscode\extensions\redhat.java-1.27.0-win32-x64\jre\17.0.10-win32-x86_64\bin\zip.dll
Event: 0.152 Loaded shared library C:\Users\STARIM\.vscode\extensions\redhat.java-1.27.0-win32-x64\jre\17.0.10-win32-x86_64\bin\jimage.dll
Event: 0.201 Loaded shared library c:\Users\STARIM\.vscode\extensions\redhat.java-1.27.0-win32-x64\jre\17.0.10-win32-x86_64\bin\verify.dll
Event: 1.326 Loaded shared library C:\Users\STARIM\AppData\Roaming\Code\User\globalStorage\redhat.java\1.27.0\config_win\org.eclipse.equinox.launcher\org.eclipse.equinox.launcher.win32.win32.x86_64_1.2.900.v20240129-1338\eclipse_11900.dll

Deoptimization events (20 events):
Event: 2.864 Thread 0x000001761667fbf0 DEOPT PACKING pc=0x00000176005d794e sp=0x0000002ca4ff92a0
Event: 2.864 Thread 0x000001761667fbf0 DEOPT UNPACKING pc=0x00000176074a6e43 sp=0x0000002ca4ff87b0 mode 0
Event: 2.864 Thread 0x000001761667fbf0 DEOPT PACKING pc=0x00000176005d794e sp=0x0000002ca4ff92a0
Event: 2.864 Thread 0x000001761667fbf0 DEOPT UNPACKING pc=0x00000176074a6e43 sp=0x0000002ca4ff87b0 mode 0
Event: 2.982 Thread 0x000001761667fbf0 Uncommon trap: trap_request=0xffffff45 fr.pc=0x0000017607d2a47c relative=0x00000000000002dc
Event: 2.982 Thread 0x000001761667fbf0 Uncommon trap: reason=unstable_if action=reinterpret pc=0x0000017607d2a47c method=org.lombokweb.asm.Label.resolve([BI)Z @ 80 c2
Event: 2.982 Thread 0x000001761667fbf0 DEOPT PACKING pc=0x0000017607d2a47c sp=0x0000002ca4ff2990
Event: 2.982 Thread 0x000001761667fbf0 DEOPT UNPACKING pc=0x00000176074a66a3 sp=0x0000002ca4ff2890 mode 2
Event: 3.091 Thread 0x000001761667fbf0 DEOPT PACKING pc=0x00000176005d794e sp=0x0000002ca4ff9950
Event: 3.091 Thread 0x000001761667fbf0 DEOPT UNPACKING pc=0x00000176074a6e43 sp=0x0000002ca4ff8e60 mode 0
Event: 3.092 Thread 0x000001761667fbf0 DEOPT PACKING pc=0x00000176005d794e sp=0x0000002ca4ff9a10
Event: 3.092 Thread 0x000001761667fbf0 DEOPT UNPACKING pc=0x00000176074a6e43 sp=0x0000002ca4ff8f20 mode 0
Event: 3.102 Thread 0x000001761667fbf0 Uncommon trap: trap_request=0xffffffc6 fr.pc=0x0000017607c3f6f0 relative=0x0000000000000930
Event: 3.102 Thread 0x000001761667fbf0 Uncommon trap: reason=bimorphic_or_optimized_type_check action=maybe_recompile pc=0x0000017607c3f6f0 method=java.util.HashMap.putVal(ILjava/lang/Object;Ljava/lang/Object;ZZ)Ljava/lang/Object; @ 56 c2
Event: 3.102 Thread 0x000001761667fbf0 DEOPT PACKING pc=0x0000017607c3f6f0 sp=0x0000002ca4ff9930
Event: 3.102 Thread 0x000001761667fbf0 DEOPT UNPACKING pc=0x00000176074a66a3 sp=0x0000002ca4ff9888 mode 2
Event: 3.102 Thread 0x000001761667fbf0 Uncommon trap: trap_request=0xffffffc6 fr.pc=0x0000017607c3f778 relative=0x00000000000009b8
Event: 3.102 Thread 0x000001761667fbf0 Uncommon trap: reason=bimorphic_or_optimized_type_check action=maybe_recompile pc=0x0000017607c3f778 method=java.util.HashMap.putVal(ILjava/lang/Object;Ljava/lang/Object;ZZ)Ljava/lang/Object; @ 253 c2
Event: 3.102 Thread 0x000001761667fbf0 DEOPT PACKING pc=0x0000017607c3f778 sp=0x0000002ca4ff9880
Event: 3.102 Thread 0x000001761667fbf0 DEOPT UNPACKING pc=0x00000176074a66a3 sp=0x0000002ca4ff9800 mode 2

Classes unloaded (0 events):
No events

Classes redefined (0 events):
No events

Internal exceptions (20 events):
Event: 2.707 Thread 0x000001761667fbf0 Exception <a 'java/lang/NoSuchMethodError'{0x00000000ebd3d920}: 'int java.lang.invoke.DirectMethodHandle$Holder.invokeVirtual(java.lang.Object, java.lang.Object, java.lang.Object)'> (0x00000000ebd3d920) 
thrown [s\src\hotspot\share\interpreter\linkResolver.cpp, line 759]
Event: 2.707 Thread 0x000001761667fbf0 Exception <a 'java/lang/NoSuchMethodError'{0x00000000ebd42470}: 'int java.lang.invoke.DirectMethodHandle$Holder.invokeVirtual(java.lang.Object, java.lang.Object)'> (0x00000000ebd42470) 
thrown [s\src\hotspot\share\interpreter\linkResolver.cpp, line 759]
Event: 2.708 Thread 0x000001761667fbf0 Exception <a 'java/lang/NoSuchMethodError'{0x00000000ebd47920}: 'int java.lang.invoke.DirectMethodHandle$Holder.invokeStaticInit(java.lang.Object, int, int)'> (0x00000000ebd47920) 
thrown [s\src\hotspot\share\interpreter\linkResolver.cpp, line 759]
Event: 2.708 Thread 0x000001761667fbf0 Exception <a 'java/lang/NoSuchMethodError'{0x00000000ebd503a8}: 'int java.lang.invoke.DirectMethodHandle$Holder.invokeStaticInit(java.lang.Object, long, long)'> (0x00000000ebd503a8) 
thrown [s\src\hotspot\share\interpreter\linkResolver.cpp, line 759]
Event: 2.708 Thread 0x000001761667fbf0 Exception <a 'java/lang/NoSuchMethodError'{0x00000000ebd58490}: 'int java.lang.invoke.DirectMethodHandle$Holder.invokeStaticInit(java.lang.Object, float, float)'> (0x00000000ebd58490) 
thrown [s\src\hotspot\share\interpreter\linkResolver.cpp, line 759]
Event: 2.709 Thread 0x000001761667fbf0 Exception <a 'java/lang/NoSuchMethodError'{0x00000000ebd60580}: 'int java.lang.invoke.DirectMethodHandle$Holder.invokeStaticInit(java.lang.Object, double, double)'> (0x00000000ebd60580) 
thrown [s\src\hotspot\share\interpreter\linkResolver.cpp, line 759]
Event: 2.709 Thread 0x000001761667fbf0 Exception <a 'java/lang/NoSuchMethodError'{0x00000000ebd65e20}: 'int java.lang.invoke.DirectMethodHandle$Holder.invokeStatic(java.lang.Object, long)'> (0x00000000ebd65e20) 
thrown [s\src\hotspot\share\interpreter\linkResolver.cpp, line 759]
Event: 2.711 Thread 0x000001761667fbf0 Exception <a 'java/lang/NoSuchMethodError'{0x00000000ebd8e580}: 'int java.lang.invoke.Invokers$Holder.linkToTargetMethod(java.lang.Object, java.lang.Object)'> (0x00000000ebd8e580) 
thrown [s\src\hotspot\share\interpreter\linkResolver.cpp, line 759]
Event: 2.729 Thread 0x000001761667fbf0 Exception <a 'java/lang/NoSuchMethodError'{0x00000000ebe6d210}: 'java.lang.Object java.lang.invoke.DirectMethodHandle$Holder.invokeSpecial(java.lang.Object, java.lang.Object, java.lang.Object, java.lang.Object, java.lang.Object, java.lang.Object, java.lang.Object, java.lang.Object, java.lang.Object, java.lang.Object, java.lang.Object)'> (0x00000000ebe6d210) 
thrown [s\src\hotspot\share\interpreter\linkResolver.cpp, line 759]
Event: 2.730 Thread 0x000001761667fbf0 Exception <a 'java/lang/NoSuchMethodError'{0x00000000ebe729d0}: 'java.lang.Object java.lang.invoke.Invokers$Holder.invoke_MT(java.lang.Object, java.lang.Object, java.lang.Object, java.lang.Object, java.lang.Object, java.lang.Object, java.lang.Object, java.lang.Object, java.lang.Object, java.lang.Object, java.lang.Object)'> (0x00000000ebe729d0) 
thrown [s\src\hotspot\share\interpreter\linkResolver.cpp, line 759]
Event: 2.737 Thread 0x000001761667fbf0 Exception <a 'java/lang/NoSuchMethodError'{0x00000000ebf02320}: 'java.lang.Object java.lang.invoke.DirectMethodHandle$Holder.invokeSpecial(java.lang.Object, java.lang.Object, java.lang.Object, java.lang.Object, java.lang.Object, java.lang.Object, java.lang.Object, java.lang.Object, java.lang.Object, java.lang.Object)'> (0x00000000ebf02320) 
thrown [s\src\hotspot\share\interpreter\linkResolver.cpp, line 759]
Event: 2.737 Thread 0x000001761667fbf0 Exception <a 'java/lang/NoSuchMethodError'{0x00000000ebf07570}: 'java.lang.Object java.lang.invoke.Invokers$Holder.invoke_MT(java.lang.Object, java.lang.Object, java.lang.Object, java.lang.Object, java.lang.Object, java.lang.Object, java.lang.Object, java.lang.Object, java.lang.Object, java.lang.Object)'> (0x00000000ebf07570) 
thrown [s\src\hotspot\share\interpreter\linkResolver.cpp, line 759]
Event: 2.745 Thread 0x000001761667fbf0 Exception <a 'java/lang/NoSuchMethodError'{0x00000000ebfa8f38}: 'java.lang.Object java.lang.invoke.DirectMethodHandle$Holder.newInvokeSpecial(java.lang.Object, java.lang.Object, java.lang.Object, java.lang.Object, java.lang.Object, java.lang.Object, java.lang.Object)'> (0x00000000ebfa8f38) 
thrown [s\src\hotspot\share\interpreter\linkResolver.cpp, line 759]
Event: 2.750 Thread 0x000001761667fbf0 Exception <a 'java/lang/NoSuchMethodError'{0x00000000ec016c68}: 'java.lang.Object java.lang.invoke.DirectMethodHandle$Holder.invokeSpecial(java.lang.Object, java.lang.Object, java.lang.Object, java.lang.Object, java.lang.Object, java.lang.Object, java.lang.Object, java.lang.Object, java.lang.Object, java.lang.Object, java.lang.Object, java.lang.Object, java.lang.Object)'> (0x00000000ec016c68) 
thrown [s\src\hotspot\share\interpreter\linkResolver.cpp, line 759]
Event: 2.750 Thread 0x000001761667fbf0 Exception <a 'java/lang/NoSuchMethodError'{0x00000000ec01c798}: 'java.lang.Object java.lang.invoke.Invokers$Holder.invoker(java.lang.Object, java.lang.Object, java.lang.Object, java.lang.Object, java.lang.Object, java.lang.Object, java.lang.Object, java.lang.Object, java.lang.Object, java.lang.Object, java.lang.Object, java.lang.Object, java.lang.Object)'> (0x00000000ec01c798) 
thrown [s\src\hotspot\share\interpreter\linkResolver.cpp, line 759]
Event: 2.750 Thread 0x000001761667fbf0 Exception <a 'java/lang/NoSuchMethodError'{0x00000000ec023498}: 'java.lang.Object java.lang.invoke.DirectMethodHandle$Holder.invokeSpecial(java.lang.Object, java.lang.Object, java.lang.Object, java.lang.Object, java.lang.Object, java.lang.Object, java.lang.Object, java.lang.Object, java.lang.Object, java.lang.Object, java.lang.Object, java.lang.Object, java.lang.Object, java.lang.Object)'> (0x00000000ec023498) 
thrown [s\src\hotspot\share\interpreter\linkResolver.cpp, line 759]
Event: 2.754 Thread 0x000001761667fbf0 Exception <a 'java/lang/NoSuchMethodError'{0x00000000ec08d3b8}: static Lorg/eclipse/m2e/core/internal/lifecyclemapping/model/PluginExecutionMetadata;.<clinit>()V> (0x00000000ec08d3b8) 
thrown [s\src\hotspot\share\prims\jni.cpp, line 1107]
Event: 2.758 Thread 0x000001761667fbf0 Exception <a 'java/lang/NoSuchMethodError'{0x00000000ec0ed7e8}: static Lorg/eclipse/m2e/core/internal/lifecyclemapping/model/PluginExecutionFilter;.<clinit>()V> (0x00000000ec0ed7e8) 
thrown [s\src\hotspot\share\prims\jni.cpp, line 1107]
Event: 2.761 Thread 0x000001761667fbf0 Exception <a 'java/lang/NoSuchMethodError'{0x00000000ec124118}: static Lorg/eclipse/m2e/core/internal/project/registry/MavenProjectFacade$MavenProjectConfiguration;.<clinit>()V> (0x00000000ec124118) 
thrown [s\src\hotspot\share\prims\jni.cpp, line 1107]
Event: 3.080 Thread 0x000001761667fbf0 Exception <a 'java/lang/NoSuchMethodError'{0x00000000eae87f20}: 'java.lang.Object java.lang.invoke.DirectMethodHandle$Holder.newInvokeSpecial(java.lang.Object, int, java.lang.Object, java.lang.Object)'> (0x00000000eae87f20) 
thrown [s\src\hotspot\share\interpreter\linkResolver.cpp, line 759]

VM Operations (20 events):
Event: 2.470 Executing VM operation: HandshakeAllThreads
Event: 2.470 Executing VM operation: HandshakeAllThreads done
Event: 2.474 Executing VM operation: HandshakeAllThreads
Event: 2.474 Executing VM operation: HandshakeAllThreads done
Event: 2.561 Executing VM operation: ICBufferFull
Event: 2.561 Executing VM operation: ICBufferFull done
Event: 2.568 Executing VM operation: ParallelGCFailedAllocation
Event: 2.570 Executing VM operation: ParallelGCFailedAllocation done
Event: 2.683 Executing VM operation: HandshakeAllThreads
Event: 2.683 Executing VM operation: HandshakeAllThreads done
Event: 2.699 Executing VM operation: HandshakeAllThreads
Event: 2.699 Executing VM operation: HandshakeAllThreads done
Event: 2.785 Executing VM operation: ParallelGCFailedAllocation
Event: 2.787 Executing VM operation: ParallelGCFailedAllocation done
Event: 2.907 Executing VM operation: ParallelGCFailedAllocation
Event: 2.909 Executing VM operation: ParallelGCFailedAllocation done
Event: 3.075 Executing VM operation: ParallelGCFailedAllocation
Event: 3.077 Executing VM operation: ParallelGCFailedAllocation done
Event: 3.094 Executing VM operation: HandshakeAllThreads
Event: 3.094 Executing VM operation: HandshakeAllThreads done

Events (20 events):
Event: 2.806 loading class java/util/zip/GZIPInputStream done
Event: 2.808 loading class java/net/SocketTimeoutException
Event: 2.808 loading class java/io/InterruptedIOException
Event: 2.808 loading class java/io/InterruptedIOException done
Event: 2.808 loading class java/net/SocketTimeoutException done
Event: 2.808 loading class java/net/SocketException
Event: 2.808 loading class java/net/SocketException done
Event: 2.808 loading class java/net/UnknownHostException
Event: 2.808 loading class java/net/UnknownHostException done
Event: 2.808 loading class java/net/ProtocolException
Event: 2.808 loading class java/net/ProtocolException done
Event: 2.820 loading class java/lang/ThreadLocal$SuppliedThreadLocal
Event: 2.820 loading class java/lang/ThreadLocal$SuppliedThreadLocal done
Event: 2.824 loading class java/io/FileWriter
Event: 2.824 loading class java/io/FileWriter done
Event: 2.824 loading class java/lang/NegativeArraySizeException
Event: 2.824 loading class java/lang/NegativeArraySizeException done
Event: 2.844 Thread 0x00000176176c6e10 Thread added: 0x00000176176c6e10
Event: 3.090 loading class org/w3c/dom/DOMException
Event: 3.090 loading class org/w3c/dom/DOMException done


Dynamic libraries:
0x00007ff632ea0000 - 0x00007ff632eae000 	c:\Users\STARIM\.vscode\extensions\redhat.java-1.27.0-win32-x64\jre\17.0.10-win32-x86_64\bin\java.exe
0x00007ffd4a970000 - 0x00007ffd4ab87000 	C:\WINDOWS\SYSTEM32\ntdll.dll
0x00007ffd49b50000 - 0x00007ffd49c14000 	C:\WINDOWS\System32\KERNEL32.DLL
0x00007ffd47e50000 - 0x00007ffd481f6000 	C:\WINDOWS\System32\KERNELBASE.dll
0x00007ffd48200000 - 0x00007ffd48311000 	C:\WINDOWS\System32\ucrtbase.dll
0x00007ffd431e0000 - 0x00007ffd431fb000 	c:\Users\STARIM\.vscode\extensions\redhat.java-1.27.0-win32-x64\jre\17.0.10-win32-x86_64\bin\VCRUNTIME140.dll
0x00007ffd39da0000 - 0x00007ffd39db7000 	c:\Users\STARIM\.vscode\extensions\redhat.java-1.27.0-win32-x64\jre\17.0.10-win32-x86_64\bin\jli.dll
0x00007ffd4a5c0000 - 0x00007ffd4a76e000 	C:\WINDOWS\System32\USER32.dll
0x00007ffd47df0000 - 0x00007ffd47e16000 	C:\WINDOWS\System32\win32u.dll
0x00007ffd3efb0000 - 0x00007ffd3f243000 	C:\WINDOWS\WinSxS\amd64_microsoft.windows.common-controls_6595b64144ccf1df_6.0.22621.2506_none_270c5ae97388e100\COMCTL32.dll
0x00007ffd498a0000 - 0x00007ffd49947000 	C:\WINDOWS\System32\msvcrt.dll
0x00007ffd48e10000 - 0x00007ffd48e39000 	C:\WINDOWS\System32\GDI32.dll
0x00007ffd48390000 - 0x00007ffd484a8000 	C:\WINDOWS\System32\gdi32full.dll
0x00007ffd484b0000 - 0x00007ffd4854a000 	C:\WINDOWS\System32\msvcp_win.dll
0x00007ffd487c0000 - 0x00007ffd487f1000 	C:\WINDOWS\System32\IMM32.DLL
0x00007ffd399c0000 - 0x00007ffd399cc000 	c:\Users\STARIM\.vscode\extensions\redhat.java-1.27.0-win32-x64\jre\17.0.10-win32-x86_64\bin\vcruntime140_1.dll
0x00007ffd0ee10000 - 0x00007ffd0ee9d000 	c:\Users\STARIM\.vscode\extensions\redhat.java-1.27.0-win32-x64\jre\17.0.10-win32-x86_64\bin\msvcp140.dll
0x00007ffce7dc0000 - 0x00007ffce8a22000 	c:\Users\STARIM\.vscode\extensions\redhat.java-1.27.0-win32-x64\jre\17.0.10-win32-x86_64\bin\server\jvm.dll
0x00007ffd4a480000 - 0x00007ffd4a533000 	C:\WINDOWS\System32\ADVAPI32.dll
0x00007ffd49120000 - 0x00007ffd491c8000 	C:\WINDOWS\System32\sechost.dll
0x00007ffd47e20000 - 0x00007ffd47e48000 	C:\WINDOWS\System32\bcrypt.dll
0x00007ffd49950000 - 0x00007ffd49a67000 	C:\WINDOWS\System32\RPCRT4.dll
0x00007ffd47920000 - 0x00007ffd4796d000 	C:\WINDOWS\SYSTEM32\POWRPROF.dll
0x00007ffd3e8f0000 - 0x00007ffd3e924000 	C:\WINDOWS\SYSTEM32\WINMM.dll
0x00007ffd39450000 - 0x00007ffd39459000 	C:\WINDOWS\SYSTEM32\WSOCK32.dll
0x00007ffd49090000 - 0x00007ffd49101000 	C:\WINDOWS\System32\WS2_32.dll
0x00007ffd3f310000 - 0x00007ffd3f31a000 	C:\WINDOWS\SYSTEM32\VERSION.dll
0x00007ffd47720000 - 0x00007ffd47733000 	C:\WINDOWS\SYSTEM32\UMPDC.dll
0x00007ffd46cd0000 - 0x00007ffd46ce8000 	C:\WINDOWS\SYSTEM32\kernel.appcore.dll
0x00007ffd39440000 - 0x00007ffd3944a000 	c:\Users\STARIM\.vscode\extensions\redhat.java-1.27.0-win32-x64\jre\17.0.10-win32-x86_64\bin\jimage.dll
0x00007ffd45040000 - 0x00007ffd45273000 	C:\WINDOWS\SYSTEM32\DBGHELP.DLL
0x00007ffd492d0000 - 0x00007ffd49659000 	C:\WINDOWS\System32\combase.dll
0x00007ffd49a70000 - 0x00007ffd49b47000 	C:\WINDOWS\System32\OLEAUT32.dll
0x00007ffd3c920000 - 0x00007ffd3c952000 	C:\WINDOWS\SYSTEM32\dbgcore.DLL
0x00007ffd47d70000 - 0x00007ffd47dea000 	C:\WINDOWS\System32\bcryptPrimitives.dll
0x00007ffd39410000 - 0x00007ffd3941e000 	c:\Users\STARIM\.vscode\extensions\redhat.java-1.27.0-win32-x64\jre\17.0.10-win32-x86_64\bin\instrument.dll
0x00007ffd2fe00000 - 0x00007ffd2fe25000 	c:\Users\STARIM\.vscode\extensions\redhat.java-1.27.0-win32-x64\jre\17.0.10-win32-x86_64\bin\java.dll
0x00007ffd386b0000 - 0x00007ffd386c8000 	c:\Users\STARIM\.vscode\extensions\redhat.java-1.27.0-win32-x64\jre\17.0.10-win32-x86_64\bin\zip.dll
0x00007ffd49c20000 - 0x00007ffd4a47b000 	C:\WINDOWS\System32\SHELL32.dll
0x00007ffd45bc0000 - 0x00007ffd464b6000 	C:\WINDOWS\SYSTEM32\windows.storage.dll
0x00007ffd45a80000 - 0x00007ffd45bbe000 	C:\WINDOWS\SYSTEM32\wintypes.dll
0x00007ffd486c0000 - 0x00007ffd487b3000 	C:\WINDOWS\System32\SHCORE.dll
0x00007ffd48db0000 - 0x00007ffd48e0e000 	C:\WINDOWS\System32\shlwapi.dll
0x00007ffd47be0000 - 0x00007ffd47c06000 	C:\WINDOWS\SYSTEM32\profapi.dll
0x00007ffd375e0000 - 0x00007ffd375f9000 	C:\Users\STARIM\.vscode\extensions\redhat.java-1.27.0-win32-x64\jre\17.0.10-win32-x86_64\bin\net.dll
0x00007ffd415e0000 - 0x00007ffd41717000 	C:\WINDOWS\SYSTEM32\WINHTTP.dll
0x00007ffd47170000 - 0x00007ffd471d9000 	C:\WINDOWS\system32\mswsock.dll
0x00007ffd34970000 - 0x00007ffd34986000 	C:\Users\STARIM\.vscode\extensions\redhat.java-1.27.0-win32-x64\jre\17.0.10-win32-x86_64\bin\nio.dll
0x00007ffd390a0000 - 0x00007ffd390b0000 	c:\Users\STARIM\.vscode\extensions\redhat.java-1.27.0-win32-x64\jre\17.0.10-win32-x86_64\bin\verify.dll
0x00007ffd17c50000 - 0x00007ffd17c8e000 	C:\Users\STARIM\AppData\Roaming\Code\User\globalStorage\redhat.java\1.27.0\config_win\org.eclipse.equinox.launcher\org.eclipse.equinox.launcher.win32.win32.x86_64_1.2.900.v20240129-1338\eclipse_11900.dll
0x00007ffd48e40000 - 0x00007ffd48fe0000 	C:\WINDOWS\System32\ole32.dll

dbghelp: loaded successfully - version: 4.0.5 - missing functions: none
symbol engine: initialized successfully - sym options: 0x614 - pdb path: .;c:\Users\STARIM\.vscode\extensions\redhat.java-1.27.0-win32-x64\jre\17.0.10-win32-x86_64\bin;C:\WINDOWS\SYSTEM32;C:\WINDOWS\WinSxS\amd64_microsoft.windows.common-controls_6595b64144ccf1df_6.0.22621.2506_none_270c5ae97388e100;c:\Users\STARIM\.vscode\extensions\redhat.java-1.27.0-win32-x64\jre\17.0.10-win32-x86_64\bin\server;C:\Users\STARIM\AppData\Roaming\Code\User\globalStorage\redhat.java\1.27.0\config_win\org.eclipse.equinox.launcher\org.eclipse.equinox.launcher.win32.win32.x86_64_1.2.900.v20240129-1338

VM Arguments:
jvm_args: --add-modules=ALL-SYSTEM --add-opens=java.base/java.util=ALL-UNNAMED --add-opens=java.base/java.lang=ALL-UNNAMED --add-opens=java.base/sun.nio.fs=ALL-UNNAMED -Declipse.application=org.eclipse.jdt.ls.core.id1 -Dosgi.bundles.defaultStartLevel=4 -Declipse.product=org.eclipse.jdt.ls.core.product -Djava.import.generatesMetadataFilesAtProjectRoot=false -DDetectVMInstallationsJob.disabled=true -Dfile.encoding=utf8 -XX:+UseParallelGC -XX:GCTimeRatio=4 -XX:AdaptiveSizePolicyWeight=90 -Dsun.zip.disableMemoryMapping=true -Xmx1G -Xms100m -Xlog:disable -javaagent:c:\Users\STARIM\.vscode\extensions\redhat.java-1.27.0-win32-x64\lombok\lombok-1.18.31.jar -XX:+HeapDumpOnOutOfMemoryError -XX:HeapDumpPath=c:\Users\STARIM\AppData\Roaming\Code\User\workspaceStorage\f9ab32abbbd5cd031c83568945532e53\redhat.java -Daether.dependencyCollector.impl=bf 
java_command: c:\Users\STARIM\.vscode\extensions\redhat.java-1.27.0-win32-x64\server\plugins\org.eclipse.equinox.launcher_1.6.700.v20231214-2017.jar -configuration c:\Users\STARIM\AppData\Roaming\Code\User\globalStorage\redhat.java\1.27.0\config_win -data c:\Users\STARIM\AppData\Roaming\Code\User\workspaceStorage\f9ab32abbbd5cd031c83568945532e53\redhat.java\jdt_ws --stdio
java_class_path (initial): c:\Users\STARIM\.vscode\extensions\redhat.java-1.27.0-win32-x64\server\plugins\org.eclipse.equinox.launcher_1.6.700.v20231214-2017.jar
Launcher Type: SUN_STANDARD

[Global flags]
    uintx AdaptiveSizePolicyWeight                 = 90                                        {product} {command line}
     intx CICompilerCount                          = 12                                        {product} {ergonomic}
    uintx GCTimeRatio                              = 4                                         {product} {command line}
     bool HeapDumpOnOutOfMemoryError               = true                                   {manageable} {command line}
    ccstr HeapDumpPath                             = c:\Users\STARIM\AppData\Roaming\Code\User\workspaceStorage\f9ab32abbbd5cd031c83568945532e53\redhat.java         {manageable} {command line}
   size_t InitialHeapSize                          = 104857600                                 {product} {command line}
   size_t MaxHeapSize                              = 1073741824                                {product} {command line}
   size_t MaxNewSize                               = 357564416                                 {product} {ergonomic}
   size_t MinHeapDeltaBytes                        = 524288                                    {product} {ergonomic}
   size_t MinHeapSize                              = 104857600                                 {product} {command line}
   size_t NewSize                                  = 34603008                                  {product} {ergonomic}
    uintx NonNMethodCodeHeapSize                   = 7602480                                {pd product} {ergonomic}
    uintx NonProfiledCodeHeapSize                  = 122027880                              {pd product} {ergonomic}
   size_t OldSize                                  = 70254592                                  {product} {ergonomic}
    uintx ProfiledCodeHeapSize                     = 122027880                              {pd product} {ergonomic}
    uintx ReservedCodeCacheSize                    = 251658240                              {pd product} {ergonomic}
     bool SegmentedCodeCache                       = true                                      {product} {ergonomic}
   size_t SoftMaxHeapSize                          = 1073741824                             {manageable} {ergonomic}
     bool UseCompressedClassPointers               = true                           {product lp64_product} {ergonomic}
     bool UseCompressedOops                        = true                           {product lp64_product} {ergonomic}
     bool UseLargePagesIndividualAllocation        = false                                  {pd product} {ergonomic}
     bool UseParallelGC                            = true                                      {product} {command line}

Logging:
Log output configuration:
 #0: stdout all=off uptime,level,tags
 #1: stderr all=off uptime,level,tags

Environment Variables:
PATH=C:\Program Files\Common Files\Oracle\Java\javapath;C:\Windows\system32;C:\Windows;C:\Windows\System32\Wbem;C:\Windows\System32\WindowsPowerShell\v1.0\;C:\Windows\System32\OpenSSH\;C:\Program Files (x86)\NVIDIA Corporation\PhysX\Common;C:\Program Files\dotnet\;C:\Program Files\Microsoft SQL Server\Client SDK\ODBC\170\Tools\Binn\;C:\Program Files (x86)\Microsoft SQL Server\150\Tools\Binn\;C:\Program Files\Microsoft SQL Server\150\Tools\Binn\;C:\Program Files\Microsoft SQL Server\150\DTS\Binn\;C:\WINDOWS\system32;C:\WINDOWS;C:\WINDOWS\System32\Wbem;C:\WINDOWS\System32\WindowsPowerShell\v1.0\;C:\WINDOWS\System32\OpenSSH\;C:\Users\STARIM\Downloads\apache-maven-3.9.5-bin\apache-maven-3.9.5\bin;C:\Program Files\Java\jdk-21;C:\Program Files\Docker\Docker\resources\bin;C:\Program Files\Git\cmd;C:\Users\STARIM\AppData\Roaming\nvm;C:\Program Files\nodejs;C:\Users\STARIM\AppData\Local\Microsoft\WindowsApps;C:\Users\STARIM\.dotnet\tools;C:\Users\STARIM\AppData\Local\Programs\Microsoft VS Code\bin;C:\Users\STARIM\AppData\Local\Programs\mongosh\;C:\Program Files\JetBrains\IntelliJ IDEA Community Edition 2023.2.5\bin;;C:\Users\STARIM\AppData\Roaming\npm;C:\Users\STARIM\AppData\Roaming\nvm;C:\Program Files\nodejs
USERNAME=STARIM
OS=Windows_NT
PROCESSOR_IDENTIFIER=AMD64 Family 23 Model 96 Stepping 1, AuthenticAMD
TMP=C:\Users\STARIM\AppData\Local\Temp
TEMP=C:\Users\STARIM\AppData\Local\Temp



Periodic native trim disabled


---------------  S Y S T E M  ---------------

OS:
 Windows 11 , 64 bit Build 22621 (10.0.22621.3085)
OS uptime: 0 days 5:27 hours
Hyper-V role detected

CPU: total 16 (initial active 16) (16 cores per cpu, 2 threads per core) family 23 model 96 stepping 1 microcode 0x0, cx8, cmov, fxsr, ht, mmx, 3dnowpref, sse, sse2, sse3, ssse3, sse4a, sse4.1, sse4.2, popcnt, lzcnt, tsc, tscinvbit, avx, avx2, aes, clmul, bmi1, bmi2, adx, sha, fma, vzeroupper, clflush, clflushopt, hv
Processor Information for all 16 processors :
  Max Mhz: 2901, Current Mhz: 2901, Mhz Limit: 2901

Memory: 4k page, system-wide physical 7599M (749M free)
TotalPageFile size 15763M (AvailPageFile size 5M)
current process WorkingSet (physical memory assigned to process): 153M, peak: 153M
current process commit charge ("private bytes"): 270M, peak: 271M

vm_info: OpenJDK 64-Bit Server VM (17.0.10+7) for windows-amd64 JRE (17.0.10+7), built on Jan 16 2024 23:25:11 by "admin" with MS VC++ 16.10 / 16.11 (VS2019)

END.
