#
# There is insufficient memory for the Java Runtime Environment to continue.
# Native memory allocation (malloc) failed to allocate 1561312 bytes for Chunk::new
# Possible reasons:
#   The system is out of physical RAM or swap space
#   The process is running with CompressedOops enabled, and the Java Heap may be blocking the growth of the native heap
# Possible solutions:
#   Reduce memory load on the system
#   Increase physical memory or swap space
#   Check if swap backing store is full
#   Decrease Java heap size (-Xmx/-Xms)
#   Decrease number of Java threads
#   Decrease Java thread stack sizes (-Xss)
#   Set larger code cache with -XX:ReservedCodeCacheSize=
#   JVM is running with Unscaled Compressed Oops mode in which the Java heap is
#     placed in the first 4GB address space. The Java Heap base address is the
#     maximum limit for the native heap growth. Please use -XX:HeapBaseMinAddress
#     to set the Java Heap base and to place the Java Heap above 4GB virtual address.
# This output file may be truncated or incomplete.
#
#  Out of Memory Error (arena.cpp:191), pid=1332, tid=23332
#
# JRE version: OpenJDK Runtime Environment Temurin-17.0.9+9 (17.0.9+9) (build 17.0.9+9)
# Java VM: OpenJDK 64-Bit Server VM Temurin-17.0.9+9 (17.0.9+9, mixed mode, tiered, compressed oops, compressed class ptrs, parallel gc, windows-amd64)
# No core dump will be written. Minidumps are not enabled by default on client versions of Windows
#

---------------  S U M M A R Y ------------

Command Line: --add-modules=ALL-SYSTEM --add-opens=java.base/java.util=ALL-UNNAMED --add-opens=java.base/java.lang=ALL-UNNAMED --add-opens=java.base/sun.nio.fs=ALL-UNNAMED -Declipse.application=org.eclipse.jdt.ls.core.id1 -Dosgi.bundles.defaultStartLevel=4 -Declipse.product=org.eclipse.jdt.ls.core.product -Djava.import.generatesMetadataFilesAtProjectRoot=false -DDetectVMInstallationsJob.disabled=true -Dfile.encoding=utf8 -XX:+UseParallelGC -XX:GCTimeRatio=4 -XX:AdaptiveSizePolicyWeight=90 -Dsun.zip.disableMemoryMapping=true -Xmx1G -Xms100m -Xlog:disable -javaagent:c:\Users\STARIM\.vscode\extensions\redhat.java-1.26.0-win32-x64\lombok\lombok-1.18.31-3454.jar -XX:+HeapDumpOnOutOfMemoryError -XX:HeapDumpPath=c:\Users\STARIM\AppData\Roaming\Code\User\workspaceStorage\8f6b0ca312aad867fe6247deca058052\redhat.java -Daether.dependencyCollector.impl=bf c:\Users\STARIM\.vscode\extensions\redhat.java-1.26.0-win32-x64\server\plugins\org.eclipse.equinox.launcher_1.6.700.v20231214-2017.jar -configuration c:\Users\STARIM\AppData\Roaming\Code\User\globalStorage\redhat.java\1.26.0\config_win -data c:\Users\STARIM\AppData\Roaming\Code\User\workspaceStorage\8f6b0ca312aad867fe6247deca058052\redhat.java\jdt_ws --stdio

Host: AMD Ryzen 7 4800H with Radeon Graphics         , 16 cores, 7G,  Windows 11 , 64 bit Build 22621 (10.0.22621.2506)
Time: Sun Jan 21 20:40:16 2024 India Standard Time elapsed time: 8.346672 seconds (0d 0h 0m 8s)

---------------  T H R E A D  ---------------

Current thread (0x0000021cf019e3a0):  JavaThread "C2 CompilerThread0" daemon [_thread_in_native, id=23332, stack(0x0000009afc600000,0x0000009afc700000)]


Current CompileTask:
C2:   8346 8341   !   4       org.codehaus.plexus.interpolation.StringSearchInterpolator::interpolate (668 bytes)

Stack: [0x0000009afc600000,0x0000009afc700000]
Native frames: (J=compiled Java code, j=interpreted, Vv=VM code, C=native code)
V  [jvm.dll+0x67cf49]
V  [jvm.dll+0x83478a]
V  [jvm.dll+0x83624e]
V  [jvm.dll+0x8368b3]
V  [jvm.dll+0x247f1f]
V  [jvm.dll+0xac43c]
V  [jvm.dll+0xaca8c]
V  [jvm.dll+0x367067]
V  [jvm.dll+0x1bd722]
V  [jvm.dll+0x21a709]
V  [jvm.dll+0x2199d1]
V  [jvm.dll+0x1a57cd]
V  [jvm.dll+0x2297ae]
V  [jvm.dll+0x22797c]
V  [jvm.dll+0x7e9877]
V  [jvm.dll+0x7e3c3a]
V  [jvm.dll+0x67be35]
C  [ucrtbase.dll+0x29363]
C  [KERNEL32.DLL+0x1257d]
C  [ntdll.dll+0x5aa58]


---------------  P R O C E S S  ---------------

Threads class SMR info:
_java_thread_list=0x0000021cfc4b6a80, length=43, elements={
0x0000021cdc30e370, 0x0000021cf0195380, 0x0000021cf0196e30, 0x0000021cf0199230,
0x0000021cf019a0b0, 0x0000021cf019af30, 0x0000021cf019d400, 0x0000021cf019e3a0,
0x0000021cf5334c00, 0x0000021cf5348270, 0x0000021cdc371330, 0x0000021cf54b4380,
0x0000021cf73d5ea0, 0x0000021cf73d63c0, 0x0000021cf74d0040, 0x0000021cf7cf28c0,
0x0000021cf7cf35f0, 0x0000021cf53f0e80, 0x0000021cf53f22c0, 0x0000021cf53f3c10,
0x0000021cf53f4120, 0x0000021cf53f1390, 0x0000021cf53f2ce0, 0x0000021cf53f27d0,
0x0000021cf53f18a0, 0x0000021cf53f3700, 0x0000021cf7f21770, 0x0000021cf7f1fe20,
0x0000021cf7f24a10, 0x0000021cfb657a10, 0x0000021cf7f24500, 0x0000021cf7f1eef0,
0x0000021cf7f21260, 0x0000021cf7f21c80, 0x0000021cf7f24f20, 0x0000021cf7f25430,
0x0000021cf7f1e9e0, 0x0000021cf7f20330, 0x0000021cf7f1dfc0, 0x0000021cf7f25940,
0x0000021cf7f20840, 0x0000021cf7f20d50, 0x0000021cf7f22190
}

Java Threads: ( => current thread )
  0x0000021cdc30e370 JavaThread "main" [_thread_blocked, id=17008, stack(0x0000009afbd00000,0x0000009afbe00000)]
  0x0000021cf0195380 JavaThread "Reference Handler" daemon [_thread_blocked, id=16252, stack(0x0000009afc000000,0x0000009afc100000)]
  0x0000021cf0196e30 JavaThread "Finalizer" daemon [_thread_blocked, id=21544, stack(0x0000009afc100000,0x0000009afc200000)]
  0x0000021cf0199230 JavaThread "Signal Dispatcher" daemon [_thread_blocked, id=3812, stack(0x0000009afc200000,0x0000009afc300000)]
  0x0000021cf019a0b0 JavaThread "Attach Listener" daemon [_thread_blocked, id=7588, stack(0x0000009afc300000,0x0000009afc400000)]
  0x0000021cf019af30 JavaThread "Service Thread" daemon [_thread_blocked, id=15216, stack(0x0000009afc400000,0x0000009afc500000)]
  0x0000021cf019d400 JavaThread "Monitor Deflation Thread" daemon [_thread_blocked, id=20752, stack(0x0000009afc500000,0x0000009afc600000)]
=>0x0000021cf019e3a0 JavaThread "C2 CompilerThread0" daemon [_thread_in_native, id=23332, stack(0x0000009afc600000,0x0000009afc700000)]
  0x0000021cf5334c00 JavaThread "C1 CompilerThread0" daemon [_thread_blocked, id=16000, stack(0x0000009afc700000,0x0000009afc800000)]
  0x0000021cf5348270 JavaThread "Sweeper thread" daemon [_thread_blocked, id=19880, stack(0x0000009afc800000,0x0000009afc900000)]
  0x0000021cdc371330 JavaThread "Common-Cleaner" daemon [_thread_blocked, id=9140, stack(0x0000009afc900000,0x0000009afca00000)]
  0x0000021cf54b4380 JavaThread "C1 CompilerThread1" daemon [_thread_blocked, id=7820, stack(0x0000009afca00000,0x0000009afcb00000)]
  0x0000021cf73d5ea0 JavaThread "C1 CompilerThread2" daemon [_thread_blocked, id=13892, stack(0x0000009afcc00000,0x0000009afcd00000)]
  0x0000021cf73d63c0 JavaThread "C1 CompilerThread3" daemon [_thread_blocked, id=16028, stack(0x0000009afcd00000,0x0000009afce00000)]
  0x0000021cf74d0040 JavaThread "Notification Thread" daemon [_thread_blocked, id=17104, stack(0x0000009afce00000,0x0000009afcf00000)]
  0x0000021cf7cf28c0 JavaThread "C2 CompilerThread1" daemon [_thread_blocked, id=18156, stack(0x0000009afd400000,0x0000009afd500000)]
  0x0000021cf7cf35f0 JavaThread "C2 CompilerThread2" daemon [_thread_blocked, id=2472, stack(0x0000009afd500000,0x0000009afd600000)]
  0x0000021cf53f0e80 JavaThread "Active Thread: Equinox Container: e4a1b2b6-ce3a-4897-a306-d0e635141aa3" [_thread_blocked, id=22760, stack(0x0000009afd600000,0x0000009afd700000)]
  0x0000021cf53f22c0 JavaThread "Framework Event Dispatcher: Equinox Container: e4a1b2b6-ce3a-4897-a306-d0e635141aa3" daemon [_thread_blocked, id=3104, stack(0x0000009afd700000,0x0000009afd800000)]
  0x0000021cf53f3c10 JavaThread "Start Level: Equinox Container: e4a1b2b6-ce3a-4897-a306-d0e635141aa3" daemon [_thread_blocked, id=1612, stack(0x0000009afd800000,0x0000009afd900000)]
  0x0000021cf53f4120 JavaThread "Bundle File Closer" daemon [_thread_blocked, id=20908, stack(0x0000009afdc00000,0x0000009afdd00000)]
  0x0000021cf53f1390 JavaThread "SCR Component Actor" daemon [_thread_blocked, id=19124, stack(0x0000009afde00000,0x0000009afdf00000)]
  0x0000021cf53f2ce0 JavaThread "SCR Component Registry" daemon [_thread_blocked, id=16296, stack(0x0000009afdb00000,0x0000009afdc00000)]
  0x0000021cf53f27d0 JavaThread "Worker-JM" [_thread_blocked, id=5260, stack(0x0000009afe100000,0x0000009afe200000)]
  0x0000021cf53f18a0 JavaThread "Worker-0: Synchronizing projects" [_thread_blocked, id=2744, stack(0x0000009afe300000,0x0000009afe400000)]
  0x0000021cf53f3700 JavaThread "Worker-1: Initialize workspace" [_thread_blocked, id=14900, stack(0x0000009afe400000,0x0000009afe500000)]
  0x0000021cf7f21770 JavaThread "Java indexing" daemon [_thread_blocked, id=19376, stack(0x0000009afe600000,0x0000009afe700000)]
  0x0000021cf7f1fe20 JavaThread "JNA Cleaner" daemon [_thread_blocked, id=17740, stack(0x0000009afe700000,0x0000009afe800000)]
  0x0000021cf7f24a10 JavaThread "pool-2-thread-1" [_thread_blocked, id=22988, stack(0x0000009afe800000,0x0000009afe900000)]
  0x0000021cfb657a10 JavaThread "C2 CompilerThread3" daemon [_thread_blocked, id=21652, stack(0x0000009afe900000,0x0000009afea00000)]
  0x0000021cf7f24500 JavaThread "Worker-2: Initialize Workspace" [_thread_blocked, id=23020, stack(0x0000009afea00000,0x0000009afeb00000)]
  0x0000021cf7f1eef0 JavaThread "WorkspaceEventsHandler" [_thread_blocked, id=19184, stack(0x0000009afeb00000,0x0000009afec00000)]
  0x0000021cf7f21260 JavaThread "pool-1-thread-1" [_thread_in_native, id=380, stack(0x0000009afec00000,0x0000009afed00000)]
  0x0000021cf7f21c80 JavaThread "Worker-3: Update project food-ordering" [_thread_in_Java, id=15272, stack(0x0000009afed00000,0x0000009afee00000)]
  0x0000021cf7f24f20 JavaThread "Worker-4: Refreshing workspace" [_thread_blocked, id=20124, stack(0x0000009afee00000,0x0000009afef00000)]
  0x0000021cf7f25430 JavaThread "ForkJoinPool.commonPool-worker-1" daemon [_thread_blocked, id=20784, stack(0x0000009afef00000,0x0000009aff000000)]
  0x0000021cf7f1e9e0 JavaThread "ForkJoinPool.commonPool-worker-2" daemon [_thread_blocked, id=14904, stack(0x0000009aff000000,0x0000009aff100000)]
  0x0000021cf7f20330 JavaThread "Worker-5" [_thread_blocked, id=4628, stack(0x0000009aff100000,0x0000009aff200000)]
  0x0000021cf7f1dfc0 JavaThread "Worker-6" [_thread_blocked, id=20844, stack(0x0000009aff200000,0x0000009aff300000)]
  0x0000021cf7f25940 JavaThread "Worker-7" [_thread_blocked, id=14868, stack(0x0000009aff300000,0x0000009aff400000)]
  0x0000021cf7f20840 JavaThread "ForkJoinPool.commonPool-worker-3" daemon [_thread_blocked, id=21260, stack(0x0000009aff400000,0x0000009aff500000)]
  0x0000021cf7f20d50 JavaThread "ForkJoinPool.commonPool-worker-4" daemon [_thread_blocked, id=7164, stack(0x0000009aff500000,0x0000009aff600000)]
  0x0000021cf7f22190 JavaThread "ForkJoinPool.commonPool-worker-5" daemon [_thread_blocked, id=21868, stack(0x0000009aff600000,0x0000009aff700000)]

Other Threads:
  0x0000021cdc3b9c00 VMThread "VM Thread" [stack: 0x0000009afbf00000,0x0000009afc000000] [id=9604]
  0x0000021cf74d0520 WatcherThread [stack: 0x0000009afcf00000,0x0000009afd000000] [id=21248]
  0x0000021cdc323b40 GCTaskThread "GC Thread#0" [stack: 0x0000009afbe00000,0x0000009afbf00000] [id=4752]
  0x0000021cf75aa200 GCTaskThread "GC Thread#1" [stack: 0x0000009afcb00000,0x0000009afcc00000] [id=12504]
  0x0000021cf75aa4c0 GCTaskThread "GC Thread#2" [stack: 0x0000009afd000000,0x0000009afd100000] [id=22808]
  0x0000021cf7a204c0 GCTaskThread "GC Thread#3" [stack: 0x0000009afd100000,0x0000009afd200000] [id=8800]
  0x0000021cf767f4c0 GCTaskThread "GC Thread#4" [stack: 0x0000009afd200000,0x0000009afd300000] [id=4356]
  0x0000021cf767f780 GCTaskThread "GC Thread#5" [stack: 0x0000009afd300000,0x0000009afd400000] [id=20884]
  0x0000021cf7ed2090 GCTaskThread "GC Thread#6" [stack: 0x0000009afd900000,0x0000009afda00000] [id=4496]
  0x0000021cf8164560 GCTaskThread "GC Thread#7" [stack: 0x0000009afda00000,0x0000009afdb00000] [id=2920]
  0x0000021cf8573e70 GCTaskThread "GC Thread#8" [stack: 0x0000009afdd00000,0x0000009afde00000] [id=23128]
  0x0000021cf7e73240 GCTaskThread "GC Thread#9" [stack: 0x0000009afdf00000,0x0000009afe000000] [id=8320]
  0x0000021cf81443f0 GCTaskThread "GC Thread#10" [stack: 0x0000009afe000000,0x0000009afe100000] [id=22552]
  0x0000021cf863c040 GCTaskThread "GC Thread#11" [stack: 0x0000009afe200000,0x0000009afe300000] [id=15176]
  0x0000021cf804b5d0 GCTaskThread "GC Thread#12" [stack: 0x0000009afe500000,0x0000009afe600000] [id=21716]

Threads with active compile tasks:
C2 CompilerThread0     8365 8341   !   4       org.codehaus.plexus.interpolation.StringSearchInterpolator::interpolate (668 bytes)

VM state: not at safepoint (normal execution)

VM Mutex/Monitor currently owned by a thread: None

Heap address: 0x00000000c0000000, size: 1024 MB, Compressed Oops mode: 32-bit

CDS archive(s) not mapped
Compressed class space mapped at: 0x0000000100000000-0x0000000140000000, reserved size: 1073741824
Narrow klass base: 0x0000000000000000, Narrow klass shift: 3, Narrow klass range: 0x140000000

GC Precious Log:
 CPUs: 16 total, 16 available
 Memory: 7599M
 Large Page Support: Disabled
 NUMA Support: Disabled
 Compressed Oops: Enabled (32-bit)
 Alignments: Space 512K, Generation 512K, Heap 2M
 Heap Min Capacity: 100M
 Heap Initial Capacity: 100M
 Heap Max Capacity: 1G
 Pre-touch: Disabled
 Parallel Workers: 13

Heap:
 PSYoungGen      total 19456K, used 4838K [0x00000000eab00000, 0x00000000ec000000, 0x0000000100000000)
  eden space 18432K, 20% used [0x00000000eab00000,0x00000000eaebd9a8,0x00000000ebd00000)
  from space 1024K, 98% used [0x00000000ebe80000,0x00000000ebf7c010,0x00000000ebf80000)
  to   space 1536K, 0% used [0x00000000ebd00000,0x00000000ebd00000,0x00000000ebe80000)
 ParOldGen       total 68608K, used 39822K [0x00000000c0000000, 0x00000000c4300000, 0x00000000eab00000)
  object space 68608K, 58% used [0x00000000c0000000,0x00000000c26e3b38,0x00000000c4300000)
 Metaspace       used 60757K, committed 62016K, reserved 1114112K
  class space    used 6556K, committed 7168K, reserved 1048576K

Card table byte_map: [0x0000021cdbca0000,0x0000021cdbeb0000] _byte_map_base: 0x0000021cdb6a0000

Marking Bits: (ParMarkBitMap*) 0x00007fff861bd0b0
 Begin Bits: [0x0000021cedfa0000, 0x0000021ceefa0000)
 End Bits:   [0x0000021ceefa0000, 0x0000021ceffa0000)

Polling page: 0x0000021cda220000

Metaspace:

Usage:
  Non-class:     52.93 MB used.
      Class:      6.40 MB used.
       Both:     59.33 MB used.

Virtual space:
  Non-class space:       64.00 MB reserved,      53.56 MB ( 84%) committed,  1 nodes.
      Class space:        1.00 GB reserved,       7.00 MB ( <1%) committed,  1 nodes.
             Both:        1.06 GB reserved,      60.56 MB (  6%) committed. 

Chunk freelists:
   Non-Class:  10.31 MB
       Class:  9.05 MB
        Both:  19.36 MB

MaxMetaspaceSize: unlimited
CompressedClassSpaceSize: 1.00 GB
Initial GC threshold: 21.00 MB
Current GC threshold: 97.31 MB
CDS: off
MetaspaceReclaimPolicy: balanced
 - commit_granule_bytes: 65536.
 - commit_granule_words: 8192.
 - virtual_space_node_default_size: 8388608.
 - enlarge_chunks_in_place: 1.
 - new_chunks_are_fully_committed: 0.
 - uncommit_free_chunks: 1.
 - use_allocation_guard: 0.
 - handle_deallocations: 1.


Internal statistics:

num_allocs_failed_limit: 9.
num_arena_births: 784.
num_arena_deaths: 14.
num_vsnodes_births: 2.
num_vsnodes_deaths: 0.
num_space_committed: 969.
num_space_uncommitted: 0.
num_chunks_returned_to_freelist: 23.
num_chunks_taken_from_freelist: 3310.
num_chunk_merges: 14.
num_chunk_splits: 2008.
num_chunks_enlarged: 1082.
num_inconsistent_stats: 0.

CodeHeap 'non-profiled nmethods': size=119168Kb used=4468Kb max_used=4468Kb free=114700Kb
 bounds [0x0000021ce6b40000, 0x0000021ce6fa0000, 0x0000021cedfa0000]
CodeHeap 'profiled nmethods': size=119104Kb used=16777Kb max_used=16777Kb free=102327Kb
 bounds [0x0000021cdefa0000, 0x0000021ce0010000, 0x0000021ce63f0000]
CodeHeap 'non-nmethods': size=7488Kb used=3005Kb max_used=3061Kb free=4482Kb
 bounds [0x0000021ce63f0000, 0x0000021ce6700000, 0x0000021ce6b40000]
 total_blobs=8530 nmethods=7881 adapters=559
 compilation: enabled
              stopped_count=0, restarted_count=0
 full_count=0

Compilation events (20 events):
Event: 8.285 Thread 0x0000021cf5334c00 nmethod 8644 0x0000021cdffef210 code [0x0000021cdffef3e0, 0x0000021cdffef798]
Event: 8.285 Thread 0x0000021cf54b4380 8645       1       sun.util.calendar.CalendarDate::setLeapYear (6 bytes)
Event: 8.285 Thread 0x0000021cf54b4380 nmethod 8645 0x0000021ce6f9b210 code [0x0000021ce6f9b3a0, 0x0000021ce6f9b478]
Event: 8.320 Thread 0x0000021cf73d5ea0 8646 %     3       java.util.Properties::load0 @ 29 (249 bytes)
Event: 8.321 Thread 0x0000021cf73d5ea0 nmethod 8646% 0x0000021cdffef910 code [0x0000021cdffefb60, 0x0000021cdfff06a8]
Event: 8.322 Thread 0x0000021cf7cf35f0 8647       4       java.util.ArrayDeque::poll (5 bytes)
Event: 8.323 Thread 0x0000021cf7cf35f0 nmethod 8647 0x0000021ce6f9b510 code [0x0000021ce6f9b680, 0x0000021ce6f9b758]
Event: 8.334 Thread 0x0000021cf5334c00 8648       3       java.io.BufferedOutputStream::flushBuffer (29 bytes)
Event: 8.334 Thread 0x0000021cf5334c00 nmethod 8648 0x0000021cdfff0a90 code [0x0000021cdfff0c40, 0x0000021cdfff0e68]
Event: 8.335 Thread 0x0000021cf7cf35f0 8649       4       java.lang.StringUTF16::getChars (42 bytes)
Event: 8.335 Thread 0x0000021cf5334c00 8650   !   3       org.codehaus.plexus.util.xml.pull.MXParser::parseComment (590 bytes)
Event: 8.335 Thread 0x0000021cf73d5ea0 8651       3       org.eclipse.m2e.core.internal.lifecyclemapping.model.io.xpp3.LifecycleMappingMetadataSourceXpp3Reader::checkFieldWithDuplicate (72 bytes)
Event: 8.336 Thread 0x0000021cfb657a10 8652       4       java.util.StringTokenizer::hasMoreTokens (29 bytes)
Event: 8.336 Thread 0x0000021cf73d5ea0 nmethod 8651 0x0000021cdfff0f10 code [0x0000021cdfff11a0, 0x0000021cdfff1b48]
Event: 8.338 Thread 0x0000021cf5334c00 nmethod 8650 0x0000021cdfff1f90 code [0x0000021cdfff2480, 0x0000021cdfff4688]
Event: 8.340 Thread 0x0000021cf7cf35f0 nmethod 8649 0x0000021ce6f9b890 code [0x0000021ce6f9ba20, 0x0000021ce6f9bc58]
Event: 8.340 Thread 0x0000021cfb657a10 nmethod 8652 0x0000021ce6f9be90 code [0x0000021ce6f9c040, 0x0000021ce6f9c398]
Event: 8.342 Thread 0x0000021cf5334c00 8653       3       jdk.internal.org.objectweb.asm.AnnotationWriter::putAnnotations (110 bytes)
Event: 8.342 Thread 0x0000021cf5334c00 nmethod 8653 0x0000021cdfff5790 code [0x0000021cdfff5980, 0x0000021cdfff5d88]
Event: 8.343 Thread 0x0000021cf54b4380 8654       3       java.lang.invoke.MethodHandles$Lookup::findConstructor (61 bytes)

GC Heap History (20 events):
Event: 6.907 GC heap before
{Heap before GC invocations=26 (full 2):
 PSYoungGen      total 22528K, used 22176K [0x00000000eab00000, 0x00000000ec380000, 0x0000000100000000)
  eden space 19968K, 100% used [0x00000000eab00000,0x00000000ebe80000,0x00000000ebe80000)
  from space 2560K, 86% used [0x00000000ebf00000,0x00000000ec128010,0x00000000ec180000)
  to   space 2048K, 0% used [0x00000000ec180000,0x00000000ec180000,0x00000000ec380000)
 ParOldGen       total 68608K, used 30937K [0x00000000c0000000, 0x00000000c4300000, 0x00000000eab00000)
  object space 68608K, 45% used [0x00000000c0000000,0x00000000c1e36638,0x00000000c4300000)
 Metaspace       used 52963K, committed 54080K, reserved 1114112K
  class space    used 5730K, committed 6208K, reserved 1048576K
}
Event: 6.910 GC heap after
{Heap after GC invocations=26 (full 2):
 PSYoungGen      total 20480K, used 2048K [0x00000000eab00000, 0x00000000ec780000, 0x0000000100000000)
  eden space 18432K, 0% used [0x00000000eab00000,0x00000000eab00000,0x00000000ebd00000)
  from space 2048K, 100% used [0x00000000ec180000,0x00000000ec380000,0x00000000ec380000)
  to   space 4608K, 0% used [0x00000000ebd00000,0x00000000ebd00000,0x00000000ec180000)
 ParOldGen       total 68608K, used 33057K [0x00000000c0000000, 0x00000000c4300000, 0x00000000eab00000)
  object space 68608K, 48% used [0x00000000c0000000,0x00000000c2048648,0x00000000c4300000)
 Metaspace       used 52963K, committed 54080K, reserved 1114112K
  class space    used 5730K, committed 6208K, reserved 1048576K
}
Event: 7.101 GC heap before
{Heap before GC invocations=27 (full 2):
 PSYoungGen      total 20480K, used 20479K [0x00000000eab00000, 0x00000000ec780000, 0x0000000100000000)
  eden space 18432K, 99% used [0x00000000eab00000,0x00000000ebcffff8,0x00000000ebd00000)
  from space 2048K, 100% used [0x00000000ec180000,0x00000000ec380000,0x00000000ec380000)
  to   space 4608K, 0% used [0x00000000ebd00000,0x00000000ebd00000,0x00000000ec180000)
 ParOldGen       total 68608K, used 33057K [0x00000000c0000000, 0x00000000c4300000, 0x00000000eab00000)
  object space 68608K, 48% used [0x00000000c0000000,0x00000000c2048648,0x00000000c4300000)
 Metaspace       used 54055K, committed 55296K, reserved 1114112K
  class space    used 5845K, committed 6400K, reserved 1048576K
}
Event: 7.106 GC heap after
{Heap after GC invocations=27 (full 2):
 PSYoungGen      total 19968K, used 1424K [0x00000000eab00000, 0x00000000ec200000, 0x0000000100000000)
  eden space 18432K, 0% used [0x00000000eab00000,0x00000000eab00000,0x00000000ebd00000)
  from space 1536K, 92% used [0x00000000ebd00000,0x00000000ebe64010,0x00000000ebe80000)
  to   space 2560K, 0% used [0x00000000ebf80000,0x00000000ebf80000,0x00000000ec200000)
 ParOldGen       total 68608K, used 35135K [0x00000000c0000000, 0x00000000c4300000, 0x00000000eab00000)
  object space 68608K, 51% used [0x00000000c0000000,0x00000000c224fec8,0x00000000c4300000)
 Metaspace       used 54055K, committed 55296K, reserved 1114112K
  class space    used 5845K, committed 6400K, reserved 1048576K
}
Event: 7.221 GC heap before
{Heap before GC invocations=28 (full 2):
 PSYoungGen      total 19968K, used 19856K [0x00000000eab00000, 0x00000000ec200000, 0x0000000100000000)
  eden space 18432K, 100% used [0x00000000eab00000,0x00000000ebd00000,0x00000000ebd00000)
  from space 1536K, 92% used [0x00000000ebd00000,0x00000000ebe64010,0x00000000ebe80000)
  to   space 2560K, 0% used [0x00000000ebf80000,0x00000000ebf80000,0x00000000ec200000)
 ParOldGen       total 68608K, used 35135K [0x00000000c0000000, 0x00000000c4300000, 0x00000000eab00000)
  object space 68608K, 51% used [0x00000000c0000000,0x00000000c224fec8,0x00000000c4300000)
 Metaspace       used 55252K, committed 56448K, reserved 1114112K
  class space    used 5974K, committed 6528K, reserved 1048576K
}
Event: 7.224 GC heap after
{Heap after GC invocations=28 (full 2):
 PSYoungGen      total 20480K, used 1728K [0x00000000eab00000, 0x00000000ec180000, 0x0000000100000000)
  eden space 18432K, 0% used [0x00000000eab00000,0x00000000eab00000,0x00000000ebd00000)
  from space 2048K, 84% used [0x00000000ebf80000,0x00000000ec130000,0x00000000ec180000)
  to   space 2048K, 0% used [0x00000000ebd80000,0x00000000ebd80000,0x00000000ebf80000)
 ParOldGen       total 68608K, used 36388K [0x00000000c0000000, 0x00000000c4300000, 0x00000000eab00000)
  object space 68608K, 53% used [0x00000000c0000000,0x00000000c2389378,0x00000000c4300000)
 Metaspace       used 55252K, committed 56448K, reserved 1114112K
  class space    used 5974K, committed 6528K, reserved 1048576K
}
Event: 7.408 GC heap before
{Heap before GC invocations=29 (full 2):
 PSYoungGen      total 20480K, used 20160K [0x00000000eab00000, 0x00000000ec180000, 0x0000000100000000)
  eden space 18432K, 100% used [0x00000000eab00000,0x00000000ebd00000,0x00000000ebd00000)
  from space 2048K, 84% used [0x00000000ebf80000,0x00000000ec130000,0x00000000ec180000)
  to   space 2048K, 0% used [0x00000000ebd80000,0x00000000ebd80000,0x00000000ebf80000)
 ParOldGen       total 68608K, used 36388K [0x00000000c0000000, 0x00000000c4300000, 0x00000000eab00000)
  object space 68608K, 53% used [0x00000000c0000000,0x00000000c2389378,0x00000000c4300000)
 Metaspace       used 56608K, committed 57792K, reserved 1114112K
  class space    used 6121K, committed 6656K, reserved 1048576K
}
Event: 7.410 GC heap after
{Heap after GC invocations=29 (full 2):
 PSYoungGen      total 20480K, used 1577K [0x00000000eab00000, 0x00000000ec100000, 0x0000000100000000)
  eden space 18432K, 0% used [0x00000000eab00000,0x00000000eab00000,0x00000000ebd00000)
  from space 2048K, 77% used [0x00000000ebd80000,0x00000000ebf0a620,0x00000000ebf80000)
  to   space 1536K, 0% used [0x00000000ebf80000,0x00000000ebf80000,0x00000000ec100000)
 ParOldGen       total 68608K, used 37832K [0x00000000c0000000, 0x00000000c4300000, 0x00000000eab00000)
  object space 68608K, 55% used [0x00000000c0000000,0x00000000c24f2058,0x00000000c4300000)
 Metaspace       used 56608K, committed 57792K, reserved 1114112K
  class space    used 6121K, committed 6656K, reserved 1048576K
}
Event: 7.580 GC heap before
{Heap before GC invocations=30 (full 2):
 PSYoungGen      total 20480K, used 20009K [0x00000000eab00000, 0x00000000ec100000, 0x0000000100000000)
  eden space 18432K, 100% used [0x00000000eab00000,0x00000000ebd00000,0x00000000ebd00000)
  from space 2048K, 77% used [0x00000000ebd80000,0x00000000ebf0a620,0x00000000ebf80000)
  to   space 1536K, 0% used [0x00000000ebf80000,0x00000000ebf80000,0x00000000ec100000)
 ParOldGen       total 68608K, used 37832K [0x00000000c0000000, 0x00000000c4300000, 0x00000000eab00000)
  object space 68608K, 55% used [0x00000000c0000000,0x00000000c24f2058,0x00000000c4300000)
 Metaspace       used 56963K, committed 58240K, reserved 1114112K
  class space    used 6172K, committed 6720K, reserved 1048576K
}
Event: 7.583 GC heap after
{Heap after GC invocations=30 (full 2):
 PSYoungGen      total 19968K, used 1424K [0x00000000eab00000, 0x00000000ec100000, 0x0000000100000000)
  eden space 18432K, 0% used [0x00000000eab00000,0x00000000eab00000,0x00000000ebd00000)
  from space 1536K, 92% used [0x00000000ebf80000,0x00000000ec0e4010,0x00000000ec100000)
  to   space 1536K, 0% used [0x00000000ebe00000,0x00000000ebe00000,0x00000000ebf80000)
 ParOldGen       total 68608K, used 39114K [0x00000000c0000000, 0x00000000c4300000, 0x00000000eab00000)
  object space 68608K, 57% used [0x00000000c0000000,0x00000000c26328b0,0x00000000c4300000)
 Metaspace       used 56963K, committed 58240K, reserved 1114112K
  class space    used 6172K, committed 6720K, reserved 1048576K
}
Event: 7.783 GC heap before
{Heap before GC invocations=31 (full 2):
 PSYoungGen      total 19968K, used 19856K [0x00000000eab00000, 0x00000000ec100000, 0x0000000100000000)
  eden space 18432K, 100% used [0x00000000eab00000,0x00000000ebd00000,0x00000000ebd00000)
  from space 1536K, 92% used [0x00000000ebf80000,0x00000000ec0e4010,0x00000000ec100000)
  to   space 1536K, 0% used [0x00000000ebe00000,0x00000000ebe00000,0x00000000ebf80000)
 ParOldGen       total 68608K, used 39114K [0x00000000c0000000, 0x00000000c4300000, 0x00000000eab00000)
  object space 68608K, 57% used [0x00000000c0000000,0x00000000c26328b0,0x00000000c4300000)
 Metaspace       used 57447K, committed 58688K, reserved 1114112K
  class space    used 6211K, committed 6784K, reserved 1048576K
}
Event: 7.785 GC heap after
{Heap after GC invocations=31 (full 2):
 PSYoungGen      total 19456K, used 768K [0x00000000eab00000, 0x00000000ec000000, 0x0000000100000000)
  eden space 18432K, 0% used [0x00000000eab00000,0x00000000eab00000,0x00000000ebd00000)
  from space 1024K, 75% used [0x00000000ebe00000,0x00000000ebec0000,0x00000000ebf00000)
  to   space 1024K, 0% used [0x00000000ebf00000,0x00000000ebf00000,0x00000000ec000000)
 ParOldGen       total 68608K, used 40387K [0x00000000c0000000, 0x00000000c4300000, 0x00000000eab00000)
  object space 68608K, 58% used [0x00000000c0000000,0x00000000c2770fe8,0x00000000c4300000)
 Metaspace       used 57447K, committed 58688K, reserved 1114112K
  class space    used 6211K, committed 6784K, reserved 1048576K
}
Event: 7.916 GC heap before
{Heap before GC invocations=32 (full 2):
 PSYoungGen      total 19456K, used 19200K [0x00000000eab00000, 0x00000000ec000000, 0x0000000100000000)
  eden space 18432K, 100% used [0x00000000eab00000,0x00000000ebd00000,0x00000000ebd00000)
  from space 1024K, 75% used [0x00000000ebe00000,0x00000000ebec0000,0x00000000ebf00000)
  to   space 1024K, 0% used [0x00000000ebf00000,0x00000000ebf00000,0x00000000ec000000)
 ParOldGen       total 68608K, used 40387K [0x00000000c0000000, 0x00000000c4300000, 0x00000000eab00000)
  object space 68608K, 58% used [0x00000000c0000000,0x00000000c2770fe8,0x00000000c4300000)
 Metaspace       used 58023K, committed 59200K, reserved 1114112K
  class space    used 6260K, committed 6784K, reserved 1048576K
}
Event: 7.918 GC heap after
{Heap after GC invocations=32 (full 2):
 PSYoungGen      total 19456K, used 992K [0x00000000eab00000, 0x00000000ec100000, 0x0000000100000000)
  eden space 18432K, 0% used [0x00000000eab00000,0x00000000eab00000,0x00000000ebd00000)
  from space 1024K, 96% used [0x00000000ebf00000,0x00000000ebff8010,0x00000000ec000000)
  to   space 2048K, 0% used [0x00000000ebd00000,0x00000000ebd00000,0x00000000ebf00000)
 ParOldGen       total 68608K, used 41065K [0x00000000c0000000, 0x00000000c4300000, 0x00000000eab00000)
  object space 68608K, 59% used [0x00000000c0000000,0x00000000c281a6b8,0x00000000c4300000)
 Metaspace       used 58023K, committed 59200K, reserved 1114112K
  class space    used 6260K, committed 6784K, reserved 1048576K
}
Event: 7.973 GC heap before
{Heap before GC invocations=33 (full 2):
 PSYoungGen      total 19456K, used 9132K [0x00000000eab00000, 0x00000000ec100000, 0x0000000100000000)
  eden space 18432K, 44% used [0x00000000eab00000,0x00000000eb2f31b8,0x00000000ebd00000)
  from space 1024K, 96% used [0x00000000ebf00000,0x00000000ebff8010,0x00000000ec000000)
  to   space 2048K, 0% used [0x00000000ebd00000,0x00000000ebd00000,0x00000000ebf00000)
 ParOldGen       total 68608K, used 41065K [0x00000000c0000000, 0x00000000c4300000, 0x00000000eab00000)
  object space 68608K, 59% used [0x00000000c0000000,0x00000000c281a6b8,0x00000000c4300000)
 Metaspace       used 58575K, committed 59776K, reserved 1114112K
  class space    used 6322K, committed 6912K, reserved 1048576K
}
Event: 7.974 GC heap after
{Heap after GC invocations=33 (full 2):
 PSYoungGen      total 18944K, used 480K [0x00000000eab00000, 0x00000000ebf80000, 0x0000000100000000)
  eden space 18432K, 0% used [0x00000000eab00000,0x00000000eab00000,0x00000000ebd00000)
  from space 512K, 93% used [0x00000000ebd00000,0x00000000ebd78000,0x00000000ebd80000)
  to   space 1024K, 0% used [0x00000000ebe80000,0x00000000ebe80000,0x00000000ebf80000)
 ParOldGen       total 68608K, used 41973K [0x00000000c0000000, 0x00000000c4300000, 0x00000000eab00000)
  object space 68608K, 61% used [0x00000000c0000000,0x00000000c28fd6c8,0x00000000c4300000)
 Metaspace       used 58575K, committed 59776K, reserved 1114112K
  class space    used 6322K, committed 6912K, reserved 1048576K
}
Event: 7.974 GC heap before
{Heap before GC invocations=34 (full 3):
 PSYoungGen      total 18944K, used 480K [0x00000000eab00000, 0x00000000ebf80000, 0x0000000100000000)
  eden space 18432K, 0% used [0x00000000eab00000,0x00000000eab00000,0x00000000ebd00000)
  from space 512K, 93% used [0x00000000ebd00000,0x00000000ebd78000,0x00000000ebd80000)
  to   space 1024K, 0% used [0x00000000ebe80000,0x00000000ebe80000,0x00000000ebf80000)
 ParOldGen       total 68608K, used 41973K [0x00000000c0000000, 0x00000000c4300000, 0x00000000eab00000)
  object space 68608K, 61% used [0x00000000c0000000,0x00000000c28fd6c8,0x00000000c4300000)
 Metaspace       used 58575K, committed 59776K, reserved 1114112K
  class space    used 6322K, committed 6912K, reserved 1048576K
}
Event: 8.027 GC heap after
{Heap after GC invocations=34 (full 3):
 PSYoungGen      total 18944K, used 0K [0x00000000eab00000, 0x00000000ebf80000, 0x0000000100000000)
  eden space 18432K, 0% used [0x00000000eab00000,0x00000000eab00000,0x00000000ebd00000)
  from space 512K, 0% used [0x00000000ebd00000,0x00000000ebd00000,0x00000000ebd80000)
  to   space 1024K, 0% used [0x00000000ebe80000,0x00000000ebe80000,0x00000000ebf80000)
 ParOldGen       total 68608K, used 39798K [0x00000000c0000000, 0x00000000c4300000, 0x00000000eab00000)
  object space 68608K, 58% used [0x00000000c0000000,0x00000000c26ddb38,0x00000000c4300000)
 Metaspace       used 58575K, committed 59776K, reserved 1114112K
  class space    used 6322K, committed 6912K, reserved 1048576K
}
Event: 8.250 GC heap before
{Heap before GC invocations=35 (full 3):
 PSYoungGen      total 18944K, used 18432K [0x00000000eab00000, 0x00000000ebf80000, 0x0000000100000000)
  eden space 18432K, 100% used [0x00000000eab00000,0x00000000ebd00000,0x00000000ebd00000)
  from space 512K, 0% used [0x00000000ebd00000,0x00000000ebd00000,0x00000000ebd80000)
  to   space 1024K, 0% used [0x00000000ebe80000,0x00000000ebe80000,0x00000000ebf80000)
 ParOldGen       total 68608K, used 39798K [0x00000000c0000000, 0x00000000c4300000, 0x00000000eab00000)
  object space 68608K, 58% used [0x00000000c0000000,0x00000000c26ddb38,0x00000000c4300000)
 Metaspace       used 60436K, committed 61696K, reserved 1114112K
  class space    used 6527K, committed 7104K, reserved 1048576K
}
Event: 8.253 GC heap after
{Heap after GC invocations=35 (full 3):
 PSYoungGen      total 19456K, used 1008K [0x00000000eab00000, 0x00000000ec000000, 0x0000000100000000)
  eden space 18432K, 0% used [0x00000000eab00000,0x00000000eab00000,0x00000000ebd00000)
  from space 1024K, 98% used [0x00000000ebe80000,0x00000000ebf7c010,0x00000000ebf80000)
  to   space 1536K, 0% used [0x00000000ebd00000,0x00000000ebd00000,0x00000000ebe80000)
 ParOldGen       total 68608K, used 39822K [0x00000000c0000000, 0x00000000c4300000, 0x00000000eab00000)
  object space 68608K, 58% used [0x00000000c0000000,0x00000000c26e3b38,0x00000000c4300000)
 Metaspace       used 60436K, committed 61696K, reserved 1114112K
  class space    used 6527K, committed 7104K, reserved 1048576K
}

Dll operation events (10 events):
Event: 0.013 Loaded shared library c:\Users\STARIM\.vscode\extensions\redhat.java-1.26.0-win32-x64\jre\17.0.9-win32-x86_64\bin\java.dll
Event: 0.246 Loaded shared library c:\Users\STARIM\.vscode\extensions\redhat.java-1.26.0-win32-x64\jre\17.0.9-win32-x86_64\bin\zip.dll
Event: 0.251 Loaded shared library C:\Users\STARIM\.vscode\extensions\redhat.java-1.26.0-win32-x64\jre\17.0.9-win32-x86_64\bin\instrument.dll
Event: 0.269 Loaded shared library C:\Users\STARIM\.vscode\extensions\redhat.java-1.26.0-win32-x64\jre\17.0.9-win32-x86_64\bin\net.dll
Event: 0.271 Loaded shared library C:\Users\STARIM\.vscode\extensions\redhat.java-1.26.0-win32-x64\jre\17.0.9-win32-x86_64\bin\nio.dll
Event: 0.278 Loaded shared library C:\Users\STARIM\.vscode\extensions\redhat.java-1.26.0-win32-x64\jre\17.0.9-win32-x86_64\bin\zip.dll
Event: 0.293 Loaded shared library C:\Users\STARIM\.vscode\extensions\redhat.java-1.26.0-win32-x64\jre\17.0.9-win32-x86_64\bin\jimage.dll
Event: 0.363 Loaded shared library c:\Users\STARIM\.vscode\extensions\redhat.java-1.26.0-win32-x64\jre\17.0.9-win32-x86_64\bin\verify.dll
Event: 1.849 Loaded shared library C:\Users\STARIM\AppData\Roaming\Code\User\globalStorage\redhat.java\1.26.0\config_win\org.eclipse.equinox.launcher\org.eclipse.equinox.launcher.win32.win32.x86_64_1.2.800.v20231003-1442\eclipse_11802.dll
Event: 4.415 Loaded shared library C:\Users\STARIM\AppData\Local\Temp\jna--1839154442\jna2483779496407870582.dll

Deoptimization events (20 events):
Event: 8.167 Thread 0x0000021cf7f21c80 Uncommon trap: trap_request=0xffffff45 fr.pc=0x0000021ce6f355dc relative=0x000000000000065c
Event: 8.167 Thread 0x0000021cf7f21c80 Uncommon trap: reason=unstable_if action=reinterpret pc=0x0000021ce6f355dc method=org.codehaus.plexus.util.xml.pull.MXParser.parseComment()V @ 28 c2
Event: 8.167 Thread 0x0000021cf7f21c80 DEOPT PACKING pc=0x0000021ce6f355dc sp=0x0000009afedfdce0
Event: 8.167 Thread 0x0000021cf7f21c80 DEOPT UNPACKING pc=0x0000021ce64466a3 sp=0x0000009afedfdc68 mode 2
Event: 8.192 Thread 0x0000021cf7f22190 Uncommon trap: trap_request=0xffffff45 fr.pc=0x0000021ce6cb3bf4 relative=0x00000000000000d4
Event: 8.192 Thread 0x0000021cf7f22190 Uncommon trap: reason=unstable_if action=reinterpret pc=0x0000021ce6cb3bf4 method=java.util.concurrent.locks.ReentrantLock$Sync.lock()V @ 4 c2
Event: 8.192 Thread 0x0000021cf7f22190 DEOPT PACKING pc=0x0000021ce6cb3bf4 sp=0x0000009aff6ff080
Event: 8.192 Thread 0x0000021cf7f22190 DEOPT UNPACKING pc=0x0000021ce64466a3 sp=0x0000009aff6fefc0 mode 2
Event: 8.208 Thread 0x0000021cf7f21c80 Uncommon trap: trap_request=0xffffff45 fr.pc=0x0000021ce6d51848 relative=0x00000000000004e8
Event: 8.209 Thread 0x0000021cf7f21c80 Uncommon trap: reason=unstable_if action=reinterpret pc=0x0000021ce6d51848 method=java.util.Properties.load0(Ljava/util/Properties$LineReader;)V @ 114 c2
Event: 8.209 Thread 0x0000021cf7f21c80 DEOPT PACKING pc=0x0000021ce6d51848 sp=0x0000009afedfd930
Event: 8.209 Thread 0x0000021cf7f21c80 DEOPT UNPACKING pc=0x0000021ce64466a3 sp=0x0000009afedfd8a8 mode 2
Event: 8.260 Thread 0x0000021cf7f21c80 Uncommon trap: trap_request=0xffffff45 fr.pc=0x0000021ce6d18a84 relative=0x00000000000005a4
Event: 8.260 Thread 0x0000021cf7f21c80 Uncommon trap: reason=unstable_if action=reinterpret pc=0x0000021ce6d18a84 method=java.util.Properties.load0(Ljava/util/Properties$LineReader;)V @ 114 c2
Event: 8.260 Thread 0x0000021cf7f21c80 DEOPT PACKING pc=0x0000021ce6d18a84 sp=0x0000009afedfd920
Event: 8.260 Thread 0x0000021cf7f21c80 DEOPT UNPACKING pc=0x0000021ce64466a3 sp=0x0000009afedfd8b8 mode 2
Event: 8.296 Thread 0x0000021cf7f21c80 Uncommon trap: trap_request=0xffffff45 fr.pc=0x0000021ce6f1f5bc relative=0x00000000000006fc
Event: 8.296 Thread 0x0000021cf7f21c80 Uncommon trap: reason=unstable_if action=reinterpret pc=0x0000021ce6f1f5bc method=java.util.zip.ZipFile$CleanableResource.releaseInflater(Ljava/util/zip/Inflater;)V @ 6 c2
Event: 8.296 Thread 0x0000021cf7f21c80 DEOPT PACKING pc=0x0000021ce6f1f5bc sp=0x0000009afedfdc90
Event: 8.296 Thread 0x0000021cf7f21c80 DEOPT UNPACKING pc=0x0000021ce64466a3 sp=0x0000009afedfdc08 mode 2

Classes unloaded (7 events):
Event: 4.284 Thread 0x0000021cdc3b9c00 Unloading class 0x000000010024e400 'java/lang/invoke/LambdaForm$MH+0x000000010024e400'
Event: 4.284 Thread 0x0000021cdc3b9c00 Unloading class 0x000000010024e000 'java/lang/invoke/LambdaForm$MH+0x000000010024e000'
Event: 4.284 Thread 0x0000021cdc3b9c00 Unloading class 0x000000010024dc00 'java/lang/invoke/LambdaForm$MH+0x000000010024dc00'
Event: 4.284 Thread 0x0000021cdc3b9c00 Unloading class 0x000000010024d800 'java/lang/invoke/LambdaForm$MH+0x000000010024d800'
Event: 4.284 Thread 0x0000021cdc3b9c00 Unloading class 0x000000010024d400 'java/lang/invoke/LambdaForm$BMH+0x000000010024d400'
Event: 4.284 Thread 0x0000021cdc3b9c00 Unloading class 0x000000010024d000 'java/lang/invoke/LambdaForm$DMH+0x000000010024d000'
Event: 4.284 Thread 0x0000021cdc3b9c00 Unloading class 0x0000000100248400 'java/lang/invoke/LambdaForm$DMH+0x0000000100248400'

Classes redefined (0 events):
No events

Internal exceptions (20 events):
Event: 6.995 Thread 0x0000021cf7f24500 Exception <a 'sun/nio/fs/WindowsException'{0x00000000eae2ac30}> (0x00000000eae2ac30) 
thrown [s\src\hotspot\share\prims\jni.cpp, line 516]
Event: 7.037 Thread 0x0000021cf7f21c80 Exception <a 'java/lang/NoSuchMethodError'{0x00000000eb00c840}: 'java.lang.Object java.lang.invoke.DirectMethodHandle$Holder.invokeInterface(java.lang.Object, java.lang.Object, java.lang.Object, java.lang.Object)'> (0x00000000eb00c840) 
thrown [s\src\hotspot\share\interpreter\linkResolver.cpp, line 759]
Event: 7.057 Thread 0x0000021cf7f21260 Exception <a 'java/lang/NoSuchMethodError'{0x00000000eb1bc5b8}: 'java.lang.Object java.lang.invoke.DirectMethodHandle$Holder.invokeInterface(java.lang.Object, java.lang.Object, java.lang.Object)'> (0x00000000eb1bc5b8) 
thrown [s\src\hotspot\share\interpreter\linkResolver.cpp, line 759]
Event: 7.904 Thread 0x0000021cf7f20330 Exception <a 'java/io/FileNotFoundException'{0x00000000ebb2b2b8}> (0x00000000ebb2b2b8) 
thrown [s\src\hotspot\share\prims\jni.cpp, line 516]
Event: 7.905 Thread 0x0000021cf7f20330 Exception <a 'java/io/FileNotFoundException'{0x00000000ebb2c2c8}> (0x00000000ebb2c2c8) 
thrown [s\src\hotspot\share\prims\jni.cpp, line 516]
Event: 7.925 Thread 0x0000021cf7f20330 Exception <a 'java/lang/NoSuchMethodError'{0x00000000eabad080}: 'java.lang.Object java.lang.invoke.DirectMethodHandle$Holder.invokeStatic(java.lang.Object, java.lang.Object, int, java.lang.Object)'> (0x00000000eabad080) 
thrown [s\src\hotspot\share\interpreter\linkResolver.cpp, line 759]
Event: 7.926 Thread 0x0000021cf7f20330 Exception <a 'java/lang/NoSuchMethodError'{0x00000000eac1af58}: 'java.lang.Object java.lang.invoke.DirectMethodHandle$Holder.newInvokeSpecial(java.lang.Object, java.lang.Object, int)'> (0x00000000eac1af58) 
thrown [s\src\hotspot\share\interpreter\linkResolver.cpp, line 759]
Event: 8.033 Thread 0x0000021cf7f20330 Exception <a 'java/io/FileNotFoundException'{0x00000000eabd0d98}> (0x00000000eabd0d98) 
thrown [s\src\hotspot\share\prims\jni.cpp, line 516]
Event: 8.060 Thread 0x0000021cf7f21c80 Exception <a 'java/lang/NoSuchMethodError'{0x00000000eae373f8}: 'java.lang.Object java.lang.invoke.DirectMethodHandle$Holder.invokeStatic(java.lang.Object, int, java.lang.Object, java.lang.Object)'> (0x00000000eae373f8) 
thrown [s\src\hotspot\share\interpreter\linkResolver.cpp, line 759]
Event: 8.060 Thread 0x0000021cf7f21c80 Exception <a 'java/lang/NoSuchMethodError'{0x00000000eae3af30}: 'java.lang.Object java.lang.invoke.DelegatingMethodHandle$Holder.delegate(java.lang.Object, int, java.lang.Object, java.lang.Object)'> (0x00000000eae3af30) 
thrown [s\src\hotspot\share\interpreter\linkResolver.cpp, line 759]
Event: 8.063 Thread 0x0000021cf7f21c80 Exception <a 'java/lang/NoSuchMethodError'{0x00000000eae50258}: 'int java.lang.invoke.Invokers$Holder.linkToTargetMethod(java.lang.Object, java.lang.Object, java.lang.Object)'> (0x00000000eae50258) 
thrown [s\src\hotspot\share\interpreter\linkResolver.cpp, line 759]
Event: 8.080 Thread 0x0000021cf7f21c80 Exception <a 'java/lang/NoSuchMethodError'{0x00000000eaf045b0}: 'java.lang.Object java.lang.invoke.DirectMethodHandle$Holder.newInvokeSpecial(java.lang.Object, java.lang.Object, java.lang.Object, java.lang.Object, java.lang.Object, java.lang.Object, java.lang.Object, java.lang.Object)'> (0x00000000eaf045b0) 
thrown [s\src\hotspot\share\interpreter\linkResolver.cpp, line 759]
Event: 8.081 Thread 0x0000021cf7f21c80 Exception <a 'java/lang/NoSuchMethodError'{0x00000000eaf09010}: 'java.lang.Object java.lang.invoke.Invokers$Holder.linkToTargetMethod(java.lang.Object, java.lang.Object, java.lang.Object, java.lang.Object, java.lang.Object, java.lang.Object, java.lang.Object, java.lang.Object)'> (0x00000000eaf09010) 
thrown [s\src\hotspot\share\interpreter\linkResolver.cpp, line 759]
Event: 8.085 Thread 0x0000021cf7f21c80 Exception <a 'java/lang/NoSuchMethodError'{0x00000000eaf98438}: 'java.lang.Object java.lang.invoke.DirectMethodHandle$Holder.invokeStatic(java.lang.Object, java.lang.Object, int, java.lang.Object, java.lang.Object)'> (0x00000000eaf98438) 
thrown [s\src\hotspot\share\interpreter\linkResolver.cpp, line 759]
Event: 8.102 Thread 0x0000021cf7f21c80 Exception <a 'java/lang/NoSuchMethodError'{0x00000000eb0ab578}: 'void java.lang.invoke.DirectMethodHandle$Holder.invokeStatic(java.lang.Object, int)'> (0x00000000eb0ab578) 
thrown [s\src\hotspot\share\interpreter\linkResolver.cpp, line 759]
Event: 8.161 Thread 0x0000021cf7f21260 Exception <a 'sun/nio/fs/WindowsException'{0x00000000eb5ee220}> (0x00000000eb5ee220) 
thrown [s\src\hotspot\share\prims\jni.cpp, line 516]
Event: 8.171 Thread 0x0000021cf7f21260 Exception <a 'sun/nio/fs/WindowsException'{0x00000000eb5fe5f8}> (0x00000000eb5fe5f8) 
thrown [s\src\hotspot\share\prims\jni.cpp, line 516]
Event: 8.184 Thread 0x0000021cf7f21c80 Exception <a 'java/io/FileNotFoundException'{0x00000000eb72a0a8}> (0x00000000eb72a0a8) 
thrown [s\src\hotspot\share\prims\jni.cpp, line 516]
Event: 8.296 Thread 0x0000021cf7f21c80 Implicit null exception at 0x0000021ce6f1eefb to 0x0000021ce6f1f5a4
Event: 8.341 Thread 0x0000021cf7f21c80 Exception <a 'java/lang/NoSuchMethodError'{0x00000000ead91800}: 'int java.lang.invoke.DirectMethodHandle$Holder.invokeSpecialIFC(java.lang.Object, java.lang.Object, java.lang.Object)'> (0x00000000ead91800) 
thrown [s\src\hotspot\share\interpreter\linkResolver.cpp, line 759]

VM Operations (20 events):
Event: 7.407 Executing VM operation: ParallelGCFailedAllocation
Event: 7.410 Executing VM operation: ParallelGCFailedAllocation done
Event: 7.580 Executing VM operation: ParallelGCFailedAllocation
Event: 7.583 Executing VM operation: ParallelGCFailedAllocation done
Event: 7.783 Executing VM operation: ParallelGCFailedAllocation
Event: 7.785 Executing VM operation: ParallelGCFailedAllocation done
Event: 7.915 Executing VM operation: ParallelGCFailedAllocation
Event: 7.918 Executing VM operation: ParallelGCFailedAllocation done
Event: 7.973 Executing VM operation: CollectForMetadataAllocation
Event: 8.027 Executing VM operation: CollectForMetadataAllocation done
Event: 8.059 Executing VM operation: HandshakeAllThreads
Event: 8.059 Executing VM operation: HandshakeAllThreads done
Event: 8.066 Executing VM operation: HandshakeAllThreads
Event: 8.066 Executing VM operation: HandshakeAllThreads done
Event: 8.108 Executing VM operation: HandshakeAllThreads
Event: 8.108 Executing VM operation: HandshakeAllThreads done
Event: 8.170 Executing VM operation: HandshakeAllThreads
Event: 8.170 Executing VM operation: HandshakeAllThreads done
Event: 8.250 Executing VM operation: ParallelGCFailedAllocation
Event: 8.253 Executing VM operation: ParallelGCFailedAllocation done

Events (20 events):
Event: 8.055 loading class java/util/Collections$2 done
Event: 8.058 loading class java/util/AbstractList$RandomAccessSubList
Event: 8.058 loading class java/util/AbstractList$SubList
Event: 8.058 loading class java/util/AbstractList$SubList done
Event: 8.058 loading class java/util/AbstractList$RandomAccessSubList done
Event: 8.058 loading class java/util/AbstractList$ListItr
Event: 8.058 loading class java/util/AbstractList$ListItr done
Event: 8.059 loading class java/util/AbstractList$SubList$1
Event: 8.059 loading class java/util/AbstractList$SubList$1 done
Event: 8.061 loading class java/lang/invoke/MethodHandleImpl$CountingWrapper
Event: 8.061 loading class java/lang/invoke/MethodHandleImpl$CountingWrapper done
Event: 8.086 loading class java/util/regex/Pattern$Caret
Event: 8.086 loading class java/util/regex/Pattern$Caret done
Event: 8.130 loading class java/util/Hashtable$ValueCollection
Event: 8.130 loading class java/util/Hashtable$ValueCollection done
Event: 8.190 Thread 0x0000021cf7f20840 Thread added: 0x0000021cf7f20840
Event: 8.191 Thread 0x0000021cf7f20d50 Thread added: 0x0000021cf7f20d50
Event: 8.191 Thread 0x0000021cf7f22190 Thread added: 0x0000021cf7f22190
Event: 8.226 loading class java/util/Hashtable$KeySet
Event: 8.226 loading class java/util/Hashtable$KeySet done


Dynamic libraries:
0x00007ff6f1640000 - 0x00007ff6f164e000 	c:\Users\STARIM\.vscode\extensions\redhat.java-1.26.0-win32-x64\jre\17.0.9-win32-x86_64\bin\java.exe
0x00007fffcb1d0000 - 0x00007fffcb3e7000 	C:\WINDOWS\SYSTEM32\ntdll.dll
0x00007fffc9480000 - 0x00007fffc9544000 	C:\WINDOWS\System32\KERNEL32.DLL
0x00007fffc8960000 - 0x00007fffc8d06000 	C:\WINDOWS\System32\KERNELBASE.dll
0x00007fffc8d10000 - 0x00007fffc8e21000 	C:\WINDOWS\System32\ucrtbase.dll
0x00007fffbcc50000 - 0x00007fffbcc67000 	c:\Users\STARIM\.vscode\extensions\redhat.java-1.26.0-win32-x64\jre\17.0.9-win32-x86_64\bin\jli.dll
0x00007fffbc970000 - 0x00007fffbc98b000 	c:\Users\STARIM\.vscode\extensions\redhat.java-1.26.0-win32-x64\jre\17.0.9-win32-x86_64\bin\VCRUNTIME140.dll
0x00007fffca3d0000 - 0x00007fffca57e000 	C:\WINDOWS\System32\USER32.dll
0x00007fffbf960000 - 0x00007fffbfbf3000 	C:\WINDOWS\WinSxS\amd64_microsoft.windows.common-controls_6595b64144ccf1df_6.0.22621.2506_none_270c5ae97388e100\COMCTL32.dll
0x00007fffc8e30000 - 0x00007fffc8e56000 	C:\WINDOWS\System32\win32u.dll
0x00007fffcb0a0000 - 0x00007fffcb147000 	C:\WINDOWS\System32\msvcrt.dll
0x00007fffc9fc0000 - 0x00007fffc9fe9000 	C:\WINDOWS\System32\GDI32.dll
0x00007fffc86b0000 - 0x00007fffc87c8000 	C:\WINDOWS\System32\gdi32full.dll
0x00007fffc8840000 - 0x00007fffc88da000 	C:\WINDOWS\System32\msvcp_win.dll
0x00007fffcb150000 - 0x00007fffcb181000 	C:\WINDOWS\System32\IMM32.DLL
0x00007fffc3000000 - 0x00007fffc300c000 	c:\Users\STARIM\.vscode\extensions\redhat.java-1.26.0-win32-x64\jre\17.0.9-win32-x86_64\bin\vcruntime140_1.dll
0x00007fffbc8e0000 - 0x00007fffbc96d000 	c:\Users\STARIM\.vscode\extensions\redhat.java-1.26.0-win32-x64\jre\17.0.9-win32-x86_64\bin\msvcp140.dll
0x00007fff85620000 - 0x00007fff86281000 	c:\Users\STARIM\.vscode\extensions\redhat.java-1.26.0-win32-x64\jre\17.0.9-win32-x86_64\bin\server\jvm.dll
0x00007fffca310000 - 0x00007fffca3c3000 	C:\WINDOWS\System32\ADVAPI32.dll
0x00007fffc9f10000 - 0x00007fffc9fb8000 	C:\WINDOWS\System32\sechost.dll
0x00007fffc8510000 - 0x00007fffc8538000 	C:\WINDOWS\System32\bcrypt.dll
0x00007fffca680000 - 0x00007fffca797000 	C:\WINDOWS\System32\RPCRT4.dll
0x00007fffc7370000 - 0x00007fffc73bd000 	C:\WINDOWS\SYSTEM32\POWRPROF.dll
0x00007fffbf700000 - 0x00007fffbf709000 	C:\WINDOWS\SYSTEM32\WSOCK32.dll
0x00007fffbde50000 - 0x00007fffbde84000 	C:\WINDOWS\SYSTEM32\WINMM.dll
0x00007fffbef60000 - 0x00007fffbef6a000 	C:\WINDOWS\SYSTEM32\VERSION.dll
0x00007fffc9400000 - 0x00007fffc9471000 	C:\WINDOWS\System32\WS2_32.dll
0x00007fffc7340000 - 0x00007fffc7353000 	C:\WINDOWS\SYSTEM32\UMPDC.dll
0x00007fffc7610000 - 0x00007fffc7628000 	C:\WINDOWS\SYSTEM32\kernel.appcore.dll
0x00007fffc2f30000 - 0x00007fffc2f3a000 	c:\Users\STARIM\.vscode\extensions\redhat.java-1.26.0-win32-x64\jre\17.0.9-win32-x86_64\bin\jimage.dll
0x00007fffc5e50000 - 0x00007fffc6083000 	C:\WINDOWS\SYSTEM32\DBGHELP.DLL
0x00007fffc9550000 - 0x00007fffc98d9000 	C:\WINDOWS\System32\combase.dll
0x00007fffca590000 - 0x00007fffca667000 	C:\WINDOWS\System32\OLEAUT32.dll
0x00007fffbda40000 - 0x00007fffbda72000 	C:\WINDOWS\SYSTEM32\dbgcore.DLL
0x00007fffc88e0000 - 0x00007fffc895a000 	C:\WINDOWS\System32\bcryptPrimitives.dll
0x00007fffc2ef0000 - 0x00007fffc2efe000 	c:\Users\STARIM\.vscode\extensions\redhat.java-1.26.0-win32-x64\jre\17.0.9-win32-x86_64\bin\instrument.dll
0x00007fffb8c80000 - 0x00007fffb8ca5000 	c:\Users\STARIM\.vscode\extensions\redhat.java-1.26.0-win32-x64\jre\17.0.9-win32-x86_64\bin\java.dll
0x00007fffbc760000 - 0x00007fffbc778000 	c:\Users\STARIM\.vscode\extensions\redhat.java-1.26.0-win32-x64\jre\17.0.9-win32-x86_64\bin\zip.dll
0x00007fffca840000 - 0x00007fffcb09a000 	C:\WINDOWS\System32\SHELL32.dll
0x00007fffc6420000 - 0x00007fffc6d16000 	C:\WINDOWS\SYSTEM32\windows.storage.dll
0x00007fffc62e0000 - 0x00007fffc641e000 	C:\WINDOWS\SYSTEM32\wintypes.dll
0x00007fffc98e0000 - 0x00007fffc99d3000 	C:\WINDOWS\System32\SHCORE.dll
0x00007fffc99e0000 - 0x00007fffc9a3e000 	C:\WINDOWS\System32\shlwapi.dll
0x00007fffc8440000 - 0x00007fffc8466000 	C:\WINDOWS\SYSTEM32\profapi.dll
0x00007fffbb750000 - 0x00007fffbb769000 	C:\Users\STARIM\.vscode\extensions\redhat.java-1.26.0-win32-x64\jre\17.0.9-win32-x86_64\bin\net.dll
0x00007fffc2330000 - 0x00007fffc2467000 	C:\WINDOWS\SYSTEM32\WINHTTP.dll
0x00007fffc7ab0000 - 0x00007fffc7b19000 	C:\WINDOWS\system32\mswsock.dll
0x00007fffbb2e0000 - 0x00007fffbb2f6000 	C:\Users\STARIM\.vscode\extensions\redhat.java-1.26.0-win32-x64\jre\17.0.9-win32-x86_64\bin\nio.dll
0x00007fffc1ad0000 - 0x00007fffc1ae0000 	c:\Users\STARIM\.vscode\extensions\redhat.java-1.26.0-win32-x64\jre\17.0.9-win32-x86_64\bin\verify.dll
0x00007fffb8d60000 - 0x00007fffb8d9e000 	C:\Users\STARIM\AppData\Roaming\Code\User\globalStorage\redhat.java\1.26.0\config_win\org.eclipse.equinox.launcher\org.eclipse.equinox.launcher.win32.win32.x86_64_1.2.800.v20231003-1442\eclipse_11802.dll
0x00007fffc9d70000 - 0x00007fffc9f10000 	C:\WINDOWS\System32\ole32.dll
0x00007fffc7d10000 - 0x00007fffc7d2b000 	C:\WINDOWS\SYSTEM32\CRYPTSP.dll
0x00007fffc7570000 - 0x00007fffc75a5000 	C:\WINDOWS\system32\rsaenh.dll
0x00007fffc7ba0000 - 0x00007fffc7bcc000 	C:\WINDOWS\SYSTEM32\USERENV.dll
0x00007fffc7d00000 - 0x00007fffc7d0c000 	C:\WINDOWS\SYSTEM32\CRYPTBASE.dll
0x00007fffc6ff0000 - 0x00007fffc701d000 	C:\WINDOWS\SYSTEM32\IPHLPAPI.DLL
0x00007fffc9d60000 - 0x00007fffc9d69000 	C:\WINDOWS\System32\NSI.dll
0x00007fffc1c10000 - 0x00007fffc1c29000 	C:\WINDOWS\SYSTEM32\dhcpcsvc6.DLL
0x00007fffc1bf0000 - 0x00007fffc1c0f000 	C:\WINDOWS\SYSTEM32\dhcpcsvc.DLL
0x00007fffc7060000 - 0x00007fffc7159000 	C:\WINDOWS\SYSTEM32\DNSAPI.dll
0x00007fffb73a0000 - 0x00007fffb73e5000 	C:\Users\STARIM\AppData\Local\Temp\jna--1839154442\jna2483779496407870582.dll
0x00007fffca140000 - 0x00007fffca148000 	C:\WINDOWS\System32\PSAPI.DLL

dbghelp: loaded successfully - version: 4.0.5 - missing functions: none
symbol engine: initialized successfully - sym options: 0x614 - pdb path: .;c:\Users\STARIM\.vscode\extensions\redhat.java-1.26.0-win32-x64\jre\17.0.9-win32-x86_64\bin;C:\WINDOWS\SYSTEM32;C:\WINDOWS\WinSxS\amd64_microsoft.windows.common-controls_6595b64144ccf1df_6.0.22621.2506_none_270c5ae97388e100;c:\Users\STARIM\.vscode\extensions\redhat.java-1.26.0-win32-x64\jre\17.0.9-win32-x86_64\bin\server;C:\Users\STARIM\AppData\Roaming\Code\User\globalStorage\redhat.java\1.26.0\config_win\org.eclipse.equinox.launcher\org.eclipse.equinox.launcher.win32.win32.x86_64_1.2.800.v20231003-1442;C:\Users\STARIM\AppData\Local\Temp\jna--1839154442

VM Arguments:
jvm_args: --add-modules=ALL-SYSTEM --add-opens=java.base/java.util=ALL-UNNAMED --add-opens=java.base/java.lang=ALL-UNNAMED --add-opens=java.base/sun.nio.fs=ALL-UNNAMED -Declipse.application=org.eclipse.jdt.ls.core.id1 -Dosgi.bundles.defaultStartLevel=4 -Declipse.product=org.eclipse.jdt.ls.core.product -Djava.import.generatesMetadataFilesAtProjectRoot=false -DDetectVMInstallationsJob.disabled=true -Dfile.encoding=utf8 -XX:+UseParallelGC -XX:GCTimeRatio=4 -XX:AdaptiveSizePolicyWeight=90 -Dsun.zip.disableMemoryMapping=true -Xmx1G -Xms100m -Xlog:disable -javaagent:c:\Users\STARIM\.vscode\extensions\redhat.java-1.26.0-win32-x64\lombok\lombok-1.18.31-3454.jar -XX:+HeapDumpOnOutOfMemoryError -XX:HeapDumpPath=c:\Users\STARIM\AppData\Roaming\Code\User\workspaceStorage\8f6b0ca312aad867fe6247deca058052\redhat.java -Daether.dependencyCollector.impl=bf 
java_command: c:\Users\STARIM\.vscode\extensions\redhat.java-1.26.0-win32-x64\server\plugins\org.eclipse.equinox.launcher_1.6.700.v20231214-2017.jar -configuration c:\Users\STARIM\AppData\Roaming\Code\User\globalStorage\redhat.java\1.26.0\config_win -data c:\Users\STARIM\AppData\Roaming\Code\User\workspaceStorage\8f6b0ca312aad867fe6247deca058052\redhat.java\jdt_ws --stdio
java_class_path (initial): c:\Users\STARIM\.vscode\extensions\redhat.java-1.26.0-win32-x64\server\plugins\org.eclipse.equinox.launcher_1.6.700.v20231214-2017.jar
Launcher Type: SUN_STANDARD

[Global flags]
    uintx AdaptiveSizePolicyWeight                 = 90                                        {product} {command line}
     intx CICompilerCount                          = 12                                        {product} {ergonomic}
    uintx GCTimeRatio                              = 4                                         {product} {command line}
     bool HeapDumpOnOutOfMemoryError               = true                                   {manageable} {command line}
    ccstr HeapDumpPath                             = c:\Users\STARIM\AppData\Roaming\Code\User\workspaceStorage\8f6b0ca312aad867fe6247deca058052\redhat.java         {manageable} {command line}
   size_t InitialHeapSize                          = 104857600                                 {product} {command line}
   size_t MaxHeapSize                              = 1073741824                                {product} {command line}
   size_t MaxNewSize                               = 357564416                                 {product} {ergonomic}
   size_t MinHeapDeltaBytes                        = 524288                                    {product} {ergonomic}
   size_t MinHeapSize                              = 104857600                                 {product} {command line}
   size_t NewSize                                  = 34603008                                  {product} {ergonomic}
    uintx NonNMethodCodeHeapSize                   = 7602480                                {pd product} {ergonomic}
    uintx NonProfiledCodeHeapSize                  = 122027880                              {pd product} {ergonomic}
   size_t OldSize                                  = 70254592                                  {product} {ergonomic}
    uintx ProfiledCodeHeapSize                     = 122027880                              {pd product} {ergonomic}
    uintx ReservedCodeCacheSize                    = 251658240                              {pd product} {ergonomic}
     bool SegmentedCodeCache                       = true                                      {product} {ergonomic}
   size_t SoftMaxHeapSize                          = 1073741824                             {manageable} {ergonomic}
     bool UseCompressedClassPointers               = true                           {product lp64_product} {ergonomic}
     bool UseCompressedOops                        = true                           {product lp64_product} {ergonomic}
     bool UseLargePagesIndividualAllocation        = false                                  {pd product} {ergonomic}
     bool UseParallelGC                            = true                                      {product} {command line}

Logging:
Log output configuration:
 #0: stdout all=off uptime,level,tags
 #1: stderr all=off uptime,level,tags

Environment Variables:
PATH=C:\Program Files\Common Files\Oracle\Java\javapath;C:\Windows\system32;C:\Windows;C:\Windows\System32\Wbem;C:\Windows\System32\WindowsPowerShell\v1.0\;C:\Windows\System32\OpenSSH\;C:\Program Files (x86)\NVIDIA Corporation\PhysX\Common;C:\Program Files\dotnet\;C:\Program Files\Microsoft SQL Server\Client SDK\ODBC\170\Tools\Binn\;C:\Program Files (x86)\Microsoft SQL Server\150\Tools\Binn\;C:\Program Files\Microsoft SQL Server\150\Tools\Binn\;C:\Program Files\Microsoft SQL Server\150\DTS\Binn\;C:\WINDOWS\system32;C:\WINDOWS;C:\WINDOWS\System32\Wbem;C:\WINDOWS\System32\WindowsPowerShell\v1.0\;C:\WINDOWS\System32\OpenSSH\;C:\Users\STARIM\Downloads\apache-maven-3.9.5-bin\apache-maven-3.9.5\bin;C:\Program Files\Java\jdk-21;C:\Program Files\Docker\Docker\resources\bin;C:\Program Files\Git\cmd;C:\Users\STARIM\AppData\Roaming\nvm;C:\Program Files\nodejs;C:\Users\STARIM\AppData\Local\Microsoft\WindowsApps;C:\Users\STARIM\.dotnet\tools;C:\Users\STARIM\AppData\Local\Programs\Microsoft VS Code\bin;C:\Users\STARIM\AppData\Local\Programs\mongosh\;C:\Program Files\JetBrains\IntelliJ IDEA Community Edition 2023.2.5\bin;;C:\Users\STARIM\AppData\Roaming\npm;C:\Users\STARIM\AppData\Roaming\nvm;C:\Program Files\nodejs
USERNAME=STARIM
OS=Windows_NT
PROCESSOR_IDENTIFIER=AMD64 Family 23 Model 96 Stepping 1, AuthenticAMD
TMP=C:\Users\STARIM\AppData\Local\Temp
TEMP=C:\Users\STARIM\AppData\Local\Temp



Periodic native trim disabled


---------------  S Y S T E M  ---------------

OS:
 Windows 11 , 64 bit Build 22621 (10.0.22621.2506)
OS uptime: 0 days 4:22 hours
Hyper-V role detected

CPU: total 16 (initial active 16) (16 cores per cpu, 2 threads per core) family 23 model 96 stepping 1 microcode 0x0, cx8, cmov, fxsr, ht, mmx, 3dnowpref, sse, sse2, sse3, ssse3, sse4a, sse4.1, sse4.2, popcnt, lzcnt, tsc, tscinvbit, avx, avx2, aes, clmul, bmi1, bmi2, adx, sha, fma, vzeroupper, clflush, clflushopt, hv
Processor Information for all 16 processors :
  Max Mhz: 2901, Current Mhz: 2901, Mhz Limit: 2901

Memory: 4k page, system-wide physical 7599M (664M free)
TotalPageFile size 15763M (AvailPageFile size 10M)
current process WorkingSet (physical memory assigned to process): 278M, peak: 280M
current process commit charge ("private bytes"): 363M, peak: 365M

vm_info: OpenJDK 64-Bit Server VM (17.0.9+9) for windows-amd64 JRE (17.0.9+9), built on Oct 26 2023 14:01:42 by "admin" with MS VC++ 16.10 / 16.11 (VS2019)

END.
