#
# There is insufficient memory for the Java Runtime Environment to continue.
# Native memory allocation (malloc) failed to allocate 257856 bytes for Chunk::new
# Possible reasons:
#   The system is out of physical RAM or swap space
#   The process is running with CompressedOops enabled, and the Java Heap may be blocking the growth of the native heap
# Possible solutions:
#   Reduce memory load on the system
#   Increase physical memory or swap space
#   Check if swap backing store is full
#   Decrease Java heap size (-Xmx/-Xms)
#   Decrease number of Java threads
#   Decrease Java thread stack sizes (-Xss)
#   Set larger code cache with -XX:ReservedCodeCacheSize=
#   JVM is running with Unscaled Compressed Oops mode in which the Java heap is
#     placed in the first 4GB address space. The Java Heap base address is the
#     maximum limit for the native heap growth. Please use -XX:HeapBaseMinAddress
#     to set the Java Heap base and to place the Java Heap above 4GB virtual address.
# This output file may be truncated or incomplete.
#
#  Out of Memory Error (arena.cpp:191), pid=18540, tid=14524
#
# JRE version: OpenJDK Runtime Environment Temurin-17.0.10+7 (17.0.10+7) (build 17.0.10+7)
# Java VM: OpenJDK 64-Bit Server VM Temurin-17.0.10+7 (17.0.10+7, mixed mode, tiered, compressed oops, compressed class ptrs, parallel gc, windows-amd64)
# No core dump will be written. Minidumps are not enabled by default on client versions of Windows
#

---------------  S U M M A R Y ------------

Command Line: --add-modules=ALL-SYSTEM --add-opens=java.base/java.util=ALL-UNNAMED --add-opens=java.base/java.lang=ALL-UNNAMED --add-opens=java.base/sun.nio.fs=ALL-UNNAMED -Declipse.application=org.eclipse.jdt.ls.core.id1 -Dosgi.bundles.defaultStartLevel=4 -Declipse.product=org.eclipse.jdt.ls.core.product -Djava.import.generatesMetadataFilesAtProjectRoot=false -DDetectVMInstallationsJob.disabled=true -Dfile.encoding=utf8 -XX:+UseParallelGC -XX:GCTimeRatio=4 -XX:AdaptiveSizePolicyWeight=90 -Dsun.zip.disableMemoryMapping=true -Xmx1G -Xms100m -Xlog:disable -javaagent:c:\Users\STARIM\.vscode\extensions\redhat.java-1.27.0-win32-x64\lombok\lombok-1.18.31.jar c:\Users\STARIM\.vscode\extensions\redhat.java-1.27.0-win32-x64\server\plugins\org.eclipse.equinox.launcher_1.6.700.v20231214-2017.jar -configuration c:\Users\STARIM\AppData\Roaming\Code\User\globalStorage\redhat.java\1.27.0\config_ss_win -data c:\Users\STARIM\AppData\Roaming\Code\User\workspaceStorage\f9ab32abbbd5cd031c83568945532e53\redhat.java\ss_ws --stdio

Host: AMD Ryzen 7 4800H with Radeon Graphics         , 16 cores, 7G,  Windows 11 , 64 bit Build 22621 (10.0.22621.3085)
Time: Tue Feb  6 18:06:55 2024 India Standard Time elapsed time: 4.365227 seconds (0d 0h 0m 4s)

---------------  T H R E A D  ---------------

Current thread (0x000001edc9b34f50):  JavaThread "C2 CompilerThread3" daemon [_thread_in_native, id=14524, stack(0x000000a709b00000,0x000000a709c00000)]


Current CompileTask:
C2:   4365 4188       4       java.io.WinNTFileSystem::normalize (143 bytes)

Stack: [0x000000a709b00000,0x000000a709c00000]
Native frames: (J=compiled Java code, j=interpreted, Vv=VM code, C=native code)
V  [jvm.dll+0x67d2c9]
V  [jvm.dll+0x834afa]
V  [jvm.dll+0x8365be]
V  [jvm.dll+0x836c23]
V  [jvm.dll+0x2477ff]
V  [jvm.dll+0xac514]
V  [jvm.dll+0xacb5c]
V  [jvm.dll+0x2aed1f]
V  [jvm.dll+0x584b67]
V  [jvm.dll+0x2228a2]
V  [jvm.dll+0x21b5cd]
V  [jvm.dll+0x219201]
V  [jvm.dll+0x1a502d]
V  [jvm.dll+0x2290de]
V  [jvm.dll+0x2272ac]
V  [jvm.dll+0x7e9bb7]
V  [jvm.dll+0x7e3fba]
V  [jvm.dll+0x67c1b5]
C  [ucrtbase.dll+0x29363]
C  [KERNEL32.DLL+0x1257d]
C  [ntdll.dll+0x5aa58]


---------------  P R O C E S S  ---------------

Threads class SMR info:
_java_thread_list=0x000001edc87da820, length=30, elements={
0x000001edac96d890, 0x000001edc07f6010, 0x000001edc07f8380, 0x000001edaca1a2c0,
0x000001edaca1ae80, 0x000001edaca1bae0, 0x000001edaca1cee0, 0x000001edc59b0410,
0x000001edc59b59b0, 0x000001edc59bf230, 0x000001edc5a8f000, 0x000001edc5af8090,
0x000001edc5b22a70, 0x000001edc5b23ed0, 0x000001edc7b26890, 0x000001edc7cc23d0,
0x000001edc7cc0a80, 0x000001edc7cc0f90, 0x000001edc7cc1ec0, 0x000001edc7cc28e0,
0x000001edc7cc0060, 0x000001edc7cc19b0, 0x000001edc7cc3300, 0x000001edc99ef040,
0x000001edc889d450, 0x000001edc7cc0570, 0x000001edc960ee00, 0x000001edc960c580,
0x000001edc960d4b0, 0x000001edc9b34f50
}

Java Threads: ( => current thread )
  0x000001edac96d890 JavaThread "main" [_thread_blocked, id=4592, stack(0x000000a706f00000,0x000000a707000000)]
  0x000001edc07f6010 JavaThread "Reference Handler" daemon [_thread_blocked, id=4684, stack(0x000000a707200000,0x000000a707300000)]
  0x000001edc07f8380 JavaThread "Finalizer" daemon [_thread_blocked, id=15836, stack(0x000000a707300000,0x000000a707400000)]
  0x000001edaca1a2c0 JavaThread "Signal Dispatcher" daemon [_thread_blocked, id=21844, stack(0x000000a707400000,0x000000a707500000)]
  0x000001edaca1ae80 JavaThread "Attach Listener" daemon [_thread_blocked, id=14548, stack(0x000000a707500000,0x000000a707600000)]
  0x000001edaca1bae0 JavaThread "Service Thread" daemon [_thread_blocked, id=18856, stack(0x000000a707600000,0x000000a707700000)]
  0x000001edaca1cee0 JavaThread "Monitor Deflation Thread" daemon [_thread_blocked, id=21972, stack(0x000000a707700000,0x000000a707800000)]
  0x000001edc59b0410 JavaThread "C2 CompilerThread0" daemon [_thread_blocked, id=23280, stack(0x000000a707800000,0x000000a707900000)]
  0x000001edc59b59b0 JavaThread "C1 CompilerThread0" daemon [_thread_blocked, id=24268, stack(0x000000a707900000,0x000000a707a00000)]
  0x000001edc59bf230 JavaThread "Sweeper thread" daemon [_thread_blocked, id=23992, stack(0x000000a707a00000,0x000000a707b00000)]
  0x000001edc5a8f000 JavaThread "Common-Cleaner" daemon [_thread_blocked, id=24320, stack(0x000000a707b00000,0x000000a707c00000)]
  0x000001edc5af8090 JavaThread "C1 CompilerThread1" daemon [_thread_blocked, id=4896, stack(0x000000a707c00000,0x000000a707d00000)]
  0x000001edc5b22a70 JavaThread "C1 CompilerThread2" daemon [_thread_blocked, id=20980, stack(0x000000a707d00000,0x000000a707e00000)]
  0x000001edc5b23ed0 JavaThread "C1 CompilerThread3" daemon [_thread_blocked, id=15004, stack(0x000000a707e00000,0x000000a707f00000)]
  0x000001edc7b26890 JavaThread "Notification Thread" daemon [_thread_blocked, id=6264, stack(0x000000a708100000,0x000000a708200000)]
  0x000001edc7cc23d0 JavaThread "Active Thread: Equinox Container: 2cde03c5-2b86-4305-905f-d26ffc40aa5b" [_thread_blocked, id=3248, stack(0x000000a708300000,0x000000a708400000)]
  0x000001edc7cc0a80 JavaThread "Framework Event Dispatcher: Equinox Container: 2cde03c5-2b86-4305-905f-d26ffc40aa5b" daemon [_thread_blocked, id=13476, stack(0x000000a708900000,0x000000a708a00000)]
  0x000001edc7cc0f90 JavaThread "Start Level: Equinox Container: 2cde03c5-2b86-4305-905f-d26ffc40aa5b" daemon [_thread_blocked, id=23328, stack(0x000000a708a00000,0x000000a708b00000)]
  0x000001edc7cc1ec0 JavaThread "SCR Component Actor" daemon [_thread_blocked, id=18220, stack(0x000000a708b00000,0x000000a708c00000)]
  0x000001edc7cc28e0 JavaThread "SCR Component Registry" daemon [_thread_blocked, id=22556, stack(0x000000a708000000,0x000000a708100000)]
  0x000001edc7cc0060 JavaThread "Worker-JM" [_thread_blocked, id=6928, stack(0x000000a707f00000,0x000000a708000000)]
  0x000001edc7cc19b0 JavaThread "Worker-0" [_thread_blocked, id=21796, stack(0x000000a709100000,0x000000a709200000)]
  0x000001edc7cc3300 JavaThread "Worker-1" [_thread_blocked, id=13724, stack(0x000000a709200000,0x000000a709300000)]
  0x000001edc99ef040 JavaThread "C2 CompilerThread1" daemon [_thread_blocked, id=18036, stack(0x000000a708e00000,0x000000a708f00000)]
  0x000001edc889d450 JavaThread "C2 CompilerThread2" daemon [_thread_blocked, id=17904, stack(0x000000a709400000,0x000000a709500000)]
  0x000001edc7cc0570 JavaThread "JNA Cleaner" daemon [_thread_blocked, id=7016, stack(0x000000a709700000,0x000000a709800000)]
  0x000001edc960ee00 JavaThread "pool-2-thread-1" [_thread_blocked, id=22824, stack(0x000000a709800000,0x000000a709900000)]
  0x000001edc960c580 JavaThread "WorkspaceEventsHandler" [_thread_blocked, id=2388, stack(0x000000a709900000,0x000000a709a00000)]
  0x000001edc960d4b0 JavaThread "pool-1-thread-1" [_thread_in_native, id=2020, stack(0x000000a709a00000,0x000000a709b00000)]
=>0x000001edc9b34f50 JavaThread "C2 CompilerThread3" daemon [_thread_in_native, id=14524, stack(0x000000a709b00000,0x000000a709c00000)]

Other Threads:
  0x000001edaca16b60 VMThread "VM Thread" [stack: 0x000000a707100000,0x000000a707200000] [id=23752]
  0x000001edc7b26d70 WatcherThread [stack: 0x000000a708200000,0x000000a708300000] [id=21660]
  0x000001edac980d70 GCTaskThread "GC Thread#0" [stack: 0x000000a707000000,0x000000a707100000] [id=11904]
  0x000001edc82b88a0 GCTaskThread "GC Thread#1" [stack: 0x000000a708400000,0x000000a708500000] [id=10464]
  0x000001edc821fb60 GCTaskThread "GC Thread#2" [stack: 0x000000a708500000,0x000000a708600000] [id=1328]
  0x000001edc7faac40 GCTaskThread "GC Thread#3" [stack: 0x000000a708600000,0x000000a708700000] [id=6560]
  0x000001edc7fab310 GCTaskThread "GC Thread#4" [stack: 0x000000a708700000,0x000000a708800000] [id=20172]
  0x000001edc7fab5d0 GCTaskThread "GC Thread#5" [stack: 0x000000a708800000,0x000000a708900000] [id=12936]
  0x000001edc8513e20 GCTaskThread "GC Thread#6" [stack: 0x000000a708c00000,0x000000a708d00000] [id=23448]
  0x000001edc853d3e0 GCTaskThread "GC Thread#7" [stack: 0x000000a708d00000,0x000000a708e00000] [id=23056]
  0x000001edc8747b00 GCTaskThread "GC Thread#8" [stack: 0x000000a708f00000,0x000000a709000000] [id=23600]
  0x000001edc8747dc0 GCTaskThread "GC Thread#9" [stack: 0x000000a709000000,0x000000a709100000] [id=13348]
  0x000001edc87ea400 GCTaskThread "GC Thread#10" [stack: 0x000000a709300000,0x000000a709400000] [id=4200]
  0x000001edc8e617b0 GCTaskThread "GC Thread#11" [stack: 0x000000a709500000,0x000000a709600000] [id=23572]
  0x000001edc989a380 GCTaskThread "GC Thread#12" [stack: 0x000000a709600000,0x000000a709700000] [id=5724]

Threads with active compile tasks:
C2 CompilerThread3     4381 4188       4       java.io.WinNTFileSystem::normalize (143 bytes)

VM state: not at safepoint (normal execution)

VM Mutex/Monitor currently owned by a thread: None

Heap address: 0x00000000c0000000, size: 1024 MB, Compressed Oops mode: 32-bit

CDS archive(s) not mapped
Compressed class space mapped at: 0x0000000100000000-0x0000000140000000, reserved size: 1073741824
Narrow klass base: 0x0000000000000000, Narrow klass shift: 3, Narrow klass range: 0x140000000

GC Precious Log:
 CPUs: 16 total, 16 available
 Memory: 7599M
 Large Page Support: Disabled
 NUMA Support: Disabled
 Compressed Oops: Enabled (32-bit)
 Alignments: Space 512K, Generation 512K, Heap 2M
 Heap Min Capacity: 100M
 Heap Initial Capacity: 100M
 Heap Max Capacity: 1G
 Pre-touch: Disabled
 Parallel Workers: 13

Heap:
 PSYoungGen      total 24576K, used 14533K [0x00000000eab00000, 0x00000000ec580000, 0x0000000100000000)
  eden space 22016K, 55% used [0x00000000eab00000,0x00000000eb6f72e8,0x00000000ec080000)
  from space 2560K, 89% used [0x00000000ec080000,0x00000000ec2ba270,0x00000000ec300000)
  to   space 2560K, 0% used [0x00000000ec300000,0x00000000ec300000,0x00000000ec580000)
 ParOldGen       total 68608K, used 23382K [0x00000000c0000000, 0x00000000c4300000, 0x00000000eab00000)
  object space 68608K, 34% used [0x00000000c0000000,0x00000000c16d5900,0x00000000c4300000)
 Metaspace       used 39656K, committed 40384K, reserved 1114112K
  class space    used 4079K, committed 4416K, reserved 1048576K

Card table byte_map: [0x000001edac330000,0x000001edac540000] _byte_map_base: 0x000001edabd30000

Marking Bits: (ParMarkBitMap*) 0x00007ffce895d7d0
 Begin Bits: [0x000001edbe600000, 0x000001edbf600000)
 End Bits:   [0x000001edbf600000, 0x000001edc0600000)

Polling page: 0x000001edac120000

Metaspace:

Usage:
  Non-class:     34.74 MB used.
      Class:      3.98 MB used.
       Both:     38.73 MB used.

Virtual space:
  Non-class space:       64.00 MB reserved,      35.12 MB ( 55%) committed,  1 nodes.
      Class space:        1.00 GB reserved,       4.31 MB ( <1%) committed,  1 nodes.
             Both:        1.06 GB reserved,      39.44 MB (  4%) committed. 

Chunk freelists:
   Non-Class:  11.94 MB
       Class:  11.62 MB
        Both:  23.56 MB

MaxMetaspaceSize: unlimited
CompressedClassSpaceSize: 1.00 GB
Initial GC threshold: 21.00 MB
Current GC threshold: 58.38 MB
CDS: off
MetaspaceReclaimPolicy: balanced
 - commit_granule_bytes: 65536.
 - commit_granule_words: 8192.
 - virtual_space_node_default_size: 8388608.
 - enlarge_chunks_in_place: 1.
 - new_chunks_are_fully_committed: 0.
 - uncommit_free_chunks: 1.
 - use_allocation_guard: 0.
 - handle_deallocations: 1.


Internal statistics:

num_allocs_failed_limit: 6.
num_arena_births: 370.
num_arena_deaths: 14.
num_vsnodes_births: 2.
num_vsnodes_deaths: 0.
num_space_committed: 631.
num_space_uncommitted: 0.
num_chunks_returned_to_freelist: 20.
num_chunks_taken_from_freelist: 1620.
num_chunk_merges: 11.
num_chunk_splits: 1045.
num_chunks_enlarged: 707.
num_inconsistent_stats: 0.

CodeHeap 'non-profiled nmethods': size=119168Kb used=2034Kb max_used=2034Kb free=117133Kb
 bounds [0x000001edb71a0000, 0x000001edb7410000, 0x000001edbe600000]
CodeHeap 'profiled nmethods': size=119104Kb used=8793Kb max_used=8793Kb free=110310Kb
 bounds [0x000001edaf600000, 0x000001edafea0000, 0x000001edb6a50000]
CodeHeap 'non-nmethods': size=7488Kb used=2971Kb max_used=3008Kb free=4516Kb
 bounds [0x000001edb6a50000, 0x000001edb6d50000, 0x000001edb71a0000]
 total_blobs=4800 nmethods=4187 adapters=523
 compilation: enabled
              stopped_count=0, restarted_count=0
 full_count=0

Compilation events (20 events):
Event: 4.310 Thread 0x000001edc59b59b0 4179       1       java.net.JarURLConnection::getEntryName (5 bytes)
Event: 4.310 Thread 0x000001edc5b23ed0 4180       3       sun.net.www.protocol.jar.JarFileFactory::urlFor (77 bytes)
Event: 4.310 Thread 0x000001edc5b22a70 4181       3       sun.net.www.protocol.jar.JarFileFactory::urlKey (39 bytes)
Event: 4.310 Thread 0x000001edc59b59b0 nmethod 4179 0x000001edb7399b10 code [0x000001edb7399ca0, 0x000001edb7399d78]
Event: 4.311 Thread 0x000001edc5b23ed0 nmethod 4180 0x000001edafe93c10 code [0x000001edafe93ea0, 0x000001edafe947e8]
Event: 4.311 Thread 0x000001edc5b22a70 nmethod 4181 0x000001edafe94b90 code [0x000001edafe94de0, 0x000001edafe95448]
Event: 4.311 Thread 0x000001edc59b59b0 4182       3       java.net.URLConnection::setUseCaches (10 bytes)
Event: 4.311 Thread 0x000001edc5b23ed0 4183       3       java.net.URLConnection::checkConnected (19 bytes)
Event: 4.311 Thread 0x000001edc5af8090 4184       3       sun.net.www.protocol.jar.JarURLConnection::getUseCaches (8 bytes)
Event: 4.312 Thread 0x000001edc5b23ed0 nmethod 4183 0x000001edafe95690 code [0x000001edafe95840, 0x000001edafe95a68]
Event: 4.312 Thread 0x000001edc59b59b0 nmethod 4182 0x000001edafe95b90 code [0x000001edafe95d40, 0x000001edafe95fc8]
Event: 4.312 Thread 0x000001edc5af8090 nmethod 4184 0x000001edafe96110 code [0x000001edafe962c0, 0x000001edafe96488]
Event: 4.325 Thread 0x000001edc889d450 4185       4       java.lang.StringBuilder::<init> (6 bytes)
Event: 4.330 Thread 0x000001edc889d450 nmethod 4185 0x000001edb7399e10 code [0x000001edb7399fa0, 0x000001edb739a6d8]
Event: 4.333 Thread 0x000001edc9b34f50 4186       4       java.lang.ClassLoader::findLoadedClass (15 bytes)
Event: 4.334 Thread 0x000001edc9b34f50 nmethod 4186 0x000001edb739ab90 code [0x000001edb739ad20, 0x000001edb739af48]
Event: 4.342 Thread 0x000001edc9b34f50 4187       4       java.net.URI$Parser::scan (41 bytes)
Event: 4.344 Thread 0x000001edc9b34f50 nmethod 4187 0x000001edb739b190 code [0x000001edb739b320, 0x000001edb739b628]
Event: 4.346 Thread 0x000001edc9b34f50 4188       4       java.io.WinNTFileSystem::normalize (143 bytes)
Event: 4.362 Thread 0x000001edc59b0410 4189 %     4       lombok.launch.PackageShader::apply @ 76 (252 bytes)

GC Heap History (20 events):
Event: 3.088 GC heap before
{Heap before GC invocations=8 (full 1):
 PSYoungGen      total 26112K, used 25641K [0x00000000eab00000, 0x00000000ec780000, 0x0000000100000000)
  eden space 24576K, 100% used [0x00000000eab00000,0x00000000ec300000,0x00000000ec300000)
  from space 1536K, 69% used [0x00000000ec600000,0x00000000ec70a4c0,0x00000000ec780000)
  to   space 1536K, 0% used [0x00000000ec480000,0x00000000ec480000,0x00000000ec600000)
 ParOldGen       total 68608K, used 6660K [0x00000000c0000000, 0x00000000c4300000, 0x00000000eab00000)
  object space 68608K, 9% used [0x00000000c0000000,0x00000000c0681130,0x00000000c4300000)
 Metaspace       used 31389K, committed 32000K, reserved 1114112K
  class space    used 3072K, committed 3328K, reserved 1048576K
}
Event: 3.091 GC heap after
{Heap after GC invocations=8 (full 1):
 PSYoungGen      total 26112K, used 1512K [0x00000000eab00000, 0x00000000ec780000, 0x0000000100000000)
  eden space 24576K, 0% used [0x00000000eab00000,0x00000000eab00000,0x00000000ec300000)
  from space 1536K, 98% used [0x00000000ec480000,0x00000000ec5fa168,0x00000000ec600000)
  to   space 1536K, 0% used [0x00000000ec600000,0x00000000ec600000,0x00000000ec780000)
 ParOldGen       total 68608K, used 8252K [0x00000000c0000000, 0x00000000c4300000, 0x00000000eab00000)
  object space 68608K, 12% used [0x00000000c0000000,0x00000000c080f228,0x00000000c4300000)
 Metaspace       used 31389K, committed 32000K, reserved 1114112K
  class space    used 3072K, committed 3328K, reserved 1048576K
}
Event: 3.437 GC heap before
{Heap before GC invocations=9 (full 1):
 PSYoungGen      total 26112K, used 24760K [0x00000000eab00000, 0x00000000ec780000, 0x0000000100000000)
  eden space 24576K, 94% used [0x00000000eab00000,0x00000000ec1b41a0,0x00000000ec300000)
  from space 1536K, 98% used [0x00000000ec480000,0x00000000ec5fa168,0x00000000ec600000)
  to   space 1536K, 0% used [0x00000000ec600000,0x00000000ec600000,0x00000000ec780000)
 ParOldGen       total 68608K, used 8252K [0x00000000c0000000, 0x00000000c4300000, 0x00000000eab00000)
  object space 68608K, 12% used [0x00000000c0000000,0x00000000c080f228,0x00000000c4300000)
 Metaspace       used 35130K, committed 35840K, reserved 1114112K
  class space    used 3541K, committed 3840K, reserved 1048576K
}
Event: 3.439 GC heap after
{Heap after GC invocations=9 (full 1):
 PSYoungGen      total 25600K, used 1536K [0x00000000eab00000, 0x00000000ec980000, 0x0000000100000000)
  eden space 24064K, 0% used [0x00000000eab00000,0x00000000eab00000,0x00000000ec280000)
  from space 1536K, 100% used [0x00000000ec600000,0x00000000ec780000,0x00000000ec780000)
  to   space 3584K, 0% used [0x00000000ec280000,0x00000000ec280000,0x00000000ec600000)
 ParOldGen       total 68608K, used 9857K [0x00000000c0000000, 0x00000000c4300000, 0x00000000eab00000)
  object space 68608K, 14% used [0x00000000c0000000,0x00000000c09a04c0,0x00000000c4300000)
 Metaspace       used 35130K, committed 35840K, reserved 1114112K
  class space    used 3541K, committed 3840K, reserved 1048576K
}
Event: 3.439 GC heap before
{Heap before GC invocations=10 (full 2):
 PSYoungGen      total 25600K, used 1536K [0x00000000eab00000, 0x00000000ec980000, 0x0000000100000000)
  eden space 24064K, 0% used [0x00000000eab00000,0x00000000eab00000,0x00000000ec280000)
  from space 1536K, 100% used [0x00000000ec600000,0x00000000ec780000,0x00000000ec780000)
  to   space 3584K, 0% used [0x00000000ec280000,0x00000000ec280000,0x00000000ec600000)
 ParOldGen       total 68608K, used 9857K [0x00000000c0000000, 0x00000000c4300000, 0x00000000eab00000)
  object space 68608K, 14% used [0x00000000c0000000,0x00000000c09a04c0,0x00000000c4300000)
 Metaspace       used 35130K, committed 35840K, reserved 1114112K
  class space    used 3541K, committed 3840K, reserved 1048576K
}
Event: 3.455 GC heap after
{Heap after GC invocations=10 (full 2):
 PSYoungGen      total 25600K, used 0K [0x00000000eab00000, 0x00000000ec980000, 0x0000000100000000)
  eden space 24064K, 0% used [0x00000000eab00000,0x00000000eab00000,0x00000000ec280000)
  from space 1536K, 0% used [0x00000000ec600000,0x00000000ec600000,0x00000000ec780000)
  to   space 3584K, 0% used [0x00000000ec280000,0x00000000ec280000,0x00000000ec600000)
 ParOldGen       total 68608K, used 11164K [0x00000000c0000000, 0x00000000c4300000, 0x00000000eab00000)
  object space 68608K, 16% used [0x00000000c0000000,0x00000000c0ae70f0,0x00000000c4300000)
 Metaspace       used 35130K, committed 35840K, reserved 1114112K
  class space    used 3541K, committed 3840K, reserved 1048576K
}
Event: 3.652 GC heap before
{Heap before GC invocations=11 (full 2):
 PSYoungGen      total 25600K, used 24064K [0x00000000eab00000, 0x00000000ec980000, 0x0000000100000000)
  eden space 24064K, 100% used [0x00000000eab00000,0x00000000ec280000,0x00000000ec280000)
  from space 1536K, 0% used [0x00000000ec600000,0x00000000ec600000,0x00000000ec780000)
  to   space 3584K, 0% used [0x00000000ec280000,0x00000000ec280000,0x00000000ec600000)
 ParOldGen       total 68608K, used 11164K [0x00000000c0000000, 0x00000000c4300000, 0x00000000eab00000)
  object space 68608K, 16% used [0x00000000c0000000,0x00000000c0ae70f0,0x00000000c4300000)
 Metaspace       used 36816K, committed 37568K, reserved 1114112K
  class space    used 3729K, committed 4032K, reserved 1048576K
}
Event: 3.654 GC heap after
{Heap after GC invocations=11 (full 2):
 PSYoungGen      total 26112K, used 2112K [0x00000000eab00000, 0x00000000ec700000, 0x0000000100000000)
  eden space 23552K, 0% used [0x00000000eab00000,0x00000000eab00000,0x00000000ec200000)
  from space 2560K, 82% used [0x00000000ec280000,0x00000000ec490040,0x00000000ec500000)
  to   space 2048K, 0% used [0x00000000ec500000,0x00000000ec500000,0x00000000ec700000)
 ParOldGen       total 68608K, used 11172K [0x00000000c0000000, 0x00000000c4300000, 0x00000000eab00000)
  object space 68608K, 16% used [0x00000000c0000000,0x00000000c0ae90f0,0x00000000c4300000)
 Metaspace       used 36816K, committed 37568K, reserved 1114112K
  class space    used 3729K, committed 4032K, reserved 1048576K
}
Event: 3.751 GC heap before
{Heap before GC invocations=12 (full 2):
 PSYoungGen      total 26112K, used 25664K [0x00000000eab00000, 0x00000000ec700000, 0x0000000100000000)
  eden space 23552K, 100% used [0x00000000eab00000,0x00000000ec200000,0x00000000ec200000)
  from space 2560K, 82% used [0x00000000ec280000,0x00000000ec490040,0x00000000ec500000)
  to   space 2048K, 0% used [0x00000000ec500000,0x00000000ec500000,0x00000000ec700000)
 ParOldGen       total 68608K, used 11172K [0x00000000c0000000, 0x00000000c4300000, 0x00000000eab00000)
  object space 68608K, 16% used [0x00000000c0000000,0x00000000c0ae90f0,0x00000000c4300000)
 Metaspace       used 37021K, committed 37760K, reserved 1114112K
  class space    used 3750K, committed 4096K, reserved 1048576K
}
Event: 3.754 GC heap after
{Heap after GC invocations=12 (full 2):
 PSYoungGen      total 24064K, used 2016K [0x00000000eab00000, 0x00000000eca80000, 0x0000000100000000)
  eden space 22016K, 0% used [0x00000000eab00000,0x00000000eab00000,0x00000000ec080000)
  from space 2048K, 98% used [0x00000000ec500000,0x00000000ec6f8040,0x00000000ec700000)
  to   space 4608K, 0% used [0x00000000ec080000,0x00000000ec080000,0x00000000ec500000)
 ParOldGen       total 68608K, used 13012K [0x00000000c0000000, 0x00000000c4300000, 0x00000000eab00000)
  object space 68608K, 18% used [0x00000000c0000000,0x00000000c0cb50f0,0x00000000c4300000)
 Metaspace       used 37021K, committed 37760K, reserved 1114112K
  class space    used 3750K, committed 4096K, reserved 1048576K
}
Event: 3.824 GC heap before
{Heap before GC invocations=13 (full 2):
 PSYoungGen      total 24064K, used 24032K [0x00000000eab00000, 0x00000000eca80000, 0x0000000100000000)
  eden space 22016K, 100% used [0x00000000eab00000,0x00000000ec080000,0x00000000ec080000)
  from space 2048K, 98% used [0x00000000ec500000,0x00000000ec6f8040,0x00000000ec700000)
  to   space 4608K, 0% used [0x00000000ec080000,0x00000000ec080000,0x00000000ec500000)
 ParOldGen       total 68608K, used 13012K [0x00000000c0000000, 0x00000000c4300000, 0x00000000eab00000)
  object space 68608K, 18% used [0x00000000c0000000,0x00000000c0cb50f0,0x00000000c4300000)
 Metaspace       used 37099K, committed 37824K, reserved 1114112K
  class space    used 3763K, committed 4096K, reserved 1048576K
}
Event: 3.827 GC heap after
{Heap after GC invocations=13 (full 2):
 PSYoungGen      total 24576K, used 2496K [0x00000000eab00000, 0x00000000ec680000, 0x0000000100000000)
  eden space 22016K, 0% used [0x00000000eab00000,0x00000000eab00000,0x00000000ec080000)
  from space 2560K, 97% used [0x00000000ec080000,0x00000000ec2f0020,0x00000000ec300000)
  to   space 3072K, 0% used [0x00000000ec380000,0x00000000ec380000,0x00000000ec680000)
 ParOldGen       total 68608K, used 15019K [0x00000000c0000000, 0x00000000c4300000, 0x00000000eab00000)
  object space 68608K, 21% used [0x00000000c0000000,0x00000000c0eaad48,0x00000000c4300000)
 Metaspace       used 37099K, committed 37824K, reserved 1114112K
  class space    used 3763K, committed 4096K, reserved 1048576K
}
Event: 3.861 GC heap before
{Heap before GC invocations=14 (full 2):
 PSYoungGen      total 24576K, used 24512K [0x00000000eab00000, 0x00000000ec680000, 0x0000000100000000)
  eden space 22016K, 100% used [0x00000000eab00000,0x00000000ec080000,0x00000000ec080000)
  from space 2560K, 97% used [0x00000000ec080000,0x00000000ec2f0020,0x00000000ec300000)
  to   space 3072K, 0% used [0x00000000ec380000,0x00000000ec380000,0x00000000ec680000)
 ParOldGen       total 68608K, used 15019K [0x00000000c0000000, 0x00000000c4300000, 0x00000000eab00000)
  object space 68608K, 21% used [0x00000000c0000000,0x00000000c0eaad48,0x00000000c4300000)
 Metaspace       used 37100K, committed 37824K, reserved 1114112K
  class space    used 3763K, committed 4096K, reserved 1048576K
}
Event: 3.864 GC heap after
{Heap after GC invocations=14 (full 2):
 PSYoungGen      total 24576K, used 2112K [0x00000000eab00000, 0x00000000ec600000, 0x0000000100000000)
  eden space 22016K, 0% used [0x00000000eab00000,0x00000000eab00000,0x00000000ec080000)
  from space 2560K, 82% used [0x00000000ec380000,0x00000000ec590000,0x00000000ec600000)
  to   space 2560K, 0% used [0x00000000ec080000,0x00000000ec080000,0x00000000ec300000)
 ParOldGen       total 68608K, used 17384K [0x00000000c0000000, 0x00000000c4300000, 0x00000000eab00000)
  object space 68608K, 25% used [0x00000000c0000000,0x00000000c10fa070,0x00000000c4300000)
 Metaspace       used 37100K, committed 37824K, reserved 1114112K
  class space    used 3763K, committed 4096K, reserved 1048576K
}
Event: 3.896 GC heap before
{Heap before GC invocations=15 (full 2):
 PSYoungGen      total 24576K, used 24128K [0x00000000eab00000, 0x00000000ec600000, 0x0000000100000000)
  eden space 22016K, 100% used [0x00000000eab00000,0x00000000ec080000,0x00000000ec080000)
  from space 2560K, 82% used [0x00000000ec380000,0x00000000ec590000,0x00000000ec600000)
  to   space 2560K, 0% used [0x00000000ec080000,0x00000000ec080000,0x00000000ec300000)
 ParOldGen       total 68608K, used 17384K [0x00000000c0000000, 0x00000000c4300000, 0x00000000eab00000)
  object space 68608K, 25% used [0x00000000c0000000,0x00000000c10fa070,0x00000000c4300000)
 Metaspace       used 37100K, committed 37824K, reserved 1114112K
  class space    used 3763K, committed 4096K, reserved 1048576K
}
Event: 3.900 GC heap after
{Heap after GC invocations=15 (full 2):
 PSYoungGen      total 24576K, used 2432K [0x00000000eab00000, 0x00000000ec580000, 0x0000000100000000)
  eden space 22016K, 0% used [0x00000000eab00000,0x00000000eab00000,0x00000000ec080000)
  from space 2560K, 95% used [0x00000000ec080000,0x00000000ec2e0010,0x00000000ec300000)
  to   space 2560K, 0% used [0x00000000ec300000,0x00000000ec300000,0x00000000ec580000)
 ParOldGen       total 68608K, used 19296K [0x00000000c0000000, 0x00000000c4300000, 0x00000000eab00000)
  object space 68608K, 28% used [0x00000000c0000000,0x00000000c12d8070,0x00000000c4300000)
 Metaspace       used 37100K, committed 37824K, reserved 1114112K
  class space    used 3763K, committed 4096K, reserved 1048576K
}
Event: 3.930 GC heap before
{Heap before GC invocations=16 (full 2):
 PSYoungGen      total 24576K, used 24448K [0x00000000eab00000, 0x00000000ec580000, 0x0000000100000000)
  eden space 22016K, 100% used [0x00000000eab00000,0x00000000ec080000,0x00000000ec080000)
  from space 2560K, 95% used [0x00000000ec080000,0x00000000ec2e0010,0x00000000ec300000)
  to   space 2560K, 0% used [0x00000000ec300000,0x00000000ec300000,0x00000000ec580000)
 ParOldGen       total 68608K, used 19296K [0x00000000c0000000, 0x00000000c4300000, 0x00000000eab00000)
  object space 68608K, 28% used [0x00000000c0000000,0x00000000c12d8070,0x00000000c4300000)
 Metaspace       used 37100K, committed 37824K, reserved 1114112K
  class space    used 3763K, committed 4096K, reserved 1048576K
}
Event: 3.933 GC heap after
{Heap after GC invocations=16 (full 2):
 PSYoungGen      total 24576K, used 1984K [0x00000000eab00000, 0x00000000ec580000, 0x0000000100000000)
  eden space 22016K, 0% used [0x00000000eab00000,0x00000000eab00000,0x00000000ec080000)
  from space 2560K, 77% used [0x00000000ec300000,0x00000000ec4f0000,0x00000000ec580000)
  to   space 2560K, 0% used [0x00000000ec080000,0x00000000ec080000,0x00000000ec300000)
 ParOldGen       total 68608K, used 21536K [0x00000000c0000000, 0x00000000c4300000, 0x00000000eab00000)
  object space 68608K, 31% used [0x00000000c0000000,0x00000000c1508080,0x00000000c4300000)
 Metaspace       used 37100K, committed 37824K, reserved 1114112K
  class space    used 3763K, committed 4096K, reserved 1048576K
}
Event: 4.174 GC heap before
{Heap before GC invocations=17 (full 2):
 PSYoungGen      total 24576K, used 23979K [0x00000000eab00000, 0x00000000ec580000, 0x0000000100000000)
  eden space 22016K, 99% used [0x00000000eab00000,0x00000000ec07aec8,0x00000000ec080000)
  from space 2560K, 77% used [0x00000000ec300000,0x00000000ec4f0000,0x00000000ec580000)
  to   space 2560K, 0% used [0x00000000ec080000,0x00000000ec080000,0x00000000ec300000)
 ParOldGen       total 68608K, used 21536K [0x00000000c0000000, 0x00000000c4300000, 0x00000000eab00000)
  object space 68608K, 31% used [0x00000000c0000000,0x00000000c1508080,0x00000000c4300000)
 Metaspace       used 38858K, committed 39552K, reserved 1114112K
  class space    used 3959K, committed 4288K, reserved 1048576K
}
Event: 4.177 GC heap after
{Heap after GC invocations=17 (full 2):
 PSYoungGen      total 24576K, used 2280K [0x00000000eab00000, 0x00000000ec580000, 0x0000000100000000)
  eden space 22016K, 0% used [0x00000000eab00000,0x00000000eab00000,0x00000000ec080000)
  from space 2560K, 89% used [0x00000000ec080000,0x00000000ec2ba270,0x00000000ec300000)
  to   space 2560K, 0% used [0x00000000ec300000,0x00000000ec300000,0x00000000ec580000)
 ParOldGen       total 68608K, used 23382K [0x00000000c0000000, 0x00000000c4300000, 0x00000000eab00000)
  object space 68608K, 34% used [0x00000000c0000000,0x00000000c16d5900,0x00000000c4300000)
 Metaspace       used 38858K, committed 39552K, reserved 1114112K
  class space    used 3959K, committed 4288K, reserved 1048576K
}

Dll operation events (10 events):
Event: 0.009 Loaded shared library c:\Users\STARIM\.vscode\extensions\redhat.java-1.27.0-win32-x64\jre\17.0.10-win32-x86_64\bin\java.dll
Event: 0.123 Loaded shared library c:\Users\STARIM\.vscode\extensions\redhat.java-1.27.0-win32-x64\jre\17.0.10-win32-x86_64\bin\zip.dll
Event: 0.125 Loaded shared library C:\Users\STARIM\.vscode\extensions\redhat.java-1.27.0-win32-x64\jre\17.0.10-win32-x86_64\bin\instrument.dll
Event: 0.134 Loaded shared library C:\Users\STARIM\.vscode\extensions\redhat.java-1.27.0-win32-x64\jre\17.0.10-win32-x86_64\bin\net.dll
Event: 0.136 Loaded shared library C:\Users\STARIM\.vscode\extensions\redhat.java-1.27.0-win32-x64\jre\17.0.10-win32-x86_64\bin\nio.dll
Event: 0.141 Loaded shared library C:\Users\STARIM\.vscode\extensions\redhat.java-1.27.0-win32-x64\jre\17.0.10-win32-x86_64\bin\zip.dll
Event: 0.153 Loaded shared library C:\Users\STARIM\.vscode\extensions\redhat.java-1.27.0-win32-x64\jre\17.0.10-win32-x86_64\bin\jimage.dll
Event: 0.203 Loaded shared library c:\Users\STARIM\.vscode\extensions\redhat.java-1.27.0-win32-x64\jre\17.0.10-win32-x86_64\bin\verify.dll
Event: 1.267 Loaded shared library C:\Users\STARIM\AppData\Roaming\Code\User\globalStorage\redhat.java\1.27.0\config_ss_win\org.eclipse.equinox.launcher\org.eclipse.equinox.launcher.win32.win32.x86_64_1.2.900.v20240129-1338\eclipse_11900.dll
Event: 3.118 Loaded shared library C:\Users\STARIM\AppData\Local\Temp\jna--1839154442\jna12822984724811915632.dll

Deoptimization events (20 events):
Event: 4.065 Thread 0x000001edc960d4b0 DEOPT PACKING pc=0x000001edafcce41e sp=0x000000a709afd540
Event: 4.065 Thread 0x000001edc960d4b0 DEOPT UNPACKING pc=0x000001edb6aa6e43 sp=0x000000a709afca38 mode 0
Event: 4.066 Thread 0x000001edc960d4b0 DEOPT PACKING pc=0x000001edafcce41e sp=0x000000a709afd540
Event: 4.066 Thread 0x000001edc960d4b0 DEOPT UNPACKING pc=0x000001edb6aa6e43 sp=0x000000a709afca38 mode 0
Event: 4.066 Thread 0x000001edc960d4b0 DEOPT PACKING pc=0x000001edafcce41e sp=0x000000a709afd540
Event: 4.066 Thread 0x000001edc960d4b0 DEOPT UNPACKING pc=0x000001edb6aa6e43 sp=0x000000a709afca38 mode 0
Event: 4.067 Thread 0x000001edc960d4b0 DEOPT PACKING pc=0x000001edafcce41e sp=0x000000a709afd540
Event: 4.067 Thread 0x000001edc960d4b0 DEOPT UNPACKING pc=0x000001edb6aa6e43 sp=0x000000a709afca38 mode 0
Event: 4.067 Thread 0x000001edc960d4b0 DEOPT PACKING pc=0x000001edafcce41e sp=0x000000a709afd540
Event: 4.067 Thread 0x000001edc960d4b0 DEOPT UNPACKING pc=0x000001edb6aa6e43 sp=0x000000a709afca38 mode 0
Event: 4.067 Thread 0x000001edc960d4b0 DEOPT PACKING pc=0x000001edafcce41e sp=0x000000a709afd540
Event: 4.067 Thread 0x000001edc960d4b0 DEOPT UNPACKING pc=0x000001edb6aa6e43 sp=0x000000a709afca38 mode 0
Event: 4.068 Thread 0x000001edc960d4b0 DEOPT PACKING pc=0x000001edafcce41e sp=0x000000a709afd540
Event: 4.068 Thread 0x000001edc960d4b0 DEOPT UNPACKING pc=0x000001edb6aa6e43 sp=0x000000a709afca38 mode 0
Event: 4.068 Thread 0x000001edc960d4b0 DEOPT PACKING pc=0x000001edafcce41e sp=0x000000a709afd540
Event: 4.068 Thread 0x000001edc960d4b0 DEOPT UNPACKING pc=0x000001edb6aa6e43 sp=0x000000a709afca38 mode 0
Event: 4.322 Thread 0x000001edc960d4b0 DEOPT PACKING pc=0x000001edaf6f9743 sp=0x000000a709af8880
Event: 4.322 Thread 0x000001edc960d4b0 DEOPT UNPACKING pc=0x000001edb6aa6e43 sp=0x000000a709af7da0 mode 0
Event: 4.341 Thread 0x000001edc960d4b0 DEOPT PACKING pc=0x000001edaf67c709 sp=0x000000a709af8890
Event: 4.342 Thread 0x000001edc960d4b0 DEOPT UNPACKING pc=0x000001edb6aa6e43 sp=0x000000a709af7d88 mode 0

Classes unloaded (7 events):
Event: 1.954 Thread 0x000001edaca16b60 Unloading class 0x000000010021a400 'java/lang/invoke/LambdaForm$MH+0x000000010021a400'
Event: 1.954 Thread 0x000001edaca16b60 Unloading class 0x000000010021a000 'java/lang/invoke/LambdaForm$MH+0x000000010021a000'
Event: 1.954 Thread 0x000001edaca16b60 Unloading class 0x0000000100219c00 'java/lang/invoke/LambdaForm$MH+0x0000000100219c00'
Event: 1.954 Thread 0x000001edaca16b60 Unloading class 0x0000000100219800 'java/lang/invoke/LambdaForm$MH+0x0000000100219800'
Event: 1.954 Thread 0x000001edaca16b60 Unloading class 0x0000000100219400 'java/lang/invoke/LambdaForm$BMH+0x0000000100219400'
Event: 1.954 Thread 0x000001edaca16b60 Unloading class 0x0000000100219000 'java/lang/invoke/LambdaForm$DMH+0x0000000100219000'
Event: 1.954 Thread 0x000001edaca16b60 Unloading class 0x0000000100214400 'java/lang/invoke/LambdaForm$DMH+0x0000000100214400'

Classes redefined (0 events):
No events

Internal exceptions (20 events):
Event: 3.148 Thread 0x000001edc7cc0f90 Exception <a 'java/io/FileNotFoundException'{0x00000000eaceb458}> (0x00000000eaceb458) 
thrown [s\src\hotspot\share\prims\jni.cpp, line 516]
Event: 3.158 Thread 0x000001edc7cc0f90 Exception <a 'java/io/FileNotFoundException'{0x00000000ead77ed0}> (0x00000000ead77ed0) 
thrown [s\src\hotspot\share\prims\jni.cpp, line 516]
Event: 3.167 Thread 0x000001edc7cc0f90 Exception <a 'java/lang/UnsatisfiedLinkError'{0x00000000eae07868}: The specified procedure could not be found.
> (0x00000000eae07868) 
thrown [s\src\hotspot\share\prims\jni.cpp, line 535]
Event: 3.195 Thread 0x000001edac96d890 Exception <a 'java/lang/NoSuchMethodError'{0x00000000eaff3850}: 'java.lang.Object java.lang.invoke.DirectMethodHandle$Holder.invokeStatic(java.lang.Object, java.lang.Object, long, java.lang.Object)'> (0x00000000eaff3850) 
thrown [s\src\hotspot\share\interpreter\linkResolver.cpp, line 759]
Event: 3.195 Thread 0x000001edac96d890 Exception <a 'java/lang/NoSuchMethodError'{0x00000000eaff72e8}: 'java.lang.Object java.lang.invoke.DirectMethodHandle$Holder.invokeStaticInit(java.lang.Object, java.lang.Object, long, java.lang.Object)'> (0x00000000eaff72e8) 
thrown [s\src\hotspot\share\interpreter\linkResolver.cpp, line 759]
Event: 3.195 Thread 0x000001edac96d890 Exception <a 'java/lang/NoSuchMethodError'{0x00000000eaffde00}: 'java.lang.Object java.lang.invoke.DirectMethodHandle$Holder.newInvokeSpecial(java.lang.Object, java.lang.Object, long)'> (0x00000000eaffde00) 
thrown [s\src\hotspot\share\interpreter\linkResolver.cpp, line 759]
Event: 3.232 Thread 0x000001edac96d890 Exception <a 'java/lang/NoSuchMethodError'{0x00000000eb1c97d0}: 'void java.lang.invoke.DirectMethodHandle$Holder.invokeStatic(java.lang.Object, java.lang.Object, java.lang.Object, java.lang.Object)'> (0x00000000eb1c97d0) 
thrown [s\src\hotspot\share\interpreter\linkResolver.cpp, line 759]
Event: 3.325 Thread 0x000001edac96d890 Exception <a 'java/lang/NoSuchMethodError'{0x00000000eba34830}: 'void java.lang.invoke.DirectMethodHandle$Holder.invokeSpecial(java.lang.Object, java.lang.Object, java.lang.Object, java.lang.Object, java.lang.Object, java.lang.Object)'> (0x00000000eba34830) 
thrown [s\src\hotspot\share\interpreter\linkResolver.cpp, line 759]
Event: 3.327 Thread 0x000001edac96d890 Exception <a 'java/lang/IncompatibleClassChangeError'{0x00000000eba3e0e0}: Found class java.lang.Object, but interface was expected> (0x00000000eba3e0e0) 
thrown [s\src\hotspot\share\interpreter\linkResolver.cpp, line 826]
Event: 3.426 Thread 0x000001edc960d4b0 Exception <a 'java/io/FileNotFoundException'{0x00000000ec04f6a0}> (0x00000000ec04f6a0) 
thrown [s\src\hotspot\share\prims\jni.cpp, line 516]
Event: 3.467 Thread 0x000001edc960d4b0 Exception <a 'sun/nio/fs/WindowsException'{0x00000000eab8c0a8}> (0x00000000eab8c0a8) 
thrown [s\src\hotspot\share\prims\jni.cpp, line 516]
Event: 3.470 Thread 0x000001edc7cc19b0 Exception <a 'java/io/FileNotFoundException'{0x00000000eaba14a0}> (0x00000000eaba14a0) 
thrown [s\src\hotspot\share\prims\jni.cpp, line 516]
Event: 3.470 Thread 0x000001edc7cc19b0 Exception <a 'java/io/FileNotFoundException'{0x00000000eaba24a0}> (0x00000000eaba24a0) 
thrown [s\src\hotspot\share\prims\jni.cpp, line 516]
Event: 3.471 Thread 0x000001edc7cc19b0 Exception <a 'java/io/FileNotFoundException'{0x00000000eabbc540}> (0x00000000eabbc540) 
thrown [s\src\hotspot\share\prims\jni.cpp, line 516]
Event: 3.524 Thread 0x000001edc7cc3300 Exception <a 'java/lang/NoSuchMethodError'{0x00000000eb00d2b0}: 'java.lang.Object java.lang.invoke.Invokers$Holder.invoke_MT(java.lang.Object, java.lang.Object, java.lang.Object)'> (0x00000000eb00d2b0) 
thrown [s\src\hotspot\share\interpreter\linkResolver.cpp, line 759]
Event: 3.524 Thread 0x000001edc960d4b0 Exception <a 'java/lang/NoSuchMethodError'{0x00000000eaffc0f8}: 'int java.lang.invoke.DirectMethodHandle$Holder.invokeVirtual(java.lang.Object, java.lang.Object)'> (0x00000000eaffc0f8) 
thrown [s\src\hotspot\share\interpreter\linkResolver.cpp, line 759]
Event: 3.679 Thread 0x000001edc7cc3300 Exception <a 'java/io/FileNotFoundException'{0x00000000eb1b2150}> (0x00000000eb1b2150) 
thrown [s\src\hotspot\share\prims\jni.cpp, line 516]
Event: 3.679 Thread 0x000001edc7cc3300 Exception <a 'java/io/FileNotFoundException'{0x00000000eb1b3690}> (0x00000000eb1b3690) 
thrown [s\src\hotspot\share\prims\jni.cpp, line 516]
Event: 3.681 Thread 0x000001edc7cc3300 Exception <a 'java/lang/NoSuchMethodError'{0x00000000eb1c4ee8}: 'void java.lang.invoke.DirectMethodHandle$Holder.invokeStaticInit(java.lang.Object, java.lang.Object, java.lang.Object)'> (0x00000000eb1c4ee8) 
thrown [s\src\hotspot\share\interpreter\linkResolver.cpp, line 759]
Event: 4.019 Thread 0x000001edc960d4b0 Exception <a 'java/lang/NoSuchMethodError'{0x00000000eb5e4c80}: 'java.lang.Object java.lang.invoke.DirectMethodHandle$Holder.invokeInterface(java.lang.Object, java.lang.Object, java.lang.Object)'> (0x00000000eb5e4c80) 
thrown [s\src\hotspot\share\interpreter\linkResolver.cpp, line 759]

VM Operations (20 events):
Event: 3.605 Executing VM operation: HandshakeAllThreads
Event: 3.605 Executing VM operation: HandshakeAllThreads done
Event: 3.652 Executing VM operation: ParallelGCFailedAllocation
Event: 3.654 Executing VM operation: ParallelGCFailedAllocation done
Event: 3.751 Executing VM operation: ParallelGCFailedAllocation
Event: 3.754 Executing VM operation: ParallelGCFailedAllocation done
Event: 3.824 Executing VM operation: ParallelGCFailedAllocation
Event: 3.827 Executing VM operation: ParallelGCFailedAllocation done
Event: 3.861 Executing VM operation: ParallelGCFailedAllocation
Event: 3.864 Executing VM operation: ParallelGCFailedAllocation done
Event: 3.896 Executing VM operation: ParallelGCFailedAllocation
Event: 3.900 Executing VM operation: ParallelGCFailedAllocation done
Event: 3.930 Executing VM operation: ParallelGCFailedAllocation
Event: 3.933 Executing VM operation: ParallelGCFailedAllocation done
Event: 4.060 Executing VM operation: HandshakeAllThreads
Event: 4.060 Executing VM operation: HandshakeAllThreads done
Event: 4.174 Executing VM operation: ParallelGCFailedAllocation
Event: 4.177 Executing VM operation: ParallelGCFailedAllocation done
Event: 4.223 Executing VM operation: HandshakeAllThreads
Event: 4.223 Executing VM operation: HandshakeAllThreads done

Events (20 events):
Event: 3.591 loading class java/util/regex/Pattern$BackRef done
Event: 3.625 loading class java/nio/channels/Channels$ReadableByteChannelImpl
Event: 3.625 loading class java/nio/channels/Channels$ReadableByteChannelImpl done
Event: 3.626 loading class java/nio/channels/NonWritableChannelException
Event: 3.626 loading class java/nio/channels/NonWritableChannelException done
Event: 3.626 loading class sun/nio/ch/ChannelInputStream
Event: 3.626 loading class sun/nio/ch/ChannelInputStream done
Event: 3.664 Thread 0x000001edc9b34f50 Thread added: 0x000001edc9b34f50
Event: 4.005 loading class jdk/internal/reflect/UnsafeIntegerFieldAccessorImpl
Event: 4.005 loading class jdk/internal/reflect/UnsafeIntegerFieldAccessorImpl done
Event: 4.048 loading class sun/nio/cs/ThreadLocalCoders
Event: 4.048 loading class sun/nio/cs/ThreadLocalCoders done
Event: 4.049 loading class sun/nio/cs/ThreadLocalCoders$1
Event: 4.049 loading class sun/nio/cs/ThreadLocalCoders$Cache
Event: 4.049 loading class sun/nio/cs/ThreadLocalCoders$Cache done
Event: 4.049 loading class sun/nio/cs/ThreadLocalCoders$1 done
Event: 4.049 loading class sun/nio/cs/ThreadLocalCoders$2
Event: 4.049 loading class sun/nio/cs/ThreadLocalCoders$2 done
Event: 4.073 loading class java/lang/ExceptionInInitializerError
Event: 4.074 loading class java/lang/ExceptionInInitializerError done


Dynamic libraries:
0x00007ff632ea0000 - 0x00007ff632eae000 	c:\Users\STARIM\.vscode\extensions\redhat.java-1.27.0-win32-x64\jre\17.0.10-win32-x86_64\bin\java.exe
0x00007ffd4a970000 - 0x00007ffd4ab87000 	C:\WINDOWS\SYSTEM32\ntdll.dll
0x00007ffd49b50000 - 0x00007ffd49c14000 	C:\WINDOWS\System32\KERNEL32.DLL
0x00007ffd47e50000 - 0x00007ffd481f6000 	C:\WINDOWS\System32\KERNELBASE.dll
0x00007ffd48200000 - 0x00007ffd48311000 	C:\WINDOWS\System32\ucrtbase.dll
0x00007ffd39da0000 - 0x00007ffd39db7000 	c:\Users\STARIM\.vscode\extensions\redhat.java-1.27.0-win32-x64\jre\17.0.10-win32-x86_64\bin\jli.dll
0x00007ffd431e0000 - 0x00007ffd431fb000 	c:\Users\STARIM\.vscode\extensions\redhat.java-1.27.0-win32-x64\jre\17.0.10-win32-x86_64\bin\VCRUNTIME140.dll
0x00007ffd4a5c0000 - 0x00007ffd4a76e000 	C:\WINDOWS\System32\USER32.dll
0x00007ffd47df0000 - 0x00007ffd47e16000 	C:\WINDOWS\System32\win32u.dll
0x00007ffd3efb0000 - 0x00007ffd3f243000 	C:\WINDOWS\WinSxS\amd64_microsoft.windows.common-controls_6595b64144ccf1df_6.0.22621.2506_none_270c5ae97388e100\COMCTL32.dll
0x00007ffd48e10000 - 0x00007ffd48e39000 	C:\WINDOWS\System32\GDI32.dll
0x00007ffd498a0000 - 0x00007ffd49947000 	C:\WINDOWS\System32\msvcrt.dll
0x00007ffd48390000 - 0x00007ffd484a8000 	C:\WINDOWS\System32\gdi32full.dll
0x00007ffd484b0000 - 0x00007ffd4854a000 	C:\WINDOWS\System32\msvcp_win.dll
0x00007ffd487c0000 - 0x00007ffd487f1000 	C:\WINDOWS\System32\IMM32.DLL
0x00007ffd399c0000 - 0x00007ffd399cc000 	c:\Users\STARIM\.vscode\extensions\redhat.java-1.27.0-win32-x64\jre\17.0.10-win32-x86_64\bin\vcruntime140_1.dll
0x00007ffd0ee10000 - 0x00007ffd0ee9d000 	c:\Users\STARIM\.vscode\extensions\redhat.java-1.27.0-win32-x64\jre\17.0.10-win32-x86_64\bin\msvcp140.dll
0x00007ffce7dc0000 - 0x00007ffce8a22000 	c:\Users\STARIM\.vscode\extensions\redhat.java-1.27.0-win32-x64\jre\17.0.10-win32-x86_64\bin\server\jvm.dll
0x00007ffd4a480000 - 0x00007ffd4a533000 	C:\WINDOWS\System32\ADVAPI32.dll
0x00007ffd49120000 - 0x00007ffd491c8000 	C:\WINDOWS\System32\sechost.dll
0x00007ffd47e20000 - 0x00007ffd47e48000 	C:\WINDOWS\System32\bcrypt.dll
0x00007ffd49950000 - 0x00007ffd49a67000 	C:\WINDOWS\System32\RPCRT4.dll
0x00007ffd47920000 - 0x00007ffd4796d000 	C:\WINDOWS\SYSTEM32\POWRPROF.dll
0x00007ffd39450000 - 0x00007ffd39459000 	C:\WINDOWS\SYSTEM32\WSOCK32.dll
0x00007ffd49090000 - 0x00007ffd49101000 	C:\WINDOWS\System32\WS2_32.dll
0x00007ffd3e8f0000 - 0x00007ffd3e924000 	C:\WINDOWS\SYSTEM32\WINMM.dll
0x00007ffd3f310000 - 0x00007ffd3f31a000 	C:\WINDOWS\SYSTEM32\VERSION.dll
0x00007ffd47720000 - 0x00007ffd47733000 	C:\WINDOWS\SYSTEM32\UMPDC.dll
0x00007ffd46cd0000 - 0x00007ffd46ce8000 	C:\WINDOWS\SYSTEM32\kernel.appcore.dll
0x00007ffd39440000 - 0x00007ffd3944a000 	c:\Users\STARIM\.vscode\extensions\redhat.java-1.27.0-win32-x64\jre\17.0.10-win32-x86_64\bin\jimage.dll
0x00007ffd45040000 - 0x00007ffd45273000 	C:\WINDOWS\SYSTEM32\DBGHELP.DLL
0x00007ffd492d0000 - 0x00007ffd49659000 	C:\WINDOWS\System32\combase.dll
0x00007ffd49a70000 - 0x00007ffd49b47000 	C:\WINDOWS\System32\OLEAUT32.dll
0x00007ffd3c920000 - 0x00007ffd3c952000 	C:\WINDOWS\SYSTEM32\dbgcore.DLL
0x00007ffd47d70000 - 0x00007ffd47dea000 	C:\WINDOWS\System32\bcryptPrimitives.dll
0x00007ffd39410000 - 0x00007ffd3941e000 	c:\Users\STARIM\.vscode\extensions\redhat.java-1.27.0-win32-x64\jre\17.0.10-win32-x86_64\bin\instrument.dll
0x00007ffd2fe00000 - 0x00007ffd2fe25000 	c:\Users\STARIM\.vscode\extensions\redhat.java-1.27.0-win32-x64\jre\17.0.10-win32-x86_64\bin\java.dll
0x00007ffd386b0000 - 0x00007ffd386c8000 	c:\Users\STARIM\.vscode\extensions\redhat.java-1.27.0-win32-x64\jre\17.0.10-win32-x86_64\bin\zip.dll
0x00007ffd49c20000 - 0x00007ffd4a47b000 	C:\WINDOWS\System32\SHELL32.dll
0x00007ffd45bc0000 - 0x00007ffd464b6000 	C:\WINDOWS\SYSTEM32\windows.storage.dll
0x00007ffd45a80000 - 0x00007ffd45bbe000 	C:\WINDOWS\SYSTEM32\wintypes.dll
0x00007ffd486c0000 - 0x00007ffd487b3000 	C:\WINDOWS\System32\SHCORE.dll
0x00007ffd48db0000 - 0x00007ffd48e0e000 	C:\WINDOWS\System32\shlwapi.dll
0x00007ffd47be0000 - 0x00007ffd47c06000 	C:\WINDOWS\SYSTEM32\profapi.dll
0x00007ffd375e0000 - 0x00007ffd375f9000 	C:\Users\STARIM\.vscode\extensions\redhat.java-1.27.0-win32-x64\jre\17.0.10-win32-x86_64\bin\net.dll
0x00007ffd415e0000 - 0x00007ffd41717000 	C:\WINDOWS\SYSTEM32\WINHTTP.dll
0x00007ffd47170000 - 0x00007ffd471d9000 	C:\WINDOWS\system32\mswsock.dll
0x00007ffd34970000 - 0x00007ffd34986000 	C:\Users\STARIM\.vscode\extensions\redhat.java-1.27.0-win32-x64\jre\17.0.10-win32-x86_64\bin\nio.dll
0x00007ffd390a0000 - 0x00007ffd390b0000 	c:\Users\STARIM\.vscode\extensions\redhat.java-1.27.0-win32-x64\jre\17.0.10-win32-x86_64\bin\verify.dll
0x00007ffd18f70000 - 0x00007ffd18fae000 	C:\Users\STARIM\AppData\Roaming\Code\User\globalStorage\redhat.java\1.27.0\config_ss_win\org.eclipse.equinox.launcher\org.eclipse.equinox.launcher.win32.win32.x86_64_1.2.900.v20240129-1338\eclipse_11900.dll
0x00007ffd48e40000 - 0x00007ffd48fe0000 	C:\WINDOWS\System32\ole32.dll
0x00007ffd47430000 - 0x00007ffd4744b000 	C:\WINDOWS\SYSTEM32\CRYPTSP.dll
0x00007ffd46c30000 - 0x00007ffd46c65000 	C:\WINDOWS\system32\rsaenh.dll
0x00007ffd472d0000 - 0x00007ffd472fc000 	C:\WINDOWS\SYSTEM32\USERENV.dll
0x00007ffd47450000 - 0x00007ffd4745c000 	C:\WINDOWS\SYSTEM32\CRYPTBASE.dll
0x00007ffd46720000 - 0x00007ffd4674d000 	C:\WINDOWS\SYSTEM32\IPHLPAPI.DLL
0x00007ffd48d30000 - 0x00007ffd48d39000 	C:\WINDOWS\System32\NSI.dll
0x00007ffd41410000 - 0x00007ffd41429000 	C:\WINDOWS\SYSTEM32\dhcpcsvc6.DLL
0x00007ffd413f0000 - 0x00007ffd4140f000 	C:\WINDOWS\SYSTEM32\dhcpcsvc.DLL
0x00007ffd46790000 - 0x00007ffd46889000 	C:\WINDOWS\SYSTEM32\DNSAPI.dll
0x00007ffd106d0000 - 0x00007ffd10715000 	C:\Users\STARIM\AppData\Local\Temp\jna--1839154442\jna12822984724811915632.dll
0x00007ffd49110000 - 0x00007ffd49118000 	C:\WINDOWS\System32\PSAPI.DLL

dbghelp: loaded successfully - version: 4.0.5 - missing functions: none
symbol engine: initialized successfully - sym options: 0x614 - pdb path: .;c:\Users\STARIM\.vscode\extensions\redhat.java-1.27.0-win32-x64\jre\17.0.10-win32-x86_64\bin;C:\WINDOWS\SYSTEM32;C:\WINDOWS\WinSxS\amd64_microsoft.windows.common-controls_6595b64144ccf1df_6.0.22621.2506_none_270c5ae97388e100;c:\Users\STARIM\.vscode\extensions\redhat.java-1.27.0-win32-x64\jre\17.0.10-win32-x86_64\bin\server;C:\Users\STARIM\AppData\Roaming\Code\User\globalStorage\redhat.java\1.27.0\config_ss_win\org.eclipse.equinox.launcher\org.eclipse.equinox.launcher.win32.win32.x86_64_1.2.900.v20240129-1338;C:\Users\STARIM\AppData\Local\Temp\jna--1839154442

VM Arguments:
jvm_args: --add-modules=ALL-SYSTEM --add-opens=java.base/java.util=ALL-UNNAMED --add-opens=java.base/java.lang=ALL-UNNAMED --add-opens=java.base/sun.nio.fs=ALL-UNNAMED -Declipse.application=org.eclipse.jdt.ls.core.id1 -Dosgi.bundles.defaultStartLevel=4 -Declipse.product=org.eclipse.jdt.ls.core.product -Djava.import.generatesMetadataFilesAtProjectRoot=false -DDetectVMInstallationsJob.disabled=true -Dfile.encoding=utf8 -XX:+UseParallelGC -XX:GCTimeRatio=4 -XX:AdaptiveSizePolicyWeight=90 -Dsun.zip.disableMemoryMapping=true -Xmx1G -Xms100m -Xlog:disable -javaagent:c:\Users\STARIM\.vscode\extensions\redhat.java-1.27.0-win32-x64\lombok\lombok-1.18.31.jar 
java_command: c:\Users\STARIM\.vscode\extensions\redhat.java-1.27.0-win32-x64\server\plugins\org.eclipse.equinox.launcher_1.6.700.v20231214-2017.jar -configuration c:\Users\STARIM\AppData\Roaming\Code\User\globalStorage\redhat.java\1.27.0\config_ss_win -data c:\Users\STARIM\AppData\Roaming\Code\User\workspaceStorage\f9ab32abbbd5cd031c83568945532e53\redhat.java\ss_ws --stdio
java_class_path (initial): c:\Users\STARIM\.vscode\extensions\redhat.java-1.27.0-win32-x64\server\plugins\org.eclipse.equinox.launcher_1.6.700.v20231214-2017.jar
Launcher Type: SUN_STANDARD

[Global flags]
    uintx AdaptiveSizePolicyWeight                 = 90                                        {product} {command line}
     intx CICompilerCount                          = 12                                        {product} {ergonomic}
    uintx GCTimeRatio                              = 4                                         {product} {command line}
   size_t InitialHeapSize                          = 104857600                                 {product} {command line}
   size_t MaxHeapSize                              = 1073741824                                {product} {command line}
   size_t MaxNewSize                               = 357564416                                 {product} {ergonomic}
   size_t MinHeapDeltaBytes                        = 524288                                    {product} {ergonomic}
   size_t MinHeapSize                              = 104857600                                 {product} {command line}
   size_t NewSize                                  = 34603008                                  {product} {ergonomic}
    uintx NonNMethodCodeHeapSize                   = 7602480                                {pd product} {ergonomic}
    uintx NonProfiledCodeHeapSize                  = 122027880                              {pd product} {ergonomic}
   size_t OldSize                                  = 70254592                                  {product} {ergonomic}
    uintx ProfiledCodeHeapSize                     = 122027880                              {pd product} {ergonomic}
    uintx ReservedCodeCacheSize                    = 251658240                              {pd product} {ergonomic}
     bool SegmentedCodeCache                       = true                                      {product} {ergonomic}
   size_t SoftMaxHeapSize                          = 1073741824                             {manageable} {ergonomic}
     bool UseCompressedClassPointers               = true                           {product lp64_product} {ergonomic}
     bool UseCompressedOops                        = true                           {product lp64_product} {ergonomic}
     bool UseLargePagesIndividualAllocation        = false                                  {pd product} {ergonomic}
     bool UseParallelGC                            = true                                      {product} {command line}

Logging:
Log output configuration:
 #0: stdout all=off uptime,level,tags
 #1: stderr all=off uptime,level,tags

Environment Variables:
PATH=C:\Program Files\Common Files\Oracle\Java\javapath;C:\Windows\system32;C:\Windows;C:\Windows\System32\Wbem;C:\Windows\System32\WindowsPowerShell\v1.0\;C:\Windows\System32\OpenSSH\;C:\Program Files (x86)\NVIDIA Corporation\PhysX\Common;C:\Program Files\dotnet\;C:\Program Files\Microsoft SQL Server\Client SDK\ODBC\170\Tools\Binn\;C:\Program Files (x86)\Microsoft SQL Server\150\Tools\Binn\;C:\Program Files\Microsoft SQL Server\150\Tools\Binn\;C:\Program Files\Microsoft SQL Server\150\DTS\Binn\;C:\WINDOWS\system32;C:\WINDOWS;C:\WINDOWS\System32\Wbem;C:\WINDOWS\System32\WindowsPowerShell\v1.0\;C:\WINDOWS\System32\OpenSSH\;C:\Users\STARIM\Downloads\apache-maven-3.9.5-bin\apache-maven-3.9.5\bin;C:\Program Files\Java\jdk-21;C:\Program Files\Docker\Docker\resources\bin;C:\Program Files\Git\cmd;C:\Users\STARIM\AppData\Roaming\nvm;C:\Program Files\nodejs;C:\Users\STARIM\AppData\Local\Microsoft\WindowsApps;C:\Users\STARIM\.dotnet\tools;C:\Users\STARIM\AppData\Local\Programs\Microsoft VS Code\bin;C:\Users\STARIM\AppData\Local\Programs\mongosh\;C:\Program Files\JetBrains\IntelliJ IDEA Community Edition 2023.2.5\bin;;C:\Users\STARIM\AppData\Roaming\npm;C:\Users\STARIM\AppData\Roaming\nvm;C:\Program Files\nodejs
USERNAME=STARIM
OS=Windows_NT
PROCESSOR_IDENTIFIER=AMD64 Family 23 Model 96 Stepping 1, AuthenticAMD
TMP=C:\Users\STARIM\AppData\Local\Temp
TEMP=C:\Users\STARIM\AppData\Local\Temp



Periodic native trim disabled


---------------  S Y S T E M  ---------------

OS:
 Windows 11 , 64 bit Build 22621 (10.0.22621.3085)
OS uptime: 0 days 5:27 hours
Hyper-V role detected

CPU: total 16 (initial active 16) (16 cores per cpu, 2 threads per core) family 23 model 96 stepping 1 microcode 0x0, cx8, cmov, fxsr, ht, mmx, 3dnowpref, sse, sse2, sse3, ssse3, sse4a, sse4.1, sse4.2, popcnt, lzcnt, tsc, tscinvbit, avx, avx2, aes, clmul, bmi1, bmi2, adx, sha, fma, vzeroupper, clflush, clflushopt, hv
Processor Information for all 16 processors :
  Max Mhz: 2901, Current Mhz: 2901, Mhz Limit: 2901

Memory: 4k page, system-wide physical 7599M (766M free)
TotalPageFile size 15763M (AvailPageFile size 5M)
current process WorkingSet (physical memory assigned to process): 177M, peak: 179M
current process commit charge ("private bytes"): 279M, peak: 285M

vm_info: OpenJDK 64-Bit Server VM (17.0.10+7) for windows-amd64 JRE (17.0.10+7), built on Jan 16 2024 23:25:11 by "admin" with MS VC++ 16.10 / 16.11 (VS2019)

END.
