#
# There is insufficient memory for the Java Runtime Environment to continue.
# Native memory allocation (malloc) failed to allocate 1455360 bytes for Chunk::new
# Possible reasons:
#   The system is out of physical RAM or swap space
#   The process is running with CompressedOops enabled, and the Java Heap may be blocking the growth of the native heap
# Possible solutions:
#   Reduce memory load on the system
#   Increase physical memory or swap space
#   Check if swap backing store is full
#   Decrease Java heap size (-Xmx/-Xms)
#   Decrease number of Java threads
#   Decrease Java thread stack sizes (-Xss)
#   Set larger code cache with -XX:ReservedCodeCacheSize=
#   JVM is running with Unscaled Compressed Oops mode in which the Java heap is
#     placed in the first 4GB address space. The Java Heap base address is the
#     maximum limit for the native heap growth. Please use -XX:HeapBaseMinAddress
#     to set the Java Heap base and to place the Java Heap above 4GB virtual address.
# This output file may be truncated or incomplete.
#
#  Out of Memory Error (arena.cpp:191), pid=17748, tid=6636
#
# JRE version: OpenJDK Runtime Environment Temurin-17.0.10+7 (17.0.10+7) (build 17.0.10+7)
# Java VM: OpenJDK 64-Bit Server VM Temurin-17.0.10+7 (17.0.10+7, mixed mode, tiered, compressed oops, compressed class ptrs, parallel gc, windows-amd64)
# No core dump will be written. Minidumps are not enabled by default on client versions of Windows
#

---------------  S U M M A R Y ------------

Command Line: --add-modules=ALL-SYSTEM --add-opens=java.base/java.util=ALL-UNNAMED --add-opens=java.base/java.lang=ALL-UNNAMED --add-opens=java.base/sun.nio.fs=ALL-UNNAMED -Declipse.application=org.eclipse.jdt.ls.core.id1 -Dosgi.bundles.defaultStartLevel=4 -Declipse.product=org.eclipse.jdt.ls.core.product -Djava.import.generatesMetadataFilesAtProjectRoot=false -DDetectVMInstallationsJob.disabled=true -Dfile.encoding=utf8 -XX:+UseParallelGC -XX:GCTimeRatio=4 -XX:AdaptiveSizePolicyWeight=90 -Dsun.zip.disableMemoryMapping=true -Xmx1G -Xms100m -Xlog:disable -javaagent:c:\Users\STARIM\.vscode\extensions\redhat.java-1.27.0-win32-x64\lombok\lombok-1.18.31.jar -XX:+HeapDumpOnOutOfMemoryError -XX:HeapDumpPath=c:\Users\STARIM\AppData\Roaming\Code\User\workspaceStorage\f9ab32abbbd5cd031c83568945532e53\redhat.java -Daether.dependencyCollector.impl=bf c:\Users\STARIM\.vscode\extensions\redhat.java-1.27.0-win32-x64\server\plugins\org.eclipse.equinox.launcher_1.6.700.v20231214-2017.jar -configuration c:\Users\STARIM\AppData\Roaming\Code\User\globalStorage\redhat.java\1.27.0\config_win -data c:\Users\STARIM\AppData\Roaming\Code\User\workspaceStorage\f9ab32abbbd5cd031c83568945532e53\redhat.java\jdt_ws --stdio

Host: AMD Ryzen 7 4800H with Radeon Graphics         , 16 cores, 7G,  Windows 11 , 64 bit Build 22621 (10.0.22621.3085)
Time: Tue Feb  6 18:06:51 2024 India Standard Time elapsed time: 4.679301 seconds (0d 0h 0m 4s)

---------------  T H R E A D  ---------------

Current thread (0x000002469ceed590):  JavaThread "C2 CompilerThread0" daemon [_thread_in_native, id=6636, stack(0x0000008302d00000,0x0000008302e00000)]


Current CompileTask:
C2:   4679 4469       4       org.eclipse.osgi.internal.loader.BundleLoader::addExportedProvidersFor (167 bytes)

Stack: [0x0000008302d00000,0x0000008302e00000]
Native frames: (J=compiled Java code, j=interpreted, Vv=VM code, C=native code)
V  [jvm.dll+0x67d2c9]
V  [jvm.dll+0x834afa]
V  [jvm.dll+0x8365be]
V  [jvm.dll+0x836c23]
V  [jvm.dll+0x2477ff]
V  [jvm.dll+0xac514]
V  [jvm.dll+0xacb5c]
V  [jvm.dll+0x3667d7]
V  [jvm.dll+0x1bcf72]
V  [jvm.dll+0x21a049]
V  [jvm.dll+0x219311]
V  [jvm.dll+0x1a502d]
V  [jvm.dll+0x2290de]
V  [jvm.dll+0x2272ac]
V  [jvm.dll+0x7e9bb7]
V  [jvm.dll+0x7e3fba]
V  [jvm.dll+0x67c1b5]
C  [ucrtbase.dll+0x29363]
C  [KERNEL32.DLL+0x1257d]
C  [ntdll.dll+0x5aa58]


---------------  P R O C E S S  ---------------

Threads class SMR info:
_java_thread_list=0x00000246a24fccb0, length=33, elements={
0x0000024683ef1840, 0x0000024697d75020, 0x0000024697d76090, 0x000002469ceeaf20,
0x000002469ceeb7f0, 0x000002469ceec0c0, 0x000002469ceec990, 0x000002469ceed590,
0x000002469cef8560, 0x000002469cefba90, 0x000002469d023390, 0x000002469d08ac40,
0x000002469efffbc0, 0x000002469f0000e0, 0x000002469f070810, 0x000002469f918e60,
0x000002469f61a270, 0x000002469f61a780, 0x000002469f619d60, 0x000002469f619340,
0x000002469f619850, 0x00000246a02274f0, 0x00000246a0227a00, 0x00000246a0225690,
0x00000246a022c5f0, 0x00000246a09e8350, 0x00000246a0229860, 0x00000246a0228420,
0x00000246a02260b0, 0x00000246a0225180, 0x00000246a0227f10, 0x00000246a0228930,
0x00000246a0228e40
}

Java Threads: ( => current thread )
  0x0000024683ef1840 JavaThread "main" [_thread_blocked, id=23348, stack(0x0000008302400000,0x0000008302500000)]
  0x0000024697d75020 JavaThread "Reference Handler" daemon [_thread_blocked, id=6764, stack(0x0000008302700000,0x0000008302800000)]
  0x0000024697d76090 JavaThread "Finalizer" daemon [_thread_blocked, id=21920, stack(0x0000008302800000,0x0000008302900000)]
  0x000002469ceeaf20 JavaThread "Signal Dispatcher" daemon [_thread_blocked, id=8844, stack(0x0000008302900000,0x0000008302a00000)]
  0x000002469ceeb7f0 JavaThread "Attach Listener" daemon [_thread_blocked, id=3604, stack(0x0000008302a00000,0x0000008302b00000)]
  0x000002469ceec0c0 JavaThread "Service Thread" daemon [_thread_blocked, id=18972, stack(0x0000008302b00000,0x0000008302c00000)]
  0x000002469ceec990 JavaThread "Monitor Deflation Thread" daemon [_thread_blocked, id=23952, stack(0x0000008302c00000,0x0000008302d00000)]
=>0x000002469ceed590 JavaThread "C2 CompilerThread0" daemon [_thread_in_native, id=6636, stack(0x0000008302d00000,0x0000008302e00000)]
  0x000002469cef8560 JavaThread "C1 CompilerThread0" daemon [_thread_in_vm, id=9772, stack(0x0000008302e00000,0x0000008302f00000)]
  0x000002469cefba90 JavaThread "Sweeper thread" daemon [_thread_blocked, id=5072, stack(0x0000008302f00000,0x0000008303000000)]
  0x000002469d023390 JavaThread "Common-Cleaner" daemon [_thread_blocked, id=8396, stack(0x0000008303000000,0x0000008303100000)]
  0x000002469d08ac40 JavaThread "C1 CompilerThread1" daemon [_thread_blocked, id=18028, stack(0x0000008303100000,0x0000008303200000)]
  0x000002469efffbc0 JavaThread "C1 CompilerThread2" daemon [_thread_in_native, id=16000, stack(0x0000008303400000,0x0000008303500000)]
  0x000002469f0000e0 JavaThread "C1 CompilerThread3" daemon [_thread_in_vm, id=16720, stack(0x0000008303500000,0x0000008303600000)]
  0x000002469f070810 JavaThread "Notification Thread" daemon [_thread_blocked, id=14508, stack(0x0000008303600000,0x0000008303700000)]
  0x000002469f918e60 JavaThread "C2 CompilerThread1" daemon [_thread_in_native, id=21316, stack(0x0000008303200000,0x0000008303300000)]
  0x000002469f61a270 JavaThread "Active Thread: Equinox Container: 587fc975-58b6-4bcf-bffd-0c69041400cd" [_thread_blocked, id=13884, stack(0x0000008303800000,0x0000008303900000)]
  0x000002469f61a780 JavaThread "Framework Event Dispatcher: Equinox Container: 587fc975-58b6-4bcf-bffd-0c69041400cd" daemon [_thread_blocked, id=23932, stack(0x0000008303e00000,0x0000008303f00000)]
  0x000002469f619d60 JavaThread "Start Level: Equinox Container: 587fc975-58b6-4bcf-bffd-0c69041400cd" daemon [_thread_blocked, id=21908, stack(0x0000008303f00000,0x0000008304000000)]
  0x000002469f619340 JavaThread "Bundle File Closer" daemon [_thread_blocked, id=20836, stack(0x0000008304200000,0x0000008304300000)]
  0x000002469f619850 JavaThread "SCR Component Actor" daemon [_thread_blocked, id=23344, stack(0x0000008304400000,0x0000008304500000)]
  0x00000246a02274f0 JavaThread "SCR Component Registry" daemon [_thread_blocked, id=17468, stack(0x0000008304500000,0x0000008304600000)]
  0x00000246a0227a00 JavaThread "Worker-JM" [_thread_blocked, id=10968, stack(0x0000008304600000,0x0000008304700000)]
  0x00000246a0225690 JavaThread "Worker-0: Repository registry initialization" [_thread_in_vm, id=10176, stack(0x0000008304a00000,0x0000008304b00000)]
  0x00000246a022c5f0 JavaThread "Worker-1" [_thread_blocked, id=18592, stack(0x0000008304b00000,0x0000008304c00000)]
  0x00000246a09e8350 JavaThread "C2 CompilerThread2" daemon [_thread_in_native, id=7808, stack(0x0000008304c00000,0x0000008304d00000)]
  0x00000246a0229860 JavaThread "Java indexing" daemon [_thread_blocked, id=18284, stack(0x0000008304d00000,0x0000008304e00000)]
  0x00000246a0228420 JavaThread "JNA Cleaner" daemon [_thread_blocked, id=14520, stack(0x0000008304e00000,0x0000008304f00000)]
  0x00000246a02260b0 JavaThread "pool-2-thread-1" [_thread_blocked, id=18700, stack(0x0000008304f00000,0x0000008305000000)]
  0x00000246a0225180 JavaThread "WorkspaceEventsHandler" [_thread_blocked, id=17432, stack(0x0000008305000000,0x0000008305100000)]
  0x00000246a0227f10 JavaThread "pool-1-thread-1" [_thread_blocked, id=2648, stack(0x0000008305100000,0x0000008305200000)]
  0x00000246a0228930 JavaThread "Worker-2" [_thread_blocked, id=3384, stack(0x0000008305200000,0x0000008305300000)]
  0x00000246a0228e40 JavaThread "Worker-3" [_thread_blocked, id=6576, stack(0x0000008305300000,0x0000008305400000)]

Other Threads:
  0x0000024697c67c80 VMThread "VM Thread" [stack: 0x0000008302600000,0x0000008302700000] [id=23624]
  0x000002469f071850 WatcherThread [stack: 0x0000008303700000,0x0000008303800000] [id=3840]
  0x0000024683f048a0 GCTaskThread "GC Thread#0" [stack: 0x0000008302500000,0x0000008302600000] [id=17504]
  0x000002469f78c120 GCTaskThread "GC Thread#1" [stack: 0x0000008303900000,0x0000008303a00000] [id=20812]
  0x000002469f78c800 GCTaskThread "GC Thread#2" [stack: 0x0000008303a00000,0x0000008303b00000] [id=12356]
  0x000002469f7f3480 GCTaskThread "GC Thread#3" [stack: 0x0000008303b00000,0x0000008303c00000] [id=24536]
  0x000002469f7f3b50 GCTaskThread "GC Thread#4" [stack: 0x0000008303c00000,0x0000008303d00000] [id=4676]
  0x000002469f504ce0 GCTaskThread "GC Thread#5" [stack: 0x0000008303d00000,0x0000008303e00000] [id=23768]
  0x000002469f055780 GCTaskThread "GC Thread#6" [stack: 0x0000008304000000,0x0000008304100000] [id=13396]
  0x000002469fa20b40 GCTaskThread "GC Thread#7" [stack: 0x0000008304100000,0x0000008304200000] [id=3156]
  0x00000246a01aca40 GCTaskThread "GC Thread#8" [stack: 0x0000008304300000,0x0000008304400000] [id=23064]
  0x00000246a0280a40 GCTaskThread "GC Thread#9" [stack: 0x0000008304700000,0x0000008304800000] [id=14452]
  0x00000246a0280d00 GCTaskThread "GC Thread#10" [stack: 0x0000008304800000,0x0000008304900000] [id=12720]
  0x00000246a02e4020 GCTaskThread "GC Thread#11" [stack: 0x0000008304900000,0x0000008304a00000] [id=14540]
  0x00000246a03f71c0 GCTaskThread "GC Thread#12" [stack: 0x0000008303300000,0x0000008303400000] [id=1252]

Threads with active compile tasks:
C2 CompilerThread0     4697 4469       4       org.eclipse.osgi.internal.loader.BundleLoader::addExportedProvidersFor (167 bytes)
C2 CompilerThread1     4697 4482   !   4       org.eclipse.osgi.internal.loader.classpath.ClasspathManager::findLocalClass (210 bytes)
C2 CompilerThread2     4697 4397   !   4       org.eclipse.osgi.internal.loader.classpath.ClasspathManager::findClassImpl (308 bytes)

VM state: not at safepoint (normal execution)

VM Mutex/Monitor currently owned by a thread: None

Heap address: 0x00000000c0000000, size: 1024 MB, Compressed Oops mode: 32-bit

CDS archive(s) not mapped
Compressed class space mapped at: 0x0000000100000000-0x0000000140000000, reserved size: 1073741824
Narrow klass base: 0x0000000000000000, Narrow klass shift: 3, Narrow klass range: 0x140000000

GC Precious Log:
 CPUs: 16 total, 16 available
 Memory: 7599M
 Large Page Support: Disabled
 NUMA Support: Disabled
 Compressed Oops: Enabled (32-bit)
 Alignments: Space 512K, Generation 512K, Heap 2M
 Heap Min Capacity: 100M
 Heap Initial Capacity: 100M
 Heap Max Capacity: 1G
 Pre-touch: Disabled
 Parallel Workers: 13

Heap:
 PSYoungGen      total 23552K, used 2892K [0x00000000eab00000, 0x00000000ec680000, 0x0000000100000000)
  eden space 22016K, 6% used [0x00000000eab00000,0x00000000eac53a18,0x00000000ec080000)
  from space 1536K, 99% used [0x00000000ec400000,0x00000000ec57f658,0x00000000ec580000)
  to   space 1024K, 0% used [0x00000000ec580000,0x00000000ec580000,0x00000000ec680000)
 ParOldGen       total 68608K, used 16377K [0x00000000c0000000, 0x00000000c4300000, 0x00000000eab00000)
  object space 68608K, 23% used [0x00000000c0000000,0x00000000c0ffe708,0x00000000c4300000)
 Metaspace       used 43261K, committed 44352K, reserved 1114112K
  class space    used 4540K, committed 5056K, reserved 1048576K

Card table byte_map: [0x0000024683880000,0x0000024683a90000] _byte_map_base: 0x0000024683280000

Marking Bits: (ParMarkBitMap*) 0x00007ffce895d7d0
 Begin Bits: [0x0000024695b80000, 0x0000024696b80000)
 End Bits:   [0x0000024696b80000, 0x0000024697b80000)

Polling page: 0x0000024681e20000

Metaspace:

Usage:
  Non-class:     37.81 MB used.
      Class:      4.43 MB used.
       Both:     42.25 MB used.

Virtual space:
  Non-class space:       64.00 MB reserved,      38.38 MB ( 60%) committed,  1 nodes.
      Class space:        1.00 GB reserved,       4.94 MB ( <1%) committed,  1 nodes.
             Both:        1.06 GB reserved,      43.31 MB (  4%) committed. 

Chunk freelists:
   Non-Class:  8.93 MB
       Class:  11.06 MB
        Both:  20.00 MB

MaxMetaspaceSize: unlimited
CompressedClassSpaceSize: 1.00 GB
Initial GC threshold: 21.00 MB
Current GC threshold: 58.38 MB
CDS: off
MetaspaceReclaimPolicy: balanced
 - commit_granule_bytes: 65536.
 - commit_granule_words: 8192.
 - virtual_space_node_default_size: 8388608.
 - enlarge_chunks_in_place: 1.
 - new_chunks_are_fully_committed: 0.
 - uncommit_free_chunks: 1.
 - use_allocation_guard: 0.
 - handle_deallocations: 1.


Internal statistics:

num_allocs_failed_limit: 6.
num_arena_births: 650.
num_arena_deaths: 14.
num_vsnodes_births: 2.
num_vsnodes_deaths: 0.
num_space_committed: 693.
num_space_uncommitted: 0.
num_chunks_returned_to_freelist: 20.
num_chunks_taken_from_freelist: 2196.
num_chunk_merges: 8.
num_chunk_splits: 1368.
num_chunks_enlarged: 803.
num_inconsistent_stats: 0.

CodeHeap 'non-profiled nmethods': size=119168Kb used=2134Kb max_used=2134Kb free=117033Kb
 bounds [0x000002468e720000, 0x000002468e990000, 0x0000024695b80000]
CodeHeap 'profiled nmethods': size=119104Kb used=10788Kb max_used=10788Kb free=108315Kb
 bounds [0x0000024686b80000, 0x0000024687610000, 0x000002468dfd0000]
CodeHeap 'non-nmethods': size=7488Kb used=2963Kb max_used=3015Kb free=4524Kb
 bounds [0x000002468dfd0000, 0x000002468e2d0000, 0x000002468e720000]
 total_blobs=5478 nmethods=4875 adapters=513
 compilation: enabled
              stopped_count=0, restarted_count=0
 full_count=0

Compilation events (20 events):
Event: 4.659 Thread 0x000002469f0000e0 nmethod 4904 0x00000246875fed90 code [0x00000246875fef60, 0x00000246875ff378]
Event: 4.659 Thread 0x000002469efffbc0 nmethod 4906 0x00000246875ff510 code [0x00000246875ff6a0, 0x00000246875ff7c8]
Event: 4.660 Thread 0x000002469efffbc0 4907       2       java.util.regex.Matcher::group (112 bytes)
Event: 4.660 Thread 0x000002469efffbc0 nmethod 4907 0x00000246875ff890 code [0x00000246875ffac0, 0x00000246875fffc8]
Event: 4.663 Thread 0x000002469efffbc0 4908       2       org.eclipse.sisu.space.asm.ClassReader::readUnsignedShort (26 bytes)
Event: 4.663 Thread 0x000002469efffbc0 nmethod 4908 0x0000024687600310 code [0x00000246876004a0, 0x0000024687600618]
Event: 4.667 Thread 0x000002469efffbc0 4909       2       org.eclipse.osgi.internal.loader.classpath.ClasspathEntry::findResource (65 bytes)
Event: 4.668 Thread 0x000002469efffbc0 nmethod 4909 0x0000024687600710 code [0x0000024687600900, 0x0000024687600be8]
Event: 4.668 Thread 0x000002469cef8560 4910   !   2       sun.reflect.annotation.AnnotationParser::parseAnnotation2 (271 bytes)
Event: 4.669 Thread 0x000002469f0000e0 4911       2       org.eclipse.sisu.space.asm.ClassReader::readUTF (193 bytes)
Event: 4.669 Thread 0x000002469f0000e0 nmethod 4911 0x0000024687600e10 code [0x0000024687600fc0, 0x0000024687601348]
Event: 4.669 Thread 0x000002469cef8560 nmethod 4910 0x0000024687601590 code [0x00000246876018a0, 0x0000024687602308]
Event: 4.670 Thread 0x000002469f0000e0 4912   !   2       jdk.internal.loader.AbstractClassLoaderValue::computeIfAbsent (113 bytes)
Event: 4.670 Thread 0x000002469d08ac40 4913       2       java.lang.Class::isAnnotation (17 bytes)
Event: 4.670 Thread 0x000002469efffbc0 4914       2       java.lang.WeakPairMap$Pair::hashCode (10 bytes)
Event: 4.670 Thread 0x000002469d08ac40 nmethod 4913 0x0000024687602b10 code [0x0000024687602ca0, 0x0000024687602dd8]
Event: 4.670 Thread 0x000002469efffbc0 nmethod 4914 0x0000024687602e90 code [0x0000024687603040, 0x0000024687603178]
Event: 4.671 Thread 0x000002469f0000e0 nmethod 4912 0x0000024687603210 code [0x0000024687603420, 0x00000246876039e8]
Event: 4.671 Thread 0x000002469f0000e0 4916       2       org.eclipse.sisu.space.asm.ClassReader::readUTF8 (60 bytes)
Event: 4.672 Thread 0x000002469f0000e0 nmethod 4916 0x0000024687603e90 code [0x0000024687604060, 0x0000024687604368]

GC Heap History (20 events):
Event: 2.537 GC heap before
{Heap before GC invocations=5 (full 0):
 PSYoungGen      total 29696K, used 7931K [0x00000000eab00000, 0x00000000ecc00000, 0x0000000100000000)
  eden space 25600K, 15% used [0x00000000eab00000,0x00000000eaec1dd0,0x00000000ec400000)
  from space 4096K, 99% used [0x00000000ec800000,0x00000000ecbfced0,0x00000000ecc00000)
  to   space 4096K, 0% used [0x00000000ec400000,0x00000000ec400000,0x00000000ec800000)
 ParOldGen       total 68608K, used 6322K [0x00000000c0000000, 0x00000000c4300000, 0x00000000eab00000)
  object space 68608K, 9% used [0x00000000c0000000,0x00000000c062cb30,0x00000000c4300000)
 Metaspace       used 21150K, committed 21504K, reserved 1114112K
  class space    used 2135K, committed 2304K, reserved 1048576K
}
Event: 2.540 GC heap after
{Heap after GC invocations=5 (full 0):
 PSYoungGen      total 29696K, used 4079K [0x00000000eab00000, 0x00000000ece00000, 0x0000000100000000)
  eden space 25600K, 0% used [0x00000000eab00000,0x00000000eab00000,0x00000000ec400000)
  from space 4096K, 99% used [0x00000000ec400000,0x00000000ec7fbcf0,0x00000000ec800000)
  to   space 5120K, 0% used [0x00000000ec900000,0x00000000ec900000,0x00000000ece00000)
 ParOldGen       total 68608K, used 6730K [0x00000000c0000000, 0x00000000c4300000, 0x00000000eab00000)
  object space 68608K, 9% used [0x00000000c0000000,0x00000000c0692b30,0x00000000c4300000)
 Metaspace       used 21150K, committed 21504K, reserved 1114112K
  class space    used 2135K, committed 2304K, reserved 1048576K
}
Event: 2.540 GC heap before
{Heap before GC invocations=6 (full 1):
 PSYoungGen      total 29696K, used 4079K [0x00000000eab00000, 0x00000000ece00000, 0x0000000100000000)
  eden space 25600K, 0% used [0x00000000eab00000,0x00000000eab00000,0x00000000ec400000)
  from space 4096K, 99% used [0x00000000ec400000,0x00000000ec7fbcf0,0x00000000ec800000)
  to   space 5120K, 0% used [0x00000000ec900000,0x00000000ec900000,0x00000000ece00000)
 ParOldGen       total 68608K, used 6730K [0x00000000c0000000, 0x00000000c4300000, 0x00000000eab00000)
  object space 68608K, 9% used [0x00000000c0000000,0x00000000c0692b30,0x00000000c4300000)
 Metaspace       used 21150K, committed 21504K, reserved 1114112K
  class space    used 2135K, committed 2304K, reserved 1048576K
}
Event: 2.560 GC heap after
{Heap after GC invocations=6 (full 1):
 PSYoungGen      total 29696K, used 0K [0x00000000eab00000, 0x00000000ece00000, 0x0000000100000000)
  eden space 25600K, 0% used [0x00000000eab00000,0x00000000eab00000,0x00000000ec400000)
  from space 4096K, 0% used [0x00000000ec400000,0x00000000ec400000,0x00000000ec800000)
  to   space 5120K, 0% used [0x00000000ec900000,0x00000000ec900000,0x00000000ece00000)
 ParOldGen       total 68608K, used 10498K [0x00000000c0000000, 0x00000000c4300000, 0x00000000eab00000)
  object space 68608K, 15% used [0x00000000c0000000,0x00000000c0a40818,0x00000000c4300000)
 Metaspace       used 21137K, committed 21504K, reserved 1114112K
  class space    used 2132K, committed 2304K, reserved 1048576K
}
Event: 2.958 GC heap before
{Heap before GC invocations=7 (full 1):
 PSYoungGen      total 29696K, used 25600K [0x00000000eab00000, 0x00000000ece00000, 0x0000000100000000)
  eden space 25600K, 100% used [0x00000000eab00000,0x00000000ec400000,0x00000000ec400000)
  from space 4096K, 0% used [0x00000000ec400000,0x00000000ec400000,0x00000000ec800000)
  to   space 5120K, 0% used [0x00000000ec900000,0x00000000ec900000,0x00000000ece00000)
 ParOldGen       total 68608K, used 10498K [0x00000000c0000000, 0x00000000c4300000, 0x00000000eab00000)
  object space 68608K, 15% used [0x00000000c0000000,0x00000000c0a40818,0x00000000c4300000)
 Metaspace       used 24433K, committed 25024K, reserved 1114112K
  class space    used 2472K, committed 2688K, reserved 1048576K
}
Event: 2.960 GC heap after
{Heap after GC invocations=7 (full 1):
 PSYoungGen      total 26624K, used 1322K [0x00000000eab00000, 0x00000000eca80000, 0x0000000100000000)
  eden space 25088K, 0% used [0x00000000eab00000,0x00000000eab00000,0x00000000ec380000)
  from space 1536K, 86% used [0x00000000ec900000,0x00000000eca4a8f8,0x00000000eca80000)
  to   space 2560K, 0% used [0x00000000ec580000,0x00000000ec580000,0x00000000ec800000)
 ParOldGen       total 68608K, used 10506K [0x00000000c0000000, 0x00000000c4300000, 0x00000000eab00000)
  object space 68608K, 15% used [0x00000000c0000000,0x00000000c0a42818,0x00000000c4300000)
 Metaspace       used 24433K, committed 25024K, reserved 1114112K
  class space    used 2472K, committed 2688K, reserved 1048576K
}
Event: 3.247 GC heap before
{Heap before GC invocations=8 (full 1):
 PSYoungGen      total 26624K, used 26410K [0x00000000eab00000, 0x00000000eca80000, 0x0000000100000000)
  eden space 25088K, 100% used [0x00000000eab00000,0x00000000ec380000,0x00000000ec380000)
  from space 1536K, 86% used [0x00000000ec900000,0x00000000eca4a8f8,0x00000000eca80000)
  to   space 2560K, 0% used [0x00000000ec580000,0x00000000ec580000,0x00000000ec800000)
 ParOldGen       total 68608K, used 10506K [0x00000000c0000000, 0x00000000c4300000, 0x00000000eab00000)
  object space 68608K, 15% used [0x00000000c0000000,0x00000000c0a42818,0x00000000c4300000)
 Metaspace       used 27556K, committed 28288K, reserved 1114112K
  class space    used 2824K, committed 3136K, reserved 1048576K
}
Event: 3.250 GC heap after
{Heap after GC invocations=8 (full 1):
 PSYoungGen      total 27136K, used 2553K [0x00000000eab00000, 0x00000000ecb00000, 0x0000000100000000)
  eden space 24576K, 0% used [0x00000000eab00000,0x00000000eab00000,0x00000000ec300000)
  from space 2560K, 99% used [0x00000000ec580000,0x00000000ec7fe6a0,0x00000000ec800000)
  to   space 3072K, 0% used [0x00000000ec800000,0x00000000ec800000,0x00000000ecb00000)
 ParOldGen       total 68608K, used 11554K [0x00000000c0000000, 0x00000000c4300000, 0x00000000eab00000)
  object space 68608K, 16% used [0x00000000c0000000,0x00000000c0b48ae8,0x00000000c4300000)
 Metaspace       used 27556K, committed 28288K, reserved 1114112K
  class space    used 2824K, committed 3136K, reserved 1048576K
}
Event: 3.419 GC heap before
{Heap before GC invocations=9 (full 1):
 PSYoungGen      total 27136K, used 27126K [0x00000000eab00000, 0x00000000ecb00000, 0x0000000100000000)
  eden space 24576K, 99% used [0x00000000eab00000,0x00000000ec2ff460,0x00000000ec300000)
  from space 2560K, 99% used [0x00000000ec580000,0x00000000ec7fe6a0,0x00000000ec800000)
  to   space 3072K, 0% used [0x00000000ec800000,0x00000000ec800000,0x00000000ecb00000)
 ParOldGen       total 68608K, used 11554K [0x00000000c0000000, 0x00000000c4300000, 0x00000000eab00000)
  object space 68608K, 16% used [0x00000000c0000000,0x00000000c0b48ae8,0x00000000c4300000)
 Metaspace       used 30252K, committed 30976K, reserved 1114112K
  class space    used 3003K, committed 3328K, reserved 1048576K
}
Event: 3.421 GC heap after
{Heap after GC invocations=9 (full 1):
 PSYoungGen      total 27136K, used 2873K [0x00000000eab00000, 0x00000000ecb00000, 0x0000000100000000)
  eden space 24064K, 0% used [0x00000000eab00000,0x00000000eab00000,0x00000000ec280000)
  from space 3072K, 93% used [0x00000000ec800000,0x00000000ecace7f8,0x00000000ecb00000)
  to   space 3584K, 0% used [0x00000000ec400000,0x00000000ec400000,0x00000000ec780000)
 ParOldGen       total 68608K, used 11562K [0x00000000c0000000, 0x00000000c4300000, 0x00000000eab00000)
  object space 68608K, 16% used [0x00000000c0000000,0x00000000c0b4aae8,0x00000000c4300000)
 Metaspace       used 30252K, committed 30976K, reserved 1114112K
  class space    used 3003K, committed 3328K, reserved 1048576K
}
Event: 3.614 GC heap before
{Heap before GC invocations=10 (full 1):
 PSYoungGen      total 27136K, used 26937K [0x00000000eab00000, 0x00000000ecb00000, 0x0000000100000000)
  eden space 24064K, 100% used [0x00000000eab00000,0x00000000ec280000,0x00000000ec280000)
  from space 3072K, 93% used [0x00000000ec800000,0x00000000ecace7f8,0x00000000ecb00000)
  to   space 3584K, 0% used [0x00000000ec400000,0x00000000ec400000,0x00000000ec780000)
 ParOldGen       total 68608K, used 11562K [0x00000000c0000000, 0x00000000c4300000, 0x00000000eab00000)
  object space 68608K, 16% used [0x00000000c0000000,0x00000000c0b4aae8,0x00000000c4300000)
 Metaspace       used 32716K, committed 33408K, reserved 1114112K
  class space    used 3196K, committed 3520K, reserved 1048576K
}
Event: 3.616 GC heap after
{Heap after GC invocations=10 (full 1):
 PSYoungGen      total 26112K, used 2260K [0x00000000eab00000, 0x00000000ec880000, 0x0000000100000000)
  eden space 23552K, 0% used [0x00000000eab00000,0x00000000eab00000,0x00000000ec200000)
  from space 2560K, 88% used [0x00000000ec400000,0x00000000ec635330,0x00000000ec680000)
  to   space 2048K, 0% used [0x00000000ec680000,0x00000000ec680000,0x00000000ec880000)
 ParOldGen       total 68608K, used 12605K [0x00000000c0000000, 0x00000000c4300000, 0x00000000eab00000)
  object space 68608K, 18% used [0x00000000c0000000,0x00000000c0c4f6d8,0x00000000c4300000)
 Metaspace       used 32716K, committed 33408K, reserved 1114112K
  class space    used 3196K, committed 3520K, reserved 1048576K
}
Event: 3.874 GC heap before
{Heap before GC invocations=11 (full 1):
 PSYoungGen      total 26112K, used 18474K [0x00000000eab00000, 0x00000000ec880000, 0x0000000100000000)
  eden space 23552K, 68% used [0x00000000eab00000,0x00000000ebad5778,0x00000000ec200000)
  from space 2560K, 88% used [0x00000000ec400000,0x00000000ec635330,0x00000000ec680000)
  to   space 2048K, 0% used [0x00000000ec680000,0x00000000ec680000,0x00000000ec880000)
 ParOldGen       total 68608K, used 12605K [0x00000000c0000000, 0x00000000c4300000, 0x00000000eab00000)
  object space 68608K, 18% used [0x00000000c0000000,0x00000000c0c4f6d8,0x00000000c4300000)
 Metaspace       used 35106K, committed 35840K, reserved 1114112K
  class space    used 3463K, committed 3776K, reserved 1048576K
}
Event: 3.877 GC heap after
{Heap after GC invocations=11 (full 1):
 PSYoungGen      total 25600K, used 1645K [0x00000000eab00000, 0x00000000ec880000, 0x0000000100000000)
  eden space 23552K, 0% used [0x00000000eab00000,0x00000000eab00000,0x00000000ec200000)
  from space 2048K, 80% used [0x00000000ec680000,0x00000000ec81b540,0x00000000ec880000)
  to   space 2048K, 0% used [0x00000000ec480000,0x00000000ec480000,0x00000000ec680000)
 ParOldGen       total 68608K, used 14397K [0x00000000c0000000, 0x00000000c4300000, 0x00000000eab00000)
  object space 68608K, 20% used [0x00000000c0000000,0x00000000c0e0f558,0x00000000c4300000)
 Metaspace       used 35106K, committed 35840K, reserved 1114112K
  class space    used 3463K, committed 3776K, reserved 1048576K
}
Event: 3.877 GC heap before
{Heap before GC invocations=12 (full 2):
 PSYoungGen      total 25600K, used 1645K [0x00000000eab00000, 0x00000000ec880000, 0x0000000100000000)
  eden space 23552K, 0% used [0x00000000eab00000,0x00000000eab00000,0x00000000ec200000)
  from space 2048K, 80% used [0x00000000ec680000,0x00000000ec81b540,0x00000000ec880000)
  to   space 2048K, 0% used [0x00000000ec480000,0x00000000ec480000,0x00000000ec680000)
 ParOldGen       total 68608K, used 14397K [0x00000000c0000000, 0x00000000c4300000, 0x00000000eab00000)
  object space 68608K, 20% used [0x00000000c0000000,0x00000000c0e0f558,0x00000000c4300000)
 Metaspace       used 35106K, committed 35840K, reserved 1114112K
  class space    used 3463K, committed 3776K, reserved 1048576K
}
Event: 3.907 GC heap after
{Heap after GC invocations=12 (full 2):
 PSYoungGen      total 25600K, used 0K [0x00000000eab00000, 0x00000000ec880000, 0x0000000100000000)
  eden space 23552K, 0% used [0x00000000eab00000,0x00000000eab00000,0x00000000ec200000)
  from space 2048K, 0% used [0x00000000ec680000,0x00000000ec680000,0x00000000ec880000)
  to   space 2048K, 0% used [0x00000000ec480000,0x00000000ec480000,0x00000000ec680000)
 ParOldGen       total 68608K, used 14101K [0x00000000c0000000, 0x00000000c4300000, 0x00000000eab00000)
  object space 68608K, 20% used [0x00000000c0000000,0x00000000c0dc56e8,0x00000000c4300000)
 Metaspace       used 35106K, committed 35840K, reserved 1114112K
  class space    used 3463K, committed 3776K, reserved 1048576K
}
Event: 4.278 GC heap before
{Heap before GC invocations=13 (full 2):
 PSYoungGen      total 25600K, used 23552K [0x00000000eab00000, 0x00000000ec880000, 0x0000000100000000)
  eden space 23552K, 100% used [0x00000000eab00000,0x00000000ec200000,0x00000000ec200000)
  from space 2048K, 0% used [0x00000000ec680000,0x00000000ec680000,0x00000000ec880000)
  to   space 2048K, 0% used [0x00000000ec480000,0x00000000ec480000,0x00000000ec680000)
 ParOldGen       total 68608K, used 14101K [0x00000000c0000000, 0x00000000c4300000, 0x00000000eab00000)
  object space 68608K, 20% used [0x00000000c0000000,0x00000000c0dc56e8,0x00000000c4300000)
 Metaspace       used 38362K, committed 39232K, reserved 1114112K
  class space    used 3858K, committed 4288K, reserved 1048576K
}
Event: 4.279 GC heap after
{Heap after GC invocations=13 (full 2):
 PSYoungGen      total 24576K, used 1523K [0x00000000eab00000, 0x00000000ec700000, 0x0000000100000000)
  eden space 23040K, 0% used [0x00000000eab00000,0x00000000eab00000,0x00000000ec180000)
  from space 1536K, 99% used [0x00000000ec480000,0x00000000ec5fcc68,0x00000000ec600000)
  to   space 1024K, 0% used [0x00000000ec600000,0x00000000ec600000,0x00000000ec700000)
 ParOldGen       total 68608K, used 14109K [0x00000000c0000000, 0x00000000c4300000, 0x00000000eab00000)
  object space 68608K, 20% used [0x00000000c0000000,0x00000000c0dc76e8,0x00000000c4300000)
 Metaspace       used 38362K, committed 39232K, reserved 1114112K
  class space    used 3858K, committed 4288K, reserved 1048576K
}
Event: 4.486 GC heap before
{Heap before GC invocations=14 (full 2):
 PSYoungGen      total 24576K, used 24563K [0x00000000eab00000, 0x00000000ec700000, 0x0000000100000000)
  eden space 23040K, 100% used [0x00000000eab00000,0x00000000ec180000,0x00000000ec180000)
  from space 1536K, 99% used [0x00000000ec480000,0x00000000ec5fcc68,0x00000000ec600000)
  to   space 1024K, 0% used [0x00000000ec600000,0x00000000ec600000,0x00000000ec700000)
 ParOldGen       total 68608K, used 14109K [0x00000000c0000000, 0x00000000c4300000, 0x00000000eab00000)
  object space 68608K, 20% used [0x00000000c0000000,0x00000000c0dc76e8,0x00000000c4300000)
 Metaspace       used 41517K, committed 42368K, reserved 1114112K
  class space    used 4292K, committed 4672K, reserved 1048576K
}
Event: 4.489 GC heap after
{Heap after GC invocations=14 (full 2):
 PSYoungGen      total 23552K, used 960K [0x00000000eab00000, 0x00000000ec700000, 0x0000000100000000)
  eden space 22528K, 0% used [0x00000000eab00000,0x00000000eab00000,0x00000000ec100000)
  from space 1024K, 93% used [0x00000000ec600000,0x00000000ec6f0000,0x00000000ec700000)
  to   space 1536K, 0% used [0x00000000ec400000,0x00000000ec400000,0x00000000ec580000)
 ParOldGen       total 68608K, used 15491K [0x00000000c0000000, 0x00000000c4300000, 0x00000000eab00000)
  object space 68608K, 22% used [0x00000000c0000000,0x00000000c0f20c48,0x00000000c4300000)
 Metaspace       used 41517K, committed 42368K, reserved 1114112K
  class space    used 4292K, committed 4672K, reserved 1048576K
}

Dll operation events (10 events):
Event: 0.013 Loaded shared library c:\Users\STARIM\.vscode\extensions\redhat.java-1.27.0-win32-x64\jre\17.0.10-win32-x86_64\bin\java.dll
Event: 0.220 Loaded shared library c:\Users\STARIM\.vscode\extensions\redhat.java-1.27.0-win32-x64\jre\17.0.10-win32-x86_64\bin\zip.dll
Event: 0.225 Loaded shared library C:\Users\STARIM\.vscode\extensions\redhat.java-1.27.0-win32-x64\jre\17.0.10-win32-x86_64\bin\instrument.dll
Event: 0.242 Loaded shared library C:\Users\STARIM\.vscode\extensions\redhat.java-1.27.0-win32-x64\jre\17.0.10-win32-x86_64\bin\net.dll
Event: 0.245 Loaded shared library C:\Users\STARIM\.vscode\extensions\redhat.java-1.27.0-win32-x64\jre\17.0.10-win32-x86_64\bin\nio.dll
Event: 0.256 Loaded shared library C:\Users\STARIM\.vscode\extensions\redhat.java-1.27.0-win32-x64\jre\17.0.10-win32-x86_64\bin\zip.dll
Event: 0.272 Loaded shared library C:\Users\STARIM\.vscode\extensions\redhat.java-1.27.0-win32-x64\jre\17.0.10-win32-x86_64\bin\jimage.dll
Event: 0.348 Loaded shared library c:\Users\STARIM\.vscode\extensions\redhat.java-1.27.0-win32-x64\jre\17.0.10-win32-x86_64\bin\verify.dll
Event: 1.583 Loaded shared library C:\Users\STARIM\AppData\Roaming\Code\User\globalStorage\redhat.java\1.27.0\config_win\org.eclipse.equinox.launcher\org.eclipse.equinox.launcher.win32.win32.x86_64_1.2.900.v20240129-1338\eclipse_11900.dll
Event: 4.027 Loaded shared library C:\Users\STARIM\AppData\Local\Temp\jna--1839154442\jna1782783212009367106.dll

Deoptimization events (20 events):
Event: 4.594 Thread 0x00000246a0225690 Uncommon trap: trap_request=0xffffffde fr.pc=0x000002468e84e48c relative=0x00000000000001cc
Event: 4.594 Thread 0x00000246a0225690 Uncommon trap: reason=class_check action=maybe_recompile pc=0x000002468e84e48c method=java.io.BufferedInputStream.read1([BII)I @ 39 c2
Event: 4.594 Thread 0x00000246a0225690 DEOPT PACKING pc=0x000002468e84e48c sp=0x0000008304afd720
Event: 4.594 Thread 0x00000246a0225690 DEOPT UNPACKING pc=0x000002468e0266a3 sp=0x0000008304afd6c8 mode 2
Event: 4.658 Thread 0x00000246a0225690 Uncommon trap: trap_request=0xffffff66 fr.pc=0x000002468e8a8d7c relative=0x00000000000000dc
Event: 4.658 Thread 0x00000246a0225690 Uncommon trap: reason=speculate_class_check action=maybe_recompile pc=0x000002468e8a8d7c method=java.util.regex.Pattern$CharPredicate.lambda$negate$3(I)Z @ 2 c2
Event: 4.658 Thread 0x00000246a0225690 DEOPT PACKING pc=0x000002468e8a8d7c sp=0x0000008304afe030
Event: 4.658 Thread 0x00000246a0225690 DEOPT UNPACKING pc=0x000002468e0266a3 sp=0x0000008304afdf50 mode 2
Event: 4.658 Thread 0x00000246a0225690 Uncommon trap: trap_request=0xffffff66 fr.pc=0x000002468e8a8d7c relative=0x00000000000000dc
Event: 4.658 Thread 0x00000246a0225690 Uncommon trap: reason=speculate_class_check action=maybe_recompile pc=0x000002468e8a8d7c method=java.util.regex.Pattern$CharPredicate.lambda$negate$3(I)Z @ 2 c2
Event: 4.658 Thread 0x00000246a0225690 DEOPT PACKING pc=0x000002468e8a8d7c sp=0x0000008304afe030
Event: 4.658 Thread 0x00000246a0225690 DEOPT UNPACKING pc=0x000002468e0266a3 sp=0x0000008304afdf50 mode 2
Event: 4.658 Thread 0x00000246a0225690 Uncommon trap: trap_request=0xffffff66 fr.pc=0x000002468e8a8d7c relative=0x00000000000000dc
Event: 4.658 Thread 0x00000246a0225690 Uncommon trap: reason=speculate_class_check action=maybe_recompile pc=0x000002468e8a8d7c method=java.util.regex.Pattern$CharPredicate.lambda$negate$3(I)Z @ 2 c2
Event: 4.658 Thread 0x00000246a0225690 DEOPT PACKING pc=0x000002468e8a8d7c sp=0x0000008304afe030
Event: 4.658 Thread 0x00000246a0225690 DEOPT UNPACKING pc=0x000002468e0266a3 sp=0x0000008304afdf50 mode 2
Event: 4.658 Thread 0x00000246a0225690 Uncommon trap: trap_request=0xffffff66 fr.pc=0x000002468e8a8d7c relative=0x00000000000000dc
Event: 4.658 Thread 0x00000246a0225690 Uncommon trap: reason=speculate_class_check action=maybe_recompile pc=0x000002468e8a8d7c method=java.util.regex.Pattern$CharPredicate.lambda$negate$3(I)Z @ 2 c2
Event: 4.658 Thread 0x00000246a0225690 DEOPT PACKING pc=0x000002468e8a8d7c sp=0x0000008304afe030
Event: 4.658 Thread 0x00000246a0225690 DEOPT UNPACKING pc=0x000002468e0266a3 sp=0x0000008304afdf50 mode 2

Classes unloaded (7 events):
Event: 2.542 Thread 0x0000024697c67c80 Unloading class 0x000000010024c400 'java/lang/invoke/LambdaForm$MH+0x000000010024c400'
Event: 2.542 Thread 0x0000024697c67c80 Unloading class 0x000000010024c000 'java/lang/invoke/LambdaForm$MH+0x000000010024c000'
Event: 2.542 Thread 0x0000024697c67c80 Unloading class 0x000000010024bc00 'java/lang/invoke/LambdaForm$MH+0x000000010024bc00'
Event: 2.542 Thread 0x0000024697c67c80 Unloading class 0x000000010024b800 'java/lang/invoke/LambdaForm$MH+0x000000010024b800'
Event: 2.542 Thread 0x0000024697c67c80 Unloading class 0x000000010024b400 'java/lang/invoke/LambdaForm$BMH+0x000000010024b400'
Event: 2.542 Thread 0x0000024697c67c80 Unloading class 0x000000010024b000 'java/lang/invoke/LambdaForm$DMH+0x000000010024b000'
Event: 2.542 Thread 0x0000024697c67c80 Unloading class 0x0000000100248400 'java/lang/invoke/LambdaForm$DMH+0x0000000100248400'

Classes redefined (0 events):
No events

Internal exceptions (20 events):
Event: 3.665 Thread 0x000002469f619d60 Exception <a 'java/lang/ClassNotFoundException'{0x00000000eb062300}: com/sun/org/apache/xerces/internal/impl/msg/spi/XMLMessagesProvider> (0x00000000eb062300) 
thrown [s\src\hotspot\share\classfile\systemDictionary.cpp, line 256]
Event: 3.717 Thread 0x000002469f619d60 Exception <a 'java/lang/NoSuchMethodError'{0x00000000eb3a0860}: 'java.lang.Object java.lang.invoke.DirectMethodHandle$Holder.invokeStaticInit(java.lang.Object, int, int, int, int)'> (0x00000000eb3a0860) 
thrown [s\src\hotspot\share\interpreter\linkResolver.cpp, line 759]
Event: 3.754 Thread 0x000002469f619d60 Exception <a 'java/lang/NoSuchMethodError'{0x00000000eb454580}: 'java.lang.Object java.lang.invoke.DirectMethodHandle$Holder.invokeStaticInit(java.lang.Object, java.lang.Object, int, int, int, int)'> (0x00000000eb454580) 
thrown [s\src\hotspot\share\interpreter\linkResolver.cpp, line 759]
Event: 3.821 Thread 0x000002469f619d60 Exception <a 'java/lang/ClassNotFoundException'{0x00000000eb7fba10}: com/sun/org/apache/xml/internal/serializer/spi/XMLEntitiesProvider> (0x00000000eb7fba10) 
thrown [s\src\hotspot\share\classfile\systemDictionary.cpp, line 256]
Event: 3.936 Thread 0x000002469f619d60 Exception <a 'java/io/FileNotFoundException'{0x00000000eac38478}> (0x00000000eac38478) 
thrown [s\src\hotspot\share\prims\jni.cpp, line 516]
Event: 4.049 Thread 0x000002469f619d60 Exception <a 'java/lang/UnsatisfiedLinkError'{0x00000000eaf4f748}: The specified procedure could not be found.
> (0x00000000eaf4f748) 
thrown [s\src\hotspot\share\prims\jni.cpp, line 535]
Event: 4.053 Thread 0x000002469f619d60 Exception <a 'java/io/FileNotFoundException'{0x00000000eaf76ad8}> (0x00000000eaf76ad8) 
thrown [s\src\hotspot\share\prims\jni.cpp, line 516]
Event: 4.062 Thread 0x000002469f619d60 Exception <a 'java/io/FileNotFoundException'{0x00000000eafff138}> (0x00000000eafff138) 
thrown [s\src\hotspot\share\prims\jni.cpp, line 516]
Event: 4.067 Thread 0x000002469f619d60 Exception <a 'java/lang/UnsatisfiedLinkError'{0x00000000eb08fcc8}: The specified procedure could not be found.
> (0x00000000eb08fcc8) 
thrown [s\src\hotspot\share\prims\jni.cpp, line 535]
Event: 4.159 Thread 0x0000024683ef1840 Exception <a 'java/lang/NoSuchMethodError'{0x00000000eb6e37f0}: 'java.lang.Object java.lang.invoke.DirectMethodHandle$Holder.invokeStatic(java.lang.Object, java.lang.Object, long, java.lang.Object)'> (0x00000000eb6e37f0) 
thrown [s\src\hotspot\share\interpreter\linkResolver.cpp, line 759]
Event: 4.159 Thread 0x0000024683ef1840 Exception <a 'java/lang/NoSuchMethodError'{0x00000000eb6e7288}: 'java.lang.Object java.lang.invoke.DirectMethodHandle$Holder.invokeStaticInit(java.lang.Object, java.lang.Object, long, java.lang.Object)'> (0x00000000eb6e7288) 
thrown [s\src\hotspot\share\interpreter\linkResolver.cpp, line 759]
Event: 4.159 Thread 0x0000024683ef1840 Exception <a 'java/lang/NoSuchMethodError'{0x00000000eb6edd48}: 'java.lang.Object java.lang.invoke.DirectMethodHandle$Holder.newInvokeSpecial(java.lang.Object, java.lang.Object, long)'> (0x00000000eb6edd48) 
thrown [s\src\hotspot\share\interpreter\linkResolver.cpp, line 759]
Event: 4.193 Thread 0x0000024683ef1840 Exception <a 'java/lang/NoSuchMethodError'{0x00000000eb8af7e0}: 'void java.lang.invoke.DirectMethodHandle$Holder.invokeStatic(java.lang.Object, java.lang.Object, java.lang.Object, java.lang.Object)'> (0x00000000eb8af7e0) 
thrown [s\src\hotspot\share\interpreter\linkResolver.cpp, line 759]
Event: 4.243 Thread 0x00000246a0225690 Exception <a 'java/lang/NoSuchMethodError'{0x00000000ebdc6260}: 'java.lang.Object java.lang.invoke.DirectMethodHandle$Holder.invokeSpecialIFC(java.lang.Object, java.lang.Object, java.lang.Object, java.lang.Object)'> (0x00000000ebdc6260) 
thrown [s\src\hotspot\share\interpreter\linkResolver.cpp, line 759]
Event: 4.339 Thread 0x0000024683ef1840 Exception <a 'java/lang/NoSuchMethodError'{0x00000000eb4f1000}: 'void java.lang.invoke.DirectMethodHandle$Holder.invokeSpecial(java.lang.Object, java.lang.Object, java.lang.Object, java.lang.Object, java.lang.Object, java.lang.Object)'> (0x00000000eb4f1000) 
thrown [s\src\hotspot\share\interpreter\linkResolver.cpp, line 759]
Event: 4.341 Thread 0x0000024683ef1840 Exception <a 'java/lang/IncompatibleClassChangeError'{0x00000000eb512b40}: Found class java.lang.Object, but interface was expected> (0x00000000eb512b40) 
thrown [s\src\hotspot\share\interpreter\linkResolver.cpp, line 826]
Event: 4.380 Thread 0x00000246a0225690 Exception <a 'java/lang/NoSuchMethodError'{0x00000000eb9ab660}: 'int java.lang.invoke.DirectMethodHandle$Holder.invokeSpecialIFC(java.lang.Object, java.lang.Object, java.lang.Object, java.lang.Object, java.lang.Object)'> (0x00000000eb9ab660) 
thrown [s\src\hotspot\share\interpreter\linkResolver.cpp, line 759]
Event: 4.549 Thread 0x00000246a0225690 Exception <a 'java/lang/NoClassDefFoundError'{0x00000000eb0e36a8}: javax/enterprise/inject/Typed> (0x00000000eb0e36a8) 
thrown [s\src\hotspot\share\classfile\systemDictionary.cpp, line 245]
Event: 4.581 Thread 0x00000246a0227f10 Exception <a 'java/io/FileNotFoundException'{0x00000000eb470d98}> (0x00000000eb470d98) 
thrown [s\src\hotspot\share\prims\jni.cpp, line 516]
Event: 4.612 Thread 0x00000246a0227f10 Exception <a 'sun/nio/fs/WindowsException'{0x00000000eb9a5580}> (0x00000000eb9a5580) 
thrown [s\src\hotspot\share\prims\jni.cpp, line 516]

VM Operations (20 events):
Event: 3.795 Executing VM operation: HandshakeAllThreads
Event: 3.795 Executing VM operation: HandshakeAllThreads done
Event: 3.848 Executing VM operation: HandshakeAllThreads
Event: 3.848 Executing VM operation: HandshakeAllThreads done
Event: 3.874 Executing VM operation: CollectForMetadataAllocation
Event: 3.907 Executing VM operation: CollectForMetadataAllocation done
Event: 4.038 Executing VM operation: HandshakeAllThreads
Event: 4.039 Executing VM operation: HandshakeAllThreads done
Event: 4.218 Executing VM operation: HandshakeAllThreads
Event: 4.218 Executing VM operation: HandshakeAllThreads done
Event: 4.259 Executing VM operation: HandshakeAllThreads
Event: 4.259 Executing VM operation: HandshakeAllThreads done
Event: 4.278 Executing VM operation: ParallelGCFailedAllocation
Event: 4.279 Executing VM operation: ParallelGCFailedAllocation done
Event: 4.486 Executing VM operation: ParallelGCFailedAllocation
Event: 4.489 Executing VM operation: ParallelGCFailedAllocation done
Event: 4.530 Executing VM operation: HandshakeAllThreads
Event: 4.530 Executing VM operation: HandshakeAllThreads done
Event: 4.559 Executing VM operation: HandshakeAllThreads
Event: 4.559 Executing VM operation: HandshakeAllThreads done

Events (20 events):
Event: 4.614 loading class sun/nio/fs/WindowsChannelFactory$2
Event: 4.614 loading class sun/nio/fs/WindowsChannelFactory$2 done
Event: 4.615 loading class java/nio/channels/Channels
Event: 4.615 loading class java/nio/channels/Channels done
Event: 4.615 loading class java/nio/channels/Channels$1
Event: 4.615 loading class java/nio/channels/Channels$1 done
Event: 4.615 loading class java/nio/channels/SelectableChannel
Event: 4.615 loading class java/nio/channels/SelectableChannel done
Event: 4.615 loading class sun/nio/ch/Util
Event: 4.616 loading class sun/nio/ch/Util done
Event: 4.616 loading class sun/nio/ch/Util$1
Event: 4.616 loading class sun/nio/ch/Util$1 done
Event: 4.616 loading class sun/nio/ch/Util$BufferCache
Event: 4.616 loading class sun/nio/ch/Util$BufferCache done
Event: 4.616 loading class java/nio/DirectByteBuffer$Deallocator
Event: 4.616 loading class java/nio/DirectByteBuffer$Deallocator done
Event: 4.616 loading class java/nio/file/StandardCopyOption
Event: 4.617 loading class java/nio/file/StandardCopyOption done
Event: 4.617 loading class sun/nio/fs/WindowsFileCopy
Event: 4.617 loading class sun/nio/fs/WindowsFileCopy done


Dynamic libraries:
0x00007ff632ea0000 - 0x00007ff632eae000 	c:\Users\STARIM\.vscode\extensions\redhat.java-1.27.0-win32-x64\jre\17.0.10-win32-x86_64\bin\java.exe
0x00007ffd4a970000 - 0x00007ffd4ab87000 	C:\WINDOWS\SYSTEM32\ntdll.dll
0x00007ffd49b50000 - 0x00007ffd49c14000 	C:\WINDOWS\System32\KERNEL32.DLL
0x00007ffd47e50000 - 0x00007ffd481f6000 	C:\WINDOWS\System32\KERNELBASE.dll
0x00007ffd48200000 - 0x00007ffd48311000 	C:\WINDOWS\System32\ucrtbase.dll
0x00007ffd39da0000 - 0x00007ffd39db7000 	c:\Users\STARIM\.vscode\extensions\redhat.java-1.27.0-win32-x64\jre\17.0.10-win32-x86_64\bin\jli.dll
0x00007ffd431e0000 - 0x00007ffd431fb000 	c:\Users\STARIM\.vscode\extensions\redhat.java-1.27.0-win32-x64\jre\17.0.10-win32-x86_64\bin\VCRUNTIME140.dll
0x00007ffd4a5c0000 - 0x00007ffd4a76e000 	C:\WINDOWS\System32\USER32.dll
0x00007ffd3efb0000 - 0x00007ffd3f243000 	C:\WINDOWS\WinSxS\amd64_microsoft.windows.common-controls_6595b64144ccf1df_6.0.22621.2506_none_270c5ae97388e100\COMCTL32.dll
0x00007ffd47df0000 - 0x00007ffd47e16000 	C:\WINDOWS\System32\win32u.dll
0x00007ffd498a0000 - 0x00007ffd49947000 	C:\WINDOWS\System32\msvcrt.dll
0x00007ffd48e10000 - 0x00007ffd48e39000 	C:\WINDOWS\System32\GDI32.dll
0x00007ffd48390000 - 0x00007ffd484a8000 	C:\WINDOWS\System32\gdi32full.dll
0x00007ffd484b0000 - 0x00007ffd4854a000 	C:\WINDOWS\System32\msvcp_win.dll
0x00007ffd487c0000 - 0x00007ffd487f1000 	C:\WINDOWS\System32\IMM32.DLL
0x00007ffd399c0000 - 0x00007ffd399cc000 	c:\Users\STARIM\.vscode\extensions\redhat.java-1.27.0-win32-x64\jre\17.0.10-win32-x86_64\bin\vcruntime140_1.dll
0x00007ffd0ee10000 - 0x00007ffd0ee9d000 	c:\Users\STARIM\.vscode\extensions\redhat.java-1.27.0-win32-x64\jre\17.0.10-win32-x86_64\bin\msvcp140.dll
0x00007ffce7dc0000 - 0x00007ffce8a22000 	c:\Users\STARIM\.vscode\extensions\redhat.java-1.27.0-win32-x64\jre\17.0.10-win32-x86_64\bin\server\jvm.dll
0x00007ffd4a480000 - 0x00007ffd4a533000 	C:\WINDOWS\System32\ADVAPI32.dll
0x00007ffd49120000 - 0x00007ffd491c8000 	C:\WINDOWS\System32\sechost.dll
0x00007ffd47e20000 - 0x00007ffd47e48000 	C:\WINDOWS\System32\bcrypt.dll
0x00007ffd49950000 - 0x00007ffd49a67000 	C:\WINDOWS\System32\RPCRT4.dll
0x00007ffd47920000 - 0x00007ffd4796d000 	C:\WINDOWS\SYSTEM32\POWRPROF.dll
0x00007ffd3f310000 - 0x00007ffd3f31a000 	C:\WINDOWS\SYSTEM32\VERSION.dll
0x00007ffd3e8f0000 - 0x00007ffd3e924000 	C:\WINDOWS\SYSTEM32\WINMM.dll
0x00007ffd39450000 - 0x00007ffd39459000 	C:\WINDOWS\SYSTEM32\WSOCK32.dll
0x00007ffd49090000 - 0x00007ffd49101000 	C:\WINDOWS\System32\WS2_32.dll
0x00007ffd47720000 - 0x00007ffd47733000 	C:\WINDOWS\SYSTEM32\UMPDC.dll
0x00007ffd46cd0000 - 0x00007ffd46ce8000 	C:\WINDOWS\SYSTEM32\kernel.appcore.dll
0x00007ffd39440000 - 0x00007ffd3944a000 	c:\Users\STARIM\.vscode\extensions\redhat.java-1.27.0-win32-x64\jre\17.0.10-win32-x86_64\bin\jimage.dll
0x00007ffd45040000 - 0x00007ffd45273000 	C:\WINDOWS\SYSTEM32\DBGHELP.DLL
0x00007ffd492d0000 - 0x00007ffd49659000 	C:\WINDOWS\System32\combase.dll
0x00007ffd49a70000 - 0x00007ffd49b47000 	C:\WINDOWS\System32\OLEAUT32.dll
0x00007ffd3c920000 - 0x00007ffd3c952000 	C:\WINDOWS\SYSTEM32\dbgcore.DLL
0x00007ffd47d70000 - 0x00007ffd47dea000 	C:\WINDOWS\System32\bcryptPrimitives.dll
0x00007ffd39410000 - 0x00007ffd3941e000 	c:\Users\STARIM\.vscode\extensions\redhat.java-1.27.0-win32-x64\jre\17.0.10-win32-x86_64\bin\instrument.dll
0x00007ffd2fe00000 - 0x00007ffd2fe25000 	c:\Users\STARIM\.vscode\extensions\redhat.java-1.27.0-win32-x64\jre\17.0.10-win32-x86_64\bin\java.dll
0x00007ffd386b0000 - 0x00007ffd386c8000 	c:\Users\STARIM\.vscode\extensions\redhat.java-1.27.0-win32-x64\jre\17.0.10-win32-x86_64\bin\zip.dll
0x00007ffd49c20000 - 0x00007ffd4a47b000 	C:\WINDOWS\System32\SHELL32.dll
0x00007ffd45bc0000 - 0x00007ffd464b6000 	C:\WINDOWS\SYSTEM32\windows.storage.dll
0x00007ffd45a80000 - 0x00007ffd45bbe000 	C:\WINDOWS\SYSTEM32\wintypes.dll
0x00007ffd486c0000 - 0x00007ffd487b3000 	C:\WINDOWS\System32\SHCORE.dll
0x00007ffd48db0000 - 0x00007ffd48e0e000 	C:\WINDOWS\System32\shlwapi.dll
0x00007ffd47be0000 - 0x00007ffd47c06000 	C:\WINDOWS\SYSTEM32\profapi.dll
0x00007ffd375e0000 - 0x00007ffd375f9000 	C:\Users\STARIM\.vscode\extensions\redhat.java-1.27.0-win32-x64\jre\17.0.10-win32-x86_64\bin\net.dll
0x00007ffd415e0000 - 0x00007ffd41717000 	C:\WINDOWS\SYSTEM32\WINHTTP.dll
0x00007ffd47170000 - 0x00007ffd471d9000 	C:\WINDOWS\system32\mswsock.dll
0x00007ffd34970000 - 0x00007ffd34986000 	C:\Users\STARIM\.vscode\extensions\redhat.java-1.27.0-win32-x64\jre\17.0.10-win32-x86_64\bin\nio.dll
0x00007ffd390a0000 - 0x00007ffd390b0000 	c:\Users\STARIM\.vscode\extensions\redhat.java-1.27.0-win32-x64\jre\17.0.10-win32-x86_64\bin\verify.dll
0x00007ffd17c50000 - 0x00007ffd17c8e000 	C:\Users\STARIM\AppData\Roaming\Code\User\globalStorage\redhat.java\1.27.0\config_win\org.eclipse.equinox.launcher\org.eclipse.equinox.launcher.win32.win32.x86_64_1.2.900.v20240129-1338\eclipse_11900.dll
0x00007ffd48e40000 - 0x00007ffd48fe0000 	C:\WINDOWS\System32\ole32.dll
0x00007ffd47430000 - 0x00007ffd4744b000 	C:\WINDOWS\SYSTEM32\CRYPTSP.dll
0x00007ffd46c30000 - 0x00007ffd46c65000 	C:\WINDOWS\system32\rsaenh.dll
0x00007ffd472d0000 - 0x00007ffd472fc000 	C:\WINDOWS\SYSTEM32\USERENV.dll
0x00007ffd47450000 - 0x00007ffd4745c000 	C:\WINDOWS\SYSTEM32\CRYPTBASE.dll
0x00007ffd46720000 - 0x00007ffd4674d000 	C:\WINDOWS\SYSTEM32\IPHLPAPI.DLL
0x00007ffd48d30000 - 0x00007ffd48d39000 	C:\WINDOWS\System32\NSI.dll
0x00007ffd41410000 - 0x00007ffd41429000 	C:\WINDOWS\SYSTEM32\dhcpcsvc6.DLL
0x00007ffd413f0000 - 0x00007ffd4140f000 	C:\WINDOWS\SYSTEM32\dhcpcsvc.DLL
0x00007ffd46790000 - 0x00007ffd46889000 	C:\WINDOWS\SYSTEM32\DNSAPI.dll
0x00007ffd0c630000 - 0x00007ffd0c675000 	C:\Users\STARIM\AppData\Local\Temp\jna--1839154442\jna1782783212009367106.dll
0x00007ffd49110000 - 0x00007ffd49118000 	C:\WINDOWS\System32\PSAPI.DLL

dbghelp: loaded successfully - version: 4.0.5 - missing functions: none
symbol engine: initialized successfully - sym options: 0x614 - pdb path: .;c:\Users\STARIM\.vscode\extensions\redhat.java-1.27.0-win32-x64\jre\17.0.10-win32-x86_64\bin;C:\WINDOWS\SYSTEM32;C:\WINDOWS\WinSxS\amd64_microsoft.windows.common-controls_6595b64144ccf1df_6.0.22621.2506_none_270c5ae97388e100;c:\Users\STARIM\.vscode\extensions\redhat.java-1.27.0-win32-x64\jre\17.0.10-win32-x86_64\bin\server;C:\Users\STARIM\AppData\Roaming\Code\User\globalStorage\redhat.java\1.27.0\config_win\org.eclipse.equinox.launcher\org.eclipse.equinox.launcher.win32.win32.x86_64_1.2.900.v20240129-1338;C:\Users\STARIM\AppData\Local\Temp\jna--1839154442

VM Arguments:
jvm_args: --add-modules=ALL-SYSTEM --add-opens=java.base/java.util=ALL-UNNAMED --add-opens=java.base/java.lang=ALL-UNNAMED --add-opens=java.base/sun.nio.fs=ALL-UNNAMED -Declipse.application=org.eclipse.jdt.ls.core.id1 -Dosgi.bundles.defaultStartLevel=4 -Declipse.product=org.eclipse.jdt.ls.core.product -Djava.import.generatesMetadataFilesAtProjectRoot=false -DDetectVMInstallationsJob.disabled=true -Dfile.encoding=utf8 -XX:+UseParallelGC -XX:GCTimeRatio=4 -XX:AdaptiveSizePolicyWeight=90 -Dsun.zip.disableMemoryMapping=true -Xmx1G -Xms100m -Xlog:disable -javaagent:c:\Users\STARIM\.vscode\extensions\redhat.java-1.27.0-win32-x64\lombok\lombok-1.18.31.jar -XX:+HeapDumpOnOutOfMemoryError -XX:HeapDumpPath=c:\Users\STARIM\AppData\Roaming\Code\User\workspaceStorage\f9ab32abbbd5cd031c83568945532e53\redhat.java -Daether.dependencyCollector.impl=bf 
java_command: c:\Users\STARIM\.vscode\extensions\redhat.java-1.27.0-win32-x64\server\plugins\org.eclipse.equinox.launcher_1.6.700.v20231214-2017.jar -configuration c:\Users\STARIM\AppData\Roaming\Code\User\globalStorage\redhat.java\1.27.0\config_win -data c:\Users\STARIM\AppData\Roaming\Code\User\workspaceStorage\f9ab32abbbd5cd031c83568945532e53\redhat.java\jdt_ws --stdio
java_class_path (initial): c:\Users\STARIM\.vscode\extensions\redhat.java-1.27.0-win32-x64\server\plugins\org.eclipse.equinox.launcher_1.6.700.v20231214-2017.jar
Launcher Type: SUN_STANDARD

[Global flags]
    uintx AdaptiveSizePolicyWeight                 = 90                                        {product} {command line}
     intx CICompilerCount                          = 12                                        {product} {ergonomic}
    uintx GCTimeRatio                              = 4                                         {product} {command line}
     bool HeapDumpOnOutOfMemoryError               = true                                   {manageable} {command line}
    ccstr HeapDumpPath                             = c:\Users\STARIM\AppData\Roaming\Code\User\workspaceStorage\f9ab32abbbd5cd031c83568945532e53\redhat.java         {manageable} {command line}
   size_t InitialHeapSize                          = 104857600                                 {product} {command line}
   size_t MaxHeapSize                              = 1073741824                                {product} {command line}
   size_t MaxNewSize                               = 357564416                                 {product} {ergonomic}
   size_t MinHeapDeltaBytes                        = 524288                                    {product} {ergonomic}
   size_t MinHeapSize                              = 104857600                                 {product} {command line}
   size_t NewSize                                  = 34603008                                  {product} {ergonomic}
    uintx NonNMethodCodeHeapSize                   = 7602480                                {pd product} {ergonomic}
    uintx NonProfiledCodeHeapSize                  = 122027880                              {pd product} {ergonomic}
   size_t OldSize                                  = 70254592                                  {product} {ergonomic}
    uintx ProfiledCodeHeapSize                     = 122027880                              {pd product} {ergonomic}
    uintx ReservedCodeCacheSize                    = 251658240                              {pd product} {ergonomic}
     bool SegmentedCodeCache                       = true                                      {product} {ergonomic}
   size_t SoftMaxHeapSize                          = 1073741824                             {manageable} {ergonomic}
     bool UseCompressedClassPointers               = true                           {product lp64_product} {ergonomic}
     bool UseCompressedOops                        = true                           {product lp64_product} {ergonomic}
     bool UseLargePagesIndividualAllocation        = false                                  {pd product} {ergonomic}
     bool UseParallelGC                            = true                                      {product} {command line}

Logging:
Log output configuration:
 #0: stdout all=off uptime,level,tags
 #1: stderr all=off uptime,level,tags

Environment Variables:
PATH=C:\Program Files\Common Files\Oracle\Java\javapath;C:\Windows\system32;C:\Windows;C:\Windows\System32\Wbem;C:\Windows\System32\WindowsPowerShell\v1.0\;C:\Windows\System32\OpenSSH\;C:\Program Files (x86)\NVIDIA Corporation\PhysX\Common;C:\Program Files\dotnet\;C:\Program Files\Microsoft SQL Server\Client SDK\ODBC\170\Tools\Binn\;C:\Program Files (x86)\Microsoft SQL Server\150\Tools\Binn\;C:\Program Files\Microsoft SQL Server\150\Tools\Binn\;C:\Program Files\Microsoft SQL Server\150\DTS\Binn\;C:\WINDOWS\system32;C:\WINDOWS;C:\WINDOWS\System32\Wbem;C:\WINDOWS\System32\WindowsPowerShell\v1.0\;C:\WINDOWS\System32\OpenSSH\;C:\Users\STARIM\Downloads\apache-maven-3.9.5-bin\apache-maven-3.9.5\bin;C:\Program Files\Java\jdk-21;C:\Program Files\Docker\Docker\resources\bin;C:\Program Files\Git\cmd;C:\Users\STARIM\AppData\Roaming\nvm;C:\Program Files\nodejs;C:\Users\STARIM\AppData\Local\Microsoft\WindowsApps;C:\Users\STARIM\.dotnet\tools;C:\Users\STARIM\AppData\Local\Programs\Microsoft VS Code\bin;C:\Users\STARIM\AppData\Local\Programs\mongosh\;C:\Program Files\JetBrains\IntelliJ IDEA Community Edition 2023.2.5\bin;;C:\Users\STARIM\AppData\Roaming\npm;C:\Users\STARIM\AppData\Roaming\nvm;C:\Program Files\nodejs
USERNAME=STARIM
OS=Windows_NT
PROCESSOR_IDENTIFIER=AMD64 Family 23 Model 96 Stepping 1, AuthenticAMD
TMP=C:\Users\STARIM\AppData\Local\Temp
TEMP=C:\Users\STARIM\AppData\Local\Temp



Periodic native trim disabled


---------------  S Y S T E M  ---------------

OS:
 Windows 11 , 64 bit Build 22621 (10.0.22621.3085)
OS uptime: 0 days 5:27 hours
Hyper-V role detected

CPU: total 16 (initial active 16) (16 cores per cpu, 2 threads per core) family 23 model 96 stepping 1 microcode 0x0, cx8, cmov, fxsr, ht, mmx, 3dnowpref, sse, sse2, sse3, ssse3, sse4a, sse4.1, sse4.2, popcnt, lzcnt, tsc, tscinvbit, avx, avx2, aes, clmul, bmi1, bmi2, adx, sha, fma, vzeroupper, clflush, clflushopt, hv
Processor Information for all 16 processors :
  Max Mhz: 2901, Current Mhz: 2901, Mhz Limit: 2901

Memory: 4k page, system-wide physical 7599M (655M free)
TotalPageFile size 15763M (AvailPageFile size 8M)
current process WorkingSet (physical memory assigned to process): 204M, peak: 204M
current process commit charge ("private bytes"): 318M, peak: 318M

vm_info: OpenJDK 64-Bit Server VM (17.0.10+7) for windows-amd64 JRE (17.0.10+7), built on Jan 16 2024 23:25:11 by "admin" with MS VC++ 16.10 / 16.11 (VS2019)

END.
