#
# There is insufficient memory for the Java Runtime Environment to continue.
# Native memory allocation (malloc) failed to allocate 2491120 bytes for Chunk::new
# Possible reasons:
#   The system is out of physical RAM or swap space
#   The process is running with CompressedOops enabled, and the Java Heap may be blocking the growth of the native heap
# Possible solutions:
#   Reduce memory load on the system
#   Increase physical memory or swap space
#   Check if swap backing store is full
#   Decrease Java heap size (-Xmx/-Xms)
#   Decrease number of Java threads
#   Decrease Java thread stack sizes (-Xss)
#   Set larger code cache with -XX:ReservedCodeCacheSize=
#   JVM is running with Unscaled Compressed Oops mode in which the Java heap is
#     placed in the first 4GB address space. The Java Heap base address is the
#     maximum limit for the native heap growth. Please use -XX:HeapBaseMinAddress
#     to set the Java Heap base and to place the Java Heap above 4GB virtual address.
# This output file may be truncated or incomplete.
#
#  Out of Memory Error (arena.cpp:191), pid=4812, tid=20996
#
# JRE version: OpenJDK Runtime Environment Temurin-17.0.10+7 (17.0.10+7) (build 17.0.10+7)
# Java VM: OpenJDK 64-Bit Server VM Temurin-17.0.10+7 (17.0.10+7, mixed mode, tiered, compressed oops, compressed class ptrs, parallel gc, windows-amd64)
# No core dump will be written. Minidumps are not enabled by default on client versions of Windows
#

---------------  S U M M A R Y ------------

Command Line: --add-modules=ALL-SYSTEM --add-opens=java.base/java.util=ALL-UNNAMED --add-opens=java.base/java.lang=ALL-UNNAMED --add-opens=java.base/sun.nio.fs=ALL-UNNAMED -Declipse.application=org.eclipse.jdt.ls.core.id1 -Dosgi.bundles.defaultStartLevel=4 -Declipse.product=org.eclipse.jdt.ls.core.product -Djava.import.generatesMetadataFilesAtProjectRoot=false -DDetectVMInstallationsJob.disabled=true -Dfile.encoding=utf8 -XX:+UseParallelGC -XX:GCTimeRatio=4 -XX:AdaptiveSizePolicyWeight=90 -Dsun.zip.disableMemoryMapping=true -Xmx1G -Xms100m -Xlog:disable -javaagent:c:\Users\STARIM\.vscode\extensions\redhat.java-1.27.0-win32-x64\lombok\lombok-1.18.31.jar c:\Users\STARIM\.vscode\extensions\redhat.java-1.27.0-win32-x64\server\plugins\org.eclipse.equinox.launcher_1.6.700.v20231214-2017.jar -configuration c:\Users\STARIM\AppData\Roaming\Code\User\globalStorage\redhat.java\1.27.0\config_ss_win -data c:\Users\STARIM\AppData\Roaming\Code\User\workspaceStorage\f9ab32abbbd5cd031c83568945532e53\redhat.java\ss_ws --stdio

Host: AMD Ryzen 7 4800H with Radeon Graphics         , 16 cores, 7G,  Windows 11 , 64 bit Build 22621 (10.0.22621.3085)
Time: Tue Feb  6 18:06:51 2024 India Standard Time elapsed time: 6.160995 seconds (0d 0h 0m 6s)

---------------  T H R E A D  ---------------

Current thread (0x0000021ef5094f60):  JavaThread "C2 CompilerThread1" daemon [_thread_in_native, id=20996, stack(0x000000eee4a00000,0x000000eee4b00000)]


Current CompileTask:
C2:   6161 4309   !   4       org.eclipse.osgi.internal.loader.classpath.ClasspathManager::findLocalClass (210 bytes)

Stack: [0x000000eee4a00000,0x000000eee4b00000]
Native frames: (J=compiled Java code, j=interpreted, Vv=VM code, C=native code)
V  [jvm.dll+0x67d2c9]
V  [jvm.dll+0x834afa]
V  [jvm.dll+0x8365be]
V  [jvm.dll+0x836c23]
V  [jvm.dll+0x2477ff]
V  [jvm.dll+0xac514]
V  [jvm.dll+0xacb5c]
V  [jvm.dll+0x3667d7]
V  [jvm.dll+0x1bcf72]
V  [jvm.dll+0x21a049]
V  [jvm.dll+0x219311]
V  [jvm.dll+0x1a502d]
V  [jvm.dll+0x2290de]
V  [jvm.dll+0x2272ac]
V  [jvm.dll+0x7e9bb7]
V  [jvm.dll+0x7e3fba]
V  [jvm.dll+0x67c1b5]
C  [ucrtbase.dll+0x29363]
C  [KERNEL32.DLL+0x1257d]
C  [ntdll.dll+0x5aa58]


---------------  P R O C E S S  ---------------

Threads class SMR info:
_java_thread_list=0x0000021ef5dad430, length=31, elements={
0x0000021ed91f0a80, 0x0000021eed071020, 0x0000021eed073460, 0x0000021eed07d2e0,
0x0000021eed07df70, 0x0000021ef221b000, 0x0000021ef221c9e0, 0x0000021ef221f6a0,
0x0000021ef224e780, 0x0000021ef2273c00, 0x0000021ed92508e0, 0x0000021ef23206d0,
0x0000021ef24ffe70, 0x0000021ef431a0f0, 0x0000021ef43e0580, 0x0000021ef5092c20,
0x0000021ef4d30550, 0x0000021ef4d94ad0, 0x0000021ef4d8d930, 0x0000021ef5065e90,
0x0000021ef4fa7360, 0x0000021ef5094f60, 0x0000021ef4fa5a10, 0x0000021ef4fa5f20,
0x0000021ef4fa4ff0, 0x0000021ef4fa7870, 0x0000021ef4fa6e50, 0x0000021ef4fa5500,
0x0000021ef4fa45d0, 0x0000021ef50954b0, 0x0000021ef4fa6430
}

Java Threads: ( => current thread )
  0x0000021ed91f0a80 JavaThread "main" [_thread_blocked, id=22892, stack(0x000000eee2b00000,0x000000eee2c00000)]
  0x0000021eed071020 JavaThread "Reference Handler" daemon [_thread_blocked, id=23944, stack(0x000000eee2e00000,0x000000eee2f00000)]
  0x0000021eed073460 JavaThread "Finalizer" daemon [_thread_blocked, id=19028, stack(0x000000eee2f00000,0x000000eee3000000)]
  0x0000021eed07d2e0 JavaThread "Signal Dispatcher" daemon [_thread_blocked, id=23320, stack(0x000000eee3000000,0x000000eee3100000)]
  0x0000021eed07df70 JavaThread "Attach Listener" daemon [_thread_blocked, id=15300, stack(0x000000eee3100000,0x000000eee3200000)]
  0x0000021ef221b000 JavaThread "Service Thread" daemon [_thread_blocked, id=20324, stack(0x000000eee3200000,0x000000eee3300000)]
  0x0000021ef221c9e0 JavaThread "Monitor Deflation Thread" daemon [_thread_blocked, id=2224, stack(0x000000eee3300000,0x000000eee3400000)]
  0x0000021ef221f6a0 JavaThread "C2 CompilerThread0" daemon [_thread_blocked, id=22640, stack(0x000000eee3400000,0x000000eee3500000)]
  0x0000021ef224e780 JavaThread "C1 CompilerThread0" daemon [_thread_blocked, id=12512, stack(0x000000eee3500000,0x000000eee3600000)]
  0x0000021ef2273c00 JavaThread "Sweeper thread" daemon [_thread_blocked, id=19824, stack(0x000000eee3600000,0x000000eee3700000)]
  0x0000021ed92508e0 JavaThread "Common-Cleaner" daemon [_thread_blocked, id=18384, stack(0x000000eee3700000,0x000000eee3800000)]
  0x0000021ef23206d0 JavaThread "C1 CompilerThread1" daemon [_thread_blocked, id=23964, stack(0x000000eee3800000,0x000000eee3900000)]
  0x0000021ef24ffe70 JavaThread "C1 CompilerThread2" daemon [_thread_blocked, id=18328, stack(0x000000eee3a00000,0x000000eee3b00000)]
  0x0000021ef431a0f0 JavaThread "C1 CompilerThread3" daemon [_thread_blocked, id=24540, stack(0x000000eee3b00000,0x000000eee3c00000)]
  0x0000021ef43e0580 JavaThread "Notification Thread" daemon [_thread_blocked, id=16312, stack(0x000000eee3c00000,0x000000eee3d00000)]
  0x0000021ef5092c20 JavaThread "Active Thread: Equinox Container: 676537b4-de03-4948-b6f6-2723055a7b70" [_thread_blocked, id=18816, stack(0x000000eee4400000,0x000000eee4500000)]
  0x0000021ef4d30550 JavaThread "Framework Event Dispatcher: Equinox Container: 676537b4-de03-4948-b6f6-2723055a7b70" daemon [_thread_blocked, id=9212, stack(0x000000eee3e00000,0x000000eee3f00000)]
  0x0000021ef4d94ad0 JavaThread "Start Level: Equinox Container: 676537b4-de03-4948-b6f6-2723055a7b70" daemon [_thread_blocked, id=23800, stack(0x000000eee4500000,0x000000eee4600000)]
  0x0000021ef4d8d930 JavaThread "SCR Component Actor" daemon [_thread_blocked, id=24244, stack(0x000000eee4600000,0x000000eee4700000)]
  0x0000021ef5065e90 JavaThread "SCR Component Registry" daemon [_thread_blocked, id=21624, stack(0x000000eee4900000,0x000000eee4a00000)]
  0x0000021ef4fa7360 JavaThread "Worker-JM" [_thread_blocked, id=19432, stack(0x000000eee3900000,0x000000eee3a00000)]
=>0x0000021ef5094f60 JavaThread "C2 CompilerThread1" daemon [_thread_in_native, id=20996, stack(0x000000eee4a00000,0x000000eee4b00000)]
  0x0000021ef4fa5a10 JavaThread "Worker-0" [_thread_blocked, id=19272, stack(0x000000eee4d00000,0x000000eee4e00000)]
  0x0000021ef4fa5f20 JavaThread "Worker-1" [_thread_blocked, id=2140, stack(0x000000eee4e00000,0x000000eee4f00000)]
  0x0000021ef4fa4ff0 JavaThread "JNA Cleaner" daemon [_thread_blocked, id=15236, stack(0x000000eee5200000,0x000000eee5300000)]
  0x0000021ef4fa7870 JavaThread "pool-2-thread-1" [_thread_blocked, id=7592, stack(0x000000eee5300000,0x000000eee5400000)]
  0x0000021ef4fa6e50 JavaThread "WorkspaceEventsHandler" [_thread_blocked, id=23120, stack(0x000000eee5500000,0x000000eee5600000)]
  0x0000021ef4fa5500 JavaThread "pool-1-thread-1" [_thread_in_native, id=11916, stack(0x000000eee5600000,0x000000eee5700000)]
  0x0000021ef4fa45d0 JavaThread "ForkJoinPool.commonPool-worker-1" daemon [_thread_blocked, id=21576, stack(0x000000eee5700000,0x000000eee5800000)]
  0x0000021ef50954b0 JavaThread "C2 CompilerThread2" daemon [_thread_blocked, id=22048, stack(0x000000eee5000000,0x000000eee5100000)]
  0x0000021ef4fa6430 JavaThread "ForkJoinPool.commonPool-worker-2" daemon [_thread_blocked, id=24132, stack(0x000000eee5800000,0x000000eee5900000)]

Other Threads:
  0x0000021ed929e840 VMThread "VM Thread" [stack: 0x000000eee2d00000,0x000000eee2e00000] [id=14752]
  0x0000021ef43e1270 WatcherThread [stack: 0x000000eee3d00000,0x000000eee3e00000] [id=2144]
  0x0000021ed9205d70 GCTaskThread "GC Thread#0" [stack: 0x000000eee2c00000,0x000000eee2d00000] [id=14624]
  0x0000021ef4a86590 GCTaskThread "GC Thread#1" [stack: 0x000000eee3f00000,0x000000eee4000000] [id=23732]
  0x0000021ef4b30050 GCTaskThread "GC Thread#2" [stack: 0x000000eee4000000,0x000000eee4100000] [id=23576]
  0x0000021ef4a87b90 GCTaskThread "GC Thread#3" [stack: 0x000000eee4100000,0x000000eee4200000] [id=5380]
  0x0000021ef4911b10 GCTaskThread "GC Thread#4" [stack: 0x000000eee4200000,0x000000eee4300000] [id=22156]
  0x0000021ef4913270 GCTaskThread "GC Thread#5" [stack: 0x000000eee4300000,0x000000eee4400000] [id=24416]
  0x0000021ef4913d70 GCTaskThread "GC Thread#6" [stack: 0x000000eee4700000,0x000000eee4800000] [id=19772]
  0x0000021ef49145b0 GCTaskThread "GC Thread#7" [stack: 0x000000eee4800000,0x000000eee4900000] [id=22536]
  0x0000021ef4912cf0 GCTaskThread "GC Thread#8" [stack: 0x000000eee4b00000,0x000000eee4c00000] [id=5168]
  0x0000021ef4912fb0 GCTaskThread "GC Thread#9" [stack: 0x000000eee4c00000,0x000000eee4d00000] [id=9868]
  0x0000021ef4912a30 GCTaskThread "GC Thread#10" [stack: 0x000000eee4f00000,0x000000eee5000000] [id=23036]
  0x0000021ef4913530 GCTaskThread "GC Thread#11" [stack: 0x000000eee5100000,0x000000eee5200000] [id=4716]
  0x0000021ef4913ab0 GCTaskThread "GC Thread#12" [stack: 0x000000eee5400000,0x000000eee5500000] [id=13740]

Threads with active compile tasks:
C2 CompilerThread1     6177 4309   !   4       org.eclipse.osgi.internal.loader.classpath.ClasspathManager::findLocalClass (210 bytes)

VM state: not at safepoint (normal execution)

VM Mutex/Monitor currently owned by a thread: None

Heap address: 0x00000000c0000000, size: 1024 MB, Compressed Oops mode: 32-bit

CDS archive(s) not mapped
Compressed class space mapped at: 0x0000000100000000-0x0000000140000000, reserved size: 1073741824
Narrow klass base: 0x0000000000000000, Narrow klass shift: 3, Narrow klass range: 0x140000000

GC Precious Log:
 CPUs: 16 total, 16 available
 Memory: 7599M
 Large Page Support: Disabled
 NUMA Support: Disabled
 Compressed Oops: Enabled (32-bit)
 Alignments: Space 512K, Generation 512K, Heap 2M
 Heap Min Capacity: 100M
 Heap Initial Capacity: 100M
 Heap Max Capacity: 1G
 Pre-touch: Disabled
 Parallel Workers: 13

Heap:
 PSYoungGen      total 23552K, used 5023K [0x00000000eab00000, 0x00000000ec380000, 0x0000000100000000)
  eden space 22016K, 20% used [0x00000000eab00000,0x00000000eaf4fe88,0x00000000ec080000)
  from space 1536K, 39% used [0x00000000ec100000,0x00000000ec198000,0x00000000ec280000)
  to   space 1024K, 0% used [0x00000000ec280000,0x00000000ec280000,0x00000000ec380000)
 ParOldGen       total 68608K, used 25705K [0x00000000c0000000, 0x00000000c4300000, 0x00000000eab00000)
  object space 68608K, 37% used [0x00000000c0000000,0x00000000c191a5a8,0x00000000c4300000)
 Metaspace       used 43029K, committed 43776K, reserved 1114112K
  class space    used 4366K, committed 4736K, reserved 1048576K

Card table byte_map: [0x0000021ed8bb0000,0x0000021ed8dc0000] _byte_map_base: 0x0000021ed85b0000

Marking Bits: (ParMarkBitMap*) 0x00007ffce895d7d0
 Begin Bits: [0x0000021eeae80000, 0x0000021eebe80000)
 End Bits:   [0x0000021eebe80000, 0x0000021eece80000)

Polling page: 0x0000021ed89a0000

Metaspace:

Usage:
  Non-class:     37.76 MB used.
      Class:      4.26 MB used.
       Both:     42.02 MB used.

Virtual space:
  Non-class space:       64.00 MB reserved,      38.12 MB ( 60%) committed,  1 nodes.
      Class space:        1.00 GB reserved,       4.62 MB ( <1%) committed,  1 nodes.
             Both:        1.06 GB reserved,      42.75 MB (  4%) committed. 

Chunk freelists:
   Non-Class:  9.58 MB
       Class:  11.37 MB
        Both:  20.95 MB

MaxMetaspaceSize: unlimited
CompressedClassSpaceSize: 1.00 GB
Initial GC threshold: 21.00 MB
Current GC threshold: 58.38 MB
CDS: off
MetaspaceReclaimPolicy: balanced
 - commit_granule_bytes: 65536.
 - commit_granule_words: 8192.
 - virtual_space_node_default_size: 8388608.
 - enlarge_chunks_in_place: 1.
 - new_chunks_are_fully_committed: 0.
 - uncommit_free_chunks: 1.
 - use_allocation_guard: 0.
 - handle_deallocations: 1.


Internal statistics:

num_allocs_failed_limit: 6.
num_arena_births: 382.
num_arena_deaths: 14.
num_vsnodes_births: 2.
num_vsnodes_deaths: 0.
num_space_committed: 684.
num_space_uncommitted: 0.
num_chunks_returned_to_freelist: 20.
num_chunks_taken_from_freelist: 1769.
num_chunk_merges: 11.
num_chunk_splits: 1167.
num_chunks_enlarged: 805.
num_inconsistent_stats: 0.

CodeHeap 'non-profiled nmethods': size=119168Kb used=2294Kb max_used=2294Kb free=116873Kb
 bounds [0x0000021ee3a20000, 0x0000021ee3c90000, 0x0000021eeae80000]
CodeHeap 'profiled nmethods': size=119104Kb used=10103Kb max_used=10103Kb free=109000Kb
 bounds [0x0000021edbe80000, 0x0000021edc860000, 0x0000021ee32d0000]
CodeHeap 'non-nmethods': size=7488Kb used=2986Kb max_used=3010Kb free=4501Kb
 bounds [0x0000021ee32d0000, 0x0000021ee35d0000, 0x0000021ee3a20000]
 total_blobs=5168 nmethods=4535 adapters=543
 compilation: enabled
              stopped_count=0, restarted_count=0
 full_count=0

Compilation events (20 events):
Event: 6.108 Thread 0x0000021ef431a0f0 nmethod 4529 0x0000021edc859590 code [0x0000021edc859720, 0x0000021edc859838]
Event: 6.108 Thread 0x0000021ef23206d0 nmethod 4530 0x0000021edc859910 code [0x0000021edc859aa0, 0x0000021edc859bb8]
Event: 6.108 Thread 0x0000021ef431a0f0 4533       3       org.eclipse.core.internal.dtree.NodeComparison::<init> (26 bytes)
Event: 6.108 Thread 0x0000021ef224e780 nmethod 4531 0x0000021edc859c90 code [0x0000021edc859e20, 0x0000021edc859f38]
Event: 6.108 Thread 0x0000021ef23206d0 4534       3       org.eclipse.core.internal.dtree.NodeComparison::isUnchanged (11 bytes)
Event: 6.109 Thread 0x0000021ef224e780 4535       3       org.eclipse.core.internal.dtree.AbstractDataTreeNode::size (6 bytes)
Event: 6.109 Thread 0x0000021ef23206d0 nmethod 4534 0x0000021edc85a010 code [0x0000021edc85a1a0, 0x0000021edc85a318]
Event: 6.109 Thread 0x0000021ef431a0f0 nmethod 4533 0x0000021edc85a390 code [0x0000021edc85a520, 0x0000021edc85a6b8]
Event: 6.109 Thread 0x0000021ef23206d0 4536       3       org.eclipse.core.internal.dtree.AbstractDataTree::rootKey (4 bytes)
Event: 6.109 Thread 0x0000021ef224e780 nmethod 4535 0x0000021edc85a790 code [0x0000021edc85a920, 0x0000021edc85aa38]
Event: 6.109 Thread 0x0000021ef23206d0 nmethod 4536 0x0000021edc85ab10 code [0x0000021edc85aca0, 0x0000021edc85ad98]
Event: 6.109 Thread 0x0000021ef23206d0 4537       1       org.eclipse.jdt.internal.core.JavaModelManager::getJavaModel (5 bytes)
Event: 6.109 Thread 0x0000021ef23206d0 nmethod 4537 0x0000021ee3c5d710 code [0x0000021ee3c5d8a0, 0x0000021ee3c5d978]
Event: 6.109 Thread 0x0000021ef24ffe70 nmethod 4532 0x0000021edc85ae10 code [0x0000021edc85b040, 0x0000021edc85bc38]
Event: 6.110 Thread 0x0000021ef23206d0 4538       3       org.eclipse.core.internal.resources.Project::isOpen (17 bytes)
Event: 6.111 Thread 0x0000021ef24ffe70 4539       3       org.eclipse.core.internal.resources.Project::hasNature (36 bytes)
Event: 6.111 Thread 0x0000021ef23206d0 nmethod 4538 0x0000021edc85c090 code [0x0000021edc85c240, 0x0000021edc85c498]
Event: 6.111 Thread 0x0000021ef23206d0 4540       3       org.eclipse.core.internal.resources.ProjectPreferences::internalGet (26 bytes)
Event: 6.111 Thread 0x0000021ef23206d0 nmethod 4540 0x0000021edc85c590 code [0x0000021edc85c7a0, 0x0000021edc85cce8]
Event: 6.111 Thread 0x0000021ef24ffe70 nmethod 4539 0x0000021edc85cf10 code [0x0000021edc85d140, 0x0000021edc85dac8]

GC Heap History (20 events):
Event: 4.510 GC heap before
{Heap before GC invocations=10 (full 2):
 PSYoungGen      total 27648K, used 3205K [0x00000000eab00000, 0x00000000ec980000, 0x0000000100000000)
  eden space 24064K, 0% used [0x00000000eab00000,0x00000000eab00000,0x00000000ec280000)
  from space 3584K, 89% used [0x00000000ec600000,0x00000000ec921510,0x00000000ec980000)
  to   space 3584K, 0% used [0x00000000ec280000,0x00000000ec280000,0x00000000ec600000)
 ParOldGen       total 68608K, used 8095K [0x00000000c0000000, 0x00000000c4300000, 0x00000000eab00000)
  object space 68608K, 11% used [0x00000000c0000000,0x00000000c07e7e28,0x00000000c4300000)
 Metaspace       used 35133K, committed 35840K, reserved 1114112K
  class space    used 3540K, committed 3840K, reserved 1048576K
}
Event: 4.525 GC heap after
{Heap after GC invocations=10 (full 2):
 PSYoungGen      total 27648K, used 0K [0x00000000eab00000, 0x00000000ec980000, 0x0000000100000000)
  eden space 24064K, 0% used [0x00000000eab00000,0x00000000eab00000,0x00000000ec280000)
  from space 3584K, 0% used [0x00000000ec600000,0x00000000ec600000,0x00000000ec980000)
  to   space 3584K, 0% used [0x00000000ec280000,0x00000000ec280000,0x00000000ec600000)
 ParOldGen       total 68608K, used 10929K [0x00000000c0000000, 0x00000000c4300000, 0x00000000eab00000)
  object space 68608K, 15% used [0x00000000c0000000,0x00000000c0aac550,0x00000000c4300000)
 Metaspace       used 35133K, committed 35840K, reserved 1114112K
  class space    used 3540K, committed 3840K, reserved 1048576K
}
Event: 4.694 GC heap before
{Heap before GC invocations=11 (full 2):
 PSYoungGen      total 27648K, used 24064K [0x00000000eab00000, 0x00000000ec980000, 0x0000000100000000)
  eden space 24064K, 100% used [0x00000000eab00000,0x00000000ec280000,0x00000000ec280000)
  from space 3584K, 0% used [0x00000000ec600000,0x00000000ec600000,0x00000000ec980000)
  to   space 3584K, 0% used [0x00000000ec280000,0x00000000ec280000,0x00000000ec600000)
 ParOldGen       total 68608K, used 10929K [0x00000000c0000000, 0x00000000c4300000, 0x00000000eab00000)
  object space 68608K, 15% used [0x00000000c0000000,0x00000000c0aac550,0x00000000c4300000)
 Metaspace       used 36500K, committed 37248K, reserved 1114112K
  class space    used 3692K, committed 4032K, reserved 1048576K
}
Event: 4.696 GC heap after
{Heap after GC invocations=11 (full 2):
 PSYoungGen      total 26112K, used 2144K [0x00000000eab00000, 0x00000000ec700000, 0x0000000100000000)
  eden space 23552K, 0% used [0x00000000eab00000,0x00000000eab00000,0x00000000ec200000)
  from space 2560K, 83% used [0x00000000ec280000,0x00000000ec498040,0x00000000ec500000)
  to   space 2048K, 0% used [0x00000000ec500000,0x00000000ec500000,0x00000000ec700000)
 ParOldGen       total 68608K, used 10937K [0x00000000c0000000, 0x00000000c4300000, 0x00000000eab00000)
  object space 68608K, 15% used [0x00000000c0000000,0x00000000c0aae550,0x00000000c4300000)
 Metaspace       used 36500K, committed 37248K, reserved 1114112K
  class space    used 3692K, committed 4032K, reserved 1048576K
}
Event: 4.778 GC heap before
{Heap before GC invocations=12 (full 2):
 PSYoungGen      total 26112K, used 25696K [0x00000000eab00000, 0x00000000ec700000, 0x0000000100000000)
  eden space 23552K, 100% used [0x00000000eab00000,0x00000000ec200000,0x00000000ec200000)
  from space 2560K, 83% used [0x00000000ec280000,0x00000000ec498040,0x00000000ec500000)
  to   space 2048K, 0% used [0x00000000ec500000,0x00000000ec500000,0x00000000ec700000)
 ParOldGen       total 68608K, used 10937K [0x00000000c0000000, 0x00000000c4300000, 0x00000000eab00000)
  object space 68608K, 15% used [0x00000000c0000000,0x00000000c0aae550,0x00000000c4300000)
 Metaspace       used 36712K, committed 37376K, reserved 1114112K
  class space    used 3713K, committed 4032K, reserved 1048576K
}
Event: 4.781 GC heap after
{Heap after GC invocations=12 (full 2):
 PSYoungGen      total 24064K, used 2016K [0x00000000eab00000, 0x00000000eca80000, 0x0000000100000000)
  eden space 22016K, 0% used [0x00000000eab00000,0x00000000eab00000,0x00000000ec080000)
  from space 2048K, 98% used [0x00000000ec500000,0x00000000ec6f8040,0x00000000ec700000)
  to   space 4608K, 0% used [0x00000000ec080000,0x00000000ec080000,0x00000000ec500000)
 ParOldGen       total 68608K, used 12785K [0x00000000c0000000, 0x00000000c4300000, 0x00000000eab00000)
  object space 68608K, 18% used [0x00000000c0000000,0x00000000c0c7c550,0x00000000c4300000)
 Metaspace       used 36712K, committed 37376K, reserved 1114112K
  class space    used 3713K, committed 4032K, reserved 1048576K
}
Event: 4.834 GC heap before
{Heap before GC invocations=13 (full 2):
 PSYoungGen      total 24064K, used 24032K [0x00000000eab00000, 0x00000000eca80000, 0x0000000100000000)
  eden space 22016K, 100% used [0x00000000eab00000,0x00000000ec080000,0x00000000ec080000)
  from space 2048K, 98% used [0x00000000ec500000,0x00000000ec6f8040,0x00000000ec700000)
  to   space 4608K, 0% used [0x00000000ec080000,0x00000000ec080000,0x00000000ec500000)
 ParOldGen       total 68608K, used 12785K [0x00000000c0000000, 0x00000000c4300000, 0x00000000eab00000)
  object space 68608K, 18% used [0x00000000c0000000,0x00000000c0c7c550,0x00000000c4300000)
 Metaspace       used 36785K, committed 37504K, reserved 1114112K
  class space    used 3725K, committed 4096K, reserved 1048576K
}
Event: 4.838 GC heap after
{Heap after GC invocations=13 (full 2):
 PSYoungGen      total 24576K, used 2528K [0x00000000eab00000, 0x00000000ec680000, 0x0000000100000000)
  eden space 22016K, 0% used [0x00000000eab00000,0x00000000eab00000,0x00000000ec080000)
  from space 2560K, 98% used [0x00000000ec080000,0x00000000ec2f8020,0x00000000ec300000)
  to   space 3072K, 0% used [0x00000000ec380000,0x00000000ec380000,0x00000000ec680000)
 ParOldGen       total 68608K, used 14766K [0x00000000c0000000, 0x00000000c4300000, 0x00000000eab00000)
  object space 68608K, 21% used [0x00000000c0000000,0x00000000c0e6b928,0x00000000c4300000)
 Metaspace       used 36785K, committed 37504K, reserved 1114112K
  class space    used 3725K, committed 4096K, reserved 1048576K
}
Event: 4.862 GC heap before
{Heap before GC invocations=14 (full 2):
 PSYoungGen      total 24576K, used 24544K [0x00000000eab00000, 0x00000000ec680000, 0x0000000100000000)
  eden space 22016K, 100% used [0x00000000eab00000,0x00000000ec080000,0x00000000ec080000)
  from space 2560K, 98% used [0x00000000ec080000,0x00000000ec2f8020,0x00000000ec300000)
  to   space 3072K, 0% used [0x00000000ec380000,0x00000000ec380000,0x00000000ec680000)
 ParOldGen       total 68608K, used 14766K [0x00000000c0000000, 0x00000000c4300000, 0x00000000eab00000)
  object space 68608K, 21% used [0x00000000c0000000,0x00000000c0e6b928,0x00000000c4300000)
 Metaspace       used 36786K, committed 37504K, reserved 1114112K
  class space    used 3725K, committed 4096K, reserved 1048576K
}
Event: 4.865 GC heap after
{Heap after GC invocations=14 (full 2):
 PSYoungGen      total 24576K, used 2080K [0x00000000eab00000, 0x00000000ec600000, 0x0000000100000000)
  eden space 22016K, 0% used [0x00000000eab00000,0x00000000eab00000,0x00000000ec080000)
  from space 2560K, 81% used [0x00000000ec380000,0x00000000ec588000,0x00000000ec600000)
  to   space 2560K, 0% used [0x00000000ec080000,0x00000000ec080000,0x00000000ec300000)
 ParOldGen       total 68608K, used 17107K [0x00000000c0000000, 0x00000000c4300000, 0x00000000eab00000)
  object space 68608K, 24% used [0x00000000c0000000,0x00000000c10b4c50,0x00000000c4300000)
 Metaspace       used 36786K, committed 37504K, reserved 1114112K
  class space    used 3725K, committed 4096K, reserved 1048576K
}
Event: 4.892 GC heap before
{Heap before GC invocations=15 (full 2):
 PSYoungGen      total 24576K, used 24096K [0x00000000eab00000, 0x00000000ec600000, 0x0000000100000000)
  eden space 22016K, 100% used [0x00000000eab00000,0x00000000ec080000,0x00000000ec080000)
  from space 2560K, 81% used [0x00000000ec380000,0x00000000ec588000,0x00000000ec600000)
  to   space 2560K, 0% used [0x00000000ec080000,0x00000000ec080000,0x00000000ec300000)
 ParOldGen       total 68608K, used 17107K [0x00000000c0000000, 0x00000000c4300000, 0x00000000eab00000)
  object space 68608K, 24% used [0x00000000c0000000,0x00000000c10b4c50,0x00000000c4300000)
 Metaspace       used 36786K, committed 37504K, reserved 1114112K
  class space    used 3725K, committed 4096K, reserved 1048576K
}
Event: 4.895 GC heap after
{Heap after GC invocations=15 (full 2):
 PSYoungGen      total 24576K, used 2368K [0x00000000eab00000, 0x00000000ec580000, 0x0000000100000000)
  eden space 22016K, 0% used [0x00000000eab00000,0x00000000eab00000,0x00000000ec080000)
  from space 2560K, 92% used [0x00000000ec080000,0x00000000ec2d0010,0x00000000ec300000)
  to   space 2560K, 0% used [0x00000000ec300000,0x00000000ec300000,0x00000000ec580000)
 ParOldGen       total 68608K, used 19067K [0x00000000c0000000, 0x00000000c4300000, 0x00000000eab00000)
  object space 68608K, 27% used [0x00000000c0000000,0x00000000c129ec50,0x00000000c4300000)
 Metaspace       used 36786K, committed 37504K, reserved 1114112K
  class space    used 3725K, committed 4096K, reserved 1048576K
}
Event: 4.923 GC heap before
{Heap before GC invocations=16 (full 2):
 PSYoungGen      total 24576K, used 24384K [0x00000000eab00000, 0x00000000ec580000, 0x0000000100000000)
  eden space 22016K, 100% used [0x00000000eab00000,0x00000000ec080000,0x00000000ec080000)
  from space 2560K, 92% used [0x00000000ec080000,0x00000000ec2d0010,0x00000000ec300000)
  to   space 2560K, 0% used [0x00000000ec300000,0x00000000ec300000,0x00000000ec580000)
 ParOldGen       total 68608K, used 19067K [0x00000000c0000000, 0x00000000c4300000, 0x00000000eab00000)
  object space 68608K, 27% used [0x00000000c0000000,0x00000000c129ec50,0x00000000c4300000)
 Metaspace       used 36786K, committed 37504K, reserved 1114112K
  class space    used 3725K, committed 4096K, reserved 1048576K
}
Event: 4.926 GC heap after
{Heap after GC invocations=16 (full 2):
 PSYoungGen      total 24576K, used 2016K [0x00000000eab00000, 0x00000000ec580000, 0x0000000100000000)
  eden space 22016K, 0% used [0x00000000eab00000,0x00000000eab00000,0x00000000ec080000)
  from space 2560K, 78% used [0x00000000ec300000,0x00000000ec4f8000,0x00000000ec580000)
  to   space 2560K, 0% used [0x00000000ec080000,0x00000000ec080000,0x00000000ec300000)
 ParOldGen       total 68608K, used 21299K [0x00000000c0000000, 0x00000000c4300000, 0x00000000eab00000)
  object space 68608K, 31% used [0x00000000c0000000,0x00000000c14ccc60,0x00000000c4300000)
 Metaspace       used 36786K, committed 37504K, reserved 1114112K
  class space    used 3725K, committed 4096K, reserved 1048576K
}
Event: 5.183 GC heap before
{Heap before GC invocations=17 (full 2):
 PSYoungGen      total 24576K, used 24031K [0x00000000eab00000, 0x00000000ec580000, 0x0000000100000000)
  eden space 22016K, 99% used [0x00000000eab00000,0x00000000ec07fcb8,0x00000000ec080000)
  from space 2560K, 78% used [0x00000000ec300000,0x00000000ec4f8000,0x00000000ec580000)
  to   space 2560K, 0% used [0x00000000ec080000,0x00000000ec080000,0x00000000ec300000)
 ParOldGen       total 68608K, used 21299K [0x00000000c0000000, 0x00000000c4300000, 0x00000000eab00000)
  object space 68608K, 31% used [0x00000000c0000000,0x00000000c14ccc60,0x00000000c4300000)
 Metaspace       used 38682K, committed 39424K, reserved 1114112K
  class space    used 3937K, committed 4288K, reserved 1048576K
}
Event: 5.186 GC heap after
{Heap after GC invocations=17 (full 2):
 PSYoungGen      total 24576K, used 2234K [0x00000000eab00000, 0x00000000ec580000, 0x0000000100000000)
  eden space 22016K, 0% used [0x00000000eab00000,0x00000000eab00000,0x00000000ec080000)
  from space 2560K, 87% used [0x00000000ec080000,0x00000000ec2ae9c8,0x00000000ec300000)
  to   space 2560K, 0% used [0x00000000ec300000,0x00000000ec300000,0x00000000ec580000)
 ParOldGen       total 68608K, used 23137K [0x00000000c0000000, 0x00000000c4300000, 0x00000000eab00000)
  object space 68608K, 33% used [0x00000000c0000000,0x00000000c16984e0,0x00000000c4300000)
 Metaspace       used 38682K, committed 39424K, reserved 1114112K
  class space    used 3937K, committed 4288K, reserved 1048576K
}
Event: 5.565 GC heap before
{Heap before GC invocations=18 (full 2):
 PSYoungGen      total 24576K, used 24250K [0x00000000eab00000, 0x00000000ec580000, 0x0000000100000000)
  eden space 22016K, 100% used [0x00000000eab00000,0x00000000ec080000,0x00000000ec080000)
  from space 2560K, 87% used [0x00000000ec080000,0x00000000ec2ae9c8,0x00000000ec300000)
  to   space 2560K, 0% used [0x00000000ec300000,0x00000000ec300000,0x00000000ec580000)
 ParOldGen       total 68608K, used 23137K [0x00000000c0000000, 0x00000000c4300000, 0x00000000eab00000)
  object space 68608K, 33% used [0x00000000c0000000,0x00000000c16984e0,0x00000000c4300000)
 Metaspace       used 40377K, committed 41152K, reserved 1114112K
  class space    used 4112K, committed 4480K, reserved 1048576K
}
Event: 5.567 GC heap after
{Heap after GC invocations=18 (full 2):
 PSYoungGen      total 23040K, used 736K [0x00000000eab00000, 0x00000000ec400000, 0x0000000100000000)
  eden space 22016K, 0% used [0x00000000eab00000,0x00000000eab00000,0x00000000ec080000)
  from space 1024K, 71% used [0x00000000ec300000,0x00000000ec3b8040,0x00000000ec400000)
  to   space 1536K, 0% used [0x00000000ec100000,0x00000000ec100000,0x00000000ec280000)
 ParOldGen       total 68608K, used 25160K [0x00000000c0000000, 0x00000000c4300000, 0x00000000eab00000)
  object space 68608K, 36% used [0x00000000c0000000,0x00000000c1892248,0x00000000c4300000)
 Metaspace       used 40377K, committed 41152K, reserved 1114112K
  class space    used 4112K, committed 4480K, reserved 1048576K
}
Event: 5.949 GC heap before
{Heap before GC invocations=19 (full 2):
 PSYoungGen      total 23040K, used 22752K [0x00000000eab00000, 0x00000000ec400000, 0x0000000100000000)
  eden space 22016K, 100% used [0x00000000eab00000,0x00000000ec080000,0x00000000ec080000)
  from space 1024K, 71% used [0x00000000ec300000,0x00000000ec3b8040,0x00000000ec400000)
  to   space 1536K, 0% used [0x00000000ec100000,0x00000000ec100000,0x00000000ec280000)
 ParOldGen       total 68608K, used 25160K [0x00000000c0000000, 0x00000000c4300000, 0x00000000eab00000)
  object space 68608K, 36% used [0x00000000c0000000,0x00000000c1892248,0x00000000c4300000)
 Metaspace       used 42408K, committed 43136K, reserved 1114112K
  class space    used 4302K, committed 4672K, reserved 1048576K
}
Event: 5.950 GC heap after
{Heap after GC invocations=19 (full 2):
 PSYoungGen      total 23552K, used 608K [0x00000000eab00000, 0x00000000ec380000, 0x0000000100000000)
  eden space 22016K, 0% used [0x00000000eab00000,0x00000000eab00000,0x00000000ec080000)
  from space 1536K, 39% used [0x00000000ec100000,0x00000000ec198000,0x00000000ec280000)
  to   space 1024K, 0% used [0x00000000ec280000,0x00000000ec280000,0x00000000ec380000)
 ParOldGen       total 68608K, used 25705K [0x00000000c0000000, 0x00000000c4300000, 0x00000000eab00000)
  object space 68608K, 37% used [0x00000000c0000000,0x00000000c191a5a8,0x00000000c4300000)
 Metaspace       used 42408K, committed 43136K, reserved 1114112K
  class space    used 4302K, committed 4672K, reserved 1048576K
}

Dll operation events (10 events):
Event: 0.012 Loaded shared library c:\Users\STARIM\.vscode\extensions\redhat.java-1.27.0-win32-x64\jre\17.0.10-win32-x86_64\bin\java.dll
Event: 0.163 Loaded shared library c:\Users\STARIM\.vscode\extensions\redhat.java-1.27.0-win32-x64\jre\17.0.10-win32-x86_64\bin\zip.dll
Event: 0.165 Loaded shared library C:\Users\STARIM\.vscode\extensions\redhat.java-1.27.0-win32-x64\jre\17.0.10-win32-x86_64\bin\instrument.dll
Event: 0.173 Loaded shared library C:\Users\STARIM\.vscode\extensions\redhat.java-1.27.0-win32-x64\jre\17.0.10-win32-x86_64\bin\net.dll
Event: 0.175 Loaded shared library C:\Users\STARIM\.vscode\extensions\redhat.java-1.27.0-win32-x64\jre\17.0.10-win32-x86_64\bin\nio.dll
Event: 0.179 Loaded shared library C:\Users\STARIM\.vscode\extensions\redhat.java-1.27.0-win32-x64\jre\17.0.10-win32-x86_64\bin\zip.dll
Event: 0.191 Loaded shared library C:\Users\STARIM\.vscode\extensions\redhat.java-1.27.0-win32-x64\jre\17.0.10-win32-x86_64\bin\jimage.dll
Event: 0.257 Loaded shared library c:\Users\STARIM\.vscode\extensions\redhat.java-1.27.0-win32-x64\jre\17.0.10-win32-x86_64\bin\verify.dll
Event: 1.609 Loaded shared library C:\Users\STARIM\AppData\Roaming\Code\User\globalStorage\redhat.java\1.27.0\config_ss_win\org.eclipse.equinox.launcher\org.eclipse.equinox.launcher.win32.win32.x86_64_1.2.900.v20240129-1338\eclipse_11900.dll
Event: 4.060 Loaded shared library C:\Users\STARIM\AppData\Local\Temp\jna--1839154442\jna378025228960552256.dll

Deoptimization events (20 events):
Event: 5.402 Thread 0x0000021ef4fa45d0 DEOPT PACKING pc=0x0000021edc76a645 sp=0x000000eee57f9230
Event: 5.402 Thread 0x0000021ef4fa45d0 DEOPT UNPACKING pc=0x0000021ee3326e43 sp=0x000000eee57f86e0 mode 0
Event: 5.422 Thread 0x0000021ef4fa45d0 DEOPT PACKING pc=0x0000021edc76a645 sp=0x000000eee57fb520
Event: 5.422 Thread 0x0000021ef4fa45d0 DEOPT UNPACKING pc=0x0000021ee3326e43 sp=0x000000eee57fa9d0 mode 0
Event: 5.463 Thread 0x0000021ef4fa45d0 DEOPT PACKING pc=0x0000021edbf7e243 sp=0x000000eee57fc3d0
Event: 5.464 Thread 0x0000021ef4fa45d0 DEOPT UNPACKING pc=0x0000021ee3326e43 sp=0x000000eee57fb8f0 mode 0
Event: 5.637 Thread 0x0000021ef4fa45d0 Uncommon trap: trap_request=0xffffff45 fr.pc=0x0000021ee3c37960 relative=0x0000000000000ce0
Event: 5.637 Thread 0x0000021ef4fa45d0 Uncommon trap: reason=unstable_if action=reinterpret pc=0x0000021ee3c37960 method=java.util.TreeMap.put(Ljava/lang/Object;Ljava/lang/Object;Z)Ljava/lang/Object; @ 27 c2
Event: 5.637 Thread 0x0000021ef4fa45d0 DEOPT PACKING pc=0x0000021ee3c37960 sp=0x000000eee57fd4c0
Event: 5.637 Thread 0x0000021ef4fa45d0 DEOPT UNPACKING pc=0x0000021ee33266a3 sp=0x000000eee57fd460 mode 2
Event: 5.666 Thread 0x0000021ef4fa45d0 DEOPT PACKING pc=0x0000021edc08b113 sp=0x000000eee57fbac0
Event: 5.666 Thread 0x0000021ef4fa45d0 DEOPT UNPACKING pc=0x0000021ee3326e43 sp=0x000000eee57faff8 mode 0
Event: 5.731 Thread 0x0000021ef4fa45d0 Uncommon trap: trap_request=0xffffff45 fr.pc=0x0000021ee3b8108c relative=0x000000000000360c
Event: 5.731 Thread 0x0000021ef4fa45d0 Uncommon trap: reason=unstable_if action=reinterpret pc=0x0000021ee3b8108c method=jdk.internal.org.objectweb.asm.SymbolTable.addType(Ljava/lang/String;)I @ 33 c2
Event: 5.731 Thread 0x0000021ef4fa45d0 DEOPT PACKING pc=0x0000021ee3b8108c sp=0x000000eee57fc860
Event: 5.731 Thread 0x0000021ef4fa45d0 DEOPT UNPACKING pc=0x0000021ee33266a3 sp=0x000000eee57fc778 mode 2
Event: 5.975 Thread 0x0000021ef4fa5500 Uncommon trap: trap_request=0xffffffc6 fr.pc=0x0000021ee3ba21a4 relative=0x0000000000000084
Event: 5.975 Thread 0x0000021ef4fa5500 Uncommon trap: reason=bimorphic_or_optimized_type_check action=maybe_recompile pc=0x0000021ee3ba21a4 method=java.util.stream.Sink$ChainedReference.cancellationRequested()Z @ 4 c2
Event: 5.975 Thread 0x0000021ef4fa5500 DEOPT PACKING pc=0x0000021ee3ba21a4 sp=0x000000eee56fd820
Event: 5.975 Thread 0x0000021ef4fa5500 DEOPT UNPACKING pc=0x0000021ee33266a3 sp=0x000000eee56fd750 mode 2

Classes unloaded (7 events):
Event: 2.757 Thread 0x0000021ed929e840 Unloading class 0x000000010021a400 'java/lang/invoke/LambdaForm$MH+0x000000010021a400'
Event: 2.757 Thread 0x0000021ed929e840 Unloading class 0x000000010021a000 'java/lang/invoke/LambdaForm$MH+0x000000010021a000'
Event: 2.757 Thread 0x0000021ed929e840 Unloading class 0x0000000100219c00 'java/lang/invoke/LambdaForm$MH+0x0000000100219c00'
Event: 2.757 Thread 0x0000021ed929e840 Unloading class 0x0000000100219800 'java/lang/invoke/LambdaForm$MH+0x0000000100219800'
Event: 2.757 Thread 0x0000021ed929e840 Unloading class 0x0000000100219400 'java/lang/invoke/LambdaForm$BMH+0x0000000100219400'
Event: 2.757 Thread 0x0000021ed929e840 Unloading class 0x0000000100219000 'java/lang/invoke/LambdaForm$DMH+0x0000000100219000'
Event: 2.757 Thread 0x0000021ed929e840 Unloading class 0x0000000100214400 'java/lang/invoke/LambdaForm$DMH+0x0000000100214400'

Classes redefined (0 events):
No events

Internal exceptions (20 events):
Event: 4.159 Thread 0x0000021ed91f0a80 Exception <a 'java/lang/NoSuchMethodError'{0x00000000ec149238}: 'java.lang.Object java.lang.invoke.DirectMethodHandle$Holder.invokeStatic(java.lang.Object, java.lang.Object, long, java.lang.Object)'> (0x00000000ec149238) 
thrown [s\src\hotspot\share\interpreter\linkResolver.cpp, line 759]
Event: 4.160 Thread 0x0000021ed91f0a80 Exception <a 'java/lang/NoSuchMethodError'{0x00000000ec14ccd0}: 'java.lang.Object java.lang.invoke.DirectMethodHandle$Holder.invokeStaticInit(java.lang.Object, java.lang.Object, long, java.lang.Object)'> (0x00000000ec14ccd0) 
thrown [s\src\hotspot\share\interpreter\linkResolver.cpp, line 759]
Event: 4.160 Thread 0x0000021ed91f0a80 Exception <a 'java/lang/NoSuchMethodError'{0x00000000ec1532e0}: 'java.lang.Object java.lang.invoke.DirectMethodHandle$Holder.newInvokeSpecial(java.lang.Object, java.lang.Object, long)'> (0x00000000ec1532e0) 
thrown [s\src\hotspot\share\interpreter\linkResolver.cpp, line 759]
Event: 4.213 Thread 0x0000021ed91f0a80 Exception <a 'java/lang/NoSuchMethodError'{0x00000000eab104d8}: 'void java.lang.invoke.DirectMethodHandle$Holder.invokeStatic(java.lang.Object, java.lang.Object, java.lang.Object, java.lang.Object)'> (0x00000000eab104d8) 
thrown [s\src\hotspot\share\interpreter\linkResolver.cpp, line 759]
Event: 4.324 Thread 0x0000021ed91f0a80 Exception <a 'java/lang/NoSuchMethodError'{0x00000000eb379858}: 'void java.lang.invoke.DirectMethodHandle$Holder.invokeSpecial(java.lang.Object, java.lang.Object, java.lang.Object, java.lang.Object, java.lang.Object, java.lang.Object)'> (0x00000000eb379858) 
thrown [s\src\hotspot\share\interpreter\linkResolver.cpp, line 759]
Event: 4.325 Thread 0x0000021ed91f0a80 Exception <a 'java/lang/IncompatibleClassChangeError'{0x00000000eb383140}: Found class java.lang.Object, but interface was expected> (0x00000000eb383140) 
thrown [s\src\hotspot\share\interpreter\linkResolver.cpp, line 826]
Event: 4.424 Thread 0x0000021ef4fa5500 Exception <a 'java/io/FileNotFoundException'{0x00000000eb9b3c70}> (0x00000000eb9b3c70) 
thrown [s\src\hotspot\share\prims\jni.cpp, line 516]
Event: 4.491 Thread 0x0000021ef4fa5500 Exception <a 'java/lang/NoSuchMethodError'{0x00000000ebffcc10}: 'int java.lang.invoke.DirectMethodHandle$Holder.invokeVirtual(java.lang.Object, java.lang.Object)'> (0x00000000ebffcc10) 
thrown [s\src\hotspot\share\interpreter\linkResolver.cpp, line 759]
Event: 4.569 Thread 0x0000021ef4fa5a10 Exception <a 'java/lang/NoSuchMethodError'{0x00000000eae141c8}: 'java.lang.Object java.lang.invoke.Invokers$Holder.invoke_MT(java.lang.Object, java.lang.Object, java.lang.Object)'> (0x00000000eae141c8) 
thrown [s\src\hotspot\share\interpreter\linkResolver.cpp, line 759]
Event: 4.714 Thread 0x0000021ef4fa5a10 Exception <a 'java/io/FileNotFoundException'{0x00000000eaf8f5d8}> (0x00000000eaf8f5d8) 
thrown [s\src\hotspot\share\prims\jni.cpp, line 516]
Event: 4.715 Thread 0x0000021ef4fa5a10 Exception <a 'java/io/FileNotFoundException'{0x00000000eaf90b18}> (0x00000000eaf90b18) 
thrown [s\src\hotspot\share\prims\jni.cpp, line 516]
Event: 4.716 Thread 0x0000021ef4fa5a10 Exception <a 'java/lang/NoSuchMethodError'{0x00000000eafa2180}: 'void java.lang.invoke.DirectMethodHandle$Holder.invokeStaticInit(java.lang.Object, java.lang.Object, java.lang.Object)'> (0x00000000eafa2180) 
thrown [s\src\hotspot\share\interpreter\linkResolver.cpp, line 759]
Event: 5.013 Thread 0x0000021ef4fa45d0 Exception <a 'java/lang/NoSuchMethodError'{0x00000000eb4001f0}: 'java.lang.Object java.lang.invoke.DirectMethodHandle$Holder.invokeInterface(java.lang.Object, java.lang.Object, java.lang.Object)'> (0x00000000eb4001f0) 
thrown [s\src\hotspot\share\interpreter\linkResolver.cpp, line 759]
Event: 5.013 Thread 0x0000021ef4fa5500 Exception <a 'java/lang/NoSuchMethodError'{0x00000000eb429ed0}: 'java.lang.Object java.lang.invoke.DirectMethodHandle$Holder.invokeInterface(java.lang.Object, java.lang.Object, java.lang.Object)'> (0x00000000eb429ed0) 
thrown [s\src\hotspot\share\interpreter\linkResolver.cpp, line 759]
Event: 5.278 Thread 0x0000021ef4fa5500 Exception <a 'java/lang/LinkageError'{0x00000000eaf5b238}: loader lombok.launch.ShadowClassLoader @5f824dfa attempted duplicate class definition for lombok.launch.PatchFixesHider$Transform. (lombok.launch.PatchFixesHider$Transform is in unnamed module of loader lombok.launch.ShadowClassLoader @5f824dfa, parent loader org.eclipse.osgi.internal.loader.EquinoxClassLoader @c7d4f37)> (0x00000000eaf5b238) 
thrown [s\src\hotspot\share\classfile\systemDictionary.cpp, line 1724]
Event: 5.637 Thread 0x0000021ef4fa45d0 Implicit null exception at 0x0000021ee3c36cc7 to 0x0000021ee3c37940
Event: 5.982 Thread 0x0000021ef4fa5500 Exception <a 'sun/nio/fs/WindowsException'{0x00000000eacc23b8}> (0x00000000eacc23b8) 
thrown [s\src\hotspot\share\prims\jni.cpp, line 516]
Event: 5.998 Thread 0x0000021ef4fa5f20 Exception <a 'java/io/FileNotFoundException'{0x00000000eade6de8}> (0x00000000eade6de8) 
thrown [s\src\hotspot\share\prims\jni.cpp, line 516]
Event: 5.998 Thread 0x0000021ef4fa5f20 Exception <a 'java/io/FileNotFoundException'{0x00000000eade8028}> (0x00000000eade8028) 
thrown [s\src\hotspot\share\prims\jni.cpp, line 516]
Event: 5.999 Thread 0x0000021ef4fa5f20 Exception <a 'java/io/FileNotFoundException'{0x00000000eade8d98}> (0x00000000eade8d98) 
thrown [s\src\hotspot\share\prims\jni.cpp, line 516]

VM Operations (20 events):
Event: 4.862 Executing VM operation: ParallelGCFailedAllocation
Event: 4.865 Executing VM operation: ParallelGCFailedAllocation done
Event: 4.892 Executing VM operation: ParallelGCFailedAllocation
Event: 4.895 Executing VM operation: ParallelGCFailedAllocation done
Event: 4.923 Executing VM operation: ParallelGCFailedAllocation
Event: 4.926 Executing VM operation: ParallelGCFailedAllocation done
Event: 5.037 Executing VM operation: HandshakeAllThreads
Event: 5.037 Executing VM operation: HandshakeAllThreads done
Event: 5.063 Executing VM operation: HandshakeAllThreads
Event: 5.063 Executing VM operation: HandshakeAllThreads done
Event: 5.182 Executing VM operation: ParallelGCFailedAllocation
Event: 5.186 Executing VM operation: ParallelGCFailedAllocation done
Event: 5.232 Executing VM operation: HandshakeAllThreads
Event: 5.232 Executing VM operation: HandshakeAllThreads done
Event: 5.565 Executing VM operation: ParallelGCFailedAllocation
Event: 5.567 Executing VM operation: ParallelGCFailedAllocation done
Event: 5.807 Executing VM operation: HandshakeAllThreads
Event: 5.807 Executing VM operation: HandshakeAllThreads done
Event: 5.949 Executing VM operation: ParallelGCFailedAllocation
Event: 5.950 Executing VM operation: ParallelGCFailedAllocation done

Events (20 events):
Event: 5.993 loading class sun/util/resources/cldr/TimeZoneNames_en done
Event: 5.993 loading class sun/util/resources/cldr/TimeZoneNames_en_US
Event: 5.993 loading class sun/util/resources/cldr/TimeZoneNames_en_US done
Event: 5.995 loading class sun/util/cldr/CLDRBaseLocaleDataMetaInfo$TZCanonicalIDMapHolder
Event: 5.996 loading class sun/util/cldr/CLDRBaseLocaleDataMetaInfo$TZCanonicalIDMapHolder done
Event: 5.997 loading class sun/util/resources/TimeZoneNames
Event: 5.999 loading class sun/util/resources/TimeZoneNames done
Event: 5.999 loading class sun/util/resources/TimeZoneNames_en
Event: 5.999 loading class sun/util/resources/TimeZoneNames_en done
Event: 6.004 loading class java/nio/channels/Channels$1
Event: 6.005 loading class java/nio/channels/Channels$1 done
Event: 6.005 loading class sun/nio/ch/Util$BufferCache
Event: 6.005 loading class sun/nio/ch/Util$BufferCache done
Event: 6.006 loading class java/nio/DirectByteBuffer$Deallocator
Event: 6.006 loading class java/nio/DirectByteBuffer$Deallocator done
Event: 6.007 loading class java/nio/file/StandardCopyOption
Event: 6.008 loading class java/nio/file/StandardCopyOption done
Event: 6.008 loading class sun/nio/fs/WindowsFileCopy
Event: 6.008 loading class sun/nio/fs/WindowsFileCopy done
Event: 6.017 Thread 0x0000021ef4fa6430 Thread added: 0x0000021ef4fa6430


Dynamic libraries:
0x00007ff632ea0000 - 0x00007ff632eae000 	c:\Users\STARIM\.vscode\extensions\redhat.java-1.27.0-win32-x64\jre\17.0.10-win32-x86_64\bin\java.exe
0x00007ffd4a970000 - 0x00007ffd4ab87000 	C:\WINDOWS\SYSTEM32\ntdll.dll
0x00007ffd49b50000 - 0x00007ffd49c14000 	C:\WINDOWS\System32\KERNEL32.DLL
0x00007ffd47e50000 - 0x00007ffd481f6000 	C:\WINDOWS\System32\KERNELBASE.dll
0x00007ffd48200000 - 0x00007ffd48311000 	C:\WINDOWS\System32\ucrtbase.dll
0x00007ffd431e0000 - 0x00007ffd431fb000 	c:\Users\STARIM\.vscode\extensions\redhat.java-1.27.0-win32-x64\jre\17.0.10-win32-x86_64\bin\VCRUNTIME140.dll
0x00007ffd39da0000 - 0x00007ffd39db7000 	c:\Users\STARIM\.vscode\extensions\redhat.java-1.27.0-win32-x64\jre\17.0.10-win32-x86_64\bin\jli.dll
0x00007ffd4a5c0000 - 0x00007ffd4a76e000 	C:\WINDOWS\System32\USER32.dll
0x00007ffd3efb0000 - 0x00007ffd3f243000 	C:\WINDOWS\WinSxS\amd64_microsoft.windows.common-controls_6595b64144ccf1df_6.0.22621.2506_none_270c5ae97388e100\COMCTL32.dll
0x00007ffd47df0000 - 0x00007ffd47e16000 	C:\WINDOWS\System32\win32u.dll
0x00007ffd498a0000 - 0x00007ffd49947000 	C:\WINDOWS\System32\msvcrt.dll
0x00007ffd48e10000 - 0x00007ffd48e39000 	C:\WINDOWS\System32\GDI32.dll
0x00007ffd48390000 - 0x00007ffd484a8000 	C:\WINDOWS\System32\gdi32full.dll
0x00007ffd484b0000 - 0x00007ffd4854a000 	C:\WINDOWS\System32\msvcp_win.dll
0x00007ffd487c0000 - 0x00007ffd487f1000 	C:\WINDOWS\System32\IMM32.DLL
0x00007ffd399c0000 - 0x00007ffd399cc000 	c:\Users\STARIM\.vscode\extensions\redhat.java-1.27.0-win32-x64\jre\17.0.10-win32-x86_64\bin\vcruntime140_1.dll
0x00007ffd0ee10000 - 0x00007ffd0ee9d000 	c:\Users\STARIM\.vscode\extensions\redhat.java-1.27.0-win32-x64\jre\17.0.10-win32-x86_64\bin\msvcp140.dll
0x00007ffce7dc0000 - 0x00007ffce8a22000 	c:\Users\STARIM\.vscode\extensions\redhat.java-1.27.0-win32-x64\jre\17.0.10-win32-x86_64\bin\server\jvm.dll
0x00007ffd4a480000 - 0x00007ffd4a533000 	C:\WINDOWS\System32\ADVAPI32.dll
0x00007ffd49120000 - 0x00007ffd491c8000 	C:\WINDOWS\System32\sechost.dll
0x00007ffd47e20000 - 0x00007ffd47e48000 	C:\WINDOWS\System32\bcrypt.dll
0x00007ffd49950000 - 0x00007ffd49a67000 	C:\WINDOWS\System32\RPCRT4.dll
0x00007ffd47920000 - 0x00007ffd4796d000 	C:\WINDOWS\SYSTEM32\POWRPROF.dll
0x00007ffd3e8f0000 - 0x00007ffd3e924000 	C:\WINDOWS\SYSTEM32\WINMM.dll
0x00007ffd39450000 - 0x00007ffd39459000 	C:\WINDOWS\SYSTEM32\WSOCK32.dll
0x00007ffd3f310000 - 0x00007ffd3f31a000 	C:\WINDOWS\SYSTEM32\VERSION.dll
0x00007ffd49090000 - 0x00007ffd49101000 	C:\WINDOWS\System32\WS2_32.dll
0x00007ffd47720000 - 0x00007ffd47733000 	C:\WINDOWS\SYSTEM32\UMPDC.dll
0x00007ffd46cd0000 - 0x00007ffd46ce8000 	C:\WINDOWS\SYSTEM32\kernel.appcore.dll
0x00007ffd39440000 - 0x00007ffd3944a000 	c:\Users\STARIM\.vscode\extensions\redhat.java-1.27.0-win32-x64\jre\17.0.10-win32-x86_64\bin\jimage.dll
0x00007ffd45040000 - 0x00007ffd45273000 	C:\WINDOWS\SYSTEM32\DBGHELP.DLL
0x00007ffd492d0000 - 0x00007ffd49659000 	C:\WINDOWS\System32\combase.dll
0x00007ffd49a70000 - 0x00007ffd49b47000 	C:\WINDOWS\System32\OLEAUT32.dll
0x00007ffd3c920000 - 0x00007ffd3c952000 	C:\WINDOWS\SYSTEM32\dbgcore.DLL
0x00007ffd47d70000 - 0x00007ffd47dea000 	C:\WINDOWS\System32\bcryptPrimitives.dll
0x00007ffd39410000 - 0x00007ffd3941e000 	c:\Users\STARIM\.vscode\extensions\redhat.java-1.27.0-win32-x64\jre\17.0.10-win32-x86_64\bin\instrument.dll
0x00007ffd2fe00000 - 0x00007ffd2fe25000 	c:\Users\STARIM\.vscode\extensions\redhat.java-1.27.0-win32-x64\jre\17.0.10-win32-x86_64\bin\java.dll
0x00007ffd386b0000 - 0x00007ffd386c8000 	c:\Users\STARIM\.vscode\extensions\redhat.java-1.27.0-win32-x64\jre\17.0.10-win32-x86_64\bin\zip.dll
0x00007ffd49c20000 - 0x00007ffd4a47b000 	C:\WINDOWS\System32\SHELL32.dll
0x00007ffd45bc0000 - 0x00007ffd464b6000 	C:\WINDOWS\SYSTEM32\windows.storage.dll
0x00007ffd45a80000 - 0x00007ffd45bbe000 	C:\WINDOWS\SYSTEM32\wintypes.dll
0x00007ffd486c0000 - 0x00007ffd487b3000 	C:\WINDOWS\System32\SHCORE.dll
0x00007ffd48db0000 - 0x00007ffd48e0e000 	C:\WINDOWS\System32\shlwapi.dll
0x00007ffd47be0000 - 0x00007ffd47c06000 	C:\WINDOWS\SYSTEM32\profapi.dll
0x00007ffd375e0000 - 0x00007ffd375f9000 	C:\Users\STARIM\.vscode\extensions\redhat.java-1.27.0-win32-x64\jre\17.0.10-win32-x86_64\bin\net.dll
0x00007ffd415e0000 - 0x00007ffd41717000 	C:\WINDOWS\SYSTEM32\WINHTTP.dll
0x00007ffd47170000 - 0x00007ffd471d9000 	C:\WINDOWS\system32\mswsock.dll
0x00007ffd34970000 - 0x00007ffd34986000 	C:\Users\STARIM\.vscode\extensions\redhat.java-1.27.0-win32-x64\jre\17.0.10-win32-x86_64\bin\nio.dll
0x00007ffd390a0000 - 0x00007ffd390b0000 	c:\Users\STARIM\.vscode\extensions\redhat.java-1.27.0-win32-x64\jre\17.0.10-win32-x86_64\bin\verify.dll
0x00007ffd18f70000 - 0x00007ffd18fae000 	C:\Users\STARIM\AppData\Roaming\Code\User\globalStorage\redhat.java\1.27.0\config_ss_win\org.eclipse.equinox.launcher\org.eclipse.equinox.launcher.win32.win32.x86_64_1.2.900.v20240129-1338\eclipse_11900.dll
0x00007ffd48e40000 - 0x00007ffd48fe0000 	C:\WINDOWS\System32\ole32.dll
0x00007ffd47430000 - 0x00007ffd4744b000 	C:\WINDOWS\SYSTEM32\CRYPTSP.dll
0x00007ffd46c30000 - 0x00007ffd46c65000 	C:\WINDOWS\system32\rsaenh.dll
0x00007ffd472d0000 - 0x00007ffd472fc000 	C:\WINDOWS\SYSTEM32\USERENV.dll
0x00007ffd47450000 - 0x00007ffd4745c000 	C:\WINDOWS\SYSTEM32\CRYPTBASE.dll
0x00007ffd46720000 - 0x00007ffd4674d000 	C:\WINDOWS\SYSTEM32\IPHLPAPI.DLL
0x00007ffd48d30000 - 0x00007ffd48d39000 	C:\WINDOWS\System32\NSI.dll
0x00007ffd41410000 - 0x00007ffd41429000 	C:\WINDOWS\SYSTEM32\dhcpcsvc6.DLL
0x00007ffd413f0000 - 0x00007ffd4140f000 	C:\WINDOWS\SYSTEM32\dhcpcsvc.DLL
0x00007ffd46790000 - 0x00007ffd46889000 	C:\WINDOWS\SYSTEM32\DNSAPI.dll
0x00007ffd106d0000 - 0x00007ffd10715000 	C:\Users\STARIM\AppData\Local\Temp\jna--1839154442\jna378025228960552256.dll
0x00007ffd49110000 - 0x00007ffd49118000 	C:\WINDOWS\System32\PSAPI.DLL

dbghelp: loaded successfully - version: 4.0.5 - missing functions: none
symbol engine: initialized successfully - sym options: 0x614 - pdb path: .;c:\Users\STARIM\.vscode\extensions\redhat.java-1.27.0-win32-x64\jre\17.0.10-win32-x86_64\bin;C:\WINDOWS\SYSTEM32;C:\WINDOWS\WinSxS\amd64_microsoft.windows.common-controls_6595b64144ccf1df_6.0.22621.2506_none_270c5ae97388e100;c:\Users\STARIM\.vscode\extensions\redhat.java-1.27.0-win32-x64\jre\17.0.10-win32-x86_64\bin\server;C:\Users\STARIM\AppData\Roaming\Code\User\globalStorage\redhat.java\1.27.0\config_ss_win\org.eclipse.equinox.launcher\org.eclipse.equinox.launcher.win32.win32.x86_64_1.2.900.v20240129-1338;C:\Users\STARIM\AppData\Local\Temp\jna--1839154442

VM Arguments:
jvm_args: --add-modules=ALL-SYSTEM --add-opens=java.base/java.util=ALL-UNNAMED --add-opens=java.base/java.lang=ALL-UNNAMED --add-opens=java.base/sun.nio.fs=ALL-UNNAMED -Declipse.application=org.eclipse.jdt.ls.core.id1 -Dosgi.bundles.defaultStartLevel=4 -Declipse.product=org.eclipse.jdt.ls.core.product -Djava.import.generatesMetadataFilesAtProjectRoot=false -DDetectVMInstallationsJob.disabled=true -Dfile.encoding=utf8 -XX:+UseParallelGC -XX:GCTimeRatio=4 -XX:AdaptiveSizePolicyWeight=90 -Dsun.zip.disableMemoryMapping=true -Xmx1G -Xms100m -Xlog:disable -javaagent:c:\Users\STARIM\.vscode\extensions\redhat.java-1.27.0-win32-x64\lombok\lombok-1.18.31.jar 
java_command: c:\Users\STARIM\.vscode\extensions\redhat.java-1.27.0-win32-x64\server\plugins\org.eclipse.equinox.launcher_1.6.700.v20231214-2017.jar -configuration c:\Users\STARIM\AppData\Roaming\Code\User\globalStorage\redhat.java\1.27.0\config_ss_win -data c:\Users\STARIM\AppData\Roaming\Code\User\workspaceStorage\f9ab32abbbd5cd031c83568945532e53\redhat.java\ss_ws --stdio
java_class_path (initial): c:\Users\STARIM\.vscode\extensions\redhat.java-1.27.0-win32-x64\server\plugins\org.eclipse.equinox.launcher_1.6.700.v20231214-2017.jar
Launcher Type: SUN_STANDARD

[Global flags]
    uintx AdaptiveSizePolicyWeight                 = 90                                        {product} {command line}
     intx CICompilerCount                          = 12                                        {product} {ergonomic}
    uintx GCTimeRatio                              = 4                                         {product} {command line}
   size_t InitialHeapSize                          = 104857600                                 {product} {command line}
   size_t MaxHeapSize                              = 1073741824                                {product} {command line}
   size_t MaxNewSize                               = 357564416                                 {product} {ergonomic}
   size_t MinHeapDeltaBytes                        = 524288                                    {product} {ergonomic}
   size_t MinHeapSize                              = 104857600                                 {product} {command line}
   size_t NewSize                                  = 34603008                                  {product} {ergonomic}
    uintx NonNMethodCodeHeapSize                   = 7602480                                {pd product} {ergonomic}
    uintx NonProfiledCodeHeapSize                  = 122027880                              {pd product} {ergonomic}
   size_t OldSize                                  = 70254592                                  {product} {ergonomic}
    uintx ProfiledCodeHeapSize                     = 122027880                              {pd product} {ergonomic}
    uintx ReservedCodeCacheSize                    = 251658240                              {pd product} {ergonomic}
     bool SegmentedCodeCache                       = true                                      {product} {ergonomic}
   size_t SoftMaxHeapSize                          = 1073741824                             {manageable} {ergonomic}
     bool UseCompressedClassPointers               = true                           {product lp64_product} {ergonomic}
     bool UseCompressedOops                        = true                           {product lp64_product} {ergonomic}
     bool UseLargePagesIndividualAllocation        = false                                  {pd product} {ergonomic}
     bool UseParallelGC                            = true                                      {product} {command line}

Logging:
Log output configuration:
 #0: stdout all=off uptime,level,tags
 #1: stderr all=off uptime,level,tags

Environment Variables:
PATH=C:\Program Files\Common Files\Oracle\Java\javapath;C:\Windows\system32;C:\Windows;C:\Windows\System32\Wbem;C:\Windows\System32\WindowsPowerShell\v1.0\;C:\Windows\System32\OpenSSH\;C:\Program Files (x86)\NVIDIA Corporation\PhysX\Common;C:\Program Files\dotnet\;C:\Program Files\Microsoft SQL Server\Client SDK\ODBC\170\Tools\Binn\;C:\Program Files (x86)\Microsoft SQL Server\150\Tools\Binn\;C:\Program Files\Microsoft SQL Server\150\Tools\Binn\;C:\Program Files\Microsoft SQL Server\150\DTS\Binn\;C:\WINDOWS\system32;C:\WINDOWS;C:\WINDOWS\System32\Wbem;C:\WINDOWS\System32\WindowsPowerShell\v1.0\;C:\WINDOWS\System32\OpenSSH\;C:\Users\STARIM\Downloads\apache-maven-3.9.5-bin\apache-maven-3.9.5\bin;C:\Program Files\Java\jdk-21;C:\Program Files\Docker\Docker\resources\bin;C:\Program Files\Git\cmd;C:\Users\STARIM\AppData\Roaming\nvm;C:\Program Files\nodejs;C:\Users\STARIM\AppData\Local\Microsoft\WindowsApps;C:\Users\STARIM\.dotnet\tools;C:\Users\STARIM\AppData\Local\Programs\Microsoft VS Code\bin;C:\Users\STARIM\AppData\Local\Programs\mongosh\;C:\Program Files\JetBrains\IntelliJ IDEA Community Edition 2023.2.5\bin;;C:\Users\STARIM\AppData\Roaming\npm;C:\Users\STARIM\AppData\Roaming\nvm;C:\Program Files\nodejs
USERNAME=STARIM
OS=Windows_NT
PROCESSOR_IDENTIFIER=AMD64 Family 23 Model 96 Stepping 1, AuthenticAMD
TMP=C:\Users\STARIM\AppData\Local\Temp
TEMP=C:\Users\STARIM\AppData\Local\Temp



Periodic native trim disabled


---------------  S Y S T E M  ---------------

OS:
 Windows 11 , 64 bit Build 22621 (10.0.22621.3085)
OS uptime: 0 days 5:27 hours
Hyper-V role detected

CPU: total 16 (initial active 16) (16 cores per cpu, 2 threads per core) family 23 model 96 stepping 1 microcode 0x0, cx8, cmov, fxsr, ht, mmx, 3dnowpref, sse, sse2, sse3, ssse3, sse4a, sse4.1, sse4.2, popcnt, lzcnt, tsc, tscinvbit, avx, avx2, aes, clmul, bmi1, bmi2, adx, sha, fma, vzeroupper, clflush, clflushopt, hv
Processor Information for all 16 processors :
  Max Mhz: 2901, Current Mhz: 2901, Mhz Limit: 2901

Memory: 4k page, system-wide physical 7599M (655M free)
TotalPageFile size 15763M (AvailPageFile size 8M)
current process WorkingSet (physical memory assigned to process): 185M, peak: 188M
current process commit charge ("private bytes"): 288M, peak: 290M

vm_info: OpenJDK 64-Bit Server VM (17.0.10+7) for windows-amd64 JRE (17.0.10+7), built on Jan 16 2024 23:25:11 by "admin" with MS VC++ 16.10 / 16.11 (VS2019)

END.
