#
# There is insufficient memory for the Java Runtime Environment to continue.
# Native memory allocation (mmap) failed to map 125829120 bytes for G1 virtual space
# Possible reasons:
#   The system is out of physical RAM or swap space
#   The process is running with CompressedOops enabled, and the Java Heap may be blocking the growth of the native heap
# Possible solutions:
#   Reduce memory load on the system
#   Increase physical memory or swap space
#   Check if swap backing store is full
#   Decrease Java heap size (-Xmx/-Xms)
#   Decrease number of Java threads
#   Decrease Java thread stack sizes (-Xss)
#   Set larger code cache with -XX:ReservedCodeCacheSize=
#   JVM is running with Unscaled Compressed Oops mode in which the Java heap is
#     placed in the first 4GB address space. The Java Heap base address is the
#     maximum limit for the native heap growth. Please use -XX:HeapBaseMinAddress
#     to set the Java Heap base and to place the Java Heap above 4GB virtual address.
# This output file may be truncated or incomplete.
#
#  Out of Memory Error (os_windows.cpp:3600), pid=21240, tid=8096
#
# JRE version:  (21.0.1+12) (build )
# Java VM: Java HotSpot(TM) 64-Bit Server VM (21.0.1+12-LTS-29, mixed mode, sharing, tiered, compressed oops, compressed class ptrs, g1 gc, windows-amd64)
# No core dump will be written. Minidumps are not enabled by default on client versions of Windows
#

---------------  S U M M A R Y ------------

Command Line: -Dclassworlds.conf=C:\\Users\\STARIM\\Downloads\\apache-maven-3.9.5-bin\\apache-maven-3.9.5\\bin\\m2.conf -Dmaven.home=C:\\Users\\STARIM\\Downloads\\apache-maven-3.9.5-bin\\apache-maven-3.9.5 -Dlibrary.jansi.path=C:\\Users\\STARIM\\Downloads\\apache-maven-3.9.5-bin\\apache-maven-3.9.5\\lib\\jansi-native -Dmaven.multiModuleProjectDirectory=C:\\Users\\STARIM\\Desktop\\2\\FULLSTACK\\Final Project\\E-Sports Hub Backend\\sports-Hub org.codehaus.plexus.classworlds.launcher.Launcher spring-boot:run

Host: AMD Ryzen 7 4800H with Radeon Graphics         , 16 cores, 7G,  Windows 11 , 64 bit Build 22621 (10.0.22621.3085)
Time: Thu Feb 29 14:16:39 2024 India Standard Time elapsed time: 0.083517 seconds (0d 0h 0m 0s)

---------------  T H R E A D  ---------------

Current thread (0x000001f34052ff90):  JavaThread "Unknown thread" [_thread_in_vm, id=8096, stack(0x000000b395100000,0x000000b395200000) (1024K)]

Stack: [0x000000b395100000,0x000000b395200000]
Native frames: (J=compiled Java code, j=interpreted, Vv=VM code, C=native code)
V  [jvm.dll+0x6c9029]
V  [jvm.dll+0x854b81]
V  [jvm.dll+0x856e5e]
V  [jvm.dll+0x857543]
V  [jvm.dll+0x280c06]
V  [jvm.dll+0x6c5715]
V  [jvm.dll+0x6ba10a]
V  [jvm.dll+0x3557ea]
V  [jvm.dll+0x35d436]
V  [jvm.dll+0x3ae1be]
V  [jvm.dll+0x3ae468]
V  [jvm.dll+0x3291fc]
V  [jvm.dll+0x329d8b]
V  [jvm.dll+0x81d179]
V  [jvm.dll+0x3bb4f1]
V  [jvm.dll+0x805ae8]
V  [jvm.dll+0x44effe]
V  [jvm.dll+0x450901]
C  [jli.dll+0x52a3]
C  [ucrtbase.dll+0x29363]
C  [KERNEL32.DLL+0x1257d]
C  [ntdll.dll+0x5aa58]


---------------  P R O C E S S  ---------------

Threads class SMR info:
_java_thread_list=0x00007ff9e9bc9b88, length=0, elements={
}

Java Threads: ( => current thread )
Total: 0

Other Threads:
  0x000001f3426dc350 WorkerThread "GC Thread#0"                     [id=23112, stack(0x000000b395200000,0x000000b395300000) (1024K)]
  0x000001f3426eca00 ConcurrentGCThread "G1 Main Marker"            [id=26392, stack(0x000000b395300000,0x000000b395400000) (1024K)]
  0x000001f3426ed500 WorkerThread "G1 Conc#0"                       [id=4900, stack(0x000000b395400000,0x000000b395500000) (1024K)]

[error occurred during error reporting (printing all threads), id 0xc0000005, EXCEPTION_ACCESS_VIOLATION (0xc0000005) at pc=0x00007ff9e933c2c7]
VM state: not at safepoint (not fully initialized)

VM Mutex/Monitor currently owned by a thread:  ([mutex/lock_event])
[0x00007ff9e9c3a6f8] Heap_lock - owner thread: 0x000001f34052ff90

Heap address: 0x0000000089400000, size: 1900 MB, Compressed Oops mode: 32-bit

CDS archive(s) mapped at: [0x0000000000000000-0x0000000000000000-0x0000000000000000), size 0, SharedBaseAddress: 0x0000000800000000, ArchiveRelocationMode: 1.
Narrow klass base: 0x0000000000000000, Narrow klass shift: 0, Narrow klass range: 0x0

GC Precious Log:
 CardTable entry size: 512
 Card Set container configuration: InlinePtr #cards 5 size 8 Array Of Cards #cards 12 size 40 Howl #buckets 4 coarsen threshold 1843 Howl Bitmap #cards 512 size 80 coarsen threshold 460 Card regions per heap region 1 cards per card region 2048

Heap:
 garbage-first heap   total 0K, used 0K [0x0000000089400000, 0x0000000100000000)
  region size 1024K, 0 young (0K), 0 survivors (0K)

[error occurred during error reporting (printing heap information), id 0xc0000005, EXCEPTION_ACCESS_VIOLATION (0xc0000005) at pc=0x00007ff9e9721be9]
GC Heap History (0 events):
No events

Dll operation events (1 events):
Event: 0.044 Loaded shared library C:\Program Files\Java\jdk-21\bin\java.dll

Deoptimization events (0 events):
No events

Classes loaded (0 events):
No events

Classes unloaded (0 events):
No events

Classes redefined (0 events):
No events

Internal exceptions (0 events):
No events

ZGC Phase Switch (0 events):
No events

VM Operations (0 events):
No events

Events (0 events):
No events


Dynamic libraries:
0x00007ff620140000 - 0x00007ff620150000 	C:\Program Files\Java\jdk-21\bin\java.exe
0x00007ffa4f350000 - 0x00007ffa4f567000 	C:\WINDOWS\SYSTEM32\ntdll.dll
0x00007ffa4d790000 - 0x00007ffa4d854000 	C:\WINDOWS\System32\KERNEL32.DLL
0x00007ffa4c690000 - 0x00007ffa4ca36000 	C:\WINDOWS\System32\KERNELBASE.dll
0x00007ffa4cdc0000 - 0x00007ffa4ced1000 	C:\WINDOWS\System32\ucrtbase.dll
0x00007ffa3eac0000 - 0x00007ffa3ead9000 	C:\Program Files\Java\jdk-21\bin\jli.dll
0x00007ffa3ee60000 - 0x00007ffa3ee7b000 	C:\Program Files\Java\jdk-21\bin\VCRUNTIME140.dll
0x00007ffa4d6d0000 - 0x00007ffa4d783000 	C:\WINDOWS\System32\ADVAPI32.dll
0x00007ffa4f090000 - 0x00007ffa4f137000 	C:\WINDOWS\System32\msvcrt.dll
0x00007ffa4f240000 - 0x00007ffa4f2e8000 	C:\WINDOWS\System32\sechost.dll
0x00007ffa4cba0000 - 0x00007ffa4cbc8000 	C:\WINDOWS\System32\bcrypt.dll
0x00007ffa4d8f0000 - 0x00007ffa4da07000 	C:\WINDOWS\System32\RPCRT4.dll
0x00007ffa4ebc0000 - 0x00007ffa4ed6e000 	C:\WINDOWS\System32\USER32.dll
0x00007ffa4ca40000 - 0x00007ffa4ca66000 	C:\WINDOWS\System32\win32u.dll
0x00007ffa44890000 - 0x00007ffa44b23000 	C:\WINDOWS\WinSxS\amd64_microsoft.windows.common-controls_6595b64144ccf1df_6.0.22621.2506_none_270c5ae97388e100\COMCTL32.dll
0x00007ffa4e050000 - 0x00007ffa4e079000 	C:\WINDOWS\System32\GDI32.dll
0x00007ffa4cf80000 - 0x00007ffa4d098000 	C:\WINDOWS\System32\gdi32full.dll
0x00007ffa4cee0000 - 0x00007ffa4cf7a000 	C:\WINDOWS\System32\msvcp_win.dll
0x00007ffa429d0000 - 0x00007ffa429da000 	C:\WINDOWS\SYSTEM32\VERSION.dll
0x00007ffa4deb0000 - 0x00007ffa4dee1000 	C:\WINDOWS\System32\IMM32.DLL
0x00007ffa401d0000 - 0x00007ffa401dc000 	C:\Program Files\Java\jdk-21\bin\vcruntime140_1.dll
0x00007ffa3a530000 - 0x00007ffa3a5be000 	C:\Program Files\Java\jdk-21\bin\msvcp140.dll
0x00007ff9e9000000 - 0x00007ff9e9d15000 	C:\Program Files\Java\jdk-21\bin\server\jvm.dll
0x00007ffa4d860000 - 0x00007ffa4d8d1000 	C:\WINDOWS\System32\WS2_32.dll
0x00007ffa4b4f0000 - 0x00007ffa4b53d000 	C:\WINDOWS\SYSTEM32\POWRPROF.dll
0x00007ffa406a0000 - 0x00007ffa406d4000 	C:\WINDOWS\SYSTEM32\WINMM.dll
0x00007ffa4b4d0000 - 0x00007ffa4b4e3000 	C:\WINDOWS\SYSTEM32\UMPDC.dll
0x00007ffa4b7a0000 - 0x00007ffa4b7b8000 	C:\WINDOWS\SYSTEM32\kernel.appcore.dll
0x00007ffa3e5f0000 - 0x00007ffa3e5fa000 	C:\Program Files\Java\jdk-21\bin\jimage.dll
0x00007ffa49b70000 - 0x00007ffa49da3000 	C:\WINDOWS\SYSTEM32\DBGHELP.DLL
0x00007ffa4db20000 - 0x00007ffa4dea9000 	C:\WINDOWS\System32\combase.dll
0x00007ffa4d590000 - 0x00007ffa4d667000 	C:\WINDOWS\System32\OLEAUT32.dll
0x00007ffa404e0000 - 0x00007ffa40512000 	C:\WINDOWS\SYSTEM32\dbgcore.DLL
0x00007ffa4cd40000 - 0x00007ffa4cdba000 	C:\WINDOWS\System32\bcryptPrimitives.dll
0x00007ffa3e530000 - 0x00007ffa3e54f000 	C:\Program Files\Java\jdk-21\bin\java.dll

dbghelp: loaded successfully - version: 4.0.5 - missing functions: none
symbol engine: initialized successfully - sym options: 0x614 - pdb path: .;C:\Program Files\Java\jdk-21\bin;C:\WINDOWS\SYSTEM32;C:\WINDOWS\WinSxS\amd64_microsoft.windows.common-controls_6595b64144ccf1df_6.0.22621.2506_none_270c5ae97388e100;C:\Program Files\Java\jdk-21\bin\server

VM Arguments:
jvm_args: -Dclassworlds.conf=C:\\Users\\STARIM\\Downloads\\apache-maven-3.9.5-bin\\apache-maven-3.9.5\\bin\\m2.conf -Dmaven.home=C:\\Users\\STARIM\\Downloads\\apache-maven-3.9.5-bin\\apache-maven-3.9.5 -Dlibrary.jansi.path=C:\\Users\\STARIM\\Downloads\\apache-maven-3.9.5-bin\\apache-maven-3.9.5\\lib\\jansi-native -Dmaven.multiModuleProjectDirectory=C:\\Users\\STARIM\\Desktop\\2\\FULLSTACK\\Final Project\\E-Sports Hub Backend\\sports-Hub 
java_command: org.codehaus.plexus.classworlds.launcher.Launcher spring-boot:run
java_class_path (initial): C:\\Users\\STARIM\\Downloads\\apache-maven-3.9.5-bin\\apache-maven-3.9.5\\boot\\plexus-classworlds-2.7.0.jar
Launcher Type: SUN_STANDARD

[Global flags]
     intx CICompilerCount                          = 12                                        {product} {ergonomic}
     uint ConcGCThreads                            = 3                                         {product} {ergonomic}
     uint G1ConcRefinementThreads                  = 13                                        {product} {ergonomic}
   size_t G1HeapRegionSize                         = 1048576                                   {product} {ergonomic}
    uintx GCDrainStackTargetSize                   = 64                                        {product} {ergonomic}
   size_t InitialHeapSize                          = 125829120                                 {product} {ergonomic}
   size_t MarkStackSize                            = 4194304                                   {product} {ergonomic}
   size_t MaxHeapSize                              = 1992294400                                {product} {ergonomic}
   size_t MinHeapDeltaBytes                        = 1048576                                   {product} {ergonomic}
   size_t MinHeapSize                              = 8388608                                   {product} {ergonomic}
    uintx NonNMethodCodeHeapSize                   = 7602480                                {pd product} {ergonomic}
    uintx NonProfiledCodeHeapSize                  = 122027880                              {pd product} {ergonomic}
    uintx ProfiledCodeHeapSize                     = 122027880                              {pd product} {ergonomic}
    uintx ReservedCodeCacheSize                    = 251658240                              {pd product} {ergonomic}
     bool SegmentedCodeCache                       = true                                      {product} {ergonomic}
   size_t SoftMaxHeapSize                          = 1992294400                             {manageable} {ergonomic}
     bool UseCompressedOops                        = true                           {product lp64_product} {ergonomic}
     bool UseG1GC                                  = true                                      {product} {ergonomic}
     bool UseLargePagesIndividualAllocation        = false                                  {pd product} {ergonomic}

Logging:
Log output configuration:
 #0: stdout all=warning uptime,level,tags foldmultilines=false
 #1: stderr all=off uptime,level,tags foldmultilines=false

Environment Variables:
PATH=C:\Program Files\Common Files\Oracle\Java\javapath;C:\Windows\system32;C:\Windows;C:\Windows\System32\Wbem;C:\Windows\System32\WindowsPowerShell\v1.0\;C:\Windows\System32\OpenSSH\;C:\Program Files (x86)\NVIDIA Corporation\PhysX\Common;C:\Program Files\dotnet\;C:\Program Files\Microsoft SQL Server\Client SDK\ODBC\170\Tools\Binn\;C:\Program Files (x86)\Microsoft SQL Server\150\Tools\Binn\;C:\Program Files\Microsoft SQL Server\150\Tools\Binn\;C:\Program Files\Microsoft SQL Server\150\DTS\Binn\;C:\WINDOWS\system32;C:\WINDOWS;C:\WINDOWS\System32\Wbem;C:\WINDOWS\System32\WindowsPowerShell\v1.0\;C:\WINDOWS\System32\OpenSSH\;C:\Users\STARIM\Downloads\apache-maven-3.9.5-bin\apache-maven-3.9.5\bin;C:\Program Files\Java\jdk-21;C:\Program Files\Git\cmd;C:\Users\STARIM\AppData\Roaming\nvm;C:\Program Files\nodejs;C:\Users\STARIM\AppData\Local\Microsoft\WindowsApps;C:\Users\STARIM\.dotnet\tools;C:\Users\STARIM\AppData\Local\Programs\Microsoft VS Code\bin;C:\Users\STARIM\AppData\Local\Programs\mongosh\;C:\Program Files\JetBrains\IntelliJ IDEA Community Edition 2023.2.5\bin;;C:\Users\STARIM\AppData\Roaming\npm;C:\Users\STARIM\AppData\Roaming\nvm;C:\Program Files\nodejs
USERNAME=STARIM
LANG=en_US.UTF-8
OS=Windows_NT
PROCESSOR_IDENTIFIER=AMD64 Family 23 Model 96 Stepping 1, AuthenticAMD
TMP=C:\Users\STARIM\AppData\Local\Temp
TEMP=C:\Users\STARIM\AppData\Local\Temp




Periodic native trim disabled

---------------  S Y S T E M  ---------------

OS:
 Windows 11 , 64 bit Build 22621 (10.0.22621.3085)
OS uptime: 0 days 4:29 hours
Hyper-V role detected

CPU: total 16 (initial active 16) (16 cores per cpu, 2 threads per core) family 23 model 96 stepping 1 microcode 0x0, cx8, cmov, fxsr, ht, mmx, 3dnowpref, sse, sse2, sse3, ssse3, sse4a, sse4.1, sse4.2, popcnt, lzcnt, tsc, tscinvbit, avx, avx2, aes, clmul, bmi1, bmi2, adx, sha, fma, vzeroupper, clflush, clflushopt, hv, rdtscp, rdpid, f16c
Processor Information for all 16 processors :
  Max Mhz: 2901, Current Mhz: 2901, Mhz Limit: 2901

Memory: 4k page, system-wide physical 7599M (206M free)
TotalPageFile size 15763M (AvailPageFile size 213M)
current process WorkingSet (physical memory assigned to process): 11M, peak: 11M
current process commit charge ("private bytes"): 70M, peak: 190M

vm_info: Java HotSpot(TM) 64-Bit Server VM (21.0.1+12-LTS-29) for windows-amd64 JRE (21.0.1+12-LTS-29), built on 2023-10-05T13:27:09Z by "mach5one" with MS VC++ 17.1 (VS2022)

END.
