#
# There is insufficient memory for the Java Runtime Environment to continue.
# Native memory allocation (malloc) failed to allocate 2097152 bytes for AllocateHeap
# Possible reasons:
#   The system is out of physical RAM or swap space
#   The process is running with CompressedOops enabled, and the Java Heap may be blocking the growth of the native heap
# Possible solutions:
#   Reduce memory load on the system
#   Increase physical memory or swap space
#   Check if swap backing store is full
#   Decrease Java heap size (-Xmx/-Xms)
#   Decrease number of Java threads
#   Decrease Java thread stack sizes (-Xss)
#   Set larger code cache with -XX:ReservedCodeCacheSize=
#   JVM is running with Unscaled Compressed Oops mode in which the Java heap is
#     placed in the first 4GB address space. The Java Heap base address is the
#     maximum limit for the native heap growth. Please use -XX:HeapBaseMinAddress
#     to set the Java Heap base and to place the Java Heap above 4GB virtual address.
# This output file may be truncated or incomplete.
#
#  Out of Memory Error (allocation.cpp:44), pid=3112, tid=21224
#
# JRE version: OpenJDK Runtime Environment Temurin-17.0.10+7 (17.0.10+7) (build 17.0.10+7)
# Java VM: OpenJDK 64-Bit Server VM Temurin-17.0.10+7 (17.0.10+7, mixed mode, emulated-client, tiered, compressed oops, compressed class ptrs, g1 gc, windows-amd64)
# No core dump will be written. Minidumps are not enabled by default on client versions of Windows
#

---------------  S U M M A R Y ------------

Command Line: -XX:+HeapDumpOnOutOfMemoryError -Xmx1024m -Dsts.lsp.client=vscode -Dsts.log.file=/dev/null -XX:TieredStopAtLevel=1 -Xlog:jni+resolve=off -Dspring.config.location=file:c:\Users\STARIM\.vscode\extensions\vmware.vscode-spring-boot-1.53.0\language-server\BOOT-INF\classes\application.properties org.springframework.ide.vscode.boot.app.BootLanguageServerBootApp

Host: AMD Ryzen 7 4800H with Radeon Graphics         , 16 cores, 7G,  Windows 11 , 64 bit Build 22621 (10.0.22621.3235)
Time: Wed Mar 20 11:59:51 2024 India Standard Time elapsed time: 1100.352922 seconds (0d 0h 18m 20s)

---------------  T H R E A D  ---------------

Current thread (0x000001e49e886d20):  VMThread "VM Thread" [stack: 0x0000000895000000,0x0000000895100000] [id=21224]

Stack: [0x0000000895000000,0x0000000895100000]
Native frames: (J=compiled Java code, j=interpreted, Vv=VM code, C=native code)
V  [jvm.dll+0x67d2c9]
V  [jvm.dll+0x834afa]
V  [jvm.dll+0x8365be]
V  [jvm.dll+0x836c23]
V  [jvm.dll+0x2477ff]
V  [jvm.dll+0xa6c93]
V  [jvm.dll+0x2f86f1]
V  [jvm.dll+0x2f42e0]
V  [jvm.dll+0x2dc8c7]
V  [jvm.dll+0x31fb87]
V  [jvm.dll+0x83b11b]
V  [jvm.dll+0x83be61]
V  [jvm.dll+0x83c37d]
V  [jvm.dll+0x83c754]
V  [jvm.dll+0x83c820]
V  [jvm.dll+0x7e3fba]
V  [jvm.dll+0x67c1b5]
C  [ucrtbase.dll+0x29363]
C  [KERNEL32.DLL+0x1257d]
C  [ntdll.dll+0x5aa58]

VM_Operation (0x00000008970fef90): G1CollectFull, mode: safepoint, requested by thread 0x000001e4a43fc580


---------------  P R O C E S S  ---------------

Threads class SMR info:
_java_thread_list=0x000001e4a57ceb80, length=36, elements={
0x000001e49e8a9f60, 0x000001e49e8ab110, 0x000001e49ea27fa0, 0x000001e49ea28ad0,
0x000001e49ea2c3c0, 0x000001e49ea2eca0, 0x000001e49ea2f570, 0x000001e49ea30ec0,
0x000001e49ec3f880, 0x000001e49ec52830, 0x000001e4a43f3420, 0x000001e4a43fc580,
0x000001e4a4401ac0, 0x000001e490faa2b0, 0x000001e4a4443b30, 0x000001e4a4473a20,
0x000001e4a44c02e0, 0x000001e4a44bf3b0, 0x000001e4a44bf8c0, 0x000001e4a44be990,
0x000001e4a44bfdd0, 0x000001e4a450d4e0, 0x000001e4a450ac60, 0x000001e4a450b170,
0x000001e4a450cfd0, 0x000001e4a45083e0, 0x000001e4a450bb90, 0x000001e4a450c0a0,
0x000001e4a450d9f0, 0x000001e4a450e920, 0x000001e4a450f340, 0x000001e4a450f850,
0x000001e4a4508e00, 0x000001e4a4509d30, 0x000001e4a450a750, 0x000001e4a4c5a240
}

Java Threads: ( => current thread )
  0x000001e49e8a9f60 JavaThread "Reference Handler" daemon [_thread_blocked, id=17212, stack(0x0000000895100000,0x0000000895200000)]
  0x000001e49e8ab110 JavaThread "Finalizer" daemon [_thread_blocked, id=18424, stack(0x0000000895200000,0x0000000895300000)]
  0x000001e49ea27fa0 JavaThread "Signal Dispatcher" daemon [_thread_blocked, id=20588, stack(0x0000000895300000,0x0000000895400000)]
  0x000001e49ea28ad0 JavaThread "Attach Listener" daemon [_thread_blocked, id=17144, stack(0x0000000895400000,0x0000000895500000)]
  0x000001e49ea2c3c0 JavaThread "Service Thread" daemon [_thread_blocked, id=15268, stack(0x0000000895500000,0x0000000895600000)]
  0x000001e49ea2eca0 JavaThread "Monitor Deflation Thread" daemon [_thread_blocked, id=6040, stack(0x0000000895600000,0x0000000895700000)]
  0x000001e49ea2f570 JavaThread "C1 CompilerThread0" daemon [_thread_blocked, id=15236, stack(0x0000000895700000,0x0000000895800000)]
  0x000001e49ea30ec0 JavaThread "Sweeper thread" daemon [_thread_blocked, id=13720, stack(0x0000000895800000,0x0000000895900000)]
  0x000001e49ec3f880 JavaThread "Notification Thread" daemon [_thread_blocked, id=25564, stack(0x0000000895a00000,0x0000000895b00000)]
  0x000001e49ec52830 JavaThread "Common-Cleaner" daemon [_thread_blocked, id=14864, stack(0x0000000895c00000,0x0000000895d00000)]
  0x000001e4a43f3420 JavaThread "boundedElastic-evictor-1" daemon [_thread_blocked, id=25548, stack(0x0000000896f00000,0x0000000897000000)]
  0x000001e4a43fc580 JavaThread "pool-13-thread-1" [_thread_blocked, id=16688, stack(0x0000000897000000,0x0000000897100000)]
  0x000001e4a4401ac0 JavaThread "LanguageServerApp-lifecycle" [_thread_blocked, id=21192, stack(0x0000000897100000,0x0000000897200000)]
  0x000001e490faa2b0 JavaThread "DestroyJavaVM" [_thread_blocked, id=18684, stack(0x0000000894a00000,0x0000000894b00000)]
  0x000001e4a4443b30 JavaThread "pool-14-thread-1" [_thread_in_native, id=18260, stack(0x0000000897200000,0x0000000897300000)]
  0x000001e4a4473a20 JavaThread "Simple-Language-Server main thread" daemon [_thread_blocked, id=22572, stack(0x0000000897300000,0x0000000897400000)]
  0x000001e4a44c02e0 JavaThread "pool-8-thread-1" [_thread_blocked, id=4324, stack(0x0000000897600000,0x0000000897700000)]
  0x000001e4a44bf3b0 JavaThread "parallel-1" daemon [_thread_blocked, id=19000, stack(0x0000000897700000,0x0000000897800000)]
  0x000001e4a44bf8c0 JavaThread "pool-6-thread-1" [_thread_blocked, id=6492, stack(0x0000000897800000,0x0000000897900000)]
  0x000001e4a44be990 JavaThread "parallel-2" daemon [_thread_blocked, id=19372, stack(0x0000000897900000,0x0000000897a00000)]
  0x000001e4a44bfdd0 JavaThread "parallel-3" daemon [_thread_blocked, id=6576, stack(0x0000000897a00000,0x0000000897b00000)]
  0x000001e4a450d4e0 JavaThread "Reconciler-1" daemon [_thread_blocked, id=3536, stack(0x0000000898100000,0x0000000898200000)]
  0x000001e4a450ac60 JavaThread "parallel-4" daemon [_thread_blocked, id=15368, stack(0x0000000898300000,0x0000000898400000)]
  0x000001e4a450b170 JavaThread "parallel-5" daemon [_thread_blocked, id=24568, stack(0x0000000898400000,0x0000000898500000)]
  0x000001e4a450cfd0 JavaThread "parallel-6" daemon [_thread_blocked, id=9944, stack(0x0000000894900000,0x0000000894a00000)]
  0x000001e4a45083e0 JavaThread "parallel-7" daemon [_thread_blocked, id=16016, stack(0x0000000896600000,0x0000000896700000)]
  0x000001e4a450bb90 JavaThread "parallel-8" daemon [_thread_blocked, id=4184, stack(0x0000000897500000,0x0000000897600000)]
  0x000001e4a450c0a0 JavaThread "parallel-9" daemon [_thread_blocked, id=11140, stack(0x0000000897c00000,0x0000000897d00000)]
  0x000001e4a450d9f0 JavaThread "parallel-10" daemon [_thread_blocked, id=20196, stack(0x0000000897d00000,0x0000000897e00000)]
  0x000001e4a450e920 JavaThread "parallel-11" daemon [_thread_blocked, id=7920, stack(0x0000000897f00000,0x0000000898000000)]
  0x000001e4a450f340 JavaThread "parallel-12" daemon [_thread_blocked, id=3576, stack(0x0000000898000000,0x0000000898100000)]
  0x000001e4a450f850 JavaThread "parallel-13" daemon [_thread_blocked, id=12936, stack(0x0000000897400000,0x0000000897500000)]
  0x000001e4a4508e00 JavaThread "parallel-14" daemon [_thread_blocked, id=11484, stack(0x0000000898200000,0x0000000898300000)]
  0x000001e4a4509d30 JavaThread "parallel-15" daemon [_thread_blocked, id=17752, stack(0x0000000898500000,0x0000000898600000)]
  0x000001e4a450a750 JavaThread "parallel-16" daemon [_thread_blocked, id=22588, stack(0x0000000898900000,0x0000000898a00000)]
  0x000001e4a4c5a240 JavaThread "pool-5-thread-8" [_thread_blocked, id=6772, stack(0x0000000894700000,0x0000000894800000)]

Other Threads:
=>0x000001e49e886d20 VMThread "VM Thread" [stack: 0x0000000895000000,0x0000000895100000] [id=21224]
  0x000001e49ec3fd60 WatcherThread [stack: 0x0000000895b00000,0x0000000895c00000] [id=21060]
  0x000001e490fe9cb0 GCTaskThread "GC Thread#0" [stack: 0x0000000894b00000,0x0000000894c00000] [id=3700]
  0x000001e4a38d1830 GCTaskThread "GC Thread#1" [stack: 0x0000000895e00000,0x0000000895f00000] [id=16656]
  0x000001e4a386fb00 GCTaskThread "GC Thread#2" [stack: 0x0000000895f00000,0x0000000896000000] [id=19892]
  0x000001e4a38dd760 GCTaskThread "GC Thread#3" [stack: 0x0000000896000000,0x0000000896100000] [id=21284]
  0x000001e4a3af3520 GCTaskThread "GC Thread#4" [stack: 0x0000000896100000,0x0000000896200000] [id=16572]
  0x000001e4a3af5c00 GCTaskThread "GC Thread#5" [stack: 0x0000000896200000,0x0000000896300000] [id=21204]
  0x000001e4a3e65d40 GCTaskThread "GC Thread#6" [stack: 0x0000000896700000,0x0000000896800000] [id=14172]
  0x000001e4a3d03860 GCTaskThread "GC Thread#7" [stack: 0x0000000896800000,0x0000000896900000] [id=16644]
  0x000001e4a3e4d910 GCTaskThread "GC Thread#8" [stack: 0x0000000896900000,0x0000000896a00000] [id=21528]
  0x000001e4a3cd66b0 GCTaskThread "GC Thread#9" [stack: 0x0000000896a00000,0x0000000896b00000] [id=2712]
  0x000001e4a3cfd320 GCTaskThread "GC Thread#10" [stack: 0x0000000896b00000,0x0000000896c00000] [id=8884]
  0x000001e4a3ea7b20 GCTaskThread "GC Thread#11" [stack: 0x0000000896c00000,0x0000000896d00000] [id=16524]
  0x000001e4a40677e0 GCTaskThread "GC Thread#12" [stack: 0x0000000896400000,0x0000000896500000] [id=22036]
  0x000001e490ff2b10 ConcurrentGCThread "G1 Main Marker" [stack: 0x0000000894c00000,0x0000000894d00000] [id=4224]
  0x000001e490ff3440 ConcurrentGCThread "G1 Conc#0" [stack: 0x0000000894d00000,0x0000000894e00000] [id=2980]
  0x000001e4a3e54510 ConcurrentGCThread "G1 Conc#1" [stack: 0x0000000896d00000,0x0000000896e00000] [id=3764]
  0x000001e4a3df7c40 ConcurrentGCThread "G1 Conc#2" [stack: 0x0000000896e00000,0x0000000896f00000] [id=10216]
  0x000001e49e708540 ConcurrentGCThread "G1 Refine#0" [stack: 0x0000000894e00000,0x0000000894f00000] [id=6164]
  0x000001e49e709d90 ConcurrentGCThread "G1 Service" [stack: 0x0000000894f00000,0x0000000895000000] [id=23608]

Threads with active compile tasks:

VM state: at safepoint (normal execution)

VM Mutex/Monitor currently owned by a thread:  ([mutex/lock_event])
[0x000001e490dc4e50] Threads_lock - owner thread: 0x000001e49e886d20
[0x000001e490dc0f30] Heap_lock - owner thread: 0x000001e4a43fc580

Heap address: 0x00000000c0000000, size: 1024 MB, Compressed Oops mode: 32-bit

CDS archive(s) not mapped
Compressed class space mapped at: 0x0000000100000000-0x0000000140000000, reserved size: 1073741824
Narrow klass base: 0x0000000000000000, Narrow klass shift: 3, Narrow klass range: 0x140000000

GC Precious Log:
 CPUs: 16 total, 16 available
 Memory: 7599M
 Large Page Support: Disabled
 NUMA Support: Disabled
 Compressed Oops: Enabled (32-bit)
 Heap Region Size: 1M
 Heap Min Capacity: 8M
 Heap Initial Capacity: 120M
 Heap Max Capacity: 1G
 Pre-touch: Disabled
 Parallel Workers: 13
 Concurrent Workers: 3
 Concurrent Refinement Workers: 13
 Periodic GC: Disabled

Heap:
 garbage-first heap   total 122880K, used 38592K [0x00000000c0000000, 0x0000000100000000)
  region size 1024K, 1 young (1024K), 0 survivors (0K)
 Metaspace       used 59016K, committed 59520K, reserved 1114112K
  class space    used 7341K, committed 7552K, reserved 1048576K

Heap Regions: E=young(eden), S=young(survivor), O=old, HS=humongous(starts), HC=humongous(continues), CS=collection set, F=free, OA=open archive, CA=closed archive, TAMS=top-at-mark-start (previous, next)
|   0|0x00000000c0000000, 0x00000000c0100000, 0x00000000c0100000|100%|HS|  |TAMS 0x00000000c0100000, 0x00000000c0000000| Untracked 
|   1|0x00000000c0100000, 0x00000000c0200000, 0x00000000c0200000|100%|HC|  |TAMS 0x00000000c0200000, 0x00000000c0100000| Untracked 
|   2|0x00000000c0200000, 0x00000000c0300000, 0x00000000c0300000|100%|HC|  |TAMS 0x00000000c0300000, 0x00000000c0200000| Untracked 
|   3|0x00000000c0300000, 0x00000000c0400000, 0x00000000c0400000|100%|HC|  |TAMS 0x00000000c0400000, 0x00000000c0300000| Untracked 
|   4|0x00000000c0400000, 0x00000000c0500000, 0x00000000c0500000|100%|HS|  |TAMS 0x00000000c0500000, 0x00000000c0400000| Untracked 
|   5|0x00000000c0500000, 0x00000000c0600000, 0x00000000c0600000|100%|HC|  |TAMS 0x00000000c0600000, 0x00000000c0500000| Untracked 
|   6|0x00000000c0600000, 0x00000000c0700000, 0x00000000c0700000|100%| O|  |TAMS 0x00000000c0700000, 0x00000000c0600000| Untracked 
|   7|0x00000000c0700000, 0x00000000c0800000, 0x00000000c0800000|100%| O|  |TAMS 0x00000000c0800000, 0x00000000c0700000| Untracked 
|   8|0x00000000c0800000, 0x00000000c0900000, 0x00000000c0900000|100%| O|  |TAMS 0x00000000c0900000, 0x00000000c0800000| Untracked 
|   9|0x00000000c0900000, 0x00000000c0a00000, 0x00000000c0a00000|100%| O|  |TAMS 0x00000000c0a00000, 0x00000000c0900000| Untracked 
|  10|0x00000000c0a00000, 0x00000000c0afffe8, 0x00000000c0b00000| 99%| O|  |TAMS 0x00000000c0afffe8, 0x00000000c0a00000| Untracked 
|  11|0x00000000c0b00000, 0x00000000c0bfffa0, 0x00000000c0c00000| 99%| O|  |TAMS 0x00000000c0bfffa0, 0x00000000c0b00000| Untracked 
|  12|0x00000000c0c00000, 0x00000000c0cffff0, 0x00000000c0d00000| 99%| O|  |TAMS 0x00000000c0cffff0, 0x00000000c0c00000| Untracked 
|  13|0x00000000c0d00000, 0x00000000c0e00000, 0x00000000c0e00000|100%| O|  |TAMS 0x00000000c0e00000, 0x00000000c0d00000| Untracked 
|  14|0x00000000c0e00000, 0x00000000c0effff8, 0x00000000c0f00000| 99%| O|  |TAMS 0x00000000c0effff8, 0x00000000c0e00000| Untracked 
|  15|0x00000000c0f00000, 0x00000000c1000000, 0x00000000c1000000|100%| O|  |TAMS 0x00000000c1000000, 0x00000000c0f00000| Untracked 
|  16|0x00000000c1000000, 0x00000000c10fffe0, 0x00000000c1100000| 99%| O|  |TAMS 0x00000000c10fffe0, 0x00000000c1000000| Untracked 
|  17|0x00000000c1100000, 0x00000000c11fffc8, 0x00000000c1200000| 99%| O|  |TAMS 0x00000000c11fffc8, 0x00000000c1100000| Untracked 
|  18|0x00000000c1200000, 0x00000000c12fffd8, 0x00000000c1300000| 99%| O|  |TAMS 0x00000000c12fffd8, 0x00000000c1200000| Untracked 
|  19|0x00000000c1300000, 0x00000000c1400000, 0x00000000c1400000|100%| O|  |TAMS 0x00000000c1400000, 0x00000000c1300000| Untracked 
|  20|0x00000000c1400000, 0x00000000c1500000, 0x00000000c1500000|100%| O|  |TAMS 0x00000000c1500000, 0x00000000c1400000| Untracked 
|  21|0x00000000c1500000, 0x00000000c1600000, 0x00000000c1600000|100%| O|  |TAMS 0x00000000c1600000, 0x00000000c1500000| Untracked 
|  22|0x00000000c1600000, 0x00000000c16ffff0, 0x00000000c1700000| 99%| O|  |TAMS 0x00000000c16ffff0, 0x00000000c1600000| Untracked 
|  23|0x00000000c1700000, 0x00000000c17ffff8, 0x00000000c1800000| 99%| O|  |TAMS 0x00000000c17ffff8, 0x00000000c1700000| Untracked 
|  24|0x00000000c1800000, 0x00000000c1900000, 0x00000000c1900000|100%| O|  |TAMS 0x00000000c1900000, 0x00000000c1800000| Untracked 
|  25|0x00000000c1900000, 0x00000000c19ffff0, 0x00000000c1a00000| 99%| O|  |TAMS 0x00000000c19ffff0, 0x00000000c1900000| Untracked 
|  26|0x00000000c1a00000, 0x00000000c1affff8, 0x00000000c1b00000| 99%| O|  |TAMS 0x00000000c1affff8, 0x00000000c1a00000| Untracked 
|  27|0x00000000c1b00000, 0x00000000c1bffff0, 0x00000000c1c00000| 99%| O|  |TAMS 0x00000000c1bffff0, 0x00000000c1b00000| Untracked 
|  28|0x00000000c1c00000, 0x00000000c1cffa98, 0x00000000c1d00000| 99%| O|  |TAMS 0x00000000c1cffa98, 0x00000000c1c00000| Untracked 
|  29|0x00000000c1d00000, 0x00000000c1dfc608, 0x00000000c1e00000| 98%| O|  |TAMS 0x00000000c1dfc608, 0x00000000c1d00000| Untracked 
|  30|0x00000000c1e00000, 0x00000000c1f00000, 0x00000000c1f00000|100%| O|  |TAMS 0x00000000c1e00000, 0x00000000c1e00000| Untracked 
|  31|0x00000000c1f00000, 0x00000000c1fffff0, 0x00000000c2000000| 99%| O|  |TAMS 0x00000000c1fffff0, 0x00000000c1f00000| Untracked 
|  32|0x00000000c2000000, 0x00000000c20fffd8, 0x00000000c2100000| 99%| O|  |TAMS 0x00000000c20fffd8, 0x00000000c2000000| Untracked 
|  33|0x00000000c2100000, 0x00000000c21fffa8, 0x00000000c2200000| 99%| O|  |TAMS 0x00000000c21fffa8, 0x00000000c2100000| Untracked 
|  34|0x00000000c2200000, 0x00000000c22fffe0, 0x00000000c2300000| 99%| O|  |TAMS 0x00000000c22fffe0, 0x00000000c2200000| Untracked 
|  35|0x00000000c2300000, 0x00000000c234ba10, 0x00000000c2400000| 29%| O|  |TAMS 0x00000000c2300000, 0x00000000c2300000| Untracked 
|  36|0x00000000c2400000, 0x00000000c2468768, 0x00000000c2500000| 40%| O|  |TAMS 0x00000000c2400000, 0x00000000c2400000| Untracked 
|  37|0x00000000c2500000, 0x00000000c2500000, 0x00000000c2600000|  0%| F|  |TAMS 0x00000000c2500000, 0x00000000c2500000| Untracked 
|  38|0x00000000c2600000, 0x00000000c26ffff8, 0x00000000c2700000| 99%| O|  |TAMS 0x00000000c26ffff8, 0x00000000c2600000| Untracked 
|  39|0x00000000c2700000, 0x00000000c2700000, 0x00000000c2800000|  0%| F|  |TAMS 0x00000000c2700000, 0x00000000c2700000| Untracked 
|  40|0x00000000c2800000, 0x00000000c2800000, 0x00000000c2900000|  0%| F|  |TAMS 0x00000000c2800000, 0x00000000c2800000| Untracked 
|  41|0x00000000c2900000, 0x00000000c2900000, 0x00000000c2a00000|  0%| F|  |TAMS 0x00000000c2900000, 0x00000000c2900000| Untracked 
|  42|0x00000000c2a00000, 0x00000000c2a00000, 0x00000000c2b00000|  0%| F|  |TAMS 0x00000000c2a00000, 0x00000000c2a00000| Untracked 
|  43|0x00000000c2b00000, 0x00000000c2b00000, 0x00000000c2c00000|  0%| F|  |TAMS 0x00000000c2b00000, 0x00000000c2b00000| Untracked 
|  44|0x00000000c2c00000, 0x00000000c2c00000, 0x00000000c2d00000|  0%| F|  |TAMS 0x00000000c2c00000, 0x00000000c2c00000| Untracked 
|  45|0x00000000c2d00000, 0x00000000c2d00000, 0x00000000c2e00000|  0%| F|  |TAMS 0x00000000c2d00000, 0x00000000c2d00000| Untracked 
|  46|0x00000000c2e00000, 0x00000000c2e00000, 0x00000000c2f00000|  0%| F|  |TAMS 0x00000000c2e00000, 0x00000000c2e00000| Untracked 
|  47|0x00000000c2f00000, 0x00000000c2f00000, 0x00000000c3000000|  0%| F|  |TAMS 0x00000000c2f00000, 0x00000000c2f00000| Untracked 
|  48|0x00000000c3000000, 0x00000000c3100000, 0x00000000c3100000|100%| O|  |TAMS 0x00000000c3100000, 0x00000000c3000000| Untracked 
|  49|0x00000000c3100000, 0x00000000c3100000, 0x00000000c3200000|  0%| F|  |TAMS 0x00000000c3100000, 0x00000000c3100000| Untracked 
|  50|0x00000000c3200000, 0x00000000c3200000, 0x00000000c3300000|  0%| F|  |TAMS 0x00000000c3200000, 0x00000000c3200000| Untracked 
|  51|0x00000000c3300000, 0x00000000c3300000, 0x00000000c3400000|  0%| F|  |TAMS 0x00000000c3300000, 0x00000000c3300000| Untracked 
|  52|0x00000000c3400000, 0x00000000c3400000, 0x00000000c3500000|  0%| F|  |TAMS 0x00000000c3400000, 0x00000000c3400000| Untracked 
|  53|0x00000000c3500000, 0x00000000c3500000, 0x00000000c3600000|  0%| F|  |TAMS 0x00000000c3500000, 0x00000000c3500000| Untracked 
|  54|0x00000000c3600000, 0x00000000c3600000, 0x00000000c3700000|  0%| F|  |TAMS 0x00000000c3600000, 0x00000000c3600000| Untracked 
|  55|0x00000000c3700000, 0x00000000c3700000, 0x00000000c3800000|  0%| F|  |TAMS 0x00000000c3700000, 0x00000000c3700000| Untracked 
|  56|0x00000000c3800000, 0x00000000c3800000, 0x00000000c3900000|  0%| F|  |TAMS 0x00000000c3800000, 0x00000000c3800000| Untracked 
|  57|0x00000000c3900000, 0x00000000c3900000, 0x00000000c3a00000|  0%| F|  |TAMS 0x00000000c3900000, 0x00000000c3900000| Untracked 
|  58|0x00000000c3a00000, 0x00000000c3a00000, 0x00000000c3b00000|  0%| F|  |TAMS 0x00000000c3a00000, 0x00000000c3a00000| Untracked 
|  59|0x00000000c3b00000, 0x00000000c3b00000, 0x00000000c3c00000|  0%| F|  |TAMS 0x00000000c3b00000, 0x00000000c3b00000| Untracked 
|  60|0x00000000c3c00000, 0x00000000c3c00000, 0x00000000c3d00000|  0%| F|  |TAMS 0x00000000c3c00000, 0x00000000c3c00000| Untracked 
|  61|0x00000000c3d00000, 0x00000000c3d00000, 0x00000000c3e00000|  0%| F|  |TAMS 0x00000000c3d00000, 0x00000000c3d00000| Untracked 
|  62|0x00000000c3e00000, 0x00000000c3e00000, 0x00000000c3f00000|  0%| F|  |TAMS 0x00000000c3e00000, 0x00000000c3e00000| Untracked 
|  63|0x00000000c3f00000, 0x00000000c3f00000, 0x00000000c4000000|  0%| F|  |TAMS 0x00000000c3f00000, 0x00000000c3f00000| Untracked 
|  64|0x00000000c4000000, 0x00000000c4000000, 0x00000000c4100000|  0%| F|  |TAMS 0x00000000c4000000, 0x00000000c4000000| Untracked 
|  65|0x00000000c4100000, 0x00000000c4100000, 0x00000000c4200000|  0%| F|  |TAMS 0x00000000c4100000, 0x00000000c4100000| Untracked 
|  66|0x00000000c4200000, 0x00000000c4200000, 0x00000000c4300000|  0%| F|  |TAMS 0x00000000c4200000, 0x00000000c4200000| Untracked 
|  67|0x00000000c4300000, 0x00000000c4300000, 0x00000000c4400000|  0%| F|  |TAMS 0x00000000c4300000, 0x00000000c4300000| Untracked 
|  68|0x00000000c4400000, 0x00000000c4400000, 0x00000000c4500000|  0%| F|  |TAMS 0x00000000c4400000, 0x00000000c4400000| Untracked 
|  69|0x00000000c4500000, 0x00000000c4500000, 0x00000000c4600000|  0%| F|  |TAMS 0x00000000c4500000, 0x00000000c4500000| Untracked 
|  70|0x00000000c4600000, 0x00000000c4600000, 0x00000000c4700000|  0%| F|  |TAMS 0x00000000c4600000, 0x00000000c4600000| Untracked 
|  71|0x00000000c4700000, 0x00000000c4700000, 0x00000000c4800000|  0%| F|  |TAMS 0x00000000c4700000, 0x00000000c4700000| Untracked 
|  72|0x00000000c4800000, 0x00000000c4800000, 0x00000000c4900000|  0%| F|  |TAMS 0x00000000c4800000, 0x00000000c4800000| Untracked 
|  73|0x00000000c4900000, 0x00000000c4900000, 0x00000000c4a00000|  0%| F|  |TAMS 0x00000000c4900000, 0x00000000c4900000| Untracked 
|  74|0x00000000c4a00000, 0x00000000c4a00000, 0x00000000c4b00000|  0%| F|  |TAMS 0x00000000c4a00000, 0x00000000c4a00000| Untracked 
|  75|0x00000000c4b00000, 0x00000000c4b00000, 0x00000000c4c00000|  0%| F|  |TAMS 0x00000000c4b00000, 0x00000000c4b00000| Untracked 
|  76|0x00000000c4c00000, 0x00000000c4c00000, 0x00000000c4d00000|  0%| F|  |TAMS 0x00000000c4c00000, 0x00000000c4c00000| Untracked 
|  77|0x00000000c4d00000, 0x00000000c4d00000, 0x00000000c4e00000|  0%| F|  |TAMS 0x00000000c4d00000, 0x00000000c4d00000| Untracked 
|  78|0x00000000c4e00000, 0x00000000c4e00000, 0x00000000c4f00000|  0%| F|  |TAMS 0x00000000c4e00000, 0x00000000c4e00000| Untracked 
|  79|0x00000000c4f00000, 0x00000000c4f00000, 0x00000000c5000000|  0%| F|  |TAMS 0x00000000c4f00000, 0x00000000c4f00000| Untracked 
|  80|0x00000000c5000000, 0x00000000c5000000, 0x00000000c5100000|  0%| F|  |TAMS 0x00000000c5000000, 0x00000000c5000000| Untracked 
|  81|0x00000000c5100000, 0x00000000c5100000, 0x00000000c5200000|  0%| F|  |TAMS 0x00000000c5100000, 0x00000000c5100000| Untracked 
|  82|0x00000000c5200000, 0x00000000c5200000, 0x00000000c5300000|  0%| F|  |TAMS 0x00000000c5200000, 0x00000000c5200000| Untracked 
|  83|0x00000000c5300000, 0x00000000c5300000, 0x00000000c5400000|  0%| F|  |TAMS 0x00000000c5300000, 0x00000000c5300000| Untracked 
|  84|0x00000000c5400000, 0x00000000c5400000, 0x00000000c5500000|  0%| F|  |TAMS 0x00000000c5400000, 0x00000000c5400000| Untracked 
|  85|0x00000000c5500000, 0x00000000c5500000, 0x00000000c5600000|  0%| F|  |TAMS 0x00000000c5500000, 0x00000000c5500000| Untracked 
|  86|0x00000000c5600000, 0x00000000c5600000, 0x00000000c5700000|  0%| F|  |TAMS 0x00000000c5600000, 0x00000000c5600000| Untracked 
|  87|0x00000000c5700000, 0x00000000c5700000, 0x00000000c5800000|  0%| F|  |TAMS 0x00000000c5700000, 0x00000000c5700000| Untracked 
|  88|0x00000000c5800000, 0x00000000c5800000, 0x00000000c5900000|  0%| F|  |TAMS 0x00000000c5800000, 0x00000000c5800000| Untracked 
|  89|0x00000000c5900000, 0x00000000c5900000, 0x00000000c5a00000|  0%| F|  |TAMS 0x00000000c5900000, 0x00000000c5900000| Untracked 
|  90|0x00000000c5a00000, 0x00000000c5a00000, 0x00000000c5b00000|  0%| F|  |TAMS 0x00000000c5a00000, 0x00000000c5a00000| Untracked 
|  91|0x00000000c5b00000, 0x00000000c5b00000, 0x00000000c5c00000|  0%| F|  |TAMS 0x00000000c5b00000, 0x00000000c5b00000| Untracked 
|  92|0x00000000c5c00000, 0x00000000c5c00000, 0x00000000c5d00000|  0%| F|  |TAMS 0x00000000c5c00000, 0x00000000c5c00000| Untracked 
|  93|0x00000000c5d00000, 0x00000000c5d00000, 0x00000000c5e00000|  0%| F|  |TAMS 0x00000000c5d00000, 0x00000000c5d00000| Untracked 
|  94|0x00000000c5e00000, 0x00000000c5e00000, 0x00000000c5f00000|  0%| F|  |TAMS 0x00000000c5e00000, 0x00000000c5e00000| Untracked 
|  95|0x00000000c5f00000, 0x00000000c5f00000, 0x00000000c6000000|  0%| F|  |TAMS 0x00000000c5f00000, 0x00000000c5f00000| Untracked 
|  96|0x00000000c6000000, 0x00000000c6000000, 0x00000000c6100000|  0%| F|  |TAMS 0x00000000c6000000, 0x00000000c6000000| Untracked 
|  97|0x00000000c6100000, 0x00000000c6100000, 0x00000000c6200000|  0%| F|  |TAMS 0x00000000c6100000, 0x00000000c6100000| Untracked 
|  98|0x00000000c6200000, 0x00000000c6200000, 0x00000000c6300000|  0%| F|  |TAMS 0x00000000c6200000, 0x00000000c6200000| Untracked 
|  99|0x00000000c6300000, 0x00000000c6300000, 0x00000000c6400000|  0%| F|  |TAMS 0x00000000c6300000, 0x00000000c6300000| Untracked 
| 100|0x00000000c6400000, 0x00000000c6400000, 0x00000000c6500000|  0%| F|  |TAMS 0x00000000c6400000, 0x00000000c6400000| Untracked 
| 101|0x00000000c6500000, 0x00000000c6500000, 0x00000000c6600000|  0%| F|  |TAMS 0x00000000c6500000, 0x00000000c6500000| Untracked 
| 102|0x00000000c6600000, 0x00000000c6600000, 0x00000000c6700000|  0%| F|  |TAMS 0x00000000c6600000, 0x00000000c6600000| Untracked 
| 103|0x00000000c6700000, 0x00000000c6700000, 0x00000000c6800000|  0%| F|  |TAMS 0x00000000c6700000, 0x00000000c6700000| Untracked 
| 104|0x00000000c6800000, 0x00000000c6800000, 0x00000000c6900000|  0%| F|  |TAMS 0x00000000c6800000, 0x00000000c6800000| Untracked 
| 105|0x00000000c6900000, 0x00000000c6900000, 0x00000000c6a00000|  0%| F|  |TAMS 0x00000000c6900000, 0x00000000c6900000| Untracked 
| 106|0x00000000c6a00000, 0x00000000c6a00000, 0x00000000c6b00000|  0%| F|  |TAMS 0x00000000c6a00000, 0x00000000c6a00000| Untracked 
| 107|0x00000000c6b00000, 0x00000000c6b00000, 0x00000000c6c00000|  0%| F|  |TAMS 0x00000000c6b00000, 0x00000000c6b00000| Untracked 
| 108|0x00000000c6c00000, 0x00000000c6c00000, 0x00000000c6d00000|  0%| F|  |TAMS 0x00000000c6c00000, 0x00000000c6c00000| Untracked 
| 109|0x00000000c6d00000, 0x00000000c6d00000, 0x00000000c6e00000|  0%| F|  |TAMS 0x00000000c6d00000, 0x00000000c6d00000| Untracked 
| 110|0x00000000c6e00000, 0x00000000c6e00000, 0x00000000c6f00000|  0%| F|  |TAMS 0x00000000c6e00000, 0x00000000c6e00000| Untracked 
| 111|0x00000000c6f00000, 0x00000000c6f00000, 0x00000000c7000000|  0%| F|  |TAMS 0x00000000c6f00000, 0x00000000c6f00000| Untracked 
| 112|0x00000000c7000000, 0x00000000c7000000, 0x00000000c7100000|  0%| F|  |TAMS 0x00000000c7000000, 0x00000000c7000000| Untracked 
| 113|0x00000000c7100000, 0x00000000c7100000, 0x00000000c7200000|  0%| F|  |TAMS 0x00000000c7100000, 0x00000000c7100000| Untracked 
| 114|0x00000000c7200000, 0x00000000c7200000, 0x00000000c7300000|  0%| F|  |TAMS 0x00000000c7200000, 0x00000000c7200000| Untracked 
| 115|0x00000000c7300000, 0x00000000c7300000, 0x00000000c7400000|  0%| F|  |TAMS 0x00000000c7300000, 0x00000000c7300000| Untracked 
| 116|0x00000000c7400000, 0x00000000c7400000, 0x00000000c7500000|  0%| F|  |TAMS 0x00000000c7400000, 0x00000000c7400000| Untracked 
| 117|0x00000000c7500000, 0x00000000c7500000, 0x00000000c7600000|  0%| F|  |TAMS 0x00000000c7500000, 0x00000000c7500000| Untracked 
| 118|0x00000000c7600000, 0x00000000c7600000, 0x00000000c7700000|  0%| F|  |TAMS 0x00000000c7600000, 0x00000000c7600000| Untracked 
| 119|0x00000000c7700000, 0x00000000c77058a8, 0x00000000c7800000|  2%| E|  |TAMS 0x00000000c7700000, 0x00000000c7700000| Complete 

Card table byte_map: [0x000001e499450000,0x000001e499650000] _byte_map_base: 0x000001e498e50000

Marking Bits (Prev, Next): (CMBitMap*) 0x000001e490fea220, (CMBitMap*) 0x000001e490fea1e0
 Prev Bits: [0x000001e49a850000, 0x000001e49b850000)
 Next Bits: [0x000001e499850000, 0x000001e49a850000)

Polling page: 0x000001e491050000

Metaspace:

Usage:
  Non-class:     50.46 MB used.
      Class:      7.17 MB used.
       Both:     57.63 MB used.

Virtual space:
  Non-class space:       64.00 MB reserved,      50.75 MB ( 79%) committed,  1 nodes.
      Class space:        1.00 GB reserved,       7.38 MB ( <1%) committed,  1 nodes.
             Both:        1.06 GB reserved,      58.12 MB (  5%) committed. 

Chunk freelists:
   Non-Class:  12.95 MB
       Class:  8.62 MB
        Both:  21.57 MB

MaxMetaspaceSize: unlimited
CompressedClassSpaceSize: 1.00 GB
Initial GC threshold: 21.00 MB
Current GC threshold: 96.69 MB
CDS: off
MetaspaceReclaimPolicy: balanced
 - commit_granule_bytes: 65536.
 - commit_granule_words: 8192.
 - virtual_space_node_default_size: 8388608.
 - enlarge_chunks_in_place: 1.
 - new_chunks_are_fully_committed: 0.
 - uncommit_free_chunks: 1.
 - use_allocation_guard: 0.
 - handle_deallocations: 1.


Internal statistics:

num_allocs_failed_limit: 6.
num_arena_births: 798.
num_arena_deaths: 302.
num_vsnodes_births: 2.
num_vsnodes_deaths: 0.
num_space_committed: 930.
num_space_uncommitted: 0.
num_chunks_returned_to_freelist: 366.
num_chunks_taken_from_freelist: 2786.
num_chunk_merges: 105.
num_chunk_splits: 1816.
num_chunks_enlarged: 1347.
num_inconsistent_stats: 0.

CodeCache: size=49152Kb used=17089Kb max_used=18557Kb free=32062Kb
 bounds [0x000001e495400000, 0x000001e496640000, 0x000001e498400000]
 total_blobs=9664 nmethods=8987 adapters=599
 compilation: enabled
              stopped_count=0, restarted_count=0
 full_count=0

Compilation events (20 events):
Event: 995.294 Thread 0x000001e49ea2f570 8979   !   1       org.eclipse.jdt.core.dom.TypeLiteral::getType (60 bytes)
Event: 995.295 Thread 0x000001e49ea2f570 nmethod 8979 0x000001e496503310 code [0x000001e496503500, 0x000001e496503b78]
Event: 995.295 Thread 0x000001e49ea2f570 8980       1       org.eclipse.jdt.core.dom.ASTVisitor::endVisit (1 bytes)
Event: 995.295 Thread 0x000001e49ea2f570 nmethod 8980 0x000001e496503010 code [0x000001e4965031a0, 0x000001e496503258]
Event: 995.548 Thread 0x000001e49ea2f570 8981       1       org.eclipse.jdt.core.dom.WildcardType::accept0 (46 bytes)
Event: 995.548 Thread 0x000001e49ea2f570 nmethod 8981 0x000001e496502990 code [0x000001e496502b80, 0x000001e496502e18]
Event: 995.548 Thread 0x000001e49ea2f570 8982       1       org.eclipse.jdt.core.dom.MemberValuePair::accept0 (34 bytes)
Event: 995.549 Thread 0x000001e49ea2f570 nmethod 8982 0x000001e496502110 code [0x000001e496502340, 0x000001e496502728]
Event: 995.549 Thread 0x000001e49ea2f570 8983   !   1       org.eclipse.jdt.core.dom.MemberValuePair::getName (61 bytes)
Event: 995.549 Thread 0x000001e49ea2f570 nmethod 8983 0x000001e496501590 code [0x000001e496501780, 0x000001e496501dc8]
Event: 995.549 Thread 0x000001e49ea2f570 8984   !   1       org.eclipse.jdt.core.dom.MemberValuePair::getValue (61 bytes)
Event: 995.549 Thread 0x000001e49ea2f570 nmethod 8984 0x000001e496500a10 code [0x000001e496500c00, 0x000001e496501248]
Event: 995.549 Thread 0x000001e49ea2f570 8985       1       org.eclipse.jdt.core.dom.ArrayInitializer::accept0 (25 bytes)
Event: 995.550 Thread 0x000001e49ea2f570 nmethod 8985 0x000001e496500610 code [0x000001e4965007c0, 0x000001e496500928]
Event: 995.550 Thread 0x000001e49ea2f570 8986       1       org.eclipse.jdt.core.dom.ASTVisitor::endVisit (1 bytes)
Event: 995.550 Thread 0x000001e49ea2f570 nmethod 8986 0x000001e496500310 code [0x000001e4965004a0, 0x000001e496500558]
Event: 995.550 Thread 0x000001e49ea2f570 8987       1       org.eclipse.jdt.core.dom.ASTVisitor::endVisit (1 bytes)
Event: 995.550 Thread 0x000001e49ea2f570 nmethod 8987 0x000001e496500010 code [0x000001e4965001a0, 0x000001e496500258]
Event: 995.550 Thread 0x000001e49ea2f570 8988       1       org.eclipse.jdt.core.dom.ASTVisitor::endVisit (1 bytes)
Event: 995.550 Thread 0x000001e49ea2f570 nmethod 8988 0x000001e4964ffd10 code [0x000001e4964ffea0, 0x000001e4964fff58]

GC Heap History (20 events):
Event: 852.866 GC heap before
{Heap before GC invocations=69 (full 39):
 garbage-first heap   total 122880K, used 101651K [0x00000000c0000000, 0x0000000100000000)
  region size 1024K, 64 young (65536K), 2 survivors (2048K)
 Metaspace       used 59035K, committed 59456K, reserved 1114112K
  class space    used 7348K, committed 7552K, reserved 1048576K
}
Event: 852.870 GC heap after
{Heap after GC invocations=70 (full 39):
 garbage-first heap   total 122880K, used 38988K [0x00000000c0000000, 0x0000000100000000)
  region size 1024K, 3 young (3072K), 3 survivors (3072K)
 Metaspace       used 59035K, committed 59456K, reserved 1114112K
  class space    used 7348K, committed 7552K, reserved 1048576K
}
Event: 856.438 GC heap before
{Heap before GC invocations=70 (full 39):
 garbage-first heap   total 122880K, used 101452K [0x00000000c0000000, 0x0000000100000000)
  region size 1024K, 64 young (65536K), 3 survivors (3072K)
 Metaspace       used 59035K, committed 59456K, reserved 1114112K
  class space    used 7348K, committed 7552K, reserved 1048576K
}
Event: 856.443 GC heap after
{Heap after GC invocations=71 (full 39):
 garbage-first heap   total 122880K, used 39091K [0x00000000c0000000, 0x0000000100000000)
  region size 1024K, 3 young (3072K), 3 survivors (3072K)
 Metaspace       used 59035K, committed 59456K, reserved 1114112K
  class space    used 7348K, committed 7552K, reserved 1048576K
}
Event: 866.508 GC heap before
{Heap before GC invocations=71 (full 39):
 garbage-first heap   total 122880K, used 101555K [0x00000000c0000000, 0x0000000100000000)
  region size 1024K, 64 young (65536K), 3 survivors (3072K)
 Metaspace       used 59041K, committed 59520K, reserved 1114112K
  class space    used 7349K, committed 7552K, reserved 1048576K
}
Event: 866.510 GC heap after
{Heap after GC invocations=72 (full 39):
 garbage-first heap   total 122880K, used 38769K [0x00000000c0000000, 0x0000000100000000)
  region size 1024K, 3 young (3072K), 3 survivors (3072K)
 Metaspace       used 59041K, committed 59520K, reserved 1114112K
  class space    used 7349K, committed 7552K, reserved 1048576K
}
Event: 869.122 GC heap before
{Heap before GC invocations=72 (full 39):
 garbage-first heap   total 122880K, used 102257K [0x00000000c0000000, 0x0000000100000000)
  region size 1024K, 65 young (66560K), 3 survivors (3072K)
 Metaspace       used 59041K, committed 59520K, reserved 1114112K
  class space    used 7349K, committed 7552K, reserved 1048576K
}
Event: 869.127 GC heap after
{Heap after GC invocations=73 (full 39):
 garbage-first heap   total 122880K, used 40622K [0x00000000c0000000, 0x0000000100000000)
  region size 1024K, 5 young (5120K), 5 survivors (5120K)
 Metaspace       used 59041K, committed 59520K, reserved 1114112K
  class space    used 7349K, committed 7552K, reserved 1048576K
}
Event: 873.666 GC heap before
{Heap before GC invocations=73 (full 39):
 garbage-first heap   total 122880K, used 100014K [0x00000000c0000000, 0x0000000100000000)
  region size 1024K, 63 young (64512K), 5 survivors (5120K)
 Metaspace       used 59045K, committed 59520K, reserved 1114112K
  class space    used 7349K, committed 7552K, reserved 1048576K
}
Event: 873.669 GC heap after
{Heap after GC invocations=74 (full 39):
 garbage-first heap   total 122880K, used 39569K [0x00000000c0000000, 0x0000000100000000)
  region size 1024K, 4 young (4096K), 4 survivors (4096K)
 Metaspace       used 59045K, committed 59520K, reserved 1114112K
  class space    used 7349K, committed 7552K, reserved 1048576K
}
Event: 876.427 GC heap before
{Heap before GC invocations=74 (full 39):
 garbage-first heap   total 122880K, used 99985K [0x00000000c0000000, 0x0000000100000000)
  region size 1024K, 63 young (64512K), 4 survivors (4096K)
 Metaspace       used 59045K, committed 59520K, reserved 1114112K
  class space    used 7349K, committed 7552K, reserved 1048576K
}
Event: 876.432 GC heap after
{Heap after GC invocations=75 (full 39):
 garbage-first heap   total 122880K, used 40450K [0x00000000c0000000, 0x0000000100000000)
  region size 1024K, 4 young (4096K), 4 survivors (4096K)
 Metaspace       used 59045K, committed 59520K, reserved 1114112K
  class space    used 7349K, committed 7552K, reserved 1048576K
}
Event: 929.631 GC heap before
{Heap before GC invocations=75 (full 39):
 garbage-first heap   total 122880K, used 65026K [0x00000000c0000000, 0x0000000100000000)
  region size 1024K, 29 young (29696K), 4 survivors (4096K)
 Metaspace       used 59045K, committed 59520K, reserved 1114112K
  class space    used 7349K, committed 7552K, reserved 1048576K
}
Event: 929.678 GC heap after
{Heap after GC invocations=76 (full 40):
 garbage-first heap   total 122880K, used 36816K [0x00000000c0000000, 0x0000000100000000)
  region size 1024K, 0 young (0K), 0 survivors (0K)
 Metaspace       used 59028K, committed 59520K, reserved 1114112K
  class space    used 7345K, committed 7552K, reserved 1048576K
}
Event: 939.824 GC heap before
{Heap before GC invocations=76 (full 40):
 garbage-first heap   total 122880K, used 36816K [0x00000000c0000000, 0x0000000100000000)
  region size 1024K, 1 young (1024K), 0 survivors (0K)
 Metaspace       used 59028K, committed 59520K, reserved 1114112K
  class space    used 7345K, committed 7552K, reserved 1048576K
}
Event: 939.852 GC heap after
{Heap after GC invocations=77 (full 41):
 garbage-first heap   total 122880K, used 36440K [0x00000000c0000000, 0x0000000100000000)
  region size 1024K, 0 young (0K), 0 survivors (0K)
 Metaspace       used 59028K, committed 59520K, reserved 1114112K
  class space    used 7345K, committed 7552K, reserved 1048576K
}
Event: 1080.125 GC heap before
{Heap before GC invocations=77 (full 41):
 garbage-first heap   total 122880K, used 64088K [0x00000000c0000000, 0x0000000100000000)
  region size 1024K, 29 young (29696K), 0 survivors (0K)
 Metaspace       used 59040K, committed 59520K, reserved 1114112K
  class space    used 7345K, committed 7552K, reserved 1048576K
}
Event: 1080.167 GC heap after
{Heap after GC invocations=78 (full 42):
 garbage-first heap   total 122880K, used 38932K [0x00000000c0000000, 0x0000000100000000)
  region size 1024K, 0 young (0K), 0 survivors (0K)
 Metaspace       used 59040K, committed 59520K, reserved 1114112K
  class space    used 7345K, committed 7552K, reserved 1048576K
}
Event: 1090.288 GC heap before
{Heap before GC invocations=78 (full 42):
 garbage-first heap   total 122880K, used 38932K [0x00000000c0000000, 0x0000000100000000)
  region size 1024K, 1 young (1024K), 0 survivors (0K)
 Metaspace       used 59040K, committed 59520K, reserved 1114112K
  class space    used 7345K, committed 7552K, reserved 1048576K
}
Event: 1090.323 GC heap after
{Heap after GC invocations=79 (full 43):
 garbage-first heap   total 122880K, used 38592K [0x00000000c0000000, 0x0000000100000000)
  region size 1024K, 0 young (0K), 0 survivors (0K)
 Metaspace       used 59016K, committed 59520K, reserved 1114112K
  class space    used 7341K, committed 7552K, reserved 1048576K
}

Dll operation events (10 events):
Event: 0.019 Loaded shared library c:\Users\STARIM\.vscode\extensions\redhat.java-1.28.1-win32-x64\jre\17.0.10-win32-x86_64\bin\java.dll
Event: 0.629 Loaded shared library C:\Users\STARIM\.vscode\extensions\redhat.java-1.28.1-win32-x64\jre\17.0.10-win32-x86_64\bin\net.dll
Event: 0.633 Loaded shared library C:\Users\STARIM\.vscode\extensions\redhat.java-1.28.1-win32-x64\jre\17.0.10-win32-x86_64\bin\nio.dll
Event: 0.655 Loaded shared library C:\Users\STARIM\.vscode\extensions\redhat.java-1.28.1-win32-x64\jre\17.0.10-win32-x86_64\bin\zip.dll
Event: 1.584 Loaded shared library C:\Users\STARIM\.vscode\extensions\redhat.java-1.28.1-win32-x64\jre\17.0.10-win32-x86_64\bin\jimage.dll
Event: 7.157 Loaded shared library c:\Users\STARIM\.vscode\extensions\redhat.java-1.28.1-win32-x64\jre\17.0.10-win32-x86_64\bin\verify.dll
Event: 13.367 Loaded shared library C:\Users\STARIM\.vscode\extensions\redhat.java-1.28.1-win32-x64\jre\17.0.10-win32-x86_64\bin\management.dll
Event: 13.378 Loaded shared library C:\Users\STARIM\.vscode\extensions\redhat.java-1.28.1-win32-x64\jre\17.0.10-win32-x86_64\bin\management_ext.dll
Event: 16.535 Loaded shared library C:\Users\STARIM\.vscode\extensions\redhat.java-1.28.1-win32-x64\jre\17.0.10-win32-x86_64\bin\sunmscapi.dll
Event: 17.056 Loaded shared library C:\Users\STARIM\.vscode\extensions\redhat.java-1.28.1-win32-x64\jre\17.0.10-win32-x86_64\bin\extnet.dll

Deoptimization events (20 events):
Event: 126.155 Thread 0x000001e4a450df00 DEOPT PACKING pc=0x000001e495c8e624 sp=0x00000008963fecf0
Event: 126.155 Thread 0x000001e4a450df00 DEOPT UNPACKING pc=0x000001e495457143 sp=0x00000008963fe1d8 mode 0
Event: 126.155 Thread 0x000001e4a44beea0 DEOPT PACKING pc=0x000001e495c8e624 sp=0x0000000897bfeab0
Event: 126.155 Thread 0x000001e4a44beea0 DEOPT UNPACKING pc=0x000001e495457143 sp=0x0000000897bfdf98 mode 0
Event: 126.155 Thread 0x000001e4a44beea0 DEOPT PACKING pc=0x000001e495c8e624 sp=0x0000000897bff040
Event: 126.155 Thread 0x000001e4a44beea0 DEOPT UNPACKING pc=0x000001e495457143 sp=0x0000000897bfe528 mode 0
Event: 153.258 Thread 0x000001e4a44bf8c0 DEOPT PACKING pc=0x000001e495de658c sp=0x00000008978fe2a0
Event: 153.258 Thread 0x000001e4a44bf8c0 DEOPT UNPACKING pc=0x000001e495457143 sp=0x00000008978fd808 mode 0
Event: 153.258 Thread 0x000001e4a44bf8c0 DEOPT PACKING pc=0x000001e495e6674c sp=0x00000008978fe3d0
Event: 153.258 Thread 0x000001e4a44bf8c0 DEOPT UNPACKING pc=0x000001e495457143 sp=0x00000008978fd8b0 mode 0
Event: 153.258 Thread 0x000001e4a44bf8c0 DEOPT PACKING pc=0x000001e495de658c sp=0x00000008978fe500
Event: 153.258 Thread 0x000001e4a44bf8c0 DEOPT UNPACKING pc=0x000001e495457143 sp=0x00000008978fda68 mode 0
Event: 153.258 Thread 0x000001e4a44bf8c0 DEOPT PACKING pc=0x000001e495e6674c sp=0x00000008978fe630
Event: 153.258 Thread 0x000001e4a44bf8c0 DEOPT UNPACKING pc=0x000001e495457143 sp=0x00000008978fdb28 mode 0
Event: 153.264 Thread 0x000001e4a44bf8c0 DEOPT PACKING pc=0x000001e495de658c sp=0x00000008978fe9a0
Event: 153.264 Thread 0x000001e4a44bf8c0 DEOPT UNPACKING pc=0x000001e495457143 sp=0x00000008978fdf08 mode 0
Event: 153.264 Thread 0x000001e4a44bf8c0 DEOPT PACKING pc=0x000001e495e6674c sp=0x00000008978fead0
Event: 153.264 Thread 0x000001e4a44bf8c0 DEOPT UNPACKING pc=0x000001e495457143 sp=0x00000008978fdfc8 mode 0
Event: 233.357 Thread 0x000001e4a45088f0 DEOPT PACKING pc=0x000001e49618d5b4 sp=0x00000008948fdf40
Event: 233.357 Thread 0x000001e4a45088f0 DEOPT UNPACKING pc=0x000001e495457143 sp=0x00000008948fd490 mode 0

Classes unloaded (20 events):
Event: 414.447 Thread 0x000001e49e886d20 Unloading class 0x000000010008dc00 'java/lang/invoke/LambdaForm$MH+0x000000010008dc00'
Event: 414.447 Thread 0x000001e49e886d20 Unloading class 0x000000010008d800 'java/lang/invoke/LambdaForm$MH+0x000000010008d800'
Event: 414.447 Thread 0x000001e49e886d20 Unloading class 0x000000010008d400 'java/lang/invoke/LambdaForm$MH+0x000000010008d400'
Event: 414.447 Thread 0x000001e49e886d20 Unloading class 0x000000010008bc00 'java/lang/invoke/LambdaForm$MH+0x000000010008bc00'
Event: 929.637 Thread 0x000001e49e886d20 Unloading class 0x000000010008bc00 'java/lang/invoke/LambdaForm$MH+0x000000010008bc00'
Event: 929.637 Thread 0x000001e49e886d20 Unloading class 0x000000010008d400 'java/lang/invoke/LambdaForm$MH+0x000000010008d400'
Event: 929.637 Thread 0x000001e49e886d20 Unloading class 0x000000010008e800 'java/lang/invoke/LambdaForm$MH+0x000000010008e800'
Event: 929.637 Thread 0x000001e49e886d20 Unloading class 0x00000001003a1400 'java/lang/invoke/LambdaForm$MH+0x00000001003a1400'
Event: 929.637 Thread 0x000001e49e886d20 Unloading class 0x00000001003a0000 'java/lang/invoke/LambdaForm$MH+0x00000001003a0000'
Event: 929.637 Thread 0x000001e49e886d20 Unloading class 0x00000001002f8400 'java/lang/invoke/LambdaForm$MH+0x00000001002f8400'
Event: 929.637 Thread 0x000001e49e886d20 Unloading class 0x0000000100755800 'java/lang/invoke/LambdaForm$MH+0x0000000100755800'
Event: 929.637 Thread 0x000001e49e886d20 Unloading class 0x0000000100760c00 'java/lang/invoke/LambdaForm$MH+0x0000000100760c00'
Event: 1090.302 Thread 0x000001e49e886d20 Unloading class 0x0000000100710800 'jdk/internal/reflect/GeneratedConstructorAccessor61'
Event: 1090.302 Thread 0x000001e49e886d20 Unloading class 0x0000000100518800 'jdk/internal/reflect/GeneratedMethodAccessor27'
Event: 1090.302 Thread 0x000001e49e886d20 Unloading class 0x0000000100510400 'jdk/internal/reflect/GeneratedConstructorAccessor59'
Event: 1090.302 Thread 0x000001e49e886d20 Unloading class 0x000000010050c400 'jdk/internal/reflect/GeneratedMethodAccessor26'
Event: 1090.302 Thread 0x000001e49e886d20 Unloading class 0x00000001003aac00 'jdk/internal/reflect/GeneratedConstructorAccessor58'
Event: 1090.302 Thread 0x000001e49e886d20 Unloading class 0x00000001003a9c00 'jdk/internal/reflect/GeneratedMethodAccessor25'
Event: 1090.302 Thread 0x000001e49e886d20 Unloading class 0x00000001003a5400 'jdk/internal/reflect/GeneratedMethodAccessor24'
Event: 1090.302 Thread 0x000001e49e886d20 Unloading class 0x00000001003a4c00 'jdk/internal/reflect/GeneratedMethodAccessor23'

Classes redefined (0 events):
No events

Internal exceptions (20 events):
Event: 81.772 Thread 0x000001e4a45088f0 Exception <a 'java/lang/NoSuchMethodError'{0x00000000c5416c18}: 'java.lang.Object java.lang.invoke.DirectMethodHandle$Holder.newInvokeSpecial(java.lang.Object, java.lang.Object, java.lang.Object, java.lang.Object, int)'> (0x00000000c5416c18) 
thrown [s\src\hotspot\share\interpreter\linkResolver.cpp, line 759]
Event: 81.772 Thread 0x000001e4a45088f0 Exception <a 'java/lang/NoSuchMethodError'{0x00000000c541b048}: 'java.lang.Object java.lang.invoke.DirectMethodHandle$Holder.invokeSpecial(java.lang.Object, java.lang.Object, java.lang.Object, java.lang.Object, java.lang.Object, int)'> (0x00000000c541b048) 
thrown [s\src\hotspot\share\interpreter\linkResolver.cpp, line 759]
Event: 81.772 Thread 0x000001e4a45088f0 Exception <a 'java/lang/NoSuchMethodError'{0x00000000c541eb30}: 'java.lang.Object java.lang.invoke.Invokers$Holder.linkToTargetMethod(java.lang.Object, java.lang.Object, java.lang.Object, int, java.lang.Object)'> (0x00000000c541eb30) 
thrown [s\src\hotspot\share\interpreter\linkResolver.cpp, line 759]
Event: 152.123 Thread 0x000001e4a44beea0 Exception <a 'java/lang/NoSuchMethodError'{0x00000000c3d87dd0}: 'java.lang.Object java.lang.invoke.DirectMethodHandle$Holder.newInvokeSpecial(java.lang.Object, java.lang.Object, int, java.lang.Object)'> (0x00000000c3d87dd0) 
thrown [s\src\hotspot\share\interpreter\linkResolver.cpp, line 759]
Event: 152.123 Thread 0x000001e4a44beea0 Exception <a 'java/lang/NoSuchMethodError'{0x00000000c3d8b710}: 'java.lang.Object java.lang.invoke.Invokers$Holder.linkToTargetMethod(java.lang.Object, int, java.lang.Object, java.lang.Object)'> (0x00000000c3d8b710) 
thrown [s\src\hotspot\share\interpreter\linkResolver.cpp, line 759]
Event: 165.230 Thread 0x000001e4a44bf8c0 Exception <a 'sun/nio/fs/WindowsException'{0x00000000c784e1c8}> (0x00000000c784e1c8) 
thrown [s\src\hotspot\share\prims\jni.cpp, line 516]
Event: 165.230 Thread 0x000001e4a44bf8c0 Exception <a 'sun/nio/fs/WindowsException'{0x00000000c784ede0}> (0x00000000c784ede0) 
thrown [s\src\hotspot\share\prims\jni.cpp, line 516]
Event: 165.231 Thread 0x000001e4a44bf8c0 Exception <a 'sun/nio/fs/WindowsException'{0x00000000c784f9a8}> (0x00000000c784f9a8) 
thrown [s\src\hotspot\share\prims\jni.cpp, line 516]
Event: 165.231 Thread 0x000001e4a44bf8c0 Exception <a 'sun/nio/fs/WindowsException'{0x00000000c78505c0}> (0x00000000c78505c0) 
thrown [s\src\hotspot\share\prims\jni.cpp, line 516]
Event: 165.231 Thread 0x000001e4a44bf8c0 Exception <a 'sun/nio/fs/WindowsException'{0x00000000c7851320}> (0x00000000c7851320) 
thrown [s\src\hotspot\share\prims\jni.cpp, line 516]
Event: 165.231 Thread 0x000001e4a44bf8c0 Exception <a 'sun/nio/fs/WindowsException'{0x00000000c7852000}> (0x00000000c7852000) 
thrown [s\src\hotspot\share\prims\jni.cpp, line 516]
Event: 165.231 Thread 0x000001e4a44bf8c0 Exception <a 'sun/nio/fs/WindowsException'{0x00000000c7853738}> (0x00000000c7853738) 
thrown [s\src\hotspot\share\prims\jni.cpp, line 516]
Event: 165.232 Thread 0x000001e4a44bf8c0 Exception <a 'sun/nio/fs/WindowsException'{0x00000000c7854350}> (0x00000000c7854350) 
thrown [s\src\hotspot\share\prims\jni.cpp, line 516]
Event: 165.232 Thread 0x000001e4a44bf8c0 Exception <a 'sun/nio/fs/WindowsException'{0x00000000c7854f18}> (0x00000000c7854f18) 
thrown [s\src\hotspot\share\prims\jni.cpp, line 516]
Event: 165.232 Thread 0x000001e4a44bf8c0 Exception <a 'sun/nio/fs/WindowsException'{0x00000000c7855b30}> (0x00000000c7855b30) 
thrown [s\src\hotspot\share\prims\jni.cpp, line 516]
Event: 165.232 Thread 0x000001e4a44bf8c0 Exception <a 'sun/nio/fs/WindowsException'{0x00000000c7856890}> (0x00000000c7856890) 
thrown [s\src\hotspot\share\prims\jni.cpp, line 516]
Event: 165.232 Thread 0x000001e4a44bf8c0 Exception <a 'sun/nio/fs/WindowsException'{0x00000000c7857570}> (0x00000000c7857570) 
thrown [s\src\hotspot\share\prims\jni.cpp, line 516]
Event: 318.237 Thread 0x000001e4a450e410 Exception <a 'java/io/IOException'{0x00000000c7c4de78}> (0x00000000c7c4de78) 
thrown [s\src\hotspot\share\prims\jni.cpp, line 516]
Event: 318.655 Thread 0x000001e4a4507ed0 Exception <a 'java/io/IOException'{0x00000000c7c60cb0}> (0x00000000c7c60cb0) 
thrown [s\src\hotspot\share\prims\jni.cpp, line 516]
Event: 319.186 Thread 0x000001e4a450ee30 Exception <a 'java/io/IOException'{0x00000000c7c6db80}> (0x00000000c7c6db80) 
thrown [s\src\hotspot\share\prims\jni.cpp, line 516]

VM Operations (20 events):
Event: 959.045 Executing VM operation: Cleanup done
Event: 962.163 Executing VM operation: HandshakeAllThreads
Event: 962.163 Executing VM operation: HandshakeAllThreads done
Event: 964.169 Executing VM operation: Cleanup
Event: 964.169 Executing VM operation: Cleanup done
Event: 995.055 Executing VM operation: HandshakeAllThreads
Event: 995.055 Executing VM operation: HandshakeAllThreads done
Event: 995.055 Executing VM operation: HandshakeAllThreads
Event: 995.056 Executing VM operation: HandshakeAllThreads done
Event: 996.059 Executing VM operation: Cleanup
Event: 996.059 Executing VM operation: Cleanup done
Event: 1022.205 Executing VM operation: HandshakeAllThreads
Event: 1022.206 Executing VM operation: HandshakeAllThreads done
Event: 1080.125 Executing VM operation: G1CollectFull
Event: 1080.168 Executing VM operation: G1CollectFull done
Event: 1082.272 Executing VM operation: HandshakeAllThreads
Event: 1082.272 Executing VM operation: HandshakeAllThreads done
Event: 1090.288 Executing VM operation: G1CollectFull
Event: 1090.323 Executing VM operation: G1CollectFull done
Event: 1100.350 Executing VM operation: G1CollectFull

Events (20 events):
Event: 872.370 Thread 0x000001e4a570d010 Thread added: 0x000001e4a570d010
Event: 874.304 Thread 0x000001e4a570d010 Thread exited: 0x000001e4a570d010
Event: 876.360 Thread 0x000001e4a52dbae0 Thread exited: 0x000001e4a52dbae0
Event: 877.839 Thread 0x000001e4a52b0030 Thread exited: 0x000001e4a52b0030
Event: 879.422 Thread 0x000001e4a52dbae0 Thread added: 0x000001e4a52dbae0
Event: 884.432 Thread 0x000001e4a52dbae0 Thread exited: 0x000001e4a52dbae0
Event: 937.353 Thread 0x000001e4a4c5d9f0 Thread exited: 0x000001e4a4c5d9f0
Event: 937.762 Thread 0x000001e4a4c5d4e0 Thread exited: 0x000001e4a4c5d4e0
Event: 937.840 Thread 0x000001e4a4c5f340 Thread exited: 0x000001e4a4c5f340
Event: 937.856 Thread 0x000001e4a4c5f850 Thread exited: 0x000001e4a4c5f850
Event: 941.283 Thread 0x000001e4a4c60270 Thread added: 0x000001e4a4c60270
Event: 954.843 Thread 0x000001e4a4c611a0 Thread added: 0x000001e4a4c611a0
Event: 954.844 Thread 0x000001e4a4c5df00 Thread added: 0x000001e4a4c5df00
Event: 978.005 Thread 0x000001e4a576c7e0 Thread added: 0x000001e4a576c7e0
Event: 978.006 Thread 0x000001e4a576cd00 Thread added: 0x000001e4a576cd00
Event: 983.020 Thread 0x000001e4a576cd00 Thread exited: 0x000001e4a576cd00
Event: 983.020 Thread 0x000001e4a576c7e0 Thread exited: 0x000001e4a576c7e0
Event: 1055.089 Thread 0x000001e4a4c60270 Thread exited: 0x000001e4a4c60270
Event: 1055.089 Thread 0x000001e4a4c5df00 Thread exited: 0x000001e4a4c5df00
Event: 1080.379 Thread 0x000001e4a4c611a0 Thread exited: 0x000001e4a4c611a0


Dynamic libraries:
0x00007ff6a1ea0000 - 0x00007ff6a1eae000 	c:\Users\STARIM\.vscode\extensions\redhat.java-1.28.1-win32-x64\jre\17.0.10-win32-x86_64\bin\java.exe
0x00007ffd89810000 - 0x00007ffd89a26000 	C:\WINDOWS\SYSTEM32\ntdll.dll
0x00007ffd87f40000 - 0x00007ffd88004000 	C:\WINDOWS\System32\KERNEL32.DLL
0x00007ffd871b0000 - 0x00007ffd87556000 	C:\WINDOWS\System32\KERNELBASE.dll
0x00007ffd86b50000 - 0x00007ffd86c61000 	C:\WINDOWS\System32\ucrtbase.dll
0x00007ffd7f430000 - 0x00007ffd7f447000 	c:\Users\STARIM\.vscode\extensions\redhat.java-1.28.1-win32-x64\jre\17.0.10-win32-x86_64\bin\jli.dll
0x00007ffd7b720000 - 0x00007ffd7b73b000 	c:\Users\STARIM\.vscode\extensions\redhat.java-1.28.1-win32-x64\jre\17.0.10-win32-x86_64\bin\VCRUNTIME140.dll
0x00007ffd88e60000 - 0x00007ffd8900d000 	C:\WINDOWS\System32\USER32.dll
0x00007ffd86c70000 - 0x00007ffd86c96000 	C:\WINDOWS\System32\win32u.dll
0x00007ffd7db50000 - 0x00007ffd7dde3000 	C:\WINDOWS\WinSxS\amd64_microsoft.windows.common-controls_6595b64144ccf1df_6.0.22621.3235_none_270f74e173860f98\COMCTL32.dll
0x00007ffd881a0000 - 0x00007ffd881c9000 	C:\WINDOWS\System32\GDI32.dll
0x00007ffd880d0000 - 0x00007ffd88177000 	C:\WINDOWS\System32\msvcrt.dll
0x00007ffd86e10000 - 0x00007ffd86f28000 	C:\WINDOWS\System32\gdi32full.dll
0x00007ffd86fd0000 - 0x00007ffd8706a000 	C:\WINDOWS\System32\msvcp_win.dll
0x00007ffd87660000 - 0x00007ffd87691000 	C:\WINDOWS\System32\IMM32.DLL
0x00007ffd83a40000 - 0x00007ffd83a4c000 	c:\Users\STARIM\.vscode\extensions\redhat.java-1.28.1-win32-x64\jre\17.0.10-win32-x86_64\bin\vcruntime140_1.dll
0x00007ffd74aa0000 - 0x00007ffd74b2d000 	c:\Users\STARIM\.vscode\extensions\redhat.java-1.28.1-win32-x64\jre\17.0.10-win32-x86_64\bin\msvcp140.dll
0x00007ffd3a6d0000 - 0x00007ffd3b332000 	c:\Users\STARIM\.vscode\extensions\redhat.java-1.28.1-win32-x64\jre\17.0.10-win32-x86_64\bin\server\jvm.dll
0x00007ffd88010000 - 0x00007ffd880c2000 	C:\WINDOWS\System32\ADVAPI32.dll
0x00007ffd87810000 - 0x00007ffd878b8000 	C:\WINDOWS\System32\sechost.dll
0x00007ffd86fa0000 - 0x00007ffd86fc8000 	C:\WINDOWS\System32\bcrypt.dll
0x00007ffd87dc0000 - 0x00007ffd87ed5000 	C:\WINDOWS\System32\RPCRT4.dll
0x00007ffd867c0000 - 0x00007ffd8680d000 	C:\WINDOWS\SYSTEM32\POWRPROF.dll
0x00007ffd81af0000 - 0x00007ffd81af9000 	C:\WINDOWS\SYSTEM32\WSOCK32.dll
0x00007ffd89640000 - 0x00007ffd896b1000 	C:\WINDOWS\System32\WS2_32.dll
0x00007ffd7fef0000 - 0x00007ffd7fefa000 	C:\WINDOWS\SYSTEM32\VERSION.dll
0x00007ffd7d430000 - 0x00007ffd7d464000 	C:\WINDOWS\SYSTEM32\WINMM.dll
0x00007ffd865c0000 - 0x00007ffd865d3000 	C:\WINDOWS\SYSTEM32\UMPDC.dll
0x00007ffd85b70000 - 0x00007ffd85b88000 	C:\WINDOWS\SYSTEM32\kernel.appcore.dll
0x00007ffd819e0000 - 0x00007ffd819ea000 	c:\Users\STARIM\.vscode\extensions\redhat.java-1.28.1-win32-x64\jre\17.0.10-win32-x86_64\bin\jimage.dll
0x00007ffd844e0000 - 0x00007ffd84713000 	C:\WINDOWS\SYSTEM32\DBGHELP.DLL
0x00007ffd878c0000 - 0x00007ffd87c48000 	C:\WINDOWS\System32\combase.dll
0x00007ffd884f0000 - 0x00007ffd885c7000 	C:\WINDOWS\System32\OLEAUT32.dll
0x00007ffd7b790000 - 0x00007ffd7b7c2000 	C:\WINDOWS\SYSTEM32\dbgcore.DLL
0x00007ffd87070000 - 0x00007ffd870ea000 	C:\WINDOWS\System32\bcryptPrimitives.dll
0x00007ffd795d0000 - 0x00007ffd795f5000 	c:\Users\STARIM\.vscode\extensions\redhat.java-1.28.1-win32-x64\jre\17.0.10-win32-x86_64\bin\java.dll
0x00007ffd795a0000 - 0x00007ffd795b8000 	c:\Users\STARIM\.vscode\extensions\redhat.java-1.28.1-win32-x64\jre\17.0.10-win32-x86_64\bin\zip.dll
0x00007ffd88600000 - 0x00007ffd88e5d000 	C:\WINDOWS\System32\SHELL32.dll
0x00007ffd84a60000 - 0x00007ffd85358000 	C:\WINDOWS\SYSTEM32\windows.storage.dll
0x00007ffd84920000 - 0x00007ffd84a5e000 	C:\WINDOWS\SYSTEM32\wintypes.dll
0x00007ffd88230000 - 0x00007ffd88323000 	C:\WINDOWS\System32\SHCORE.dll
0x00007ffd87ee0000 - 0x00007ffd87f3e000 	C:\WINDOWS\System32\shlwapi.dll
0x00007ffd86a80000 - 0x00007ffd86aa6000 	C:\WINDOWS\SYSTEM32\profapi.dll
0x00007ffd78ea0000 - 0x00007ffd78eb9000 	C:\Users\STARIM\.vscode\extensions\redhat.java-1.28.1-win32-x64\jre\17.0.10-win32-x86_64\bin\net.dll
0x00007ffd806f0000 - 0x00007ffd80827000 	C:\WINDOWS\SYSTEM32\WINHTTP.dll
0x00007ffd86010000 - 0x00007ffd86079000 	C:\WINDOWS\system32\mswsock.dll
0x00007ffd78cc0000 - 0x00007ffd78cd6000 	C:\Users\STARIM\.vscode\extensions\redhat.java-1.28.1-win32-x64\jre\17.0.10-win32-x86_64\bin\nio.dll
0x00007ffd7e020000 - 0x00007ffd7e030000 	c:\Users\STARIM\.vscode\extensions\redhat.java-1.28.1-win32-x64\jre\17.0.10-win32-x86_64\bin\verify.dll
0x00007ffd862e0000 - 0x00007ffd862fb000 	C:\WINDOWS\SYSTEM32\CRYPTSP.dll
0x00007ffd85ad0000 - 0x00007ffd85b05000 	C:\WINDOWS\system32\rsaenh.dll
0x00007ffd86170000 - 0x00007ffd8619c000 	C:\WINDOWS\SYSTEM32\USERENV.dll
0x00007ffd862d0000 - 0x00007ffd862dc000 	C:\WINDOWS\SYSTEM32\CRYPTBASE.dll
0x00007ffd855c0000 - 0x00007ffd855ed000 	C:\WINDOWS\SYSTEM32\IPHLPAPI.DLL
0x00007ffd881d0000 - 0x00007ffd881d9000 	C:\WINDOWS\System32\NSI.dll
0x00007ffd803d0000 - 0x00007ffd803e9000 	C:\WINDOWS\SYSTEM32\dhcpcsvc6.DLL
0x00007ffd80270000 - 0x00007ffd8028f000 	C:\WINDOWS\SYSTEM32\dhcpcsvc.DLL
0x00007ffd85630000 - 0x00007ffd85729000 	C:\WINDOWS\SYSTEM32\DNSAPI.dll
0x00007ffd77a30000 - 0x00007ffd77a39000 	C:\Users\STARIM\.vscode\extensions\redhat.java-1.28.1-win32-x64\jre\17.0.10-win32-x86_64\bin\management.dll
0x00007ffd775f0000 - 0x00007ffd775fb000 	C:\Users\STARIM\.vscode\extensions\redhat.java-1.28.1-win32-x64\jre\17.0.10-win32-x86_64\bin\management_ext.dll
0x00007ffd885f0000 - 0x00007ffd885f8000 	C:\WINDOWS\System32\PSAPI.DLL
0x00007ffd77b60000 - 0x00007ffd77b6e000 	C:\Users\STARIM\.vscode\extensions\redhat.java-1.28.1-win32-x64\jre\17.0.10-win32-x86_64\bin\sunmscapi.dll
0x00007ffd86ca0000 - 0x00007ffd86e06000 	C:\WINDOWS\System32\CRYPT32.dll
0x00007ffd86490000 - 0x00007ffd864be000 	C:\WINDOWS\SYSTEM32\ncrypt.dll
0x00007ffd86450000 - 0x00007ffd86487000 	C:\WINDOWS\SYSTEM32\NTASN1.dll
0x00007ffd7fdc0000 - 0x00007ffd7fdca000 	C:\Windows\System32\rasadhlp.dll
0x00007ffd7ee00000 - 0x00007ffd7ee83000 	C:\WINDOWS\System32\fwpuclnt.dll
0x00007ffd7e210000 - 0x00007ffd7e219000 	C:\Users\STARIM\.vscode\extensions\redhat.java-1.28.1-win32-x64\jre\17.0.10-win32-x86_64\bin\extnet.dll

dbghelp: loaded successfully - version: 4.0.5 - missing functions: none
symbol engine: initialized successfully - sym options: 0x614 - pdb path: .;c:\Users\STARIM\.vscode\extensions\redhat.java-1.28.1-win32-x64\jre\17.0.10-win32-x86_64\bin;C:\WINDOWS\SYSTEM32;C:\WINDOWS\WinSxS\amd64_microsoft.windows.common-controls_6595b64144ccf1df_6.0.22621.3235_none_270f74e173860f98;c:\Users\STARIM\.vscode\extensions\redhat.java-1.28.1-win32-x64\jre\17.0.10-win32-x86_64\bin\server

VM Arguments:
jvm_args: -XX:+HeapDumpOnOutOfMemoryError -Xmx1024m -Dsts.lsp.client=vscode -Dsts.log.file=/dev/null -XX:TieredStopAtLevel=1 -Xlog:jni+resolve=off -Dspring.config.location=file:c:\Users\STARIM\.vscode\extensions\vmware.vscode-spring-boot-1.53.0\language-server\BOOT-INF\classes\application.properties 
java_command: org.springframework.ide.vscode.boot.app.BootLanguageServerBootApp
java_class_path (initial): c:\Users\STARIM\.vscode\extensions\vmware.vscode-spring-boot-1.53.0\language-server\BOOT-INF\classes;c:\Users\STARIM\.vscode\extensions\vmware.vscode-spring-boot-1.53.0\language-server\BOOT-INF\lib\annotations-24.1.0.jar;c:\Users\STARIM\.vscode\extensions\vmware.vscode-spring-boot-1.53.0\language-server\BOOT-INF\lib\antlr4-runtime-4.11.1.jar;c:\Users\STARIM\.vscode\extensions\vmware.vscode-spring-boot-1.53.0\language-server\BOOT-INF\lib\asm-9.6.jar;c:\Users\STARIM\.vscode\extensions\vmware.vscode-spring-boot-1.53.0\language-server\BOOT-INF\lib\asm-analysis-9.6.jar;c:\Users\STARIM\.vscode\extensions\vmware.vscode-spring-boot-1.53.0\language-server\BOOT-INF\lib\asm-tree-9.6.jar;c:\Users\STARIM\.vscode\extensions\vmware.vscode-spring-boot-1.53.0\language-server\BOOT-INF\lib\asm-util-9.6.jar;c:\Users\STARIM\.vscode\extensions\vmware.vscode-spring-boot-1.53.0\language-server\BOOT-INF\lib\caffeine-3.1.8.jar;c:\Users\STARIM\.vscode\extensions\vmware.vscode-spring-boot-1.53.0\language-server\BOOT-INF\lib\checker-qual-3.12.0.jar;c:\Users\STARIM\.vscode\extensions\vmware.vscode-spring-boot-1.53.0\language-server\BOOT-INF\lib\classgraph-4.8.149.jar;c:\Users\STARIM\.vscode\extensions\vmware.vscode-spring-boot-1.53.0\language-server\BOOT-INF\lib\commons-codec-1.16.1.jar;c:\Users\STARIM\.vscode\extensions\vmware.vscode-spring-boot-1.53.0\language-server\BOOT-INF\lib\commons-compress-1.26.0.jar;c:\Users\STARIM\.vscode\extensions\vmware.vscode-spring-boot-1.53.0\language-server\BOOT-INF\lib\commons-io-2.4.jar;c:\Users\STARIM\.vscode\extensions\vmware.vscode-spring-boot-1.53.0\language-server\BOOT-INF\lib\commons-java-1.53.0-SNAPSHOT.jar;c:\Users\STARIM\.vscode\extensions\vmware.vscode-spring-boot-1.53.0\language-server\BOOT-INF\lib\commons-lang3-3.13.0.jar;c:\Users\STARIM\.vscode\extensions\vmware.vscode-spring-boot-1.53.0\language-server\BOOT-INF\lib\commons-language-server-1.53.0-SNAPSHOT.jar;c:\Users\STARIM\.vscode\extensions\vmware.vscode-spring-boo
Launcher Type: SUN_STANDARD

[Global flags]
     intx CICompilerCount                          = 12                                        {product} {ergonomic}
     uint ConcGCThreads                            = 3                                         {product} {ergonomic}
     uint G1ConcRefinementThreads                  = 13                                        {product} {ergonomic}
   size_t G1HeapRegionSize                         = 1048576                                   {product} {ergonomic}
    uintx GCDrainStackTargetSize                   = 64                                        {product} {ergonomic}
     bool HeapDumpOnOutOfMemoryError               = true                                   {manageable} {command line}
   size_t InitialHeapSize                          = 125829120                                 {product} {ergonomic}
   size_t MarkStackSize                            = 4194304                                   {product} {ergonomic}
   size_t MaxHeapSize                              = 1073741824                                {product} {command line}
   size_t MaxNewSize                               = 643825664                                 {product} {ergonomic}
   size_t MinHeapDeltaBytes                        = 1048576                                   {product} {ergonomic}
   size_t MinHeapSize                              = 8388608                                   {product} {ergonomic}
    uintx NonProfiledCodeHeapSize                  = 0                                      {pd product} {ergonomic}
     bool ProfileInterpreter                       = false                                  {pd product} {command line}
    uintx ProfiledCodeHeapSize                     = 0                                      {pd product} {ergonomic}
   size_t SoftMaxHeapSize                          = 1073741824                             {manageable} {ergonomic}
     intx TieredStopAtLevel                        = 1                                         {product} {command line}
     bool UseCompressedClassPointers               = true                           {product lp64_product} {ergonomic}
     bool UseCompressedOops                        = true                           {product lp64_product} {ergonomic}
     bool UseG1GC                                  = true                                      {product} {ergonomic}
     bool UseLargePagesIndividualAllocation        = false                                  {pd product} {ergonomic}

Logging:
Log output configuration:
 #0: stdout all=warning,jni+resolve=off uptime,level,tags
 #1: stderr all=off uptime,level,tags

Environment Variables:
PATH=C:\Program Files\Common Files\Oracle\Java\javapath;C:\Windows\system32;C:\Windows;C:\Windows\System32\Wbem;C:\Windows\System32\WindowsPowerShell\v1.0\;C:\Windows\System32\OpenSSH\;C:\Program Files (x86)\NVIDIA Corporation\PhysX\Common;C:\Program Files\dotnet\;C:\Program Files\Microsoft SQL Server\Client SDK\ODBC\170\Tools\Binn\;C:\Program Files (x86)\Microsoft SQL Server\150\Tools\Binn\;C:\Program Files\Microsoft SQL Server\150\Tools\Binn\;C:\Program Files\Microsoft SQL Server\150\DTS\Binn\;C:\WINDOWS\system32;C:\WINDOWS;C:\WINDOWS\System32\Wbem;C:\WINDOWS\System32\WindowsPowerShell\v1.0\;C:\WINDOWS\System32\OpenSSH\;C:\Users\STARIM\Downloads\apache-maven-3.9.5-bin\apache-maven-3.9.5\bin;C:\Program Files\Java\jdk-21;C:\Program Files\Git\cmd;C:\Users\STARIM\AppData\Roaming\nvm;C:\Program Files\nodejs;C:\Users\STARIM\AppData\Local\Microsoft\WindowsApps;C:\Users\STARIM\.dotnet\tools;C:\Users\STARIM\AppData\Local\Programs\Microsoft VS Code\bin;C:\Users\STARIM\AppData\Local\Programs\mongosh\;C:\Program Files\JetBrains\IntelliJ IDEA Community Edition 2023.2.5\bin;;C:\Users\STARIM\AppData\Roaming\npm;C:\Users\STARIM\AppData\Roaming\nvm;C:\Program Files\nodejs
USERNAME=STARIM
OS=Windows_NT
PROCESSOR_IDENTIFIER=AMD64 Family 23 Model 96 Stepping 1, AuthenticAMD
TMP=C:\Users\STARIM\AppData\Local\Temp
TEMP=C:\Users\STARIM\AppData\Local\Temp



Periodic native trim disabled


---------------  S Y S T E M  ---------------

OS:
 Windows 11 , 64 bit Build 22621 (10.0.22621.3235)
OS uptime: 0 days 19:31 hours
Hyper-V role detected

CPU: total 16 (initial active 16) (16 cores per cpu, 2 threads per core) family 23 model 96 stepping 1 microcode 0x0, cx8, cmov, fxsr, ht, mmx, 3dnowpref, sse, sse2, sse3, ssse3, sse4a, sse4.1, sse4.2, popcnt, lzcnt, tsc, tscinvbit, avx, avx2, aes, clmul, bmi1, bmi2, adx, sha, fma, vzeroupper, clflush, clflushopt, hv
Processor Information for all 16 processors :
  Max Mhz: 2901, Current Mhz: 2901, Mhz Limit: 2901

Memory: 4k page, system-wide physical 7599M (573M free)
TotalPageFile size 15763M (AvailPageFile size 5M)
current process WorkingSet (physical memory assigned to process): 209M, peak: 266M
current process commit charge ("private bytes"): 310M, peak: 335M

vm_info: OpenJDK 64-Bit Server VM (17.0.10+7) for windows-amd64 JRE (17.0.10+7), built on Jan 16 2024 23:25:11 by "admin" with MS VC++ 16.10 / 16.11 (VS2019)

END.
