#
# There is insufficient memory for the Java Runtime Environment to continue.
# Native memory allocation (malloc) failed to allocate 470816 bytes for Chunk::new
# Possible reasons:
#   The system is out of physical RAM or swap space
#   The process is running with CompressedOops enabled, and the Java Heap may be blocking the growth of the native heap
# Possible solutions:
#   Reduce memory load on the system
#   Increase physical memory or swap space
#   Check if swap backing store is full
#   Decrease Java heap size (-Xmx/-Xms)
#   Decrease number of Java threads
#   Decrease Java thread stack sizes (-Xss)
#   Set larger code cache with -XX:ReservedCodeCacheSize=
#   JVM is running with Unscaled Compressed Oops mode in which the Java heap is
#     placed in the first 4GB address space. The Java Heap base address is the
#     maximum limit for the native heap growth. Please use -XX:HeapBaseMinAddress
#     to set the Java Heap base and to place the Java Heap above 4GB virtual address.
# This output file may be truncated or incomplete.
#
#  Out of Memory Error (arena.cpp:191), pid=23028, tid=24168
#
# JRE version: OpenJDK Runtime Environment Temurin-17.0.10+7 (17.0.10+7) (build 17.0.10+7)
# Java VM: OpenJDK 64-Bit Server VM Temurin-17.0.10+7 (17.0.10+7, mixed mode, tiered, compressed oops, compressed class ptrs, parallel gc, windows-amd64)
# No core dump will be written. Minidumps are not enabled by default on client versions of Windows
#

---------------  S U M M A R Y ------------

Command Line: --add-modules=ALL-SYSTEM --add-opens=java.base/java.util=ALL-UNNAMED --add-opens=java.base/java.lang=ALL-UNNAMED --add-opens=java.base/sun.nio.fs=ALL-UNNAMED -Declipse.application=org.eclipse.jdt.ls.core.id1 -Dosgi.bundles.defaultStartLevel=4 -Declipse.product=org.eclipse.jdt.ls.core.product -Djava.import.generatesMetadataFilesAtProjectRoot=false -DDetectVMInstallationsJob.disabled=true -Dfile.encoding=utf8 -XX:+UseParallelGC -XX:GCTimeRatio=4 -XX:AdaptiveSizePolicyWeight=90 -Dsun.zip.disableMemoryMapping=true -Xmx1G -Xms100m -Xlog:disable -javaagent:c:\Users\STARIM\.vscode\extensions\redhat.java-1.28.1-win32-x64\lombok\lombok-1.18.31.jar c:\Users\STARIM\.vscode\extensions\redhat.java-1.28.1-win32-x64\server\plugins\org.eclipse.equinox.launcher_1.6.700.v20231214-2017.jar -configuration c:\Users\STARIM\AppData\Roaming\Code\User\globalStorage\redhat.java\1.28.1\config_ss_win -data c:\Users\STARIM\AppData\Roaming\Code\User\workspaceStorage\acb77b6dbbcca2f86ee7bb19ff107631\redhat.java\ss_ws --stdio

Host: AMD Ryzen 7 4800H with Radeon Graphics         , 16 cores, 7G,  Windows 11 , 64 bit Build 22621 (10.0.22621.3235)
Time: Tue Mar 19 22:37:29 2024 India Standard Time elapsed time: 1.380342 seconds (0d 0h 0m 1s)

---------------  T H R E A D  ---------------

Current thread (0x0000025f28ef3d10):  JavaThread "C2 CompilerThread0" daemon [_thread_in_native, id=24168, stack(0x000000c719100000,0x000000c719200000)]


Current CompileTask:
C2:   1380 1862       4       java.io.DataInputStream::readUTF (501 bytes)

Stack: [0x000000c719100000,0x000000c719200000]
Native frames: (J=compiled Java code, j=interpreted, Vv=VM code, C=native code)
V  [jvm.dll+0x67d2c9]
V  [jvm.dll+0x834afa]
V  [jvm.dll+0x8365be]
V  [jvm.dll+0x836c23]
V  [jvm.dll+0x2477ff]
V  [jvm.dll+0xac514]
V  [jvm.dll+0xacb5c]
V  [jvm.dll+0x3667d7]
V  [jvm.dll+0x330bfa]
V  [jvm.dll+0x33009a]
V  [jvm.dll+0x219ef1]
V  [jvm.dll+0x219311]
V  [jvm.dll+0x1a502d]
V  [jvm.dll+0x2290de]
V  [jvm.dll+0x2272ac]
V  [jvm.dll+0x7e9bb7]
V  [jvm.dll+0x7e3fba]
V  [jvm.dll+0x67c1b5]
C  [ucrtbase.dll+0x29363]
C  [KERNEL32.DLL+0x1257d]
C  [ntdll.dll+0x5aa58]


---------------  P R O C E S S  ---------------

Threads class SMR info:
_java_thread_list=0x0000025f2b542e20, length=19, elements={
0x0000025f0fe60bb0, 0x0000025f23ce6030, 0x0000025f23ce7460, 0x0000025f28ee8360,
0x0000025f28ee90f0, 0x0000025f28eeeef0, 0x0000025f28ef2c50, 0x0000025f28ef3d10,
0x0000025f28ef7bd0, 0x0000025f28efacd0, 0x0000025f0fec8600, 0x0000025f2902d1f0,
0x0000025f29089040, 0x0000025f2b063680, 0x0000025f2b78e3a0, 0x0000025f2b6624a0,
0x0000025f2b59c7a0, 0x0000025f2bc344e0, 0x0000025f2b513080
}

Java Threads: ( => current thread )
  0x0000025f0fe60bb0 JavaThread "main" [_thread_blocked, id=14016, stack(0x000000c718800000,0x000000c718900000)]
  0x0000025f23ce6030 JavaThread "Reference Handler" daemon [_thread_blocked, id=12936, stack(0x000000c718b00000,0x000000c718c00000)]
  0x0000025f23ce7460 JavaThread "Finalizer" daemon [_thread_blocked, id=17568, stack(0x000000c718c00000,0x000000c718d00000)]
  0x0000025f28ee8360 JavaThread "Signal Dispatcher" daemon [_thread_blocked, id=20876, stack(0x000000c718d00000,0x000000c718e00000)]
  0x0000025f28ee90f0 JavaThread "Attach Listener" daemon [_thread_blocked, id=17244, stack(0x000000c718e00000,0x000000c718f00000)]
  0x0000025f28eeeef0 JavaThread "Service Thread" daemon [_thread_blocked, id=13544, stack(0x000000c718f00000,0x000000c719000000)]
  0x0000025f28ef2c50 JavaThread "Monitor Deflation Thread" daemon [_thread_blocked, id=4596, stack(0x000000c719000000,0x000000c719100000)]
=>0x0000025f28ef3d10 JavaThread "C2 CompilerThread0" daemon [_thread_in_native, id=24168, stack(0x000000c719100000,0x000000c719200000)]
  0x0000025f28ef7bd0 JavaThread "C1 CompilerThread0" daemon [_thread_in_native, id=8972, stack(0x000000c719200000,0x000000c719300000)]
  0x0000025f28efacd0 JavaThread "Sweeper thread" daemon [_thread_blocked, id=10296, stack(0x000000c719300000,0x000000c719400000)]
  0x0000025f0fec8600 JavaThread "Common-Cleaner" daemon [_thread_blocked, id=1700, stack(0x000000c719400000,0x000000c719500000)]
  0x0000025f2902d1f0 JavaThread "C1 CompilerThread1" daemon [_thread_in_vm, id=4520, stack(0x000000c719500000,0x000000c719600000)]
  0x0000025f29089040 JavaThread "C1 CompilerThread2" daemon [_thread_in_native, id=6248, stack(0x000000c719600000,0x000000c719700000)]
  0x0000025f2b063680 JavaThread "Notification Thread" daemon [_thread_blocked, id=17200, stack(0x000000c719700000,0x000000c719800000)]
  0x0000025f2b78e3a0 JavaThread "Active Thread: Equinox Container: 33ace10a-662d-4704-8442-f754a0e6d255" [_thread_blocked, id=14944, stack(0x000000c719e00000,0x000000c719f00000)]
  0x0000025f2b6624a0 JavaThread "Framework Event Dispatcher: Equinox Container: 33ace10a-662d-4704-8442-f754a0e6d255" daemon [_thread_blocked, id=20248, stack(0x000000c719f00000,0x000000c71a000000)]
  0x0000025f2b59c7a0 JavaThread "Start Level: Equinox Container: 33ace10a-662d-4704-8442-f754a0e6d255" daemon [_thread_in_vm, id=10740, stack(0x000000c71a000000,0x000000c71a100000)]
  0x0000025f2bc344e0 JavaThread "SCR Component Actor" daemon [_thread_blocked, id=23656, stack(0x000000c71a100000,0x000000c71a200000)]
  0x0000025f2b513080 JavaThread "SCR Component Registry" daemon [_thread_blocked, id=21852, stack(0x000000c71a400000,0x000000c71a500000)]

Other Threads:
  0x0000025f0ff0eb20 VMThread "VM Thread" [stack: 0x000000c718a00000,0x000000c718b00000] [id=21216]
  0x0000025f2b064170 WatcherThread [stack: 0x000000c719800000,0x000000c719900000] [id=19420]
  0x0000025f0fe7b710 GCTaskThread "GC Thread#0" [stack: 0x000000c718900000,0x000000c718a00000] [id=18916]
  0x0000025f2b1b99e0 GCTaskThread "GC Thread#1" [stack: 0x000000c719900000,0x000000c719a00000] [id=17320]
  0x0000025f2b9d2b30 GCTaskThread "GC Thread#2" [stack: 0x000000c719a00000,0x000000c719b00000] [id=13308]
  0x0000025f2b787ea0 GCTaskThread "GC Thread#3" [stack: 0x000000c719b00000,0x000000c719c00000] [id=2308]
  0x0000025f2b788160 GCTaskThread "GC Thread#4" [stack: 0x000000c719c00000,0x000000c719d00000] [id=16844]
  0x0000025f2b788420 GCTaskThread "GC Thread#5" [stack: 0x000000c719d00000,0x000000c719e00000] [id=14072]
  0x0000025f2bce4eb0 GCTaskThread "GC Thread#6" [stack: 0x000000c71a200000,0x000000c71a300000] [id=6504]
  0x0000025f2bce5170 GCTaskThread "GC Thread#7" [stack: 0x000000c71a300000,0x000000c71a400000] [id=7664]

Threads with active compile tasks:
C2 CompilerThread0     1391 1862       4       java.io.DataInputStream::readUTF (501 bytes)
C1 CompilerThread0     1391 1909       3       java.lang.invoke.InvokerBytecodeGenerator::emitStaticInvoke (258 bytes)
C1 CompilerThread1     1391 1912       3       jdk.internal.org.objectweb.asm.Type::getTypeInternal (199 bytes)
C1 CompilerThread2     1391 1907       3       java.lang.invoke.InvokerBytecodeGenerator::isStaticallyInvocable (168 bytes)

VM state: not at safepoint (normal execution)

VM Mutex/Monitor currently owned by a thread: None

Heap address: 0x00000000c0000000, size: 1024 MB, Compressed Oops mode: 32-bit

CDS archive(s) not mapped
Compressed class space mapped at: 0x0000000100000000-0x0000000140000000, reserved size: 1073741824
Narrow klass base: 0x0000000000000000, Narrow klass shift: 3, Narrow klass range: 0x140000000

GC Precious Log:
 CPUs: 16 total, 16 available
 Memory: 7599M
 Large Page Support: Disabled
 NUMA Support: Disabled
 Compressed Oops: Enabled (32-bit)
 Alignments: Space 512K, Generation 512K, Heap 2M
 Heap Min Capacity: 100M
 Heap Initial Capacity: 100M
 Heap Max Capacity: 1G
 Pre-touch: Disabled
 Parallel Workers: 13

Heap:
 PSYoungGen      total 29696K, used 17592K [0x00000000eab00000, 0x00000000ecc00000, 0x0000000100000000)
  eden space 25600K, 52% used [0x00000000eab00000,0x00000000eb8313e0,0x00000000ec400000)
  from space 4096K, 99% used [0x00000000ec800000,0x00000000ecbfcde8,0x00000000ecc00000)
  to   space 4096K, 0% used [0x00000000ec400000,0x00000000ec400000,0x00000000ec800000)
 ParOldGen       total 68608K, used 694K [0x00000000c0000000, 0x00000000c4300000, 0x00000000eab00000)
  object space 68608K, 1% used [0x00000000c0000000,0x00000000c00ad840,0x00000000c4300000)
 Metaspace       used 17293K, committed 17664K, reserved 1114112K
  class space    used 1772K, committed 1920K, reserved 1048576K

Card table byte_map: [0x0000025f0f7f0000,0x0000025f0fa00000] _byte_map_base: 0x0000025f0f1f0000

Marking Bits: (ParMarkBitMap*) 0x00007ffcf737d7d0
 Begin Bits: [0x0000025f21af0000, 0x0000025f22af0000)
 End Bits:   [0x0000025f22af0000, 0x0000025f23af0000)

Polling page: 0x0000025f0dfc0000

Metaspace:

Usage:
  Non-class:     15.16 MB used.
      Class:      1.73 MB used.
       Both:     16.89 MB used.

Virtual space:
  Non-class space:       64.00 MB reserved,      15.38 MB ( 24%) committed,  1 nodes.
      Class space:        1.00 GB reserved,       1.88 MB ( <1%) committed,  1 nodes.
             Both:        1.06 GB reserved,      17.25 MB (  2%) committed. 

Chunk freelists:
   Non-Class:  222.00 KB
       Class:  14.19 MB
        Both:  14.40 MB

MaxMetaspaceSize: unlimited
CompressedClassSpaceSize: 1.00 GB
Initial GC threshold: 21.00 MB
Current GC threshold: 21.00 MB
CDS: off
MetaspaceReclaimPolicy: balanced
 - commit_granule_bytes: 65536.
 - commit_granule_words: 8192.
 - virtual_space_node_default_size: 8388608.
 - enlarge_chunks_in_place: 1.
 - new_chunks_are_fully_committed: 0.
 - uncommit_free_chunks: 1.
 - use_allocation_guard: 0.
 - handle_deallocations: 1.


Internal statistics:

num_allocs_failed_limit: 0.
num_arena_births: 142.
num_arena_deaths: 0.
num_vsnodes_births: 2.
num_vsnodes_deaths: 0.
num_space_committed: 276.
num_space_uncommitted: 0.
num_chunks_returned_to_freelist: 0.
num_chunks_taken_from_freelist: 461.
num_chunk_merges: 0.
num_chunk_splits: 298.
num_chunks_enlarged: 216.
num_inconsistent_stats: 0.

CodeHeap 'non-profiled nmethods': size=119168Kb used=689Kb max_used=689Kb free=118478Kb
 bounds [0x0000025f1a690000, 0x0000025f1a900000, 0x0000025f21af0000]
CodeHeap 'profiled nmethods': size=119104Kb used=3709Kb max_used=3709Kb free=115394Kb
 bounds [0x0000025f12af0000, 0x0000025f12e90000, 0x0000025f19f40000]
CodeHeap 'non-nmethods': size=7488Kb used=2303Kb max_used=2318Kb free=5184Kb
 bounds [0x0000025f19f40000, 0x0000025f1a1b0000, 0x0000025f1a690000]
 total_blobs=2381 nmethods=1909 adapters=384
 compilation: enabled
              stopped_count=0, restarted_count=0
 full_count=0

Compilation events (20 events):
Event: 1.372 Thread 0x0000025f29089040 nmethod 1871 0x0000025f12e7a710 code [0x0000025f12e7a960, 0x0000025f12e7b338]
Event: 1.372 Thread 0x0000025f28ef7bd0 nmethod 1870 0x0000025f12e7b810 code [0x0000025f12e7ba80, 0x0000025f12e7c518]
Event: 1.373 Thread 0x0000025f28ef7bd0 1873       1       com.sun.org.apache.xerces.internal.utils.XMLSecurityManager$Limit::systemProperty (5 bytes)
Event: 1.374 Thread 0x0000025f28ef7bd0 nmethod 1873 0x0000025f1a73a590 code [0x0000025f1a73a720, 0x0000025f1a73a7f8]
Event: 1.374 Thread 0x0000025f2902d1f0 1874       1       com.sun.org.apache.xerces.internal.util.Status::isExceptional (5 bytes)
Event: 1.374 Thread 0x0000025f2902d1f0 nmethod 1874 0x0000025f1a73a890 code [0x0000025f1a73aa20, 0x0000025f1a73aaf8]
Event: 1.374 Thread 0x0000025f2902d1f0 1875       3       com.sun.org.apache.xerces.internal.impl.XMLEntityScanner::checkEntityLimit (50 bytes)
Event: 1.374 Thread 0x0000025f28ef7bd0 1876       3       com.sun.org.apache.xerces.internal.impl.XMLEntityScanner::checkBeforeLoad (140 bytes)
Event: 1.374 Thread 0x0000025f2902d1f0 nmethod 1875 0x0000025f12e7ca90 code [0x0000025f12e7cc60, 0x0000025f12e7cf98]
Event: 1.375 Thread 0x0000025f28ef7bd0 nmethod 1876 0x0000025f12e7d090 code [0x0000025f12e7d280, 0x0000025f12e7d798]
Event: 1.375 Thread 0x0000025f28ef7bd0 1877       3       java.lang.invoke.Invokers$Holder::linkToTargetMethod (9 bytes)
Event: 1.375 Thread 0x0000025f29089040 1878       3       java.lang.invoke.DirectMethodHandle$Holder::newInvokeSpecial (21 bytes)
Event: 1.375 Thread 0x0000025f2902d1f0 1879       3       java.security.AccessController::executePrivileged (65 bytes)
Event: 1.375 Thread 0x0000025f2902d1f0 nmethod 1879 0x0000025f12e7d990 code [0x0000025f12e7db60, 0x0000025f12e7de58]
Event: 1.375 Thread 0x0000025f28ef7bd0 nmethod 1877 0x0000025f12e7df90 code [0x0000025f12e7e140, 0x0000025f12e7e4d8]
Event: 1.375 Thread 0x0000025f29089040 nmethod 1878 0x0000025f12e7e590 code [0x0000025f12e7e780, 0x0000025f12e7eec8]
Event: 1.375 Thread 0x0000025f28ef7bd0 1880       3       com.sun.org.apache.xerces.internal.util.XMLChar::isSpace (22 bytes)
Event: 1.376 Thread 0x0000025f28ef7bd0 nmethod 1880 0x0000025f12e7f090 code [0x0000025f12e7f220, 0x0000025f12e7f3d8]
Event: 1.376 Thread 0x0000025f28ef7bd0 1881       1       com.sun.org.apache.xerces.internal.util.XMLAttributesImpl::getLength (5 bytes)
Event: 1.376 Thread 0x0000025f28ef7bd0 nmethod 1881 0x0000025f1a73ab90 code [0x0000025f1a73ad20, 0x0000025f1a73adf8]

GC Heap History (4 events):
Event: 0.590 GC heap before
{Heap before GC invocations=1 (full 0):
 PSYoungGen      total 29696K, used 25600K [0x00000000eab00000, 0x00000000ecc00000, 0x0000000100000000)
  eden space 25600K, 100% used [0x00000000eab00000,0x00000000ec400000,0x00000000ec400000)
  from space 4096K, 0% used [0x00000000ec800000,0x00000000ec800000,0x00000000ecc00000)
  to   space 4096K, 0% used [0x00000000ec400000,0x00000000ec400000,0x00000000ec800000)
 ParOldGen       total 68608K, used 0K [0x00000000c0000000, 0x00000000c4300000, 0x00000000eab00000)
  object space 68608K, 0% used [0x00000000c0000000,0x00000000c0000000,0x00000000c4300000)
 Metaspace       used 10737K, committed 10880K, reserved 1114112K
  class space    used 1065K, committed 1152K, reserved 1048576K
}
Event: 0.594 GC heap after
{Heap after GC invocations=1 (full 0):
 PSYoungGen      total 29696K, used 3069K [0x00000000eab00000, 0x00000000ecc00000, 0x0000000100000000)
  eden space 25600K, 0% used [0x00000000eab00000,0x00000000eab00000,0x00000000ec400000)
  from space 4096K, 74% used [0x00000000ec400000,0x00000000ec6ff5c8,0x00000000ec800000)
  to   space 4096K, 0% used [0x00000000ec800000,0x00000000ec800000,0x00000000ecc00000)
 ParOldGen       total 68608K, used 16K [0x00000000c0000000, 0x00000000c4300000, 0x00000000eab00000)
  object space 68608K, 0% used [0x00000000c0000000,0x00000000c0004000,0x00000000c4300000)
 Metaspace       used 10737K, committed 10880K, reserved 1114112K
  class space    used 1065K, committed 1152K, reserved 1048576K
}
Event: 1.074 GC heap before
{Heap before GC invocations=2 (full 0):
 PSYoungGen      total 29696K, used 28669K [0x00000000eab00000, 0x00000000ecc00000, 0x0000000100000000)
  eden space 25600K, 100% used [0x00000000eab00000,0x00000000ec400000,0x00000000ec400000)
  from space 4096K, 74% used [0x00000000ec400000,0x00000000ec6ff5c8,0x00000000ec800000)
  to   space 4096K, 0% used [0x00000000ec800000,0x00000000ec800000,0x00000000ecc00000)
 ParOldGen       total 68608K, used 16K [0x00000000c0000000, 0x00000000c4300000, 0x00000000eab00000)
  object space 68608K, 0% used [0x00000000c0000000,0x00000000c0004000,0x00000000c4300000)
 Metaspace       used 14579K, committed 14784K, reserved 1114112K
  class space    used 1464K, committed 1536K, reserved 1048576K
}
Event: 1.079 GC heap after
{Heap after GC invocations=2 (full 0):
 PSYoungGen      total 29696K, used 4083K [0x00000000eab00000, 0x00000000ecc00000, 0x0000000100000000)
  eden space 25600K, 0% used [0x00000000eab00000,0x00000000eab00000,0x00000000ec400000)
  from space 4096K, 99% used [0x00000000ec800000,0x00000000ecbfcde8,0x00000000ecc00000)
  to   space 4096K, 0% used [0x00000000ec400000,0x00000000ec400000,0x00000000ec800000)
 ParOldGen       total 68608K, used 694K [0x00000000c0000000, 0x00000000c4300000, 0x00000000eab00000)
  object space 68608K, 1% used [0x00000000c0000000,0x00000000c00ad840,0x00000000c4300000)
 Metaspace       used 14579K, committed 14784K, reserved 1114112K
  class space    used 1464K, committed 1536K, reserved 1048576K
}

Dll operation events (9 events):
Event: 0.013 Loaded shared library c:\Users\STARIM\.vscode\extensions\redhat.java-1.28.1-win32-x64\jre\17.0.10-win32-x86_64\bin\java.dll
Event: 0.107 Loaded shared library c:\Users\STARIM\.vscode\extensions\redhat.java-1.28.1-win32-x64\jre\17.0.10-win32-x86_64\bin\zip.dll
Event: 0.110 Loaded shared library C:\Users\STARIM\.vscode\extensions\redhat.java-1.28.1-win32-x64\jre\17.0.10-win32-x86_64\bin\instrument.dll
Event: 0.121 Loaded shared library C:\Users\STARIM\.vscode\extensions\redhat.java-1.28.1-win32-x64\jre\17.0.10-win32-x86_64\bin\net.dll
Event: 0.123 Loaded shared library C:\Users\STARIM\.vscode\extensions\redhat.java-1.28.1-win32-x64\jre\17.0.10-win32-x86_64\bin\nio.dll
Event: 0.129 Loaded shared library C:\Users\STARIM\.vscode\extensions\redhat.java-1.28.1-win32-x64\jre\17.0.10-win32-x86_64\bin\zip.dll
Event: 0.147 Loaded shared library C:\Users\STARIM\.vscode\extensions\redhat.java-1.28.1-win32-x64\jre\17.0.10-win32-x86_64\bin\jimage.dll
Event: 0.201 Loaded shared library c:\Users\STARIM\.vscode\extensions\redhat.java-1.28.1-win32-x64\jre\17.0.10-win32-x86_64\bin\verify.dll
Event: 0.965 Loaded shared library C:\Users\STARIM\AppData\Roaming\Code\User\globalStorage\redhat.java\1.28.1\config_ss_win\org.eclipse.equinox.launcher\org.eclipse.equinox.launcher.win32.win32.x86_64_1.2.900.v20240129-1338\eclipse_11900.dll

Deoptimization events (20 events):
Event: 1.360 Thread 0x0000025f2b59c7a0 Uncommon trap: trap_request=0xffffffde fr.pc=0x0000025f1a6f671c relative=0x00000000000012bc
Event: 1.360 Thread 0x0000025f2b59c7a0 Uncommon trap: reason=class_check action=maybe_recompile pc=0x0000025f1a6f671c method=java.io.DataInputStream.readFully([BII)V @ 30 c2
Event: 1.360 Thread 0x0000025f2b59c7a0 DEOPT PACKING pc=0x0000025f1a6f671c sp=0x000000c71a0fba70
Event: 1.360 Thread 0x0000025f2b59c7a0 DEOPT UNPACKING pc=0x0000025f19f966a3 sp=0x000000c71a0fb9b8 mode 2
Event: 1.360 Thread 0x0000025f2b59c7a0 Uncommon trap: trap_request=0xffffffde fr.pc=0x0000025f1a6fc534 relative=0x0000000000000294
Event: 1.360 Thread 0x0000025f2b59c7a0 Uncommon trap: reason=class_check action=maybe_recompile pc=0x0000025f1a6fc534 method=java.io.DataInputStream.readUnsignedByte()I @ 4 c2
Event: 1.360 Thread 0x0000025f2b59c7a0 DEOPT PACKING pc=0x0000025f1a6fc534 sp=0x000000c71a0fbbb0
Event: 1.360 Thread 0x0000025f2b59c7a0 DEOPT UNPACKING pc=0x0000025f19f966a3 sp=0x000000c71a0fbb08 mode 2
Event: 1.360 Thread 0x0000025f2b59c7a0 Uncommon trap: trap_request=0xffffffde fr.pc=0x0000025f1a6fc534 relative=0x0000000000000294
Event: 1.360 Thread 0x0000025f2b59c7a0 Uncommon trap: reason=class_check action=maybe_recompile pc=0x0000025f1a6fc534 method=java.io.DataInputStream.readUnsignedByte()I @ 4 c2
Event: 1.360 Thread 0x0000025f2b59c7a0 DEOPT PACKING pc=0x0000025f1a6fc534 sp=0x000000c71a0fbbb0
Event: 1.360 Thread 0x0000025f2b59c7a0 DEOPT UNPACKING pc=0x0000025f19f966a3 sp=0x000000c71a0fbb08 mode 2
Event: 1.360 Thread 0x0000025f2b59c7a0 Uncommon trap: trap_request=0xffffffde fr.pc=0x0000025f1a6f671c relative=0x00000000000012bc
Event: 1.360 Thread 0x0000025f2b59c7a0 Uncommon trap: reason=class_check action=maybe_recompile pc=0x0000025f1a6f671c method=java.io.DataInputStream.readFully([BII)V @ 30 c2
Event: 1.360 Thread 0x0000025f2b59c7a0 DEOPT PACKING pc=0x0000025f1a6f671c sp=0x000000c71a0fba70
Event: 1.360 Thread 0x0000025f2b59c7a0 DEOPT UNPACKING pc=0x0000025f19f966a3 sp=0x000000c71a0fb9b8 mode 2
Event: 1.360 Thread 0x0000025f2b59c7a0 Uncommon trap: trap_request=0xffffffde fr.pc=0x0000025f1a6f671c relative=0x00000000000012bc
Event: 1.360 Thread 0x0000025f2b59c7a0 Uncommon trap: reason=class_check action=maybe_recompile pc=0x0000025f1a6f671c method=java.io.DataInputStream.readFully([BII)V @ 30 c2
Event: 1.360 Thread 0x0000025f2b59c7a0 DEOPT PACKING pc=0x0000025f1a6f671c sp=0x000000c71a0fba70
Event: 1.360 Thread 0x0000025f2b59c7a0 DEOPT UNPACKING pc=0x0000025f19f966a3 sp=0x000000c71a0fb9b8 mode 2

Classes unloaded (0 events):
No events

Classes redefined (0 events):
No events

Internal exceptions (20 events):
Event: 0.396 Thread 0x0000025f0fe60bb0 Exception <a 'java/io/FileNotFoundException'{0x00000000eb97bc00}> (0x00000000eb97bc00) 
thrown [s\src\hotspot\share\prims\jni.cpp, line 516]
Event: 0.399 Thread 0x0000025f0fe60bb0 Implicit null exception at 0x0000025f1a6b33f2 to 0x0000025f1a6b3910
Event: 0.401 Thread 0x0000025f0fe60bb0 Exception <a 'java/io/FileNotFoundException'{0x00000000eb9b6500}> (0x00000000eb9b6500) 
thrown [s\src\hotspot\share\prims\jni.cpp, line 516]
Event: 0.529 Thread 0x0000025f0fe60bb0 Exception <a 'java/lang/ClassNotFoundException'{0x00000000ec1bdee0}: sun/net/www/protocol/c/Handler> (0x00000000ec1bdee0) 
thrown [s\src\hotspot\share\classfile\systemDictionary.cpp, line 256]
Event: 0.529 Thread 0x0000025f0fe60bb0 Exception <a 'java/lang/ClassNotFoundException'{0x00000000ec1bf2b0}: sun/net/www/protocol/c/Handler> (0x00000000ec1bf2b0) 
thrown [s\src\hotspot\share\classfile\systemDictionary.cpp, line 256]
Event: 0.529 Thread 0x0000025f0fe60bb0 Exception <a 'java/lang/ClassNotFoundException'{0x00000000ec1c0518}: sun/net/www/protocol/c/Handler> (0x00000000ec1c0518) 
thrown [s\src\hotspot\share\classfile\systemDictionary.cpp, line 256]
Event: 0.535 Thread 0x0000025f0fe60bb0 Exception <a 'java/io/FileNotFoundException'{0x00000000ec1e4308}> (0x00000000ec1e4308) 
thrown [s\src\hotspot\share\prims\jni.cpp, line 516]
Event: 0.617 Thread 0x0000025f0fe60bb0 Exception <a 'java/lang/NoSuchMethodError'{0x00000000eabff498}: 'int java.lang.invoke.DirectMethodHandle$Holder.invokeStaticInit(java.lang.Object, java.lang.Object, java.lang.Object, java.lang.Object)'> (0x00000000eabff498) 
thrown [s\src\hotspot\share\interpreter\linkResolver.cpp, line 759]
Event: 0.618 Thread 0x0000025f0fe60bb0 Exception <a 'java/lang/NoSuchMethodError'{0x00000000eac09c10}: 'java.lang.Object java.lang.invoke.DirectMethodHandle$Holder.invokeInterface(java.lang.Object, java.lang.Object)'> (0x00000000eac09c10) 
thrown [s\src\hotspot\share\interpreter\linkResolver.cpp, line 759]
Event: 0.618 Thread 0x0000025f0fe60bb0 Exception <a 'java/lang/IncompatibleClassChangeError'{0x00000000eac0d408}: Found class java.lang.Object, but interface was expected> (0x00000000eac0d408) 
thrown [s\src\hotspot\share\interpreter\linkResolver.cpp, line 826]
Event: 0.619 Thread 0x0000025f0fe60bb0 Exception <a 'java/lang/NoSuchMethodError'{0x00000000eac118f8}: 'void java.lang.invoke.DirectMethodHandle$Holder.invokeStatic(java.lang.Object, java.lang.Object)'> (0x00000000eac118f8) 
thrown [s\src\hotspot\share\interpreter\linkResolver.cpp, line 759]
Event: 0.619 Thread 0x0000025f0fe60bb0 Exception <a 'java/lang/NoSuchMethodError'{0x00000000eac150f8}: 'void java.lang.invoke.DirectMethodHandle$Holder.invokeStaticInit(java.lang.Object, java.lang.Object)'> (0x00000000eac150f8) 
thrown [s\src\hotspot\share\interpreter\linkResolver.cpp, line 759]
Event: 0.621 Thread 0x0000025f0fe60bb0 Exception <a 'java/lang/NoSuchMethodError'{0x00000000eac1c608}: 'int java.lang.invoke.DirectMethodHandle$Holder.invokeStaticInit(java.lang.Object, java.lang.Object)'> (0x00000000eac1c608) 
thrown [s\src\hotspot\share\interpreter\linkResolver.cpp, line 759]
Event: 0.651 Thread 0x0000025f0fe60bb0 Exception <a 'java/lang/NoSuchMethodError'{0x00000000ead86370}: 'void java.lang.invoke.DirectMethodHandle$Holder.invokeSpecial(java.lang.Object, java.lang.Object, java.lang.Object)'> (0x00000000ead86370) 
thrown [s\src\hotspot\share\interpreter\linkResolver.cpp, line 759]
Event: 0.843 Thread 0x0000025f0fe60bb0 Exception <a 'java/lang/NoSuchMethodError'{0x00000000eba73888}: 'java.lang.Object java.lang.invoke.DirectMethodHandle$Holder.newInvokeSpecial(java.lang.Object, int, java.lang.Object)'> (0x00000000eba73888) 
thrown [s\src\hotspot\share\interpreter\linkResolver.cpp, line 759]
Event: 0.957 Thread 0x0000025f0fe60bb0 Exception <a 'java/lang/UnsatisfiedLinkError'{0x00000000ebfead98}: 'void org.eclipse.equinox.launcher.JNIBridge._update_splash()'> (0x00000000ebfead98) 
thrown [s\src\hotspot\share\prims\nativeLookup.cpp, line 543]
Event: 1.031 Thread 0x0000025f2b59c7a0 Exception <a 'java/lang/NoSuchMethodError'{0x00000000ec2ad6f8}: 'java.lang.Object java.lang.invoke.DirectMethodHandle$Holder.invokeStaticInit(java.lang.Object)'> (0x00000000ec2ad6f8) 
thrown [s\src\hotspot\share\interpreter\linkResolver.cpp, line 759]
Event: 1.071 Thread 0x0000025f2b59c7a0 Exception <a 'java/lang/NullPointerException'{0x00000000ec3eba20}> (0x00000000ec3eba20) 
thrown [s\src\hotspot\share\interpreter\linkResolver.cpp, line 1350]
Event: 1.071 Thread 0x0000025f2b59c7a0 Exception <a 'java/lang/NullPointerException'{0x00000000ec3ebcf8}> (0x00000000ec3ebcf8) 
thrown [s\src\hotspot\share\interpreter\linkResolver.cpp, line 1350]
Event: 1.351 Thread 0x0000025f2b59c7a0 Exception <a 'java/io/FileNotFoundException'{0x00000000eb68d700}> (0x00000000eb68d700) 
thrown [s\src\hotspot\share\prims\jni.cpp, line 516]

VM Operations (20 events):
Event: 0.160 Executing VM operation: HandshakeAllThreads
Event: 0.160 Executing VM operation: HandshakeAllThreads done
Event: 0.379 Executing VM operation: HandshakeAllThreads
Event: 0.379 Executing VM operation: HandshakeAllThreads done
Event: 0.389 Executing VM operation: HandshakeAllThreads
Event: 0.389 Executing VM operation: HandshakeAllThreads done
Event: 0.590 Executing VM operation: ParallelGCFailedAllocation
Event: 0.594 Executing VM operation: ParallelGCFailedAllocation done
Event: 0.822 Executing VM operation: HandshakeAllThreads
Event: 0.822 Executing VM operation: HandshakeAllThreads done
Event: 0.822 Executing VM operation: HandshakeAllThreads
Event: 0.822 Executing VM operation: HandshakeAllThreads done
Event: 0.827 Executing VM operation: HandshakeAllThreads
Event: 0.827 Executing VM operation: HandshakeAllThreads done
Event: 0.838 Executing VM operation: HandshakeAllThreads
Event: 0.838 Executing VM operation: HandshakeAllThreads done
Event: 1.065 Executing VM operation: HandshakeAllThreads
Event: 1.065 Executing VM operation: HandshakeAllThreads done
Event: 1.074 Executing VM operation: ParallelGCFailedAllocation
Event: 1.079 Executing VM operation: ParallelGCFailedAllocation done

Events (20 events):
Event: 1.207 loading class java/util/concurrent/CompletionStage done
Event: 1.209 loading class java/util/Timer
Event: 1.209 loading class java/util/Timer done
Event: 1.209 loading class java/util/TaskQueue
Event: 1.209 loading class java/util/TaskQueue done
Event: 1.210 loading class java/util/TimerThread
Event: 1.210 loading class java/util/TimerThread done
Event: 1.210 loading class java/util/Timer$ThreadReaper
Event: 1.210 loading class java/util/Timer$ThreadReaper done
Event: 1.210 Thread 0x0000025f2b513080 Thread added: 0x0000025f2b513080
Event: 1.224 loading class java/util/concurrent/locks/ReentrantLock$FairSync
Event: 1.224 loading class java/util/concurrent/locks/ReentrantLock$FairSync done
Event: 1.227 loading class java/util/Collections$ReverseComparator
Event: 1.228 loading class java/util/Collections$ReverseComparator done
Event: 1.299 loading class java/lang/CloneNotSupportedException
Event: 1.299 loading class java/lang/CloneNotSupportedException done
Event: 1.316 loading class java/util/TreeMap$Values
Event: 1.317 loading class java/util/TreeMap$Values done
Event: 1.317 loading class java/util/TreeMap$ValueIterator
Event: 1.317 loading class java/util/TreeMap$ValueIterator done


Dynamic libraries:
0x00007ff6e8ca0000 - 0x00007ff6e8cae000 	c:\Users\STARIM\.vscode\extensions\redhat.java-1.28.1-win32-x64\jre\17.0.10-win32-x86_64\bin\java.exe
0x00007ffd89810000 - 0x00007ffd89a26000 	C:\WINDOWS\SYSTEM32\ntdll.dll
0x00007ffd87f40000 - 0x00007ffd88004000 	C:\WINDOWS\System32\KERNEL32.DLL
0x00007ffd871b0000 - 0x00007ffd87556000 	C:\WINDOWS\System32\KERNELBASE.dll
0x00007ffd86b50000 - 0x00007ffd86c61000 	C:\WINDOWS\System32\ucrtbase.dll
0x00007ffd75820000 - 0x00007ffd7583b000 	c:\Users\STARIM\.vscode\extensions\redhat.java-1.28.1-win32-x64\jre\17.0.10-win32-x86_64\bin\VCRUNTIME140.dll
0x00007ffd71960000 - 0x00007ffd71977000 	c:\Users\STARIM\.vscode\extensions\redhat.java-1.28.1-win32-x64\jre\17.0.10-win32-x86_64\bin\jli.dll
0x00007ffd88e60000 - 0x00007ffd8900d000 	C:\WINDOWS\System32\USER32.dll
0x00007ffd86c70000 - 0x00007ffd86c96000 	C:\WINDOWS\System32\win32u.dll
0x00007ffd7db50000 - 0x00007ffd7dde3000 	C:\WINDOWS\WinSxS\amd64_microsoft.windows.common-controls_6595b64144ccf1df_6.0.22621.3235_none_270f74e173860f98\COMCTL32.dll
0x00007ffd881a0000 - 0x00007ffd881c9000 	C:\WINDOWS\System32\GDI32.dll
0x00007ffd880d0000 - 0x00007ffd88177000 	C:\WINDOWS\System32\msvcrt.dll
0x00007ffd86e10000 - 0x00007ffd86f28000 	C:\WINDOWS\System32\gdi32full.dll
0x00007ffd86fd0000 - 0x00007ffd8706a000 	C:\WINDOWS\System32\msvcp_win.dll
0x00007ffd87660000 - 0x00007ffd87691000 	C:\WINDOWS\System32\IMM32.DLL
0x00007ffd81ac0000 - 0x00007ffd81acc000 	c:\Users\STARIM\.vscode\extensions\redhat.java-1.28.1-win32-x64\jre\17.0.10-win32-x86_64\bin\vcruntime140_1.dll
0x00007ffd45ea0000 - 0x00007ffd45f2d000 	c:\Users\STARIM\.vscode\extensions\redhat.java-1.28.1-win32-x64\jre\17.0.10-win32-x86_64\bin\msvcp140.dll
0x00007ffcf67e0000 - 0x00007ffcf7442000 	c:\Users\STARIM\.vscode\extensions\redhat.java-1.28.1-win32-x64\jre\17.0.10-win32-x86_64\bin\server\jvm.dll
0x00007ffd88010000 - 0x00007ffd880c2000 	C:\WINDOWS\System32\ADVAPI32.dll
0x00007ffd87810000 - 0x00007ffd878b8000 	C:\WINDOWS\System32\sechost.dll
0x00007ffd86fa0000 - 0x00007ffd86fc8000 	C:\WINDOWS\System32\bcrypt.dll
0x00007ffd87dc0000 - 0x00007ffd87ed5000 	C:\WINDOWS\System32\RPCRT4.dll
0x00007ffd867c0000 - 0x00007ffd8680d000 	C:\WINDOWS\SYSTEM32\POWRPROF.dll
0x00007ffd819e0000 - 0x00007ffd819e9000 	C:\WINDOWS\SYSTEM32\WSOCK32.dll
0x00007ffd7d430000 - 0x00007ffd7d464000 	C:\WINDOWS\SYSTEM32\WINMM.dll
0x00007ffd7fef0000 - 0x00007ffd7fefa000 	C:\WINDOWS\SYSTEM32\VERSION.dll
0x00007ffd89640000 - 0x00007ffd896b1000 	C:\WINDOWS\System32\WS2_32.dll
0x00007ffd865c0000 - 0x00007ffd865d3000 	C:\WINDOWS\SYSTEM32\UMPDC.dll
0x00007ffd85b70000 - 0x00007ffd85b88000 	C:\WINDOWS\SYSTEM32\kernel.appcore.dll
0x00007ffd78db0000 - 0x00007ffd78dba000 	c:\Users\STARIM\.vscode\extensions\redhat.java-1.28.1-win32-x64\jre\17.0.10-win32-x86_64\bin\jimage.dll
0x00007ffd844e0000 - 0x00007ffd84713000 	C:\WINDOWS\SYSTEM32\DBGHELP.DLL
0x00007ffd878c0000 - 0x00007ffd87c48000 	C:\WINDOWS\System32\combase.dll
0x00007ffd884f0000 - 0x00007ffd885c7000 	C:\WINDOWS\System32\OLEAUT32.dll
0x00007ffd7b790000 - 0x00007ffd7b7c2000 	C:\WINDOWS\SYSTEM32\dbgcore.DLL
0x00007ffd87070000 - 0x00007ffd870ea000 	C:\WINDOWS\System32\bcryptPrimitives.dll
0x00007ffd78d50000 - 0x00007ffd78d5e000 	c:\Users\STARIM\.vscode\extensions\redhat.java-1.28.1-win32-x64\jre\17.0.10-win32-x86_64\bin\instrument.dll
0x00007ffd6bb80000 - 0x00007ffd6bba5000 	c:\Users\STARIM\.vscode\extensions\redhat.java-1.28.1-win32-x64\jre\17.0.10-win32-x86_64\bin\java.dll
0x00007ffd45e50000 - 0x00007ffd45e68000 	c:\Users\STARIM\.vscode\extensions\redhat.java-1.28.1-win32-x64\jre\17.0.10-win32-x86_64\bin\zip.dll
0x00007ffd88600000 - 0x00007ffd88e5d000 	C:\WINDOWS\System32\SHELL32.dll
0x00007ffd84a60000 - 0x00007ffd85358000 	C:\WINDOWS\SYSTEM32\windows.storage.dll
0x00007ffd84920000 - 0x00007ffd84a5e000 	C:\WINDOWS\SYSTEM32\wintypes.dll
0x00007ffd88230000 - 0x00007ffd88323000 	C:\WINDOWS\System32\SHCORE.dll
0x00007ffd87ee0000 - 0x00007ffd87f3e000 	C:\WINDOWS\System32\shlwapi.dll
0x00007ffd86a80000 - 0x00007ffd86aa6000 	C:\WINDOWS\SYSTEM32\profapi.dll
0x00007ffd6ccb0000 - 0x00007ffd6ccc9000 	C:\Users\STARIM\.vscode\extensions\redhat.java-1.28.1-win32-x64\jre\17.0.10-win32-x86_64\bin\net.dll
0x00007ffd806f0000 - 0x00007ffd80827000 	C:\WINDOWS\SYSTEM32\WINHTTP.dll
0x00007ffd86010000 - 0x00007ffd86079000 	C:\WINDOWS\system32\mswsock.dll
0x00007ffd45e80000 - 0x00007ffd45e96000 	C:\Users\STARIM\.vscode\extensions\redhat.java-1.28.1-win32-x64\jre\17.0.10-win32-x86_64\bin\nio.dll
0x00007ffd75710000 - 0x00007ffd75720000 	c:\Users\STARIM\.vscode\extensions\redhat.java-1.28.1-win32-x64\jre\17.0.10-win32-x86_64\bin\verify.dll
0x00007ffd717f0000 - 0x00007ffd7182e000 	C:\Users\STARIM\AppData\Roaming\Code\User\globalStorage\redhat.java\1.28.1\config_ss_win\org.eclipse.equinox.launcher\org.eclipse.equinox.launcher.win32.win32.x86_64_1.2.900.v20240129-1338\eclipse_11900.dll
0x00007ffd894a0000 - 0x00007ffd8963f000 	C:\WINDOWS\System32\ole32.dll

dbghelp: loaded successfully - version: 4.0.5 - missing functions: none
symbol engine: initialized successfully - sym options: 0x614 - pdb path: .;c:\Users\STARIM\.vscode\extensions\redhat.java-1.28.1-win32-x64\jre\17.0.10-win32-x86_64\bin;C:\WINDOWS\SYSTEM32;C:\WINDOWS\WinSxS\amd64_microsoft.windows.common-controls_6595b64144ccf1df_6.0.22621.3235_none_270f74e173860f98;c:\Users\STARIM\.vscode\extensions\redhat.java-1.28.1-win32-x64\jre\17.0.10-win32-x86_64\bin\server;C:\Users\STARIM\AppData\Roaming\Code\User\globalStorage\redhat.java\1.28.1\config_ss_win\org.eclipse.equinox.launcher\org.eclipse.equinox.launcher.win32.win32.x86_64_1.2.900.v20240129-1338

VM Arguments:
jvm_args: --add-modules=ALL-SYSTEM --add-opens=java.base/java.util=ALL-UNNAMED --add-opens=java.base/java.lang=ALL-UNNAMED --add-opens=java.base/sun.nio.fs=ALL-UNNAMED -Declipse.application=org.eclipse.jdt.ls.core.id1 -Dosgi.bundles.defaultStartLevel=4 -Declipse.product=org.eclipse.jdt.ls.core.product -Djava.import.generatesMetadataFilesAtProjectRoot=false -DDetectVMInstallationsJob.disabled=true -Dfile.encoding=utf8 -XX:+UseParallelGC -XX:GCTimeRatio=4 -XX:AdaptiveSizePolicyWeight=90 -Dsun.zip.disableMemoryMapping=true -Xmx1G -Xms100m -Xlog:disable -javaagent:c:\Users\STARIM\.vscode\extensions\redhat.java-1.28.1-win32-x64\lombok\lombok-1.18.31.jar 
java_command: c:\Users\STARIM\.vscode\extensions\redhat.java-1.28.1-win32-x64\server\plugins\org.eclipse.equinox.launcher_1.6.700.v20231214-2017.jar -configuration c:\Users\STARIM\AppData\Roaming\Code\User\globalStorage\redhat.java\1.28.1\config_ss_win -data c:\Users\STARIM\AppData\Roaming\Code\User\workspaceStorage\acb77b6dbbcca2f86ee7bb19ff107631\redhat.java\ss_ws --stdio
java_class_path (initial): c:\Users\STARIM\.vscode\extensions\redhat.java-1.28.1-win32-x64\server\plugins\org.eclipse.equinox.launcher_1.6.700.v20231214-2017.jar
Launcher Type: SUN_STANDARD

[Global flags]
    uintx AdaptiveSizePolicyWeight                 = 90                                        {product} {command line}
     intx CICompilerCount                          = 12                                        {product} {ergonomic}
    uintx GCTimeRatio                              = 4                                         {product} {command line}
   size_t InitialHeapSize                          = 104857600                                 {product} {command line}
   size_t MaxHeapSize                              = 1073741824                                {product} {command line}
   size_t MaxNewSize                               = 357564416                                 {product} {ergonomic}
   size_t MinHeapDeltaBytes                        = 524288                                    {product} {ergonomic}
   size_t MinHeapSize                              = 104857600                                 {product} {command line}
   size_t NewSize                                  = 34603008                                  {product} {ergonomic}
    uintx NonNMethodCodeHeapSize                   = 7602480                                {pd product} {ergonomic}
    uintx NonProfiledCodeHeapSize                  = 122027880                              {pd product} {ergonomic}
   size_t OldSize                                  = 70254592                                  {product} {ergonomic}
    uintx ProfiledCodeHeapSize                     = 122027880                              {pd product} {ergonomic}
    uintx ReservedCodeCacheSize                    = 251658240                              {pd product} {ergonomic}
     bool SegmentedCodeCache                       = true                                      {product} {ergonomic}
   size_t SoftMaxHeapSize                          = 1073741824                             {manageable} {ergonomic}
     bool UseCompressedClassPointers               = true                           {product lp64_product} {ergonomic}
     bool UseCompressedOops                        = true                           {product lp64_product} {ergonomic}
     bool UseLargePagesIndividualAllocation        = false                                  {pd product} {ergonomic}
     bool UseParallelGC                            = true                                      {product} {command line}

Logging:
Log output configuration:
 #0: stdout all=off uptime,level,tags
 #1: stderr all=off uptime,level,tags

Environment Variables:
PATH=C:\Program Files\Common Files\Oracle\Java\javapath;C:\Windows\system32;C:\Windows;C:\Windows\System32\Wbem;C:\Windows\System32\WindowsPowerShell\v1.0\;C:\Windows\System32\OpenSSH\;C:\Program Files (x86)\NVIDIA Corporation\PhysX\Common;C:\Program Files\dotnet\;C:\Program Files\Microsoft SQL Server\Client SDK\ODBC\170\Tools\Binn\;C:\Program Files (x86)\Microsoft SQL Server\150\Tools\Binn\;C:\Program Files\Microsoft SQL Server\150\Tools\Binn\;C:\Program Files\Microsoft SQL Server\150\DTS\Binn\;C:\WINDOWS\system32;C:\WINDOWS;C:\WINDOWS\System32\Wbem;C:\WINDOWS\System32\WindowsPowerShell\v1.0\;C:\WINDOWS\System32\OpenSSH\;C:\Users\STARIM\Downloads\apache-maven-3.9.5-bin\apache-maven-3.9.5\bin;C:\Program Files\Java\jdk-21;C:\Program Files\Git\cmd;C:\Users\STARIM\AppData\Roaming\nvm;C:\Program Files\nodejs;C:\Users\STARIM\AppData\Local\Microsoft\WindowsApps;C:\Users\STARIM\.dotnet\tools;C:\Users\STARIM\AppData\Local\Programs\Microsoft VS Code\bin;C:\Users\STARIM\AppData\Local\Programs\mongosh\;C:\Program Files\JetBrains\IntelliJ IDEA Community Edition 2023.2.5\bin;;C:\Users\STARIM\AppData\Roaming\npm;C:\Users\STARIM\AppData\Roaming\nvm;C:\Program Files\nodejs
USERNAME=STARIM
OS=Windows_NT
PROCESSOR_IDENTIFIER=AMD64 Family 23 Model 96 Stepping 1, AuthenticAMD
TMP=C:\Users\STARIM\AppData\Local\Temp
TEMP=C:\Users\STARIM\AppData\Local\Temp



Periodic native trim disabled


---------------  S Y S T E M  ---------------

OS:
 Windows 11 , 64 bit Build 22621 (10.0.22621.3235)
OS uptime: 0 days 6:09 hours
Hyper-V role detected

CPU: total 16 (initial active 16) (16 cores per cpu, 2 threads per core) family 23 model 96 stepping 1 microcode 0x0, cx8, cmov, fxsr, ht, mmx, 3dnowpref, sse, sse2, sse3, ssse3, sse4a, sse4.1, sse4.2, popcnt, lzcnt, tsc, tscinvbit, avx, avx2, aes, clmul, bmi1, bmi2, adx, sha, fma, vzeroupper, clflush, clflushopt, hv
Processor Information for all 16 processors :
  Max Mhz: 2901, Current Mhz: 2901, Mhz Limit: 2901

Memory: 4k page, system-wide physical 7599M (325M free)
TotalPageFile size 15763M (AvailPageFile size 116M)
current process WorkingSet (physical memory assigned to process): 95M, peak: 95M
current process commit charge ("private bytes"): 227M, peak: 227M

vm_info: OpenJDK 64-Bit Server VM (17.0.10+7) for windows-amd64 JRE (17.0.10+7), built on Jan 16 2024 23:25:11 by "admin" with MS VC++ 16.10 / 16.11 (VS2019)

END.
