#
# There is insufficient memory for the Java Runtime Environment to continue.
# Native memory allocation (malloc) failed to allocate 684304 bytes for Chunk::new
# Possible reasons:
#   The system is out of physical RAM or swap space
#   The process is running with CompressedOops enabled, and the Java Heap may be blocking the growth of the native heap
# Possible solutions:
#   Reduce memory load on the system
#   Increase physical memory or swap space
#   Check if swap backing store is full
#   Decrease Java heap size (-Xmx/-Xms)
#   Decrease number of Java threads
#   Decrease Java thread stack sizes (-Xss)
#   Set larger code cache with -XX:ReservedCodeCacheSize=
#   JVM is running with Unscaled Compressed Oops mode in which the Java heap is
#     placed in the first 4GB address space. The Java Heap base address is the
#     maximum limit for the native heap growth. Please use -XX:HeapBaseMinAddress
#     to set the Java Heap base and to place the Java Heap above 4GB virtual address.
# This output file may be truncated or incomplete.
#
#  Out of Memory Error (arena.cpp:191), pid=3444, tid=16020
#
# JRE version: OpenJDK Runtime Environment Temurin-17.0.10+7 (17.0.10+7) (build 17.0.10+7)
# Java VM: OpenJDK 64-Bit Server VM Temurin-17.0.10+7 (17.0.10+7, mixed mode, tiered, compressed oops, compressed class ptrs, parallel gc, windows-amd64)
# No core dump will be written. Minidumps are not enabled by default on client versions of Windows
#

---------------  S U M M A R Y ------------

Command Line: --add-modules=ALL-SYSTEM --add-opens=java.base/java.util=ALL-UNNAMED --add-opens=java.base/java.lang=ALL-UNNAMED --add-opens=java.base/sun.nio.fs=ALL-UNNAMED -Declipse.application=org.eclipse.jdt.ls.core.id1 -Dosgi.bundles.defaultStartLevel=4 -Declipse.product=org.eclipse.jdt.ls.core.product -Djava.import.generatesMetadataFilesAtProjectRoot=false -DDetectVMInstallationsJob.disabled=true -Dfile.encoding=utf8 -XX:+UseParallelGC -XX:GCTimeRatio=4 -XX:AdaptiveSizePolicyWeight=90 -Dsun.zip.disableMemoryMapping=true -Xmx1G -Xms100m -Xlog:disable -javaagent:c:\Users\STARIM\.vscode\extensions\redhat.java-1.28.1-win32-x64\lombok\lombok-1.18.31.jar c:\Users\STARIM\.vscode\extensions\redhat.java-1.28.1-win32-x64\server\plugins\org.eclipse.equinox.launcher_1.6.700.v20231214-2017.jar -configuration c:\Users\STARIM\AppData\Roaming\Code\User\globalStorage\redhat.java\1.28.1\config_ss_win -data c:\Users\STARIM\AppData\Roaming\Code\User\workspaceStorage\acb77b6dbbcca2f86ee7bb19ff107631\redhat.java\ss_ws --stdio

Host: AMD Ryzen 7 4800H with Radeon Graphics         , 16 cores, 7G,  Windows 11 , 64 bit Build 22621 (10.0.22621.3085)
Time: Thu Feb 29 11:55:55 2024 India Standard Time elapsed time: 6.564354 seconds (0d 0h 0m 6s)

---------------  T H R E A D  ---------------

Current thread (0x000001f8ab33f5f0):  JavaThread "C2 CompilerThread0" daemon [_thread_in_native, id=16020, stack(0x00000053a9700000,0x00000053a9800000)]


Current CompileTask:
C2:   6564 3713       4       jdk.internal.jimage.ImageLocation::getFullName (109 bytes)

Stack: [0x00000053a9700000,0x00000053a9800000]
Native frames: (J=compiled Java code, j=interpreted, Vv=VM code, C=native code)
V  [jvm.dll+0x67d2c9]
V  [jvm.dll+0x834afa]
V  [jvm.dll+0x8365be]
V  [jvm.dll+0x836c23]
V  [jvm.dll+0x2477ff]
V  [jvm.dll+0xac514]
V  [jvm.dll+0xacb5c]
V  [jvm.dll+0x3667d7]
V  [jvm.dll+0x330bfa]
V  [jvm.dll+0x33009a]
V  [jvm.dll+0x219ef1]
V  [jvm.dll+0x219311]
V  [jvm.dll+0x1a502d]
V  [jvm.dll+0x2290de]
V  [jvm.dll+0x2272ac]
V  [jvm.dll+0x7e9bb7]
V  [jvm.dll+0x7e3fba]
V  [jvm.dll+0x67c1b5]
C  [ucrtbase.dll+0x29363]
C  [KERNEL32.DLL+0x1257d]
C  [ntdll.dll+0x5aa58]


---------------  P R O C E S S  ---------------

Threads class SMR info:
_java_thread_list=0x000001f8adb0fdf0, length=28, elements={
0x000001f892111410, 0x000001f8a5f9e5b0, 0x000001f8ab2fcb90, 0x000001f8ab32e240,
0x000001f8ab334780, 0x000001f8ab3359a0, 0x000001f8ab338220, 0x000001f8ab33f5f0,
0x000001f8ab3440f0, 0x000001f8ab34d5e0, 0x000001f8ab336de0, 0x000001f8ab4d4140,
0x000001f8ab337d10, 0x000001f8ab335eb0, 0x000001f8ab3363c0, 0x000001f8ab3368d0,
0x000001f8ab3372f0, 0x000001f8ab338730, 0x000001f8ab337800, 0x000001f8ab338c40,
0x000001f8ad7ef730, 0x000001f8ae8339d0, 0x000001f8ae8547e0, 0x000001f8ad97bdf0,
0x000001f8ad7f0150, 0x000001f8ad7ee2f0, 0x000001f8ad7ee800, 0x000001f8ad7f24c0
}

Java Threads: ( => current thread )
  0x000001f892111410 JavaThread "main" [_thread_blocked, id=15196, stack(0x00000053a8e00000,0x00000053a8f00000)]
  0x000001f8a5f9e5b0 JavaThread "Reference Handler" daemon [_thread_blocked, id=11016, stack(0x00000053a9100000,0x00000053a9200000)]
  0x000001f8ab2fcb90 JavaThread "Finalizer" daemon [_thread_blocked, id=7372, stack(0x00000053a9200000,0x00000053a9300000)]
  0x000001f8ab32e240 JavaThread "Signal Dispatcher" daemon [_thread_blocked, id=13068, stack(0x00000053a9300000,0x00000053a9400000)]
  0x000001f8ab334780 JavaThread "Attach Listener" daemon [_thread_blocked, id=16472, stack(0x00000053a9400000,0x00000053a9500000)]
  0x000001f8ab3359a0 JavaThread "Service Thread" daemon [_thread_blocked, id=14772, stack(0x00000053a9500000,0x00000053a9600000)]
  0x000001f8ab338220 JavaThread "Monitor Deflation Thread" daemon [_thread_blocked, id=16668, stack(0x00000053a9600000,0x00000053a9700000)]
=>0x000001f8ab33f5f0 JavaThread "C2 CompilerThread0" daemon [_thread_in_native, id=16020, stack(0x00000053a9700000,0x00000053a9800000)]
  0x000001f8ab3440f0 JavaThread "C1 CompilerThread0" daemon [_thread_blocked, id=6380, stack(0x00000053a9800000,0x00000053a9900000)]
  0x000001f8ab34d5e0 JavaThread "Sweeper thread" daemon [_thread_blocked, id=16752, stack(0x00000053a9900000,0x00000053a9a00000)]
  0x000001f8ab336de0 JavaThread "Common-Cleaner" daemon [_thread_blocked, id=20292, stack(0x00000053a9a00000,0x00000053a9b00000)]
  0x000001f8ab4d4140 JavaThread "C1 CompilerThread1" daemon [_thread_blocked, id=20268, stack(0x00000053a9b00000,0x00000053a9c00000)]
  0x000001f8ab337d10 JavaThread "Notification Thread" daemon [_thread_blocked, id=14016, stack(0x00000053a9f00000,0x00000053aa000000)]
  0x000001f8ab335eb0 JavaThread "Active Thread: Equinox Container: 85a1ac39-b48b-4f0f-94a8-ef4ba25e3817" [_thread_blocked, id=9944, stack(0x00000053aa600000,0x00000053aa700000)]
  0x000001f8ab3363c0 JavaThread "Framework Event Dispatcher: Equinox Container: 85a1ac39-b48b-4f0f-94a8-ef4ba25e3817" daemon [_thread_blocked, id=21968, stack(0x00000053a9c00000,0x00000053a9d00000)]
  0x000001f8ab3368d0 JavaThread "Start Level: Equinox Container: 85a1ac39-b48b-4f0f-94a8-ef4ba25e3817" daemon [_thread_blocked, id=15836, stack(0x00000053a9d00000,0x00000053a9e00000)]
  0x000001f8ab3372f0 JavaThread "SCR Component Actor" daemon [_thread_blocked, id=18732, stack(0x00000053a9e00000,0x00000053a9f00000)]
  0x000001f8ab338730 JavaThread "SCR Component Registry" daemon [_thread_blocked, id=20872, stack(0x00000053aa900000,0x00000053aaa00000)]
  0x000001f8ab337800 JavaThread "Worker-JM" [_thread_blocked, id=19912, stack(0x00000053aab00000,0x00000053aac00000)]
  0x000001f8ab338c40 JavaThread "Worker-0: Initialize Workspace" [_thread_in_vm, id=9040, stack(0x00000053aae00000,0x00000053aaf00000)]
  0x000001f8ad7ef730 JavaThread "Worker-1" [_thread_blocked, id=1552, stack(0x00000053aaf00000,0x00000053ab000000)]
  0x000001f8ae8339d0 JavaThread "C1 CompilerThread2" daemon [_thread_blocked, id=4836, stack(0x00000053ab200000,0x00000053ab300000)]
  0x000001f8ae8547e0 JavaThread "C2 CompilerThread1" daemon [_thread_in_native, id=12588, stack(0x00000053aaa00000,0x00000053aab00000)]
  0x000001f8ad97bdf0 JavaThread "C1 CompilerThread3" daemon [_thread_blocked, id=368, stack(0x00000053ab400000,0x00000053ab500000)]
  0x000001f8ad7f0150 JavaThread "JNA Cleaner" daemon [_thread_blocked, id=2348, stack(0x00000053ab500000,0x00000053ab600000)]
  0x000001f8ad7ee2f0 JavaThread "pool-2-thread-1" [_thread_blocked, id=13992, stack(0x00000053ab600000,0x00000053ab700000)]
  0x000001f8ad7ee800 JavaThread "WorkspaceEventsHandler" [_thread_blocked, id=10656, stack(0x00000053ab700000,0x00000053ab800000)]
  0x000001f8ad7f24c0 JavaThread "pool-1-thread-1" [_thread_blocked, id=3868, stack(0x00000053ab800000,0x00000053ab900000)]

Other Threads:
  0x000001f8a5f9d780 VMThread "VM Thread" [stack: 0x00000053a9000000,0x00000053a9100000] [id=20156]
  0x000001f8ad29cbe0 WatcherThread [stack: 0x00000053aa000000,0x00000053aa100000] [id=2692]
  0x000001f892126010 GCTaskThread "GC Thread#0" [stack: 0x00000053a8f00000,0x00000053a9000000] [id=13432]
  0x000001f8ad9969a0 GCTaskThread "GC Thread#1" [stack: 0x00000053aa100000,0x00000053aa200000] [id=6900]
  0x000001f8ad997480 GCTaskThread "GC Thread#2" [stack: 0x00000053aa200000,0x00000053aa300000] [id=8972]
  0x000001f8ad76acf0 GCTaskThread "GC Thread#3" [stack: 0x00000053aa300000,0x00000053aa400000] [id=14132]
  0x000001f8ad76afb0 GCTaskThread "GC Thread#4" [stack: 0x00000053aa400000,0x00000053aa500000] [id=19152]
  0x000001f8ad76b270 GCTaskThread "GC Thread#5" [stack: 0x00000053aa500000,0x00000053aa600000] [id=14068]
  0x000001f8adb7e4b0 GCTaskThread "GC Thread#6" [stack: 0x00000053aa700000,0x00000053aa800000] [id=3476]
  0x000001f8adb7e770 GCTaskThread "GC Thread#7" [stack: 0x00000053aa800000,0x00000053aa900000] [id=4060]
  0x000001f8add1b920 GCTaskThread "GC Thread#8" [stack: 0x00000053aac00000,0x00000053aad00000] [id=14056]
  0x000001f8add1bbe0 GCTaskThread "GC Thread#9" [stack: 0x00000053aad00000,0x00000053aae00000] [id=14128]
  0x000001f8add92fa0 GCTaskThread "GC Thread#10" [stack: 0x00000053ab000000,0x00000053ab100000] [id=2492]
  0x000001f8ade88a10 GCTaskThread "GC Thread#11" [stack: 0x00000053ab100000,0x00000053ab200000] [id=1292]
  0x000001f8ae87d260 GCTaskThread "GC Thread#12" [stack: 0x00000053ab300000,0x00000053ab400000] [id=18464]

Threads with active compile tasks:
C2 CompilerThread0     6587 3713       4       jdk.internal.jimage.ImageLocation::getFullName (109 bytes)
C1 CompilerThread0     6588 3789       3       org.eclipse.jdt.internal.core.JrtPackageFragmentRoot$1::visitPackage (14 bytes)
C1 CompilerThread1     6588 3790       3       org.eclipse.jdt.internal.core.JrtPackageFragmentRoot$1::visitPackage (24 bytes)
C1 CompilerThread2     6588 3791  s    3       org.eclipse.jdt.core.JavaConventions::scannedIdentifier (9 bytes)
C2 CompilerThread1     6588 3716       4       jdk.internal.jimage.ImageReader$SharedImageReader::makeDirectories (54 bytes)
C1 CompilerThread3     6588 3792  s!   3       org.eclipse.jdt.core.JavaConventions::scannedIdentifier (146 bytes)

VM state: not at safepoint (normal execution)

VM Mutex/Monitor currently owned by a thread: None

Heap address: 0x00000000c0000000, size: 1024 MB, Compressed Oops mode: 32-bit

CDS archive(s) not mapped
Compressed class space mapped at: 0x0000000100000000-0x0000000140000000, reserved size: 1073741824
Narrow klass base: 0x0000000000000000, Narrow klass shift: 3, Narrow klass range: 0x140000000

GC Precious Log:
 CPUs: 16 total, 16 available
 Memory: 7599M
 Large Page Support: Disabled
 NUMA Support: Disabled
 Compressed Oops: Enabled (32-bit)
 Alignments: Space 512K, Generation 512K, Heap 2M
 Heap Min Capacity: 100M
 Heap Initial Capacity: 100M
 Heap Max Capacity: 1G
 Pre-touch: Disabled
 Parallel Workers: 13

Heap:
 PSYoungGen      total 25600K, used 18135K [0x00000000eab00000, 0x00000000ec980000, 0x0000000100000000)
  eden space 23040K, 69% used [0x00000000eab00000,0x00000000eba9dbc0,0x00000000ec180000)
  from space 2560K, 83% used [0x00000000ec700000,0x00000000ec918040,0x00000000ec980000)
  to   space 3584K, 0% used [0x00000000ec280000,0x00000000ec280000,0x00000000ec600000)
 ParOldGen       total 68608K, used 12819K [0x00000000c0000000, 0x00000000c4300000, 0x00000000eab00000)
  object space 68608K, 18% used [0x00000000c0000000,0x00000000c0c84c80,0x00000000c4300000)
 Metaspace       used 36993K, committed 37760K, reserved 1114112K
  class space    used 3751K, committed 4160K, reserved 1048576K

Card table byte_map: [0x000001f891aa0000,0x000001f891cb0000] _byte_map_base: 0x000001f8914a0000

Marking Bits: (ParMarkBitMap*) 0x00007ff9ec6fd7d0
 Begin Bits: [0x000001f8a3da0000, 0x000001f8a4da0000)
 End Bits:   [0x000001f8a4da0000, 0x000001f8a5da0000)

Polling page: 0x000001f88fef0000

Metaspace:

Usage:
  Non-class:     32.46 MB used.
      Class:      3.66 MB used.
       Both:     36.13 MB used.

Virtual space:
  Non-class space:       64.00 MB reserved,      32.88 MB ( 51%) committed,  1 nodes.
      Class space:        1.00 GB reserved,       4.06 MB ( <1%) committed,  1 nodes.
             Both:        1.06 GB reserved,      36.94 MB (  3%) committed. 

Chunk freelists:
   Non-Class:  15.11 MB
       Class:  11.91 MB
        Both:  27.02 MB

MaxMetaspaceSize: unlimited
CompressedClassSpaceSize: 1.00 GB
Initial GC threshold: 21.00 MB
Current GC threshold: 58.38 MB
CDS: off
MetaspaceReclaimPolicy: balanced
 - commit_granule_bytes: 65536.
 - commit_granule_words: 8192.
 - virtual_space_node_default_size: 8388608.
 - enlarge_chunks_in_place: 1.
 - new_chunks_are_fully_committed: 0.
 - uncommit_free_chunks: 1.
 - use_allocation_guard: 0.
 - handle_deallocations: 1.


Internal statistics:

num_allocs_failed_limit: 6.
num_arena_births: 364.
num_arena_deaths: 14.
num_vsnodes_births: 2.
num_vsnodes_deaths: 0.
num_space_committed: 591.
num_space_uncommitted: 0.
num_chunks_returned_to_freelist: 20.
num_chunks_taken_from_freelist: 1511.
num_chunk_merges: 8.
num_chunk_splits: 963.
num_chunks_enlarged: 651.
num_inconsistent_stats: 0.

CodeHeap 'non-profiled nmethods': size=119168Kb used=1573Kb max_used=1573Kb free=117595Kb
 bounds [0x000001f89c940000, 0x000001f89cbb0000, 0x000001f8a3da0000]
CodeHeap 'profiled nmethods': size=119104Kb used=7702Kb max_used=7702Kb free=111401Kb
 bounds [0x000001f894da0000, 0x000001f895530000, 0x000001f89c1f0000]
CodeHeap 'non-nmethods': size=7488Kb used=2963Kb max_used=2997Kb free=4524Kb
 bounds [0x000001f89c1f0000, 0x000001f89c550000, 0x000001f89c940000]
 total_blobs=4367 nmethods=3769 adapters=509
 compilation: enabled
              stopped_count=0, restarted_count=0
 full_count=0

Compilation events (20 events):
Event: 6.550 Thread 0x000001f8ae8339d0 3744       3       org.eclipse.jdt.internal.compiler.classfmt.ClassFileStruct::u1At (16 bytes)
Event: 6.550 Thread 0x000001f8ab4d4140 3745       3       org.eclipse.core.runtime.Path::hashCode (28 bytes)
Event: 6.550 Thread 0x000001f8ae8339d0 nmethod 3744 0x000001f895513e90 code [0x000001f895514020, 0x000001f895514158]
Event: 6.550 Thread 0x000001f8ab4d4140 nmethod 3745 0x000001f895514210 code [0x000001f8955143c0, 0x000001f895514568]
Event: 6.550 Thread 0x000001f8ab4d4140 3746       3       org.eclipse.jdt.internal.compiler.util.JRTUtil::sanitizedFileName (49 bytes)
Event: 6.551 Thread 0x000001f8ab4d4140 nmethod 3746 0x000001f895514610 code [0x000001f895514880, 0x000001f895515368]
Event: 6.553 Thread 0x000001f8ab4d4140 3748       2       jdk.internal.jimage.BasicImageReader::getLocationIndex (52 bytes)
Event: 6.554 Thread 0x000001f8ae8339d0 3749       2       jdk.internal.module.SystemModuleFinders$SystemModuleReader::find (59 bytes)
Event: 6.554 Thread 0x000001f8ad97bdf0 3750       2       jdk.internal.jimage.BasicImageReader::verifyLocation (39 bytes)
Event: 6.554 Thread 0x000001f8ad97bdf0 nmethod 3750 0x000001f895515790 code [0x000001f895515940, 0x000001f895515b08]
Event: 6.554 Thread 0x000001f8ab4d4140 nmethod 3748 0x000001f895515c10 code [0x000001f895515de0, 0x000001f895516058]
Event: 6.554 Thread 0x000001f8ae8339d0 nmethod 3749 0x000001f895516210 code [0x000001f895516420, 0x000001f895516848]
Event: 6.555 Thread 0x000001f8ab4d4140 3753       1       org.eclipse.jdt.internal.core.JavaElement::getParent (5 bytes)
Event: 6.556 Thread 0x000001f8ab4d4140 nmethod 3753 0x000001f89cac7f10 code [0x000001f89cac80a0, 0x000001f89cac8178]
Event: 6.556 Thread 0x000001f8ab4d4140 3754       1       org.eclipse.jdt.internal.core.PackageFragmentRoot::getElementType (2 bytes)
Event: 6.556 Thread 0x000001f8ae8339d0 3755       3       java.lang.invoke.DirectMethodHandle$Holder::invokeStatic (14 bytes)
Event: 6.556 Thread 0x000001f8ab3440f0 3756       3       org.eclipse.jdt.internal.compiler.classfmt.ClassFileStruct::utf8At (171 bytes)
Event: 6.556 Thread 0x000001f8ab4d4140 nmethod 3754 0x000001f89cac8210 code [0x000001f89cac83a0, 0x000001f89cac8478]
Event: 6.556 Thread 0x000001f8ae8339d0 nmethod 3755 0x000001f895516b10 code [0x000001f895516ce0, 0x000001f895517058]
Event: 6.557 Thread 0x000001f8ab3440f0 nmethod 3756 0x000001f895517190 code [0x000001f895517360, 0x000001f8955178e8]

GC Heap History (20 events):
Event: 4.258 GC heap before
{Heap before GC invocations=3 (full 0):
 PSYoungGen      total 29696K, used 29674K [0x00000000eab00000, 0x00000000ecc00000, 0x0000000100000000)
  eden space 25600K, 100% used [0x00000000eab00000,0x00000000ec400000,0x00000000ec400000)
  from space 4096K, 99% used [0x00000000ec800000,0x00000000ecbfa970,0x00000000ecc00000)
  to   space 4096K, 0% used [0x00000000ec400000,0x00000000ec400000,0x00000000ec800000)
 ParOldGen       total 68608K, used 684K [0x00000000c0000000, 0x00000000c4300000, 0x00000000eab00000)
  object space 68608K, 0% used [0x00000000c0000000,0x00000000c00ab068,0x00000000c4300000)
 Metaspace       used 19689K, committed 20032K, reserved 1114112K
  class space    used 2005K, committed 2176K, reserved 1048576K
}
Event: 4.264 GC heap after
{Heap after GC invocations=3 (full 0):
 PSYoungGen      total 29696K, used 4084K [0x00000000eab00000, 0x00000000ecc00000, 0x0000000100000000)
  eden space 25600K, 0% used [0x00000000eab00000,0x00000000eab00000,0x00000000ec400000)
  from space 4096K, 99% used [0x00000000ec400000,0x00000000ec7fd1e0,0x00000000ec800000)
  to   space 4096K, 0% used [0x00000000ec800000,0x00000000ec800000,0x00000000ecc00000)
 ParOldGen       total 68608K, used 2426K [0x00000000c0000000, 0x00000000c4300000, 0x00000000eab00000)
  object space 68608K, 3% used [0x00000000c0000000,0x00000000c025ea68,0x00000000c4300000)
 Metaspace       used 19689K, committed 20032K, reserved 1114112K
  class space    used 2005K, committed 2176K, reserved 1048576K
}
Event: 4.412 GC heap before
{Heap before GC invocations=4 (full 0):
 PSYoungGen      total 29696K, used 12207K [0x00000000eab00000, 0x00000000ecc00000, 0x0000000100000000)
  eden space 25600K, 31% used [0x00000000eab00000,0x00000000eb2eec10,0x00000000ec400000)
  from space 4096K, 99% used [0x00000000ec400000,0x00000000ec7fd1e0,0x00000000ec800000)
  to   space 4096K, 0% used [0x00000000ec800000,0x00000000ec800000,0x00000000ecc00000)
 ParOldGen       total 68608K, used 2426K [0x00000000c0000000, 0x00000000c4300000, 0x00000000eab00000)
  object space 68608K, 3% used [0x00000000c0000000,0x00000000c025ea68,0x00000000c4300000)
 Metaspace       used 21050K, committed 21504K, reserved 1114112K
  class space    used 2148K, committed 2368K, reserved 1048576K
}
Event: 4.415 GC heap after
{Heap after GC invocations=4 (full 0):
 PSYoungGen      total 29696K, used 4079K [0x00000000eab00000, 0x00000000ecc00000, 0x0000000100000000)
  eden space 25600K, 0% used [0x00000000eab00000,0x00000000eab00000,0x00000000ec400000)
  from space 4096K, 99% used [0x00000000ec800000,0x00000000ecbfbec0,0x00000000ecc00000)
  to   space 4096K, 0% used [0x00000000ec400000,0x00000000ec400000,0x00000000ec800000)
 ParOldGen       total 68608K, used 2749K [0x00000000c0000000, 0x00000000c4300000, 0x00000000eab00000)
  object space 68608K, 4% used [0x00000000c0000000,0x00000000c02af480,0x00000000c4300000)
 Metaspace       used 21050K, committed 21504K, reserved 1114112K
  class space    used 2148K, committed 2368K, reserved 1048576K
}
Event: 4.415 GC heap before
{Heap before GC invocations=5 (full 1):
 PSYoungGen      total 29696K, used 4079K [0x00000000eab00000, 0x00000000ecc00000, 0x0000000100000000)
  eden space 25600K, 0% used [0x00000000eab00000,0x00000000eab00000,0x00000000ec400000)
  from space 4096K, 99% used [0x00000000ec800000,0x00000000ecbfbec0,0x00000000ecc00000)
  to   space 4096K, 0% used [0x00000000ec400000,0x00000000ec400000,0x00000000ec800000)
 ParOldGen       total 68608K, used 2749K [0x00000000c0000000, 0x00000000c4300000, 0x00000000eab00000)
  object space 68608K, 4% used [0x00000000c0000000,0x00000000c02af480,0x00000000c4300000)
 Metaspace       used 21050K, committed 21504K, reserved 1114112K
  class space    used 2148K, committed 2368K, reserved 1048576K
}
Event: 4.430 GC heap after
{Heap after GC invocations=5 (full 1):
 PSYoungGen      total 29696K, used 0K [0x00000000eab00000, 0x00000000ecc00000, 0x0000000100000000)
  eden space 25600K, 0% used [0x00000000eab00000,0x00000000eab00000,0x00000000ec400000)
  from space 4096K, 0% used [0x00000000ec800000,0x00000000ec800000,0x00000000ecc00000)
  to   space 4096K, 0% used [0x00000000ec400000,0x00000000ec400000,0x00000000ec800000)
 ParOldGen       total 68608K, used 6638K [0x00000000c0000000, 0x00000000c4300000, 0x00000000eab00000)
  object space 68608K, 9% used [0x00000000c0000000,0x00000000c067b9e8,0x00000000c4300000)
 Metaspace       used 21037K, committed 21504K, reserved 1114112K
  class space    used 2144K, committed 2368K, reserved 1048576K
}
Event: 4.620 GC heap before
{Heap before GC invocations=6 (full 1):
 PSYoungGen      total 29696K, used 25600K [0x00000000eab00000, 0x00000000ecc00000, 0x0000000100000000)
  eden space 25600K, 100% used [0x00000000eab00000,0x00000000ec400000,0x00000000ec400000)
  from space 4096K, 0% used [0x00000000ec800000,0x00000000ec800000,0x00000000ecc00000)
  to   space 4096K, 0% used [0x00000000ec400000,0x00000000ec400000,0x00000000ec800000)
 ParOldGen       total 68608K, used 6638K [0x00000000c0000000, 0x00000000c4300000, 0x00000000eab00000)
  object space 68608K, 9% used [0x00000000c0000000,0x00000000c067b9e8,0x00000000c4300000)
 Metaspace       used 24016K, committed 24512K, reserved 1114112K
  class space    used 2357K, committed 2560K, reserved 1048576K
}
Event: 4.621 GC heap after
{Heap after GC invocations=6 (full 1):
 PSYoungGen      total 26112K, used 604K [0x00000000eab00000, 0x00000000ec880000, 0x0000000100000000)
  eden space 25088K, 0% used [0x00000000eab00000,0x00000000eab00000,0x00000000ec380000)
  from space 1024K, 59% used [0x00000000ec400000,0x00000000ec4971b8,0x00000000ec500000)
  to   space 2560K, 0% used [0x00000000ec600000,0x00000000ec600000,0x00000000ec880000)
 ParOldGen       total 68608K, used 6646K [0x00000000c0000000, 0x00000000c4300000, 0x00000000eab00000)
  object space 68608K, 9% used [0x00000000c0000000,0x00000000c067d9e8,0x00000000c4300000)
 Metaspace       used 24016K, committed 24512K, reserved 1114112K
  class space    used 2357K, committed 2560K, reserved 1048576K
}
Event: 4.802 GC heap before
{Heap before GC invocations=7 (full 1):
 PSYoungGen      total 26112K, used 25692K [0x00000000eab00000, 0x00000000ec880000, 0x0000000100000000)
  eden space 25088K, 100% used [0x00000000eab00000,0x00000000ec380000,0x00000000ec380000)
  from space 1024K, 59% used [0x00000000ec400000,0x00000000ec4971b8,0x00000000ec500000)
  to   space 2560K, 0% used [0x00000000ec600000,0x00000000ec600000,0x00000000ec880000)
 ParOldGen       total 68608K, used 6646K [0x00000000c0000000, 0x00000000c4300000, 0x00000000eab00000)
  object space 68608K, 9% used [0x00000000c0000000,0x00000000c067d9e8,0x00000000c4300000)
 Metaspace       used 26705K, committed 27200K, reserved 1114112K
  class space    used 2567K, committed 2816K, reserved 1048576K
}
Event: 4.804 GC heap after
{Heap after GC invocations=7 (full 1):
 PSYoungGen      total 27136K, used 2550K [0x00000000eab00000, 0x00000000ec900000, 0x0000000100000000)
  eden space 24576K, 0% used [0x00000000eab00000,0x00000000eab00000,0x00000000ec300000)
  from space 2560K, 99% used [0x00000000ec600000,0x00000000ec87d9c0,0x00000000ec880000)
  to   space 3072K, 0% used [0x00000000ec300000,0x00000000ec300000,0x00000000ec600000)
 ParOldGen       total 68608K, used 6662K [0x00000000c0000000, 0x00000000c4300000, 0x00000000eab00000)
  object space 68608K, 9% used [0x00000000c0000000,0x00000000c06819e8,0x00000000c4300000)
 Metaspace       used 26705K, committed 27200K, reserved 1114112K
  class space    used 2567K, committed 2816K, reserved 1048576K
}
Event: 5.745 GC heap before
{Heap before GC invocations=8 (full 1):
 PSYoungGen      total 27136K, used 27126K [0x00000000eab00000, 0x00000000ec900000, 0x0000000100000000)
  eden space 24576K, 100% used [0x00000000eab00000,0x00000000ec300000,0x00000000ec300000)
  from space 2560K, 99% used [0x00000000ec600000,0x00000000ec87d9c0,0x00000000ec880000)
  to   space 3072K, 0% used [0x00000000ec300000,0x00000000ec300000,0x00000000ec600000)
 ParOldGen       total 68608K, used 6662K [0x00000000c0000000, 0x00000000c4300000, 0x00000000eab00000)
  object space 68608K, 9% used [0x00000000c0000000,0x00000000c06819e8,0x00000000c4300000)
 Metaspace       used 30841K, committed 31424K, reserved 1114112K
  class space    used 3011K, committed 3264K, reserved 1048576K
}
Event: 5.747 GC heap after
{Heap after GC invocations=8 (full 1):
 PSYoungGen      total 27136K, used 3061K [0x00000000eab00000, 0x00000000ecc80000, 0x0000000100000000)
  eden space 24064K, 0% used [0x00000000eab00000,0x00000000eab00000,0x00000000ec280000)
  from space 3072K, 99% used [0x00000000ec300000,0x00000000ec5fd630,0x00000000ec600000)
  to   space 5120K, 0% used [0x00000000ec780000,0x00000000ec780000,0x00000000ecc80000)
 ParOldGen       total 68608K, used 7851K [0x00000000c0000000, 0x00000000c4300000, 0x00000000eab00000)
  object space 68608K, 11% used [0x00000000c0000000,0x00000000c07aaf28,0x00000000c4300000)
 Metaspace       used 30841K, committed 31424K, reserved 1114112K
  class space    used 3011K, committed 3264K, reserved 1048576K
}
Event: 6.242 GC heap before
{Heap before GC invocations=9 (full 1):
 PSYoungGen      total 27136K, used 27125K [0x00000000eab00000, 0x00000000ecc80000, 0x0000000100000000)
  eden space 24064K, 100% used [0x00000000eab00000,0x00000000ec280000,0x00000000ec280000)
  from space 3072K, 99% used [0x00000000ec300000,0x00000000ec5fd630,0x00000000ec600000)
  to   space 5120K, 0% used [0x00000000ec780000,0x00000000ec780000,0x00000000ecc80000)
 ParOldGen       total 68608K, used 7851K [0x00000000c0000000, 0x00000000c4300000, 0x00000000eab00000)
  object space 68608K, 11% used [0x00000000c0000000,0x00000000c07aaf28,0x00000000c4300000)
 Metaspace       used 34812K, committed 35520K, reserved 1114112K
  class space    used 3495K, committed 3776K, reserved 1048576K
}
Event: 6.245 GC heap after
{Heap after GC invocations=9 (full 1):
 PSYoungGen      total 28672K, used 4960K [0x00000000eab00000, 0x00000000ecd00000, 0x0000000100000000)
  eden space 23552K, 0% used [0x00000000eab00000,0x00000000eab00000,0x00000000ec200000)
  from space 5120K, 96% used [0x00000000ec780000,0x00000000ecc58158,0x00000000ecc80000)
  to   space 5632K, 0% used [0x00000000ec200000,0x00000000ec200000,0x00000000ec780000)
 ParOldGen       total 68608K, used 7859K [0x00000000c0000000, 0x00000000c4300000, 0x00000000eab00000)
  object space 68608K, 11% used [0x00000000c0000000,0x00000000c07acf28,0x00000000c4300000)
 Metaspace       used 34812K, committed 35520K, reserved 1114112K
  class space    used 3495K, committed 3776K, reserved 1048576K
}
Event: 6.281 GC heap before
{Heap before GC invocations=10 (full 1):
 PSYoungGen      total 28672K, used 7758K [0x00000000eab00000, 0x00000000ecd00000, 0x0000000100000000)
  eden space 23552K, 11% used [0x00000000eab00000,0x00000000eadbb6e8,0x00000000ec200000)
  from space 5120K, 96% used [0x00000000ec780000,0x00000000ecc58158,0x00000000ecc80000)
  to   space 5632K, 0% used [0x00000000ec200000,0x00000000ec200000,0x00000000ec780000)
 ParOldGen       total 68608K, used 7859K [0x00000000c0000000, 0x00000000c4300000, 0x00000000eab00000)
  object space 68608K, 11% used [0x00000000c0000000,0x00000000c07acf28,0x00000000c4300000)
 Metaspace       used 35219K, committed 35840K, reserved 1114112K
  class space    used 3547K, committed 3840K, reserved 1048576K
}
Event: 6.284 GC heap after
{Heap after GC invocations=10 (full 1):
 PSYoungGen      total 28672K, used 4674K [0x00000000eab00000, 0x00000000ecc00000, 0x0000000100000000)
  eden space 23552K, 0% used [0x00000000eab00000,0x00000000eab00000,0x00000000ec200000)
  from space 5120K, 91% used [0x00000000ec200000,0x00000000ec690b58,0x00000000ec700000)
  to   space 5120K, 0% used [0x00000000ec700000,0x00000000ec700000,0x00000000ecc00000)
 ParOldGen       total 68608K, used 8616K [0x00000000c0000000, 0x00000000c4300000, 0x00000000eab00000)
  object space 68608K, 12% used [0x00000000c0000000,0x00000000c086a288,0x00000000c4300000)
 Metaspace       used 35219K, committed 35840K, reserved 1114112K
  class space    used 3547K, committed 3840K, reserved 1048576K
}
Event: 6.284 GC heap before
{Heap before GC invocations=11 (full 2):
 PSYoungGen      total 28672K, used 4674K [0x00000000eab00000, 0x00000000ecc00000, 0x0000000100000000)
  eden space 23552K, 0% used [0x00000000eab00000,0x00000000eab00000,0x00000000ec200000)
  from space 5120K, 91% used [0x00000000ec200000,0x00000000ec690b58,0x00000000ec700000)
  to   space 5120K, 0% used [0x00000000ec700000,0x00000000ec700000,0x00000000ecc00000)
 ParOldGen       total 68608K, used 8616K [0x00000000c0000000, 0x00000000c4300000, 0x00000000eab00000)
  object space 68608K, 12% used [0x00000000c0000000,0x00000000c086a288,0x00000000c4300000)
 Metaspace       used 35219K, committed 35840K, reserved 1114112K
  class space    used 3547K, committed 3840K, reserved 1048576K
}
Event: 6.299 GC heap after
{Heap after GC invocations=11 (full 2):
 PSYoungGen      total 28672K, used 0K [0x00000000eab00000, 0x00000000ecc00000, 0x0000000100000000)
  eden space 23552K, 0% used [0x00000000eab00000,0x00000000eab00000,0x00000000ec200000)
  from space 5120K, 0% used [0x00000000ec200000,0x00000000ec200000,0x00000000ec700000)
  to   space 5120K, 0% used [0x00000000ec700000,0x00000000ec700000,0x00000000ecc00000)
 ParOldGen       total 68608K, used 12811K [0x00000000c0000000, 0x00000000c4300000, 0x00000000eab00000)
  object space 68608K, 18% used [0x00000000c0000000,0x00000000c0c82c80,0x00000000c4300000)
 Metaspace       used 35219K, committed 35840K, reserved 1114112K
  class space    used 3547K, committed 3840K, reserved 1048576K
}
Event: 6.518 GC heap before
{Heap before GC invocations=12 (full 2):
 PSYoungGen      total 28672K, used 23552K [0x00000000eab00000, 0x00000000ecc00000, 0x0000000100000000)
  eden space 23552K, 100% used [0x00000000eab00000,0x00000000ec200000,0x00000000ec200000)
  from space 5120K, 0% used [0x00000000ec200000,0x00000000ec200000,0x00000000ec700000)
  to   space 5120K, 0% used [0x00000000ec700000,0x00000000ec700000,0x00000000ecc00000)
 ParOldGen       total 68608K, used 12811K [0x00000000c0000000, 0x00000000c4300000, 0x00000000eab00000)
  object space 68608K, 18% used [0x00000000c0000000,0x00000000c0c82c80,0x00000000c4300000)
 Metaspace       used 36811K, committed 37568K, reserved 1114112K
  class space    used 3730K, committed 4096K, reserved 1048576K
}
Event: 6.520 GC heap after
{Heap after GC invocations=12 (full 2):
 PSYoungGen      total 25600K, used 2144K [0x00000000eab00000, 0x00000000ec980000, 0x0000000100000000)
  eden space 23040K, 0% used [0x00000000eab00000,0x00000000eab00000,0x00000000ec180000)
  from space 2560K, 83% used [0x00000000ec700000,0x00000000ec918040,0x00000000ec980000)
  to   space 3584K, 0% used [0x00000000ec280000,0x00000000ec280000,0x00000000ec600000)
 ParOldGen       total 68608K, used 12819K [0x00000000c0000000, 0x00000000c4300000, 0x00000000eab00000)
  object space 68608K, 18% used [0x00000000c0000000,0x00000000c0c84c80,0x00000000c4300000)
 Metaspace       used 36811K, committed 37568K, reserved 1114112K
  class space    used 3730K, committed 4096K, reserved 1048576K
}

Dll operation events (10 events):
Event: 0.044 Loaded shared library c:\Users\STARIM\.vscode\extensions\redhat.java-1.28.1-win32-x64\jre\17.0.10-win32-x86_64\bin\java.dll
Event: 0.226 Loaded shared library c:\Users\STARIM\.vscode\extensions\redhat.java-1.28.1-win32-x64\jre\17.0.10-win32-x86_64\bin\zip.dll
Event: 0.230 Loaded shared library C:\Users\STARIM\.vscode\extensions\redhat.java-1.28.1-win32-x64\jre\17.0.10-win32-x86_64\bin\instrument.dll
Event: 0.241 Loaded shared library C:\Users\STARIM\.vscode\extensions\redhat.java-1.28.1-win32-x64\jre\17.0.10-win32-x86_64\bin\net.dll
Event: 0.243 Loaded shared library C:\Users\STARIM\.vscode\extensions\redhat.java-1.28.1-win32-x64\jre\17.0.10-win32-x86_64\bin\nio.dll
Event: 0.248 Loaded shared library C:\Users\STARIM\.vscode\extensions\redhat.java-1.28.1-win32-x64\jre\17.0.10-win32-x86_64\bin\zip.dll
Event: 0.265 Loaded shared library C:\Users\STARIM\.vscode\extensions\redhat.java-1.28.1-win32-x64\jre\17.0.10-win32-x86_64\bin\jimage.dll
Event: 0.330 Loaded shared library c:\Users\STARIM\.vscode\extensions\redhat.java-1.28.1-win32-x64\jre\17.0.10-win32-x86_64\bin\verify.dll
Event: 3.779 Loaded shared library C:\Users\STARIM\AppData\Roaming\Code\User\globalStorage\redhat.java\1.28.1\config_ss_win\org.eclipse.equinox.launcher\org.eclipse.equinox.launcher.win32.win32.x86_64_1.2.900.v20240129-1338\eclipse_11900.dll
Event: 5.869 Loaded shared library C:\Users\STARIM\AppData\Local\Temp\jna--1839154442\jna669399779662393464.dll

Deoptimization events (20 events):
Event: 6.186 Thread 0x000001f892111410 DEOPT PACKING pc=0x000001f89c9741c8 sp=0x00000053a8efd8b0
Event: 6.186 Thread 0x000001f892111410 DEOPT UNPACKING pc=0x000001f89c2466a3 sp=0x00000053a8efd848 mode 2
Event: 6.189 Thread 0x000001f892111410 Uncommon trap: trap_request=0xffffff45 fr.pc=0x000001f89c95a874 relative=0x0000000000000354
Event: 6.189 Thread 0x000001f892111410 Uncommon trap: reason=unstable_if action=reinterpret pc=0x000001f89c95a874 method=java.lang.StringLatin1.canEncode(I)Z @ 4 c2
Event: 6.189 Thread 0x000001f892111410 DEOPT PACKING pc=0x000001f89c95a874 sp=0x00000053a8efe120
Event: 6.189 Thread 0x000001f892111410 DEOPT UNPACKING pc=0x000001f89c2466a3 sp=0x00000053a8efe048 mode 2
Event: 6.189 Thread 0x000001f892111410 Uncommon trap: trap_request=0xffffff45 fr.pc=0x000001f89c97c054 relative=0x0000000000000334
Event: 6.189 Thread 0x000001f892111410 Uncommon trap: reason=unstable_if action=reinterpret pc=0x000001f89c97c054 method=java.lang.AbstractStringBuilder.isLatin1()Z @ 10 c2
Event: 6.189 Thread 0x000001f892111410 DEOPT PACKING pc=0x000001f89c97c054 sp=0x00000053a8efe130
Event: 6.189 Thread 0x000001f892111410 DEOPT UNPACKING pc=0x000001f89c2466a3 sp=0x00000053a8efe0b0 mode 2
Event: 6.445 Thread 0x000001f8ab338c40 Uncommon trap: trap_request=0xffffff45 fr.pc=0x000001f89cab72d8 relative=0x0000000000000138
Event: 6.445 Thread 0x000001f8ab338c40 Uncommon trap: reason=unstable_if action=reinterpret pc=0x000001f89cab72d8 method=jdk.internal.jrtfs.JrtPath.normalize(Ljava/lang/String;)Ljava/lang/String; @ 78 c2
Event: 6.445 Thread 0x000001f8ab338c40 DEOPT PACKING pc=0x000001f89cab72d8 sp=0x00000053aaefdcc0
Event: 6.445 Thread 0x000001f8ab338c40 DEOPT UNPACKING pc=0x000001f89c2466a3 sp=0x00000053aaefdc40 mode 2
Event: 6.531 Thread 0x000001f8ab338c40 Uncommon trap: trap_request=0xffffff6e fr.pc=0x000001f89cac59a0 relative=0x0000000000000200
Event: 6.531 Thread 0x000001f8ab338c40 Uncommon trap: reason=loop_limit_check action=maybe_recompile pc=0x000001f89cac59a0 method=org.eclipse.jdt.internal.core.util.HashtableOfArrayToObject.hashCode([Ljava/lang/Object;I)I @ 27 c2
Event: 6.531 Thread 0x000001f8ab338c40 DEOPT PACKING pc=0x000001f89cac59a0 sp=0x00000053aaefdb20
Event: 6.531 Thread 0x000001f8ab338c40 DEOPT UNPACKING pc=0x000001f89c2466a3 sp=0x00000053aaefdaa8 mode 2
Event: 6.553 Thread 0x000001f8ab338c40 DEOPT PACKING pc=0x000001f8952aa69e sp=0x00000053aaefbc50
Event: 6.553 Thread 0x000001f8ab338c40 DEOPT UNPACKING pc=0x000001f89c246e43 sp=0x00000053aaefb148 mode 0

Classes unloaded (7 events):
Event: 4.418 Thread 0x000001f8a5f9d780 Unloading class 0x000000010021a400 'java/lang/invoke/LambdaForm$MH+0x000000010021a400'
Event: 4.418 Thread 0x000001f8a5f9d780 Unloading class 0x000000010021a000 'java/lang/invoke/LambdaForm$MH+0x000000010021a000'
Event: 4.418 Thread 0x000001f8a5f9d780 Unloading class 0x0000000100219c00 'java/lang/invoke/LambdaForm$MH+0x0000000100219c00'
Event: 4.418 Thread 0x000001f8a5f9d780 Unloading class 0x0000000100219800 'java/lang/invoke/LambdaForm$MH+0x0000000100219800'
Event: 4.418 Thread 0x000001f8a5f9d780 Unloading class 0x0000000100219400 'java/lang/invoke/LambdaForm$BMH+0x0000000100219400'
Event: 4.418 Thread 0x000001f8a5f9d780 Unloading class 0x0000000100219000 'java/lang/invoke/LambdaForm$DMH+0x0000000100219000'
Event: 4.418 Thread 0x000001f8a5f9d780 Unloading class 0x0000000100214400 'java/lang/invoke/LambdaForm$DMH+0x0000000100214400'

Classes redefined (0 events):
No events

Internal exceptions (20 events):
Event: 5.892 Thread 0x000001f8ab3368d0 Exception <a 'java/lang/UnsatisfiedLinkError'{0x00000000eb006d10}: The specified procedure could not be found.
> (0x00000000eb006d10) 
thrown [s\src\hotspot\share\prims\jni.cpp, line 535]
Event: 5.896 Thread 0x000001f8ab3368d0 Exception <a 'java/io/FileNotFoundException'{0x00000000eb02b8b8}> (0x00000000eb02b8b8) 
thrown [s\src\hotspot\share\prims\jni.cpp, line 516]
Event: 5.904 Thread 0x000001f8ab3368d0 Exception <a 'java/io/FileNotFoundException'{0x00000000eb0a4af0}> (0x00000000eb0a4af0) 
thrown [s\src\hotspot\share\prims\jni.cpp, line 516]
Event: 5.913 Thread 0x000001f8ab3368d0 Exception <a 'java/lang/UnsatisfiedLinkError'{0x00000000eb1334a0}: The specified procedure could not be found.
> (0x00000000eb1334a0) 
thrown [s\src\hotspot\share\prims\jni.cpp, line 535]
Event: 5.957 Thread 0x000001f892111410 Exception <a 'java/lang/NoSuchMethodError'{0x00000000eb2fcbf0}: 'java.lang.Object java.lang.invoke.DirectMethodHandle$Holder.invokeStatic(java.lang.Object, java.lang.Object, long, java.lang.Object)'> (0x00000000eb2fcbf0) 
thrown [s\src\hotspot\share\interpreter\linkResolver.cpp, line 759]
Event: 5.958 Thread 0x000001f892111410 Exception <a 'java/lang/NoSuchMethodError'{0x00000000eb300688}: 'java.lang.Object java.lang.invoke.DirectMethodHandle$Holder.invokeStaticInit(java.lang.Object, java.lang.Object, long, java.lang.Object)'> (0x00000000eb300688) 
thrown [s\src\hotspot\share\interpreter\linkResolver.cpp, line 759]
Event: 5.958 Thread 0x000001f892111410 Exception <a 'java/lang/NoSuchMethodError'{0x00000000eb306ef0}: 'java.lang.Object java.lang.invoke.DirectMethodHandle$Holder.newInvokeSpecial(java.lang.Object, java.lang.Object, long)'> (0x00000000eb306ef0) 
thrown [s\src\hotspot\share\interpreter\linkResolver.cpp, line 759]
Event: 6.005 Thread 0x000001f892111410 Exception <a 'java/lang/NoSuchMethodError'{0x00000000eb4c4a78}: 'void java.lang.invoke.DirectMethodHandle$Holder.invokeStatic(java.lang.Object, java.lang.Object, java.lang.Object, java.lang.Object)'> (0x00000000eb4c4a78) 
thrown [s\src\hotspot\share\interpreter\linkResolver.cpp, line 759]
Event: 6.161 Thread 0x000001f892111410 Exception <a 'java/lang/NoSuchMethodError'{0x00000000ebd2a198}: 'void java.lang.invoke.DirectMethodHandle$Holder.invokeSpecial(java.lang.Object, java.lang.Object, java.lang.Object, java.lang.Object, java.lang.Object, java.lang.Object)'> (0x00000000ebd2a198) 
thrown [s\src\hotspot\share\interpreter\linkResolver.cpp, line 759]
Event: 6.164 Thread 0x000001f892111410 Exception <a 'java/lang/IncompatibleClassChangeError'{0x00000000ebd33c88}: Found class java.lang.Object, but interface was expected> (0x00000000ebd33c88) 
thrown [s\src\hotspot\share\interpreter\linkResolver.cpp, line 826]
Event: 6.264 Thread 0x000001f8ad7f24c0 Exception <a 'java/io/FileNotFoundException'{0x00000000eac055a0}> (0x00000000eac055a0) 
thrown [s\src\hotspot\share\prims\jni.cpp, line 516]
Event: 6.301 Thread 0x000001f8ad7f24c0 Exception <a 'sun/nio/fs/WindowsException'{0x00000000eab10350}> (0x00000000eab10350) 
thrown [s\src\hotspot\share\prims\jni.cpp, line 516]
Event: 6.306 Thread 0x000001f8ad7ef730 Exception <a 'java/io/FileNotFoundException'{0x00000000eab4f808}> (0x00000000eab4f808) 
thrown [s\src\hotspot\share\prims\jni.cpp, line 516]
Event: 6.306 Thread 0x000001f8ad7ef730 Exception <a 'java/io/FileNotFoundException'{0x00000000eab50808}> (0x00000000eab50808) 
thrown [s\src\hotspot\share\prims\jni.cpp, line 516]
Event: 6.306 Thread 0x000001f8ad7ef730 Exception <a 'java/io/FileNotFoundException'{0x00000000eab517d0}> (0x00000000eab517d0) 
thrown [s\src\hotspot\share\prims\jni.cpp, line 516]
Event: 6.358 Thread 0x000001f8ad7f24c0 Exception <a 'java/lang/NoSuchMethodError'{0x00000000eaf02710}: 'int java.lang.invoke.DirectMethodHandle$Holder.invokeVirtual(java.lang.Object, java.lang.Object)'> (0x00000000eaf02710) 
thrown [s\src\hotspot\share\interpreter\linkResolver.cpp, line 759]
Event: 6.375 Thread 0x000001f8ab338c40 Exception <a 'java/lang/NoSuchMethodError'{0x00000000eafb05e8}: 'java.lang.Object java.lang.invoke.Invokers$Holder.invoke_MT(java.lang.Object, java.lang.Object, java.lang.Object)'> (0x00000000eafb05e8) 
thrown [s\src\hotspot\share\interpreter\linkResolver.cpp, line 759]
Event: 6.544 Thread 0x000001f8ab338c40 Exception <a 'java/io/FileNotFoundException'{0x00000000eb177ba0}> (0x00000000eb177ba0) 
thrown [s\src\hotspot\share\prims\jni.cpp, line 516]
Event: 6.545 Thread 0x000001f8ab338c40 Exception <a 'java/io/FileNotFoundException'{0x00000000eb1790e0}> (0x00000000eb1790e0) 
thrown [s\src\hotspot\share\prims\jni.cpp, line 516]
Event: 6.546 Thread 0x000001f8ab338c40 Exception <a 'java/lang/NoSuchMethodError'{0x00000000eb1928d0}: 'void java.lang.invoke.DirectMethodHandle$Holder.invokeStaticInit(java.lang.Object, java.lang.Object, java.lang.Object)'> (0x00000000eb1928d0) 
thrown [s\src\hotspot\share\interpreter\linkResolver.cpp, line 759]

VM Operations (20 events):
Event: 5.880 Executing VM operation: HandshakeAllThreads
Event: 5.880 Executing VM operation: HandshakeAllThreads done
Event: 6.187 Executing VM operation: HandshakeAllThreads
Event: 6.187 Executing VM operation: HandshakeAllThreads done
Event: 6.242 Executing VM operation: ParallelGCFailedAllocation
Event: 6.245 Executing VM operation: ParallelGCFailedAllocation done
Event: 6.256 Executing VM operation: HandshakeAllThreads
Event: 6.256 Executing VM operation: HandshakeAllThreads done
Event: 6.256 Executing VM operation: HandshakeAllThreads
Event: 6.256 Executing VM operation: HandshakeAllThreads done
Event: 6.281 Executing VM operation: CollectForMetadataAllocation
Event: 6.299 Executing VM operation: CollectForMetadataAllocation done
Event: 6.342 Executing VM operation: HandshakeAllThreads
Event: 6.342 Executing VM operation: HandshakeAllThreads done
Event: 6.386 Executing VM operation: HandshakeAllThreads
Event: 6.386 Executing VM operation: HandshakeAllThreads done
Event: 6.386 Executing VM operation: HandshakeAllThreads
Event: 6.386 Executing VM operation: HandshakeAllThreads done
Event: 6.518 Executing VM operation: ParallelGCFailedAllocation
Event: 6.520 Executing VM operation: ParallelGCFailedAllocation done

Events (20 events):
Event: 6.388 loading class jdk/internal/jimage/ImageReader$Directory
Event: 6.388 loading class jdk/internal/jimage/ImageReader$Directory done
Event: 6.416 loading class java/nio/file/FileTreeWalker$DirectoryNode
Event: 6.416 loading class java/nio/file/FileTreeWalker$DirectoryNode done
Event: 6.416 loading class java/nio/file/FileTreeWalker$Event
Event: 6.416 loading class java/nio/file/FileTreeWalker$Event done
Event: 6.416 loading class java/nio/file/FileTreeWalker$EventType
Event: 6.416 loading class java/nio/file/FileTreeWalker$EventType done
Event: 6.416 loading class java/nio/file/Files$3
Event: 6.416 loading class java/nio/file/Files$3 done
Event: 6.416 loading class java/nio/file/FileVisitResult
Event: 6.416 loading class java/nio/file/FileVisitResult done
Event: 6.447 loading class java/util/regex/Pattern$BackRef
Event: 6.448 loading class java/util/regex/Pattern$BackRef done
Event: 6.483 loading class java/nio/channels/Channels$ReadableByteChannelImpl
Event: 6.483 loading class java/nio/channels/Channels$ReadableByteChannelImpl done
Event: 6.483 loading class java/nio/channels/NonWritableChannelException
Event: 6.483 loading class java/nio/channels/NonWritableChannelException done
Event: 6.483 loading class sun/nio/ch/ChannelInputStream
Event: 6.484 loading class sun/nio/ch/ChannelInputStream done


Dynamic libraries:
0x00007ff6cc230000 - 0x00007ff6cc23e000 	c:\Users\STARIM\.vscode\extensions\redhat.java-1.28.1-win32-x64\jre\17.0.10-win32-x86_64\bin\java.exe
0x00007ffa4f350000 - 0x00007ffa4f567000 	C:\WINDOWS\SYSTEM32\ntdll.dll
0x00007ffa4d790000 - 0x00007ffa4d854000 	C:\WINDOWS\System32\KERNEL32.DLL
0x00007ffa4c690000 - 0x00007ffa4ca36000 	C:\WINDOWS\System32\KERNELBASE.dll
0x00007ffa4cdc0000 - 0x00007ffa4ced1000 	C:\WINDOWS\System32\ucrtbase.dll
0x00007ffa44190000 - 0x00007ffa441a7000 	c:\Users\STARIM\.vscode\extensions\redhat.java-1.28.1-win32-x64\jre\17.0.10-win32-x86_64\bin\jli.dll
0x00007ffa433c0000 - 0x00007ffa433db000 	c:\Users\STARIM\.vscode\extensions\redhat.java-1.28.1-win32-x64\jre\17.0.10-win32-x86_64\bin\VCRUNTIME140.dll
0x00007ffa4ebc0000 - 0x00007ffa4ed6e000 	C:\WINDOWS\System32\USER32.dll
0x00007ffa4ca40000 - 0x00007ffa4ca66000 	C:\WINDOWS\System32\win32u.dll
0x00007ffa44890000 - 0x00007ffa44b23000 	C:\WINDOWS\WinSxS\amd64_microsoft.windows.common-controls_6595b64144ccf1df_6.0.22621.2506_none_270c5ae97388e100\COMCTL32.dll
0x00007ffa4f090000 - 0x00007ffa4f137000 	C:\WINDOWS\System32\msvcrt.dll
0x00007ffa4e050000 - 0x00007ffa4e079000 	C:\WINDOWS\System32\GDI32.dll
0x00007ffa4cf80000 - 0x00007ffa4d098000 	C:\WINDOWS\System32\gdi32full.dll
0x00007ffa4cee0000 - 0x00007ffa4cf7a000 	C:\WINDOWS\System32\msvcp_win.dll
0x00007ffa4deb0000 - 0x00007ffa4dee1000 	C:\WINDOWS\System32\IMM32.DLL
0x00007ffa485f0000 - 0x00007ffa485fc000 	c:\Users\STARIM\.vscode\extensions\redhat.java-1.28.1-win32-x64\jre\17.0.10-win32-x86_64\bin\vcruntime140_1.dll
0x00007ffa3c370000 - 0x00007ffa3c3fd000 	c:\Users\STARIM\.vscode\extensions\redhat.java-1.28.1-win32-x64\jre\17.0.10-win32-x86_64\bin\msvcp140.dll
0x00007ff9ebb60000 - 0x00007ff9ec7c2000 	c:\Users\STARIM\.vscode\extensions\redhat.java-1.28.1-win32-x64\jre\17.0.10-win32-x86_64\bin\server\jvm.dll
0x00007ffa4d6d0000 - 0x00007ffa4d783000 	C:\WINDOWS\System32\ADVAPI32.dll
0x00007ffa4f240000 - 0x00007ffa4f2e8000 	C:\WINDOWS\System32\sechost.dll
0x00007ffa4cba0000 - 0x00007ffa4cbc8000 	C:\WINDOWS\System32\bcrypt.dll
0x00007ffa4d8f0000 - 0x00007ffa4da07000 	C:\WINDOWS\System32\RPCRT4.dll
0x00007ffa406a0000 - 0x00007ffa406d4000 	C:\WINDOWS\SYSTEM32\WINMM.dll
0x00007ffa4b4f0000 - 0x00007ffa4b53d000 	C:\WINDOWS\SYSTEM32\POWRPROF.dll
0x00007ffa429d0000 - 0x00007ffa429da000 	C:\WINDOWS\SYSTEM32\VERSION.dll
0x00007ffa44260000 - 0x00007ffa44269000 	C:\WINDOWS\SYSTEM32\WSOCK32.dll
0x00007ffa4d860000 - 0x00007ffa4d8d1000 	C:\WINDOWS\System32\WS2_32.dll
0x00007ffa4b4d0000 - 0x00007ffa4b4e3000 	C:\WINDOWS\SYSTEM32\UMPDC.dll
0x00007ffa4b7a0000 - 0x00007ffa4b7b8000 	C:\WINDOWS\SYSTEM32\kernel.appcore.dll
0x00007ffa42d20000 - 0x00007ffa42d2a000 	c:\Users\STARIM\.vscode\extensions\redhat.java-1.28.1-win32-x64\jre\17.0.10-win32-x86_64\bin\jimage.dll
0x00007ffa49b70000 - 0x00007ffa49da3000 	C:\WINDOWS\SYSTEM32\DBGHELP.DLL
0x00007ffa4db20000 - 0x00007ffa4dea9000 	C:\WINDOWS\System32\combase.dll
0x00007ffa4d590000 - 0x00007ffa4d667000 	C:\WINDOWS\System32\OLEAUT32.dll
0x00007ffa404e0000 - 0x00007ffa40512000 	C:\WINDOWS\SYSTEM32\dbgcore.DLL
0x00007ffa4cd40000 - 0x00007ffa4cdba000 	C:\WINDOWS\System32\bcryptPrimitives.dll
0x00007ffa41140000 - 0x00007ffa4114e000 	c:\Users\STARIM\.vscode\extensions\redhat.java-1.28.1-win32-x64\jre\17.0.10-win32-x86_64\bin\instrument.dll
0x00007ffa41110000 - 0x00007ffa41135000 	c:\Users\STARIM\.vscode\extensions\redhat.java-1.28.1-win32-x64\jre\17.0.10-win32-x86_64\bin\java.dll
0x00007ffa41080000 - 0x00007ffa41098000 	c:\Users\STARIM\.vscode\extensions\redhat.java-1.28.1-win32-x64\jre\17.0.10-win32-x86_64\bin\zip.dll
0x00007ffa4e0e0000 - 0x00007ffa4e93b000 	C:\WINDOWS\System32\SHELL32.dll
0x00007ffa4a5b0000 - 0x00007ffa4aea6000 	C:\WINDOWS\SYSTEM32\windows.storage.dll
0x00007ffa4a470000 - 0x00007ffa4a5ae000 	C:\WINDOWS\SYSTEM32\wintypes.dll
0x00007ffa4f140000 - 0x00007ffa4f233000 	C:\WINDOWS\System32\SHCORE.dll
0x00007ffa4d670000 - 0x00007ffa4d6ce000 	C:\WINDOWS\System32\shlwapi.dll
0x00007ffa4c5c0000 - 0x00007ffa4c5e6000 	C:\WINDOWS\SYSTEM32\profapi.dll
0x00007ffa408a0000 - 0x00007ffa408b9000 	C:\Users\STARIM\.vscode\extensions\redhat.java-1.28.1-win32-x64\jre\17.0.10-win32-x86_64\bin\net.dll
0x00007ffa47e20000 - 0x00007ffa47f57000 	C:\WINDOWS\SYSTEM32\WINHTTP.dll
0x00007ffa4bc40000 - 0x00007ffa4bca9000 	C:\WINDOWS\system32\mswsock.dll
0x00007ffa40680000 - 0x00007ffa40696000 	C:\Users\STARIM\.vscode\extensions\redhat.java-1.28.1-win32-x64\jre\17.0.10-win32-x86_64\bin\nio.dll
0x00007ffa41070000 - 0x00007ffa41080000 	c:\Users\STARIM\.vscode\extensions\redhat.java-1.28.1-win32-x64\jre\17.0.10-win32-x86_64\bin\verify.dll
0x00007ffa40030000 - 0x00007ffa4006e000 	C:\Users\STARIM\AppData\Roaming\Code\User\globalStorage\redhat.java\1.28.1\config_ss_win\org.eclipse.equinox.launcher\org.eclipse.equinox.launcher.win32.win32.x86_64_1.2.900.v20240129-1338\eclipse_11900.dll
0x00007ffa4eef0000 - 0x00007ffa4f090000 	C:\WINDOWS\System32\ole32.dll
0x00007ffa4bea0000 - 0x00007ffa4bebb000 	C:\WINDOWS\SYSTEM32\CRYPTSP.dll
0x00007ffa4b6f0000 - 0x00007ffa4b725000 	C:\WINDOWS\system32\rsaenh.dll
0x00007ffa4bd30000 - 0x00007ffa4bd5c000 	C:\WINDOWS\SYSTEM32\USERENV.dll
0x00007ffa4be90000 - 0x00007ffa4be9c000 	C:\WINDOWS\SYSTEM32\CRYPTBASE.dll
0x00007ffa4b180000 - 0x00007ffa4b1ad000 	C:\WINDOWS\SYSTEM32\IPHLPAPI.DLL
0x00007ffa4dff0000 - 0x00007ffa4dff9000 	C:\WINDOWS\System32\NSI.dll
0x00007ffa45f00000 - 0x00007ffa45f19000 	C:\WINDOWS\SYSTEM32\dhcpcsvc6.DLL
0x00007ffa45ee0000 - 0x00007ffa45eff000 	C:\WINDOWS\SYSTEM32\dhcpcsvc.DLL
0x00007ffa4b1b0000 - 0x00007ffa4b2a9000 	C:\WINDOWS\SYSTEM32\DNSAPI.dll
0x00007ffa3e530000 - 0x00007ffa3e575000 	C:\Users\STARIM\AppData\Local\Temp\jna--1839154442\jna669399779662393464.dll
0x00007ffa4e940000 - 0x00007ffa4e948000 	C:\WINDOWS\System32\PSAPI.DLL

dbghelp: loaded successfully - version: 4.0.5 - missing functions: none
symbol engine: initialized successfully - sym options: 0x614 - pdb path: .;c:\Users\STARIM\.vscode\extensions\redhat.java-1.28.1-win32-x64\jre\17.0.10-win32-x86_64\bin;C:\WINDOWS\SYSTEM32;C:\WINDOWS\WinSxS\amd64_microsoft.windows.common-controls_6595b64144ccf1df_6.0.22621.2506_none_270c5ae97388e100;c:\Users\STARIM\.vscode\extensions\redhat.java-1.28.1-win32-x64\jre\17.0.10-win32-x86_64\bin\server;C:\Users\STARIM\AppData\Roaming\Code\User\globalStorage\redhat.java\1.28.1\config_ss_win\org.eclipse.equinox.launcher\org.eclipse.equinox.launcher.win32.win32.x86_64_1.2.900.v20240129-1338;C:\Users\STARIM\AppData\Local\Temp\jna--1839154442

VM Arguments:
jvm_args: --add-modules=ALL-SYSTEM --add-opens=java.base/java.util=ALL-UNNAMED --add-opens=java.base/java.lang=ALL-UNNAMED --add-opens=java.base/sun.nio.fs=ALL-UNNAMED -Declipse.application=org.eclipse.jdt.ls.core.id1 -Dosgi.bundles.defaultStartLevel=4 -Declipse.product=org.eclipse.jdt.ls.core.product -Djava.import.generatesMetadataFilesAtProjectRoot=false -DDetectVMInstallationsJob.disabled=true -Dfile.encoding=utf8 -XX:+UseParallelGC -XX:GCTimeRatio=4 -XX:AdaptiveSizePolicyWeight=90 -Dsun.zip.disableMemoryMapping=true -Xmx1G -Xms100m -Xlog:disable -javaagent:c:\Users\STARIM\.vscode\extensions\redhat.java-1.28.1-win32-x64\lombok\lombok-1.18.31.jar 
java_command: c:\Users\STARIM\.vscode\extensions\redhat.java-1.28.1-win32-x64\server\plugins\org.eclipse.equinox.launcher_1.6.700.v20231214-2017.jar -configuration c:\Users\STARIM\AppData\Roaming\Code\User\globalStorage\redhat.java\1.28.1\config_ss_win -data c:\Users\STARIM\AppData\Roaming\Code\User\workspaceStorage\acb77b6dbbcca2f86ee7bb19ff107631\redhat.java\ss_ws --stdio
java_class_path (initial): c:\Users\STARIM\.vscode\extensions\redhat.java-1.28.1-win32-x64\server\plugins\org.eclipse.equinox.launcher_1.6.700.v20231214-2017.jar
Launcher Type: SUN_STANDARD

[Global flags]
    uintx AdaptiveSizePolicyWeight                 = 90                                        {product} {command line}
     intx CICompilerCount                          = 12                                        {product} {ergonomic}
    uintx GCTimeRatio                              = 4                                         {product} {command line}
   size_t InitialHeapSize                          = 104857600                                 {product} {command line}
   size_t MaxHeapSize                              = 1073741824                                {product} {command line}
   size_t MaxNewSize                               = 357564416                                 {product} {ergonomic}
   size_t MinHeapDeltaBytes                        = 524288                                    {product} {ergonomic}
   size_t MinHeapSize                              = 104857600                                 {product} {command line}
   size_t NewSize                                  = 34603008                                  {product} {ergonomic}
    uintx NonNMethodCodeHeapSize                   = 7602480                                {pd product} {ergonomic}
    uintx NonProfiledCodeHeapSize                  = 122027880                              {pd product} {ergonomic}
   size_t OldSize                                  = 70254592                                  {product} {ergonomic}
    uintx ProfiledCodeHeapSize                     = 122027880                              {pd product} {ergonomic}
    uintx ReservedCodeCacheSize                    = 251658240                              {pd product} {ergonomic}
     bool SegmentedCodeCache                       = true                                      {product} {ergonomic}
   size_t SoftMaxHeapSize                          = 1073741824                             {manageable} {ergonomic}
     bool UseCompressedClassPointers               = true                           {product lp64_product} {ergonomic}
     bool UseCompressedOops                        = true                           {product lp64_product} {ergonomic}
     bool UseLargePagesIndividualAllocation        = false                                  {pd product} {ergonomic}
     bool UseParallelGC                            = true                                      {product} {command line}

Logging:
Log output configuration:
 #0: stdout all=off uptime,level,tags
 #1: stderr all=off uptime,level,tags

Environment Variables:
PATH=C:\Program Files\Common Files\Oracle\Java\javapath;C:\Windows\system32;C:\Windows;C:\Windows\System32\Wbem;C:\Windows\System32\WindowsPowerShell\v1.0\;C:\Windows\System32\OpenSSH\;C:\Program Files (x86)\NVIDIA Corporation\PhysX\Common;C:\Program Files\dotnet\;C:\Program Files\Microsoft SQL Server\Client SDK\ODBC\170\Tools\Binn\;C:\Program Files (x86)\Microsoft SQL Server\150\Tools\Binn\;C:\Program Files\Microsoft SQL Server\150\Tools\Binn\;C:\Program Files\Microsoft SQL Server\150\DTS\Binn\;C:\WINDOWS\system32;C:\WINDOWS;C:\WINDOWS\System32\Wbem;C:\WINDOWS\System32\WindowsPowerShell\v1.0\;C:\WINDOWS\System32\OpenSSH\;C:\Users\STARIM\Downloads\apache-maven-3.9.5-bin\apache-maven-3.9.5\bin;C:\Program Files\Java\jdk-21;C:\Program Files\Git\cmd;C:\Users\STARIM\AppData\Roaming\nvm;C:\Program Files\nodejs;C:\Users\STARIM\AppData\Local\Microsoft\WindowsApps;C:\Users\STARIM\.dotnet\tools;C:\Users\STARIM\AppData\Local\Programs\Microsoft VS Code\bin;C:\Users\STARIM\AppData\Local\Programs\mongosh\;C:\Program Files\JetBrains\IntelliJ IDEA Community Edition 2023.2.5\bin;;C:\Users\STARIM\AppData\Roaming\npm;C:\Users\STARIM\AppData\Roaming\nvm;C:\Program Files\nodejs
USERNAME=STARIM
OS=Windows_NT
PROCESSOR_IDENTIFIER=AMD64 Family 23 Model 96 Stepping 1, AuthenticAMD
TMP=C:\Users\STARIM\AppData\Local\Temp
TEMP=C:\Users\STARIM\AppData\Local\Temp



Periodic native trim disabled


---------------  S Y S T E M  ---------------

OS:
 Windows 11 , 64 bit Build 22621 (10.0.22621.3085)
OS uptime: 0 days 2:08 hours
Hyper-V role detected

CPU: total 16 (initial active 16) (16 cores per cpu, 2 threads per core) family 23 model 96 stepping 1 microcode 0x0, cx8, cmov, fxsr, ht, mmx, 3dnowpref, sse, sse2, sse3, ssse3, sse4a, sse4.1, sse4.2, popcnt, lzcnt, tsc, tscinvbit, avx, avx2, aes, clmul, bmi1, bmi2, adx, sha, fma, vzeroupper, clflush, clflushopt, hv
Processor Information for all 16 processors :
  Max Mhz: 2901, Current Mhz: 2901, Mhz Limit: 2901

Memory: 4k page, system-wide physical 7599M (348M free)
TotalPageFile size 15763M (AvailPageFile size 0M)
current process WorkingSet (physical memory assigned to process): 152M, peak: 153M
current process commit charge ("private bytes"): 267M, peak: 269M

vm_info: OpenJDK 64-Bit Server VM (17.0.10+7) for windows-amd64 JRE (17.0.10+7), built on Jan 16 2024 23:25:11 by "admin" with MS VC++ 16.10 / 16.11 (VS2019)

END.
