#
# There is insufficient memory for the Java Runtime Environment to continue.
# Native memory allocation (malloc) failed to allocate 597696 bytes for Chunk::new
# Possible reasons:
#   The system is out of physical RAM or swap space
#   The process is running with CompressedOops enabled, and the Java Heap may be blocking the growth of the native heap
# Possible solutions:
#   Reduce memory load on the system
#   Increase physical memory or swap space
#   Check if swap backing store is full
#   Decrease Java heap size (-Xmx/-Xms)
#   Decrease number of Java threads
#   Decrease Java thread stack sizes (-Xss)
#   Set larger code cache with -XX:ReservedCodeCacheSize=
#   JVM is running with Unscaled Compressed Oops mode in which the Java heap is
#     placed in the first 4GB address space. The Java Heap base address is the
#     maximum limit for the native heap growth. Please use -XX:HeapBaseMinAddress
#     to set the Java Heap base and to place the Java Heap above 4GB virtual address.
# This output file may be truncated or incomplete.
#
#  Out of Memory Error (arena.cpp:191), pid=25880, tid=15808
#
# JRE version: OpenJDK Runtime Environment Temurin-17.0.10+7 (17.0.10+7) (build 17.0.10+7)
# Java VM: OpenJDK 64-Bit Server VM Temurin-17.0.10+7 (17.0.10+7, mixed mode, tiered, compressed oops, compressed class ptrs, parallel gc, windows-amd64)
# No core dump will be written. Minidumps are not enabled by default on client versions of Windows
#

---------------  S U M M A R Y ------------

Command Line: --add-modules=ALL-SYSTEM --add-opens=java.base/java.util=ALL-UNNAMED --add-opens=java.base/java.lang=ALL-UNNAMED --add-opens=java.base/sun.nio.fs=ALL-UNNAMED -Declipse.application=org.eclipse.jdt.ls.core.id1 -Dosgi.bundles.defaultStartLevel=4 -Declipse.product=org.eclipse.jdt.ls.core.product -Djava.import.generatesMetadataFilesAtProjectRoot=false -DDetectVMInstallationsJob.disabled=true -Dfile.encoding=utf8 -XX:+UseParallelGC -XX:GCTimeRatio=4 -XX:AdaptiveSizePolicyWeight=90 -Dsun.zip.disableMemoryMapping=true -Xmx1G -Xms100m -Xlog:disable -javaagent:c:\Users\STARIM\.vscode\extensions\redhat.java-1.28.1-win32-x64\lombok\lombok-1.18.31.jar c:\Users\STARIM\.vscode\extensions\redhat.java-1.28.1-win32-x64\server\plugins\org.eclipse.equinox.launcher_1.6.700.v20231214-2017.jar -configuration c:\Users\STARIM\AppData\Roaming\Code\User\globalStorage\redhat.java\1.28.1\config_ss_win -data c:\Users\STARIM\AppData\Roaming\Code\User\workspaceStorage\acb77b6dbbcca2f86ee7bb19ff107631\redhat.java\ss_ws --stdio

Host: AMD Ryzen 7 4800H with Radeon Graphics         , 16 cores, 7G,  Windows 11 , 64 bit Build 22621 (10.0.22621.3235)
Time: Mon Mar 18 16:39:14 2024 India Standard Time elapsed time: 3.133217 seconds (0d 0h 0m 3s)

---------------  T H R E A D  ---------------

Current thread (0x0000025014e6b480):  JavaThread "C2 CompilerThread1" daemon [_thread_in_native, id=15808, stack(0x000000830d900000,0x000000830da00000)]


Current CompileTask:
C2:   3133 2424       4       org.lombokweb.asm.ClassReader::readMethod (1066 bytes)

Stack: [0x000000830d900000,0x000000830da00000]
Native frames: (J=compiled Java code, j=interpreted, Vv=VM code, C=native code)
V  [jvm.dll+0x67d2c9]
V  [jvm.dll+0x834afa]
V  [jvm.dll+0x8365be]
V  [jvm.dll+0x836c23]
V  [jvm.dll+0x2477ff]
V  [jvm.dll+0xac514]
V  [jvm.dll+0xacb5c]
V  [jvm.dll+0x2aed1f]
V  [jvm.dll+0x584b67]
V  [jvm.dll+0x2228a2]
V  [jvm.dll+0x21b5cd]
V  [jvm.dll+0x219201]
V  [jvm.dll+0x1a502d]
V  [jvm.dll+0x2290de]
V  [jvm.dll+0x2272ac]
V  [jvm.dll+0x7e9bb7]
V  [jvm.dll+0x7e3fba]
V  [jvm.dll+0x67c1b5]
C  [ucrtbase.dll+0x29363]
C  [KERNEL32.DLL+0x1257d]
C  [ntdll.dll+0x5aa58]


---------------  P R O C E S S  ---------------

Threads class SMR info:
_java_thread_list=0x00000250151670c0, length=22, elements={
0x0000025079200910, 0x000002507e085020, 0x00000250792a8f20, 0x000002507e08aeb0,
0x000002507e08bd30, 0x000002507e08cbb0, 0x000002507f18c010, 0x000002507f18c910,
0x000002507f18eb70, 0x000002507f1aac70, 0x000002507f299100, 0x000002507f3c7ea0,
0x0000025014682f20, 0x00000250148cf6a0, 0x0000025014aec8a0, 0x0000025014905040,
0x0000025014ae8060, 0x0000025014da7930, 0x0000025014dfcc60, 0x0000025014e6b480,
0x0000025014dfc750, 0x0000025014dfd170
}

Java Threads: ( => current thread )
  0x0000025079200910 JavaThread "main" [_thread_blocked, id=16868, stack(0x000000830b900000,0x000000830ba00000)]
  0x000002507e085020 JavaThread "Reference Handler" daemon [_thread_blocked, id=13256, stack(0x000000830bc00000,0x000000830bd00000)]
  0x00000250792a8f20 JavaThread "Finalizer" daemon [_thread_blocked, id=11868, stack(0x000000830bd00000,0x000000830be00000)]
  0x000002507e08aeb0 JavaThread "Signal Dispatcher" daemon [_thread_blocked, id=16936, stack(0x000000830be00000,0x000000830bf00000)]
  0x000002507e08bd30 JavaThread "Attach Listener" daemon [_thread_blocked, id=6712, stack(0x000000830bf00000,0x000000830c000000)]
  0x000002507e08cbb0 JavaThread "Service Thread" daemon [_thread_blocked, id=9084, stack(0x000000830c000000,0x000000830c100000)]
  0x000002507f18c010 JavaThread "Monitor Deflation Thread" daemon [_thread_blocked, id=9672, stack(0x000000830c100000,0x000000830c200000)]
  0x000002507f18c910 JavaThread "C2 CompilerThread0" daemon [_thread_in_native, id=19064, stack(0x000000830c200000,0x000000830c300000)]
  0x000002507f18eb70 JavaThread "C1 CompilerThread0" daemon [_thread_blocked, id=22496, stack(0x000000830c300000,0x000000830c400000)]
  0x000002507f1aac70 JavaThread "Sweeper thread" daemon [_thread_blocked, id=16952, stack(0x000000830c400000,0x000000830c500000)]
  0x000002507f299100 JavaThread "Common-Cleaner" daemon [_thread_blocked, id=328, stack(0x000000830c500000,0x000000830c600000)]
  0x000002507f3c7ea0 JavaThread "Notification Thread" daemon [_thread_blocked, id=22288, stack(0x000000830c600000,0x000000830c700000)]
  0x0000025014682f20 JavaThread "Active Thread: Equinox Container: 7c6aeb53-8919-43af-b693-73440db5f8af" [_thread_blocked, id=14604, stack(0x000000830ce00000,0x000000830cf00000)]
  0x00000250148cf6a0 JavaThread "C1 CompilerThread1" daemon [_thread_blocked, id=13544, stack(0x000000830cf00000,0x000000830d000000)]
  0x0000025014aec8a0 JavaThread "Framework Event Dispatcher: Equinox Container: 7c6aeb53-8919-43af-b693-73440db5f8af" daemon [_thread_blocked, id=21488, stack(0x000000830d000000,0x000000830d100000)]
  0x0000025014905040 JavaThread "Start Level: Equinox Container: 7c6aeb53-8919-43af-b693-73440db5f8af" daemon [_thread_in_Java, id=6216, stack(0x000000830d100000,0x000000830d200000)]
  0x0000025014ae8060 JavaThread "SCR Component Actor" daemon [_thread_blocked, id=12352, stack(0x000000830d200000,0x000000830d300000)]
  0x0000025014da7930 JavaThread "SCR Component Registry" daemon [_thread_blocked, id=24404, stack(0x000000830d400000,0x000000830d500000)]
  0x0000025014dfcc60 JavaThread "Worker-JM" [_thread_blocked, id=15208, stack(0x000000830d500000,0x000000830d600000)]
=>0x0000025014e6b480 JavaThread "C2 CompilerThread1" daemon [_thread_in_native, id=15808, stack(0x000000830d900000,0x000000830da00000)]
  0x0000025014dfc750 JavaThread "Worker-0" [_thread_blocked, id=1840, stack(0x000000830da00000,0x000000830db00000)]
  0x0000025014dfd170 JavaThread "Worker-1" [_thread_blocked, id=23860, stack(0x000000830db00000,0x000000830dc00000)]

Other Threads:
  0x0000025079288730 VMThread "VM Thread" [stack: 0x000000830bb00000,0x000000830bc00000] [id=7092]
  0x0000025014328450 WatcherThread [stack: 0x000000830c700000,0x000000830c800000] [id=16656]
  0x00000250792154f0 GCTaskThread "GC Thread#0" [stack: 0x000000830ba00000,0x000000830bb00000] [id=18572]
  0x000002501486df90 GCTaskThread "GC Thread#1" [stack: 0x000000830c800000,0x000000830c900000] [id=2992]
  0x0000025014a70410 GCTaskThread "GC Thread#2" [stack: 0x000000830c900000,0x000000830ca00000] [id=11020]
  0x0000025014a706d0 GCTaskThread "GC Thread#3" [stack: 0x000000830ca00000,0x000000830cb00000] [id=18856]
  0x0000025014a70990 GCTaskThread "GC Thread#4" [stack: 0x000000830cb00000,0x000000830cc00000] [id=10960]
  0x0000025014a70c50 GCTaskThread "GC Thread#5" [stack: 0x000000830cc00000,0x000000830cd00000] [id=23632]
  0x0000025014a70f10 GCTaskThread "GC Thread#6" [stack: 0x000000830cd00000,0x000000830ce00000] [id=24252]
  0x00000250146567b0 GCTaskThread "GC Thread#7" [stack: 0x000000830d300000,0x000000830d400000] [id=9756]
  0x0000025014a47ef0 GCTaskThread "GC Thread#8" [stack: 0x000000830d600000,0x000000830d700000] [id=3744]
  0x0000025014f693d0 GCTaskThread "GC Thread#9" [stack: 0x000000830d700000,0x000000830d800000] [id=17008]
  0x00000250149d5310 GCTaskThread "GC Thread#10" [stack: 0x000000830d800000,0x000000830d900000] [id=16708]

Threads with active compile tasks:
C2 CompilerThread0     3155 2436       4       org.lombokweb.asm.ClassWriter::visitMethod (57 bytes)
C1 CompilerThread1     3155 2441       3       java.lang.ThreadLocal$ThreadLocalMap::nextIndex (15 bytes)
C2 CompilerThread1     3155 2424       4       org.lombokweb.asm.ClassReader::readMethod (1066 bytes)

VM state: not at safepoint (normal execution)

VM Mutex/Monitor currently owned by a thread: None

Heap address: 0x00000000c0000000, size: 1024 MB, Compressed Oops mode: 32-bit

CDS archive(s) not mapped
Compressed class space mapped at: 0x0000000100000000-0x0000000140000000, reserved size: 1073741824
Narrow klass base: 0x0000000000000000, Narrow klass shift: 3, Narrow klass range: 0x140000000

GC Precious Log:
 CPUs: 16 total, 16 available
 Memory: 7599M
 Large Page Support: Disabled
 NUMA Support: Disabled
 Compressed Oops: Enabled (32-bit)
 Alignments: Space 512K, Generation 512K, Heap 2M
 Heap Min Capacity: 100M
 Heap Initial Capacity: 100M
 Heap Max Capacity: 1G
 Pre-touch: Disabled
 Parallel Workers: 13

Heap:
 PSYoungGen      total 26112K, used 5420K [0x00000000eab00000, 0x00000000ec880000, 0x0000000100000000)
  eden space 25088K, 19% used [0x00000000eab00000,0x00000000eafc41a0,0x00000000ec380000)
  from space 1024K, 52% used [0x00000000ec400000,0x00000000ec486fa8,0x00000000ec500000)
  to   space 2560K, 0% used [0x00000000ec600000,0x00000000ec600000,0x00000000ec880000)
 ParOldGen       total 68608K, used 6843K [0x00000000c0000000, 0x00000000c4300000, 0x00000000eab00000)
  object space 68608K, 9% used [0x00000000c0000000,0x00000000c06aedd0,0x00000000c4300000)
 Metaspace       used 24920K, committed 25408K, reserved 1114112K
  class space    used 2440K, committed 2688K, reserved 1048576K

Card table byte_map: [0x0000025078b90000,0x0000025078da0000] _byte_map_base: 0x0000025078590000

Marking Bits: (ParMarkBitMap*) 0x00007ffaaa13d7d0
 Begin Bits: [0x000002507be90000, 0x000002507ce90000)
 End Bits:   [0x000002507ce90000, 0x000002507de90000)

Polling page: 0x00000250771c0000

Metaspace:

Usage:
  Non-class:     21.95 MB used.
      Class:      2.38 MB used.
       Both:     24.34 MB used.

Virtual space:
  Non-class space:       64.00 MB reserved,      22.19 MB ( 35%) committed,  1 nodes.
      Class space:        1.00 GB reserved,       2.62 MB ( <1%) committed,  1 nodes.
             Both:        1.06 GB reserved,      24.81 MB (  2%) committed. 

Chunk freelists:
   Non-Class:  9.32 MB
       Class:  13.42 MB
        Both:  22.74 MB

MaxMetaspaceSize: unlimited
CompressedClassSpaceSize: 1.00 GB
Initial GC threshold: 21.00 MB
Current GC threshold: 35.00 MB
CDS: off
MetaspaceReclaimPolicy: balanced
 - commit_granule_bytes: 65536.
 - commit_granule_words: 8192.
 - virtual_space_node_default_size: 8388608.
 - enlarge_chunks_in_place: 1.
 - new_chunks_are_fully_committed: 0.
 - uncommit_free_chunks: 1.
 - use_allocation_guard: 0.
 - handle_deallocations: 1.


Internal statistics:

num_allocs_failed_limit: 3.
num_arena_births: 274.
num_arena_deaths: 14.
num_vsnodes_births: 2.
num_vsnodes_deaths: 0.
num_space_committed: 397.
num_space_uncommitted: 0.
num_chunks_returned_to_freelist: 17.
num_chunks_taken_from_freelist: 933.
num_chunk_merges: 9.
num_chunk_splits: 604.
num_chunks_enlarged: 409.
num_inconsistent_stats: 0.

CodeHeap 'non-profiled nmethods': size=119168Kb used=950Kb max_used=950Kb free=118217Kb
 bounds [0x0000025007ba0000, 0x0000025007e10000, 0x000002500f000000]
CodeHeap 'profiled nmethods': size=119104Kb used=4778Kb max_used=4778Kb free=114325Kb
 bounds [0x0000025000000000, 0x00000250004b0000, 0x0000025007450000]
CodeHeap 'non-nmethods': size=7488Kb used=1779Kb max_used=1793Kb free=5708Kb
 bounds [0x0000025007450000, 0x00000250076c0000, 0x0000025007ba0000]
 total_blobs=2957 nmethods=2436 adapters=434
 compilation: enabled
              stopped_count=0, restarted_count=0
 full_count=0

Compilation events (20 events):
Event: 3.101 Thread 0x000002507f18eb70 nmethod 2422 0x00000250004a1490 code [0x00000250004a1660, 0x00000250004a1d78]
Event: 3.101 Thread 0x00000250148cf6a0 nmethod 2423 0x00000250004a2090 code [0x00000250004a2300, 0x00000250004a2e08]
Event: 3.102 Thread 0x00000250148cf6a0 2425       3       java.util.Arrays::fill (21 bytes)
Event: 3.102 Thread 0x00000250148cf6a0 nmethod 2425 0x00000250004a3310 code [0x00000250004a34a0, 0x00000250004a3658]
Event: 3.102 Thread 0x00000250148cf6a0 2426   !   3       java.util.regex.Pattern::matcher (44 bytes)
Event: 3.102 Thread 0x000002507f18eb70 2427       3       java.util.regex.Matcher::<init> (95 bytes)
Event: 3.103 Thread 0x00000250148cf6a0 nmethod 2426 0x00000250004a3790 code [0x00000250004a3940, 0x00000250004a3c98]
Event: 3.103 Thread 0x000002507f18eb70 nmethod 2427 0x00000250004a3e10 code [0x00000250004a3fe0, 0x00000250004a44a8]
Event: 3.103 Thread 0x000002507f18eb70 2428       3       org.lombokweb.asm.Symbol::getArgumentsAndReturnSizes (23 bytes)
Event: 3.103 Thread 0x00000250148cf6a0 2429       3       org.lombokweb.asm.MethodWriter::visitMethodInsn (191 bytes)
Event: 3.103 Thread 0x000002507f18eb70 nmethod 2428 0x00000250004a4610 code [0x00000250004a47c0, 0x00000250004a4948]
Event: 3.103 Thread 0x000002507f18eb70 2430       3       org.lombokweb.asm.SymbolTable::addConstantMethodref (24 bytes)
Event: 3.103 Thread 0x000002507f18eb70 nmethod 2430 0x00000250004a4a10 code [0x00000250004a4bc0, 0x00000250004a4d68]
Event: 3.104 Thread 0x00000250148cf6a0 nmethod 2429 0x00000250004a4e10 code [0x00000250004a5040, 0x00000250004a5848]
Event: 3.106 Thread 0x000002507f18c910 2431       4       org.lombokweb.asm.MethodVisitor::<init> (94 bytes)
Event: 3.107 Thread 0x000002507f18c910 nmethod 2431 0x0000025007c8cf10 code [0x0000025007c8d080, 0x0000025007c8d138]
Event: 3.107 Thread 0x000002507f18c910 2432       4       org.lombokweb.asm.ByteVector::putByteArray (49 bytes)
Event: 3.107 Thread 0x000002507f18c910 nmethod 2432 0x0000025007c8d210 code [0x0000025007c8d380, 0x0000025007c8d4d8]
Event: 3.130 Thread 0x000002507f18c910 2433       4       java.util.zip.Inflater::ensureOpen (47 bytes)
Event: 3.131 Thread 0x000002507f18c910 nmethod 2433 0x0000025007c8d610 code [0x0000025007c8d780, 0x0000025007c8d838]

GC Heap History (12 events):
Event: 1.291 GC heap before
{Heap before GC invocations=1 (full 0):
 PSYoungGen      total 29696K, used 25600K [0x00000000eab00000, 0x00000000ecc00000, 0x0000000100000000)
  eden space 25600K, 100% used [0x00000000eab00000,0x00000000ec400000,0x00000000ec400000)
  from space 4096K, 0% used [0x00000000ec800000,0x00000000ec800000,0x00000000ecc00000)
  to   space 4096K, 0% used [0x00000000ec400000,0x00000000ec400000,0x00000000ec800000)
 ParOldGen       total 68608K, used 0K [0x00000000c0000000, 0x00000000c4300000, 0x00000000eab00000)
  object space 68608K, 0% used [0x00000000c0000000,0x00000000c0000000,0x00000000c4300000)
 Metaspace       used 11024K, committed 11200K, reserved 1114112K
  class space    used 1098K, committed 1216K, reserved 1048576K
}
Event: 1.301 GC heap after
{Heap after GC invocations=1 (full 0):
 PSYoungGen      total 29696K, used 3124K [0x00000000eab00000, 0x00000000ecc00000, 0x0000000100000000)
  eden space 25600K, 0% used [0x00000000eab00000,0x00000000eab00000,0x00000000ec400000)
  from space 4096K, 76% used [0x00000000ec400000,0x00000000ec70d150,0x00000000ec800000)
  to   space 4096K, 0% used [0x00000000ec800000,0x00000000ec800000,0x00000000ecc00000)
 ParOldGen       total 68608K, used 16K [0x00000000c0000000, 0x00000000c4300000, 0x00000000eab00000)
  object space 68608K, 0% used [0x00000000c0000000,0x00000000c0004000,0x00000000c4300000)
 Metaspace       used 11024K, committed 11200K, reserved 1114112K
  class space    used 1098K, committed 1216K, reserved 1048576K
}
Event: 2.041 GC heap before
{Heap before GC invocations=2 (full 0):
 PSYoungGen      total 29696K, used 28724K [0x00000000eab00000, 0x00000000ecc00000, 0x0000000100000000)
  eden space 25600K, 100% used [0x00000000eab00000,0x00000000ec400000,0x00000000ec400000)
  from space 4096K, 76% used [0x00000000ec400000,0x00000000ec70d150,0x00000000ec800000)
  to   space 4096K, 0% used [0x00000000ec800000,0x00000000ec800000,0x00000000ecc00000)
 ParOldGen       total 68608K, used 16K [0x00000000c0000000, 0x00000000c4300000, 0x00000000eab00000)
  object space 68608K, 0% used [0x00000000c0000000,0x00000000c0004000,0x00000000c4300000)
 Metaspace       used 14800K, committed 15104K, reserved 1114112K
  class space    used 1494K, committed 1664K, reserved 1048576K
}
Event: 2.048 GC heap after
{Heap after GC invocations=2 (full 0):
 PSYoungGen      total 29696K, used 4074K [0x00000000eab00000, 0x00000000ecc00000, 0x0000000100000000)
  eden space 25600K, 0% used [0x00000000eab00000,0x00000000eab00000,0x00000000ec400000)
  from space 4096K, 99% used [0x00000000ec800000,0x00000000ecbfa970,0x00000000ecc00000)
  to   space 4096K, 0% used [0x00000000ec400000,0x00000000ec400000,0x00000000ec800000)
 ParOldGen       total 68608K, used 744K [0x00000000c0000000, 0x00000000c4300000, 0x00000000eab00000)
  object space 68608K, 1% used [0x00000000c0000000,0x00000000c00ba020,0x00000000c4300000)
 Metaspace       used 14800K, committed 15104K, reserved 1114112K
  class space    used 1494K, committed 1664K, reserved 1048576K
}
Event: 2.671 GC heap before
{Heap before GC invocations=3 (full 0):
 PSYoungGen      total 29696K, used 29661K [0x00000000eab00000, 0x00000000ecc00000, 0x0000000100000000)
  eden space 25600K, 99% used [0x00000000eab00000,0x00000000ec3fcd80,0x00000000ec400000)
  from space 4096K, 99% used [0x00000000ec800000,0x00000000ecbfa970,0x00000000ecc00000)
  to   space 4096K, 0% used [0x00000000ec400000,0x00000000ec400000,0x00000000ec800000)
 ParOldGen       total 68608K, used 744K [0x00000000c0000000, 0x00000000c4300000, 0x00000000eab00000)
  object space 68608K, 1% used [0x00000000c0000000,0x00000000c00ba020,0x00000000c4300000)
 Metaspace       used 19881K, committed 20288K, reserved 1114112K
  class space    used 2028K, committed 2176K, reserved 1048576K
}
Event: 2.675 GC heap after
{Heap after GC invocations=3 (full 0):
 PSYoungGen      total 29696K, used 4067K [0x00000000eab00000, 0x00000000ecc00000, 0x0000000100000000)
  eden space 25600K, 0% used [0x00000000eab00000,0x00000000eab00000,0x00000000ec400000)
  from space 4096K, 99% used [0x00000000ec400000,0x00000000ec7f8e00,0x00000000ec800000)
  to   space 4096K, 0% used [0x00000000ec800000,0x00000000ec800000,0x00000000ecc00000)
 ParOldGen       total 68608K, used 2670K [0x00000000c0000000, 0x00000000c4300000, 0x00000000eab00000)
  object space 68608K, 3% used [0x00000000c0000000,0x00000000c029ba20,0x00000000c4300000)
 Metaspace       used 19881K, committed 20288K, reserved 1114112K
  class space    used 2028K, committed 2176K, reserved 1048576K
}
Event: 2.826 GC heap before
{Heap before GC invocations=4 (full 0):
 PSYoungGen      total 29696K, used 11215K [0x00000000eab00000, 0x00000000ecc00000, 0x0000000100000000)
  eden space 25600K, 27% used [0x00000000eab00000,0x00000000eb1fb008,0x00000000ec400000)
  from space 4096K, 99% used [0x00000000ec400000,0x00000000ec7f8e00,0x00000000ec800000)
  to   space 4096K, 0% used [0x00000000ec800000,0x00000000ec800000,0x00000000ecc00000)
 ParOldGen       total 68608K, used 2670K [0x00000000c0000000, 0x00000000c4300000, 0x00000000eab00000)
  object space 68608K, 3% used [0x00000000c0000000,0x00000000c029ba20,0x00000000c4300000)
 Metaspace       used 21034K, committed 21504K, reserved 1114112K
  class space    used 2150K, committed 2368K, reserved 1048576K
}
Event: 2.829 GC heap after
{Heap after GC invocations=4 (full 0):
 PSYoungGen      total 29696K, used 4072K [0x00000000eab00000, 0x00000000ecc00000, 0x0000000100000000)
  eden space 25600K, 0% used [0x00000000eab00000,0x00000000eab00000,0x00000000ec400000)
  from space 4096K, 99% used [0x00000000ec800000,0x00000000ecbfa0e8,0x00000000ecc00000)
  to   space 4096K, 0% used [0x00000000ec400000,0x00000000ec400000,0x00000000ec800000)
 ParOldGen       total 68608K, used 2955K [0x00000000c0000000, 0x00000000c4300000, 0x00000000eab00000)
  object space 68608K, 4% used [0x00000000c0000000,0x00000000c02e2c28,0x00000000c4300000)
 Metaspace       used 21034K, committed 21504K, reserved 1114112K
  class space    used 2150K, committed 2368K, reserved 1048576K
}
Event: 2.829 GC heap before
{Heap before GC invocations=5 (full 1):
 PSYoungGen      total 29696K, used 4072K [0x00000000eab00000, 0x00000000ecc00000, 0x0000000100000000)
  eden space 25600K, 0% used [0x00000000eab00000,0x00000000eab00000,0x00000000ec400000)
  from space 4096K, 99% used [0x00000000ec800000,0x00000000ecbfa0e8,0x00000000ecc00000)
  to   space 4096K, 0% used [0x00000000ec400000,0x00000000ec400000,0x00000000ec800000)
 ParOldGen       total 68608K, used 2955K [0x00000000c0000000, 0x00000000c4300000, 0x00000000eab00000)
  object space 68608K, 4% used [0x00000000c0000000,0x00000000c02e2c28,0x00000000c4300000)
 Metaspace       used 21034K, committed 21504K, reserved 1114112K
  class space    used 2150K, committed 2368K, reserved 1048576K
}
Event: 2.847 GC heap after
{Heap after GC invocations=5 (full 1):
 PSYoungGen      total 29696K, used 0K [0x00000000eab00000, 0x00000000ecc00000, 0x0000000100000000)
  eden space 25600K, 0% used [0x00000000eab00000,0x00000000eab00000,0x00000000ec400000)
  from space 4096K, 0% used [0x00000000ec800000,0x00000000ec800000,0x00000000ecc00000)
  to   space 4096K, 0% used [0x00000000ec400000,0x00000000ec400000,0x00000000ec800000)
 ParOldGen       total 68608K, used 6835K [0x00000000c0000000, 0x00000000c4300000, 0x00000000eab00000)
  object space 68608K, 9% used [0x00000000c0000000,0x00000000c06acdd0,0x00000000c4300000)
 Metaspace       used 21021K, committed 21504K, reserved 1114112K
  class space    used 2146K, committed 2368K, reserved 1048576K
}
Event: 3.105 GC heap before
{Heap before GC invocations=6 (full 1):
 PSYoungGen      total 29696K, used 25600K [0x00000000eab00000, 0x00000000ecc00000, 0x0000000100000000)
  eden space 25600K, 100% used [0x00000000eab00000,0x00000000ec400000,0x00000000ec400000)
  from space 4096K, 0% used [0x00000000ec800000,0x00000000ec800000,0x00000000ecc00000)
  to   space 4096K, 0% used [0x00000000ec400000,0x00000000ec400000,0x00000000ec800000)
 ParOldGen       total 68608K, used 6835K [0x00000000c0000000, 0x00000000c4300000, 0x00000000eab00000)
  object space 68608K, 9% used [0x00000000c0000000,0x00000000c06acdd0,0x00000000c4300000)
 Metaspace       used 24115K, committed 24576K, reserved 1114112K
  class space    used 2361K, committed 2560K, reserved 1048576K
}
Event: 3.105 GC heap after
{Heap after GC invocations=6 (full 1):
 PSYoungGen      total 26112K, used 539K [0x00000000eab00000, 0x00000000ec880000, 0x0000000100000000)
  eden space 25088K, 0% used [0x00000000eab00000,0x00000000eab00000,0x00000000ec380000)
  from space 1024K, 52% used [0x00000000ec400000,0x00000000ec486fa8,0x00000000ec500000)
  to   space 2560K, 0% used [0x00000000ec600000,0x00000000ec600000,0x00000000ec880000)
 ParOldGen       total 68608K, used 6843K [0x00000000c0000000, 0x00000000c4300000, 0x00000000eab00000)
  object space 68608K, 9% used [0x00000000c0000000,0x00000000c06aedd0,0x00000000c4300000)
 Metaspace       used 24115K, committed 24576K, reserved 1114112K
  class space    used 2361K, committed 2560K, reserved 1048576K
}

Dll operation events (9 events):
Event: 0.024 Loaded shared library c:\Users\STARIM\.vscode\extensions\redhat.java-1.28.1-win32-x64\jre\17.0.10-win32-x86_64\bin\java.dll
Event: 0.273 Loaded shared library c:\Users\STARIM\.vscode\extensions\redhat.java-1.28.1-win32-x64\jre\17.0.10-win32-x86_64\bin\zip.dll
Event: 0.279 Loaded shared library C:\Users\STARIM\.vscode\extensions\redhat.java-1.28.1-win32-x64\jre\17.0.10-win32-x86_64\bin\instrument.dll
Event: 0.303 Loaded shared library C:\Users\STARIM\.vscode\extensions\redhat.java-1.28.1-win32-x64\jre\17.0.10-win32-x86_64\bin\net.dll
Event: 0.307 Loaded shared library C:\Users\STARIM\.vscode\extensions\redhat.java-1.28.1-win32-x64\jre\17.0.10-win32-x86_64\bin\nio.dll
Event: 0.321 Loaded shared library C:\Users\STARIM\.vscode\extensions\redhat.java-1.28.1-win32-x64\jre\17.0.10-win32-x86_64\bin\zip.dll
Event: 0.346 Loaded shared library C:\Users\STARIM\.vscode\extensions\redhat.java-1.28.1-win32-x64\jre\17.0.10-win32-x86_64\bin\jimage.dll
Event: 0.462 Loaded shared library c:\Users\STARIM\.vscode\extensions\redhat.java-1.28.1-win32-x64\jre\17.0.10-win32-x86_64\bin\verify.dll
Event: 1.872 Loaded shared library C:\Users\STARIM\AppData\Roaming\Code\User\globalStorage\redhat.java\1.28.1\config_ss_win\org.eclipse.equinox.launcher\org.eclipse.equinox.launcher.win32.win32.x86_64_1.2.900.v20240129-1338\eclipse_11900.dll

Deoptimization events (20 events):
Event: 2.715 Thread 0x0000025014905040 Uncommon trap: trap_request=0xffffffc6 fr.pc=0x0000025007c52c2c relative=0x0000000000001c0c
Event: 2.715 Thread 0x0000025014905040 Uncommon trap: reason=bimorphic_or_optimized_type_check action=maybe_recompile pc=0x0000025007c52c2c method=java.io.DataInputStream.readUnsignedShort()I @ 6 c2
Event: 2.715 Thread 0x0000025014905040 DEOPT PACKING pc=0x0000025007c52c2c sp=0x000000830d1f4a30
Event: 2.715 Thread 0x0000025014905040 DEOPT UNPACKING pc=0x00000250074a66a3 sp=0x000000830d1f49b0 mode 2
Event: 2.716 Thread 0x0000025014905040 Uncommon trap: trap_request=0xffffffc6 fr.pc=0x0000025007c52c2c relative=0x0000000000001c0c
Event: 2.716 Thread 0x0000025014905040 Uncommon trap: reason=bimorphic_or_optimized_type_check action=maybe_recompile pc=0x0000025007c52c2c method=java.io.DataInputStream.readUnsignedShort()I @ 6 c2
Event: 2.716 Thread 0x0000025014905040 DEOPT PACKING pc=0x0000025007c52c2c sp=0x000000830d1f4980
Event: 2.716 Thread 0x0000025014905040 DEOPT UNPACKING pc=0x00000250074a66a3 sp=0x000000830d1f4900 mode 2
Event: 2.716 Thread 0x0000025014905040 Uncommon trap: trap_request=0xffffffc6 fr.pc=0x0000025007c584f4 relative=0x0000000000000694
Event: 2.716 Thread 0x0000025014905040 Uncommon trap: reason=bimorphic_or_optimized_type_check action=maybe_recompile pc=0x0000025007c584f4 method=java.io.DataInputStream.readUnsignedShort()I @ 6 c2
Event: 2.716 Thread 0x0000025014905040 DEOPT PACKING pc=0x0000025007c584f4 sp=0x000000830d1f4930
Event: 2.716 Thread 0x0000025014905040 DEOPT UNPACKING pc=0x00000250074a66a3 sp=0x000000830d1f48f8 mode 2
Event: 2.753 Thread 0x0000025014905040 Uncommon trap: trap_request=0xffffff45 fr.pc=0x0000025007c3aa40 relative=0x0000000000000040
Event: 2.753 Thread 0x0000025014905040 Uncommon trap: reason=unstable_if action=reinterpret pc=0x0000025007c3aa40 method=sun.nio.fs.WindowsPathParser.isSlash(C)Z @ 9 c2
Event: 2.753 Thread 0x0000025014905040 DEOPT PACKING pc=0x0000025007c3aa40 sp=0x000000830d1f4820
Event: 2.753 Thread 0x0000025014905040 DEOPT UNPACKING pc=0x00000250074a66a3 sp=0x000000830d1f47a8 mode 2
Event: 2.785 Thread 0x0000025014905040 Uncommon trap: trap_request=0xffffff45 fr.pc=0x0000025007c64f4c relative=0x00000000000001ac
Event: 2.785 Thread 0x0000025014905040 Uncommon trap: reason=unstable_if action=reinterpret pc=0x0000025007c64f4c method=java.net.URI$Parser.scan(IIJJ)I @ 42 c2
Event: 2.785 Thread 0x0000025014905040 DEOPT PACKING pc=0x0000025007c64f4c sp=0x000000830d1f4330
Event: 2.785 Thread 0x0000025014905040 DEOPT UNPACKING pc=0x00000250074a66a3 sp=0x000000830d1f42b0 mode 2

Classes unloaded (7 events):
Event: 2.833 Thread 0x0000025079288730 Unloading class 0x000000010021a400 'java/lang/invoke/LambdaForm$MH+0x000000010021a400'
Event: 2.833 Thread 0x0000025079288730 Unloading class 0x000000010021a000 'java/lang/invoke/LambdaForm$MH+0x000000010021a000'
Event: 2.833 Thread 0x0000025079288730 Unloading class 0x0000000100219c00 'java/lang/invoke/LambdaForm$MH+0x0000000100219c00'
Event: 2.833 Thread 0x0000025079288730 Unloading class 0x0000000100219800 'java/lang/invoke/LambdaForm$MH+0x0000000100219800'
Event: 2.833 Thread 0x0000025079288730 Unloading class 0x0000000100219400 'java/lang/invoke/LambdaForm$BMH+0x0000000100219400'
Event: 2.833 Thread 0x0000025079288730 Unloading class 0x0000000100219000 'java/lang/invoke/LambdaForm$DMH+0x0000000100219000'
Event: 2.833 Thread 0x0000025079288730 Unloading class 0x0000000100214400 'java/lang/invoke/LambdaForm$DMH+0x0000000100214400'

Classes redefined (0 events):
No events

Internal exceptions (20 events):
Event: 2.557 Thread 0x0000025014905040 Exception <a 'java/lang/NoSuchMethodError'{0x00000000ec044488}: 'int java.lang.invoke.DirectMethodHandle$Holder.invokeStatic(java.lang.Object, java.lang.Object, int)'> (0x00000000ec044488) 
thrown [s\src\hotspot\share\interpreter\linkResolver.cpp, line 759]
Event: 2.559 Thread 0x0000025014905040 Exception <a 'java/lang/NoSuchMethodError'{0x00000000ec048758}: 'int java.lang.invoke.DirectMethodHandle$Holder.invokeSpecial(java.lang.Object, java.lang.Object, java.lang.Object, int)'> (0x00000000ec048758) 
thrown [s\src\hotspot\share\interpreter\linkResolver.cpp, line 759]
Event: 2.561 Thread 0x0000025014905040 Exception <a 'java/lang/NoSuchMethodError'{0x00000000ec063478}: 'java.lang.Object java.lang.invoke.DirectMethodHandle$Holder.invokeStatic(java.lang.Object, java.lang.Object, java.lang.Object, java.lang.Object, int)'> (0x00000000ec063478) 
thrown [s\src\hotspot\share\interpreter\linkResolver.cpp, line 759]
Event: 2.562 Thread 0x0000025014905040 Exception <a 'java/lang/NoSuchMethodError'{0x00000000ec06f6d8}: 'java.lang.Object java.lang.invoke.DelegatingMethodHandle$Holder.reinvoke_L(java.lang.Object, java.lang.Object, java.lang.Object, java.lang.Object, int, int)'> (0x00000000ec06f6d8) 
thrown [s\src\hotspot\share\interpreter\linkResolver.cpp, line 759]
Event: 2.564 Thread 0x0000025014905040 Exception <a 'java/lang/NoSuchMethodError'{0x00000000ec084278}: 'java.lang.Object java.lang.invoke.Invokers$Holder.invokeExact_MT(java.lang.Object, java.lang.Object, java.lang.Object, java.lang.Object)'> (0x00000000ec084278) 
thrown [s\src\hotspot\share\interpreter\linkResolver.cpp, line 759]
Event: 2.651 Thread 0x0000025014905040 Exception <a 'java/io/FileNotFoundException'{0x00000000ec2f4ce8}> (0x00000000ec2f4ce8) 
thrown [s\src\hotspot\share\prims\jni.cpp, line 516]
Event: 2.653 Thread 0x0000025014905040 Exception <a 'java/io/FileNotFoundException'{0x00000000ec2fb8f8}> (0x00000000ec2fb8f8) 
thrown [s\src\hotspot\share\prims\jni.cpp, line 516]
Event: 2.718 Thread 0x0000025014905040 Exception <a 'java/lang/NoSuchMethodError'{0x00000000eace70e0}: 'java.lang.Object java.lang.invoke.DirectMethodHandle$Holder.newInvokeSpecial(java.lang.Object, java.lang.Object, java.lang.Object, java.lang.Object, java.lang.Object)'> (0x00000000eace70e0) 
thrown [s\src\hotspot\share\interpreter\linkResolver.cpp, line 759]
Event: 2.803 Thread 0x0000025014905040 Exception <a 'java/lang/NoSuchMethodError'{0x00000000eb078a58}: 'java.lang.Object java.lang.invoke.DirectMethodHandle$Holder.invokeSpecial(java.lang.Object, java.lang.Object, java.lang.Object, long, java.lang.Object)'> (0x00000000eb078a58) 
thrown [s\src\hotspot\share\interpreter\linkResolver.cpp, line 759]
Event: 2.804 Thread 0x0000025014905040 Exception <a 'java/lang/NoSuchMethodError'{0x00000000eb080c10}: 'java.lang.Object java.lang.invoke.DirectMethodHandle$Holder.newInvokeSpecial(java.lang.Object, java.lang.Object, java.lang.Object, long)'> (0x00000000eb080c10) 
thrown [s\src\hotspot\share\interpreter\linkResolver.cpp, line 759]
Event: 2.804 Thread 0x0000025014905040 Exception <a 'java/lang/NoSuchMethodError'{0x00000000eb0851b0}: 'java.lang.Object java.lang.invoke.DirectMethodHandle$Holder.invokeSpecial(java.lang.Object, java.lang.Object, java.lang.Object, java.lang.Object, long)'> (0x00000000eb0851b0) 
thrown [s\src\hotspot\share\interpreter\linkResolver.cpp, line 759]
Event: 2.804 Thread 0x0000025014905040 Exception <a 'java/lang/NoSuchMethodError'{0x00000000eb089028}: 'java.lang.Object java.lang.invoke.Invokers$Holder.linkToTargetMethod(java.lang.Object, java.lang.Object, long, java.lang.Object)'> (0x00000000eb089028) 
thrown [s\src\hotspot\share\interpreter\linkResolver.cpp, line 759]
Event: 2.814 Thread 0x0000025014905040 Exception <a 'java/lang/NoSuchMethodError'{0x00000000eb0e70d0}: 'int java.lang.invoke.DirectMethodHandle$Holder.invokeStaticInit(java.lang.Object, java.lang.Object, java.lang.Object)'> (0x00000000eb0e70d0) 
thrown [s\src\hotspot\share\interpreter\linkResolver.cpp, line 759]
Event: 2.819 Thread 0x0000025014905040 Exception <a 'java/lang/IncompatibleClassChangeError'{0x00000000eb16ce58}: Found class java.lang.Object, but interface was expected> (0x00000000eb16ce58) 
thrown [s\src\hotspot\share\interpreter\linkResolver.cpp, line 826]
Event: 2.823 Thread 0x0000025014905040 Exception <a 'java/lang/NoSuchMethodError'{0x00000000eb181050}: 'java.lang.Object java.lang.invoke.DirectMethodHandle$Holder.invokeSpecial(java.lang.Object, java.lang.Object, java.lang.Object, int, java.lang.Object, java.lang.Object)'> (0x00000000eb181050) 
thrown [s\src\hotspot\share\interpreter\linkResolver.cpp, line 759]
Event: 2.824 Thread 0x0000025014905040 Exception <a 'java/lang/NoSuchMethodError'{0x00000000eb1897d8}: 'java.lang.Object java.lang.invoke.DirectMethodHandle$Holder.newInvokeSpecial(java.lang.Object, java.lang.Object, java.lang.Object, int, java.lang.Object)'> (0x00000000eb1897d8) 
thrown [s\src\hotspot\share\interpreter\linkResolver.cpp, line 759]
Event: 2.824 Thread 0x0000025014905040 Exception <a 'java/lang/NoSuchMethodError'{0x00000000eb18dc30}: 'java.lang.Object java.lang.invoke.DirectMethodHandle$Holder.invokeSpecial(java.lang.Object, java.lang.Object, java.lang.Object, java.lang.Object, int, java.lang.Object)'> (0x00000000eb18dc30) 
thrown [s\src\hotspot\share\interpreter\linkResolver.cpp, line 759]
Event: 2.825 Thread 0x0000025014dfc750 Exception <a 'java/lang/NoSuchMethodError'{0x00000000eb0eba60}: 'java.lang.Object java.lang.invoke.DirectMethodHandle$Holder.invokeSpecial(java.lang.Object, java.lang.Object, int, java.lang.Object, java.lang.Object)'> (0x00000000eb0eba60) 
thrown [s\src\hotspot\share\interpreter\linkResolver.cpp, line 759]
Event: 2.826 Thread 0x0000025014dfc750 Exception <a 'java/lang/NoSuchMethodError'{0x00000000eb0f3130}: 'java.lang.Object java.lang.invoke.DirectMethodHandle$Holder.newInvokeSpecial(java.lang.Object, java.lang.Object, int, java.lang.Object)'> (0x00000000eb0f3130) 
thrown [s\src\hotspot\share\interpreter\linkResolver.cpp, line 759]
Event: 2.847 Thread 0x0000025014dfc750 Exception <a 'java/lang/NoSuchMethodError'{0x00000000eab47800}: 'java.lang.Object java.lang.invoke.DirectMethodHandle$Holder.invokeSpecial(java.lang.Object, java.lang.Object, java.lang.Object, int, java.lang.Object)'> (0x00000000eab47800) 
thrown [s\src\hotspot\share\interpreter\linkResolver.cpp, line 759]

VM Operations (20 events):
Event: 1.680 Executing VM operation: HandshakeAllThreads
Event: 1.680 Executing VM operation: HandshakeAllThreads done
Event: 1.707 Executing VM operation: HandshakeAllThreads
Event: 1.707 Executing VM operation: HandshakeAllThreads done
Event: 1.990 Executing VM operation: HandshakeAllThreads
Event: 1.990 Executing VM operation: HandshakeAllThreads done
Event: 2.041 Executing VM operation: ParallelGCFailedAllocation
Event: 2.049 Executing VM operation: ParallelGCFailedAllocation done
Event: 2.413 Executing VM operation: HandshakeAllThreads
Event: 2.413 Executing VM operation: HandshakeAllThreads done
Event: 2.552 Executing VM operation: HandshakeAllThreads
Event: 2.553 Executing VM operation: HandshakeAllThreads done
Event: 2.671 Executing VM operation: ParallelGCFailedAllocation
Event: 2.675 Executing VM operation: ParallelGCFailedAllocation done
Event: 2.826 Executing VM operation: CollectForMetadataAllocation
Event: 2.847 Executing VM operation: CollectForMetadataAllocation done
Event: 2.858 Executing VM operation: HandshakeAllThreads
Event: 2.858 Executing VM operation: HandshakeAllThreads done
Event: 3.104 Executing VM operation: ParallelGCFailedAllocation
Event: 3.105 Executing VM operation: ParallelGCFailedAllocation done

Events (20 events):
Event: 2.878 loading class java/util/zip/GZIPOutputStream
Event: 2.878 loading class java/util/zip/GZIPOutputStream done
Event: 2.890 loading class java/io/StringReader
Event: 2.890 loading class java/io/StringReader done
Event: 2.913 loading class java/net/SocketTimeoutException
Event: 2.913 loading class java/io/InterruptedIOException
Event: 2.913 loading class java/io/InterruptedIOException done
Event: 2.913 loading class java/net/SocketTimeoutException done
Event: 2.914 loading class java/net/SocketException
Event: 2.914 loading class java/net/SocketException done
Event: 2.914 loading class java/net/UnknownHostException
Event: 2.914 loading class java/net/UnknownHostException done
Event: 2.914 loading class java/net/ProtocolException
Event: 2.914 loading class java/net/ProtocolException done
Event: 2.942 loading class java/lang/ThreadLocal$SuppliedThreadLocal
Event: 2.943 loading class java/lang/ThreadLocal$SuppliedThreadLocal done
Event: 2.955 loading class java/io/FileWriter
Event: 2.956 loading class java/io/FileWriter done
Event: 2.958 loading class java/lang/NegativeArraySizeException
Event: 2.958 loading class java/lang/NegativeArraySizeException done


Dynamic libraries:
0x00007ff74b110000 - 0x00007ff74b11e000 	c:\Users\STARIM\.vscode\extensions\redhat.java-1.28.1-win32-x64\jre\17.0.10-win32-x86_64\bin\java.exe
0x00007ffb288d0000 - 0x00007ffb28ae6000 	C:\WINDOWS\SYSTEM32\ntdll.dll
0x00007ffb27600000 - 0x00007ffb276c4000 	C:\WINDOWS\System32\KERNEL32.DLL
0x00007ffb26100000 - 0x00007ffb264a6000 	C:\WINDOWS\System32\KERNELBASE.dll
0x00007ffb25e00000 - 0x00007ffb25f11000 	C:\WINDOWS\System32\ucrtbase.dll
0x00007ffaf10d0000 - 0x00007ffaf10e7000 	c:\Users\STARIM\.vscode\extensions\redhat.java-1.28.1-win32-x64\jre\17.0.10-win32-x86_64\bin\jli.dll
0x00007ffb26bc0000 - 0x00007ffb26d6d000 	C:\WINDOWS\System32\USER32.dll
0x00007ffb25c40000 - 0x00007ffb25c66000 	C:\WINDOWS\System32\win32u.dll
0x00007ffb28860000 - 0x00007ffb28889000 	C:\WINDOWS\System32\GDI32.dll
0x00007ffb25c70000 - 0x00007ffb25d88000 	C:\WINDOWS\System32\gdi32full.dll
0x00007ffb25f20000 - 0x00007ffb25fba000 	C:\WINDOWS\System32\msvcp_win.dll
0x00007ffaf02d0000 - 0x00007ffaf02eb000 	c:\Users\STARIM\.vscode\extensions\redhat.java-1.28.1-win32-x64\jre\17.0.10-win32-x86_64\bin\VCRUNTIME140.dll
0x00007ffb1cd90000 - 0x00007ffb1d023000 	C:\WINDOWS\WinSxS\amd64_microsoft.windows.common-controls_6595b64144ccf1df_6.0.22621.3235_none_270f74e173860f98\COMCTL32.dll
0x00007ffb26b10000 - 0x00007ffb26bb7000 	C:\WINDOWS\System32\msvcrt.dll
0x00007ffb26a70000 - 0x00007ffb26aa1000 	C:\WINDOWS\System32\IMM32.DLL
0x00007ffb12c20000 - 0x00007ffb12c2c000 	c:\Users\STARIM\.vscode\extensions\redhat.java-1.28.1-win32-x64\jre\17.0.10-win32-x86_64\bin\vcruntime140_1.dll
0x00007ffae1410000 - 0x00007ffae149d000 	c:\Users\STARIM\.vscode\extensions\redhat.java-1.28.1-win32-x64\jre\17.0.10-win32-x86_64\bin\msvcp140.dll
0x00007ffaa95a0000 - 0x00007ffaaa202000 	c:\Users\STARIM\.vscode\extensions\redhat.java-1.28.1-win32-x64\jre\17.0.10-win32-x86_64\bin\server\jvm.dll
0x00007ffb26620000 - 0x00007ffb266d2000 	C:\WINDOWS\System32\ADVAPI32.dll
0x00007ffb28570000 - 0x00007ffb28618000 	C:\WINDOWS\System32\sechost.dll
0x00007ffb25c10000 - 0x00007ffb25c38000 	C:\WINDOWS\System32\bcrypt.dll
0x00007ffb28740000 - 0x00007ffb28855000 	C:\WINDOWS\System32\RPCRT4.dll
0x00007ffb20130000 - 0x00007ffb20139000 	C:\WINDOWS\SYSTEM32\WSOCK32.dll
0x00007ffb276d0000 - 0x00007ffb27741000 	C:\WINDOWS\System32\WS2_32.dll
0x00007ffb1aef0000 - 0x00007ffb1af24000 	C:\WINDOWS\SYSTEM32\WINMM.dll
0x00007ffb25880000 - 0x00007ffb258cd000 	C:\WINDOWS\SYSTEM32\POWRPROF.dll
0x00007ffb1c5d0000 - 0x00007ffb1c5da000 	C:\WINDOWS\SYSTEM32\VERSION.dll
0x00007ffb25860000 - 0x00007ffb25873000 	C:\WINDOWS\SYSTEM32\UMPDC.dll
0x00007ffb24c20000 - 0x00007ffb24c38000 	C:\WINDOWS\SYSTEM32\kernel.appcore.dll
0x00007ffb11490000 - 0x00007ffb1149a000 	c:\Users\STARIM\.vscode\extensions\redhat.java-1.28.1-win32-x64\jre\17.0.10-win32-x86_64\bin\jimage.dll
0x00007ffb22f80000 - 0x00007ffb231b3000 	C:\WINDOWS\SYSTEM32\DBGHELP.DLL
0x00007ffb266e0000 - 0x00007ffb26a68000 	C:\WINDOWS\System32\combase.dll
0x00007ffb27350000 - 0x00007ffb27427000 	C:\WINDOWS\System32\OLEAUT32.dll
0x00007ffb17c00000 - 0x00007ffb17c32000 	C:\WINDOWS\SYSTEM32\dbgcore.DLL
0x00007ffb25fc0000 - 0x00007ffb2603a000 	C:\WINDOWS\System32\bcryptPrimitives.dll
0x00007ffb0ea10000 - 0x00007ffb0ea1e000 	c:\Users\STARIM\.vscode\extensions\redhat.java-1.28.1-win32-x64\jre\17.0.10-win32-x86_64\bin\instrument.dll
0x00007ffaee1c0000 - 0x00007ffaee1e5000 	c:\Users\STARIM\.vscode\extensions\redhat.java-1.28.1-win32-x64\jre\17.0.10-win32-x86_64\bin\java.dll
0x00007ffaeb8d0000 - 0x00007ffaeb8e8000 	c:\Users\STARIM\.vscode\extensions\redhat.java-1.28.1-win32-x64\jre\17.0.10-win32-x86_64\bin\zip.dll
0x00007ffb27960000 - 0x00007ffb281bd000 	C:\WINDOWS\System32\SHELL32.dll
0x00007ffb23b20000 - 0x00007ffb24418000 	C:\WINDOWS\SYSTEM32\windows.storage.dll
0x00007ffb239e0000 - 0x00007ffb23b1e000 	C:\WINDOWS\SYSTEM32\wintypes.dll
0x00007ffb274f0000 - 0x00007ffb275e3000 	C:\WINDOWS\System32\SHCORE.dll
0x00007ffb27900000 - 0x00007ffb2795e000 	C:\WINDOWS\System32\shlwapi.dll
0x00007ffb25b40000 - 0x00007ffb25b66000 	C:\WINDOWS\SYSTEM32\profapi.dll
0x00007ffae29d0000 - 0x00007ffae29e9000 	C:\Users\STARIM\.vscode\extensions\redhat.java-1.28.1-win32-x64\jre\17.0.10-win32-x86_64\bin\net.dll
0x00007ffb1f7e0000 - 0x00007ffb1f917000 	C:\WINDOWS\SYSTEM32\WINHTTP.dll
0x00007ffb250b0000 - 0x00007ffb25119000 	C:\WINDOWS\system32\mswsock.dll
0x00007ffae79f0000 - 0x00007ffae7a06000 	C:\Users\STARIM\.vscode\extensions\redhat.java-1.28.1-win32-x64\jre\17.0.10-win32-x86_64\bin\nio.dll
0x00007ffb0ad50000 - 0x00007ffb0ad60000 	c:\Users\STARIM\.vscode\extensions\redhat.java-1.28.1-win32-x64\jre\17.0.10-win32-x86_64\bin\verify.dll
0x00007ffae1df0000 - 0x00007ffae1e2e000 	C:\Users\STARIM\AppData\Roaming\Code\User\globalStorage\redhat.java\1.28.1\config_ss_win\org.eclipse.equinox.launcher\org.eclipse.equinox.launcher.win32.win32.x86_64_1.2.900.v20240129-1338\eclipse_11900.dll
0x00007ffb27760000 - 0x00007ffb278ff000 	C:\WINDOWS\System32\ole32.dll

dbghelp: loaded successfully - version: 4.0.5 - missing functions: none
symbol engine: initialized successfully - sym options: 0x614 - pdb path: .;c:\Users\STARIM\.vscode\extensions\redhat.java-1.28.1-win32-x64\jre\17.0.10-win32-x86_64\bin;C:\WINDOWS\SYSTEM32;C:\WINDOWS\WinSxS\amd64_microsoft.windows.common-controls_6595b64144ccf1df_6.0.22621.3235_none_270f74e173860f98;c:\Users\STARIM\.vscode\extensions\redhat.java-1.28.1-win32-x64\jre\17.0.10-win32-x86_64\bin\server;C:\Users\STARIM\AppData\Roaming\Code\User\globalStorage\redhat.java\1.28.1\config_ss_win\org.eclipse.equinox.launcher\org.eclipse.equinox.launcher.win32.win32.x86_64_1.2.900.v20240129-1338

VM Arguments:
jvm_args: --add-modules=ALL-SYSTEM --add-opens=java.base/java.util=ALL-UNNAMED --add-opens=java.base/java.lang=ALL-UNNAMED --add-opens=java.base/sun.nio.fs=ALL-UNNAMED -Declipse.application=org.eclipse.jdt.ls.core.id1 -Dosgi.bundles.defaultStartLevel=4 -Declipse.product=org.eclipse.jdt.ls.core.product -Djava.import.generatesMetadataFilesAtProjectRoot=false -DDetectVMInstallationsJob.disabled=true -Dfile.encoding=utf8 -XX:+UseParallelGC -XX:GCTimeRatio=4 -XX:AdaptiveSizePolicyWeight=90 -Dsun.zip.disableMemoryMapping=true -Xmx1G -Xms100m -Xlog:disable -javaagent:c:\Users\STARIM\.vscode\extensions\redhat.java-1.28.1-win32-x64\lombok\lombok-1.18.31.jar 
java_command: c:\Users\STARIM\.vscode\extensions\redhat.java-1.28.1-win32-x64\server\plugins\org.eclipse.equinox.launcher_1.6.700.v20231214-2017.jar -configuration c:\Users\STARIM\AppData\Roaming\Code\User\globalStorage\redhat.java\1.28.1\config_ss_win -data c:\Users\STARIM\AppData\Roaming\Code\User\workspaceStorage\acb77b6dbbcca2f86ee7bb19ff107631\redhat.java\ss_ws --stdio
java_class_path (initial): c:\Users\STARIM\.vscode\extensions\redhat.java-1.28.1-win32-x64\server\plugins\org.eclipse.equinox.launcher_1.6.700.v20231214-2017.jar
Launcher Type: SUN_STANDARD

[Global flags]
    uintx AdaptiveSizePolicyWeight                 = 90                                        {product} {command line}
     intx CICompilerCount                          = 12                                        {product} {ergonomic}
    uintx GCTimeRatio                              = 4                                         {product} {command line}
   size_t InitialHeapSize                          = 104857600                                 {product} {command line}
   size_t MaxHeapSize                              = 1073741824                                {product} {command line}
   size_t MaxNewSize                               = 357564416                                 {product} {ergonomic}
   size_t MinHeapDeltaBytes                        = 524288                                    {product} {ergonomic}
   size_t MinHeapSize                              = 104857600                                 {product} {command line}
   size_t NewSize                                  = 34603008                                  {product} {ergonomic}
    uintx NonNMethodCodeHeapSize                   = 7602480                                {pd product} {ergonomic}
    uintx NonProfiledCodeHeapSize                  = 122027880                              {pd product} {ergonomic}
   size_t OldSize                                  = 70254592                                  {product} {ergonomic}
    uintx ProfiledCodeHeapSize                     = 122027880                              {pd product} {ergonomic}
    uintx ReservedCodeCacheSize                    = 251658240                              {pd product} {ergonomic}
     bool SegmentedCodeCache                       = true                                      {product} {ergonomic}
   size_t SoftMaxHeapSize                          = 1073741824                             {manageable} {ergonomic}
     bool UseCompressedClassPointers               = true                           {product lp64_product} {ergonomic}
     bool UseCompressedOops                        = true                           {product lp64_product} {ergonomic}
     bool UseLargePagesIndividualAllocation        = false                                  {pd product} {ergonomic}
     bool UseParallelGC                            = true                                      {product} {command line}

Logging:
Log output configuration:
 #0: stdout all=off uptime,level,tags
 #1: stderr all=off uptime,level,tags

Environment Variables:
PATH=C:\Program Files\Common Files\Oracle\Java\javapath;C:\Windows\system32;C:\Windows;C:\Windows\System32\Wbem;C:\Windows\System32\WindowsPowerShell\v1.0\;C:\Windows\System32\OpenSSH\;C:\Program Files (x86)\NVIDIA Corporation\PhysX\Common;C:\Program Files\dotnet\;C:\Program Files\Microsoft SQL Server\Client SDK\ODBC\170\Tools\Binn\;C:\Program Files (x86)\Microsoft SQL Server\150\Tools\Binn\;C:\Program Files\Microsoft SQL Server\150\Tools\Binn\;C:\Program Files\Microsoft SQL Server\150\DTS\Binn\;C:\WINDOWS\system32;C:\WINDOWS;C:\WINDOWS\System32\Wbem;C:\WINDOWS\System32\WindowsPowerShell\v1.0\;C:\WINDOWS\System32\OpenSSH\;C:\Users\STARIM\Downloads\apache-maven-3.9.5-bin\apache-maven-3.9.5\bin;C:\Program Files\Java\jdk-21;C:\Program Files\Git\cmd;C:\Users\STARIM\AppData\Roaming\nvm;C:\Program Files\nodejs;C:\Users\STARIM\AppData\Local\Microsoft\WindowsApps;C:\Users\STARIM\.dotnet\tools;C:\Users\STARIM\AppData\Local\Programs\Microsoft VS Code\bin;C:\Users\STARIM\AppData\Local\Programs\mongosh\;C:\Program Files\JetBrains\IntelliJ IDEA Community Edition 2023.2.5\bin;;C:\Users\STARIM\AppData\Roaming\npm;C:\Users\STARIM\AppData\Roaming\nvm;C:\Program Files\nodejs
USERNAME=STARIM
OS=Windows_NT
PROCESSOR_IDENTIFIER=AMD64 Family 23 Model 96 Stepping 1, AuthenticAMD
TMP=C:\Users\STARIM\AppData\Local\Temp
TEMP=C:\Users\STARIM\AppData\Local\Temp



Periodic native trim disabled


---------------  S Y S T E M  ---------------

OS:
 Windows 11 , 64 bit Build 22621 (10.0.22621.3235)
OS uptime: 4 days 2:40 hours
Hyper-V role detected

CPU: total 16 (initial active 16) (16 cores per cpu, 2 threads per core) family 23 model 96 stepping 1 microcode 0x0, cx8, cmov, fxsr, ht, mmx, 3dnowpref, sse, sse2, sse3, ssse3, sse4a, sse4.1, sse4.2, popcnt, lzcnt, tsc, tscinvbit, avx, avx2, aes, clmul, bmi1, bmi2, adx, sha, fma, vzeroupper, clflush, clflushopt, hv
Processor Information for all 16 processors :
  Max Mhz: 2901, Current Mhz: 2901, Mhz Limit: 2901

Memory: 4k page, system-wide physical 7599M (371M free)
TotalPageFile size 15763M (AvailPageFile size 12M)
current process WorkingSet (physical memory assigned to process): 117M, peak: 117M
current process commit charge ("private bytes"): 241M, peak: 241M

vm_info: OpenJDK 64-Bit Server VM (17.0.10+7) for windows-amd64 JRE (17.0.10+7), built on Jan 16 2024 23:25:11 by "admin" with MS VC++ 16.10 / 16.11 (VS2019)

END.
