#
# There is insufficient memory for the Java Runtime Environment to continue.
# Native memory allocation (mmap) failed to map 65536 bytes for Failed to commit metaspace.
# Possible reasons:
#   The system is out of physical RAM or swap space
#   The process is running with CompressedOops enabled, and the Java Heap may be blocking the growth of the native heap
# Possible solutions:
#   Reduce memory load on the system
#   Increase physical memory or swap space
#   Check if swap backing store is full
#   Decrease Java heap size (-Xmx/-Xms)
#   Decrease number of Java threads
#   Decrease Java thread stack sizes (-Xss)
#   Set larger code cache with -XX:ReservedCodeCacheSize=
#   JVM is running with Unscaled Compressed Oops mode in which the Java heap is
#     placed in the first 4GB address space. The Java Heap base address is the
#     maximum limit for the native heap growth. Please use -XX:HeapBaseMinAddress
#     to set the Java Heap base and to place the Java Heap above 4GB virtual address.
# This output file may be truncated or incomplete.
#
#  Out of Memory Error (virtualSpaceNode.cpp:110), pid=19500, tid=17232
#
# JRE version: OpenJDK Runtime Environment Temurin-17.0.10+7 (17.0.10+7) (build 17.0.10+7)
# Java VM: OpenJDK 64-Bit Server VM Temurin-17.0.10+7 (17.0.10+7, mixed mode, tiered, compressed oops, compressed class ptrs, parallel gc, windows-amd64)
# No core dump will be written. Minidumps are not enabled by default on client versions of Windows
#

---------------  S U M M A R Y ------------

Command Line: --add-modules=ALL-SYSTEM --add-opens=java.base/java.util=ALL-UNNAMED --add-opens=java.base/java.lang=ALL-UNNAMED --add-opens=java.base/sun.nio.fs=ALL-UNNAMED -Declipse.application=org.eclipse.jdt.ls.core.id1 -Dosgi.bundles.defaultStartLevel=4 -Declipse.product=org.eclipse.jdt.ls.core.product -Djava.import.generatesMetadataFilesAtProjectRoot=false -DDetectVMInstallationsJob.disabled=true -Dfile.encoding=utf8 -XX:+UseParallelGC -XX:GCTimeRatio=4 -XX:AdaptiveSizePolicyWeight=90 -Dsun.zip.disableMemoryMapping=true -Xmx1G -Xms100m -Xlog:disable -javaagent:c:\Users\STARIM\.vscode\extensions\redhat.java-1.28.1-win32-x64\lombok\lombok-1.18.31.jar c:\Users\STARIM\.vscode\extensions\redhat.java-1.28.1-win32-x64\server\plugins\org.eclipse.equinox.launcher_1.6.700.v20231214-2017.jar -configuration c:\Users\STARIM\AppData\Roaming\Code\User\globalStorage\redhat.java\1.28.1\config_ss_win -data c:\Users\STARIM\AppData\Roaming\Code\User\workspaceStorage\acb77b6dbbcca2f86ee7bb19ff107631\redhat.java\ss_ws --stdio

Host: AMD Ryzen 7 4800H with Radeon Graphics         , 16 cores, 7G,  Windows 11 , 64 bit Build 22621 (10.0.22621.3085)
Time: Thu Feb 29 11:55:59 2024 India Standard Time elapsed time: 0.152915 seconds (0d 0h 0m 0s)

---------------  T H R E A D  ---------------

Current thread (0x00000273139be640):  JavaThread "main" [_thread_in_vm, id=17232, stack(0x00000085db800000,0x00000085db900000)]

Stack: [0x00000085db800000,0x00000085db900000]
Native frames: (J=compiled Java code, j=interpreted, Vv=VM code, C=native code)
V  [jvm.dll+0x67d2c9]
V  [jvm.dll+0x834afa]
V  [jvm.dll+0x8365be]
V  [jvm.dll+0x836c23]
V  [jvm.dll+0x2477ff]
V  [jvm.dll+0x8307bb]
V  [jvm.dll+0x621d16]
V  [jvm.dll+0x621d7a]
V  [jvm.dll+0x6245aa]
V  [jvm.dll+0x6226b6]
V  [jvm.dll+0x23bd4f]
V  [jvm.dll+0x62c565]
V  [jvm.dll+0x1eb80b]
V  [jvm.dll+0x1ebd45]
V  [jvm.dll+0x1ec800]
V  [jvm.dll+0x1e1c01]
V  [jvm.dll+0x5427ce]
V  [jvm.dll+0x1f2647]
V  [jvm.dll+0x7adf9b]
V  [jvm.dll+0x7af36c]
V  [jvm.dll+0x7afbe3]
V  [jvm.dll+0x1e9fb6]
V  [jvm.dll+0x1ec73c]
V  [jvm.dll+0x1e1c01]
V  [jvm.dll+0x5427ce]
V  [jvm.dll+0x1f2647]
V  [jvm.dll+0x7adf9b]
V  [jvm.dll+0x7af36c]
V  [jvm.dll+0x7af6b8]
V  [jvm.dll+0x23face]
V  [jvm.dll+0x38260e]
C  0x000002731f29ae1b

The last pc belongs to new (printed below).
Java frames: (J=compiled Java code, j=interpreted, Vv=VM code)
j  java.util.jar.JarFile.<clinit>()V+10 java.base@17.0.10
v  ~StubRoutines::call_stub
j  jdk.internal.loader.URLClassPath$JarLoader.getJarFile(Ljava/net/URL;)Ljava/util/jar/JarFile;+36 java.base@17.0.10
j  jdk.internal.loader.URLClassPath$JarLoader$1.run()Ljava/lang/Void;+55 java.base@17.0.10
j  jdk.internal.loader.URLClassPath$JarLoader$1.run()Ljava/lang/Object;+1 java.base@17.0.10
j  java.security.AccessController.executePrivileged(Ljava/security/PrivilegedExceptionAction;Ljava/security/AccessControlContext;Ljava/lang/Class;)Ljava/lang/Object;+29 java.base@17.0.10
j  java.security.AccessController.doPrivileged(Ljava/security/PrivilegedExceptionAction;Ljava/security/AccessControlContext;)Ljava/lang/Object;+13 java.base@17.0.10
j  jdk.internal.loader.URLClassPath$JarLoader.ensureOpen()V+19 java.base@17.0.10
j  jdk.internal.loader.URLClassPath$JarLoader.<init>(Ljava/net/URL;Ljava/net/URLStreamHandler;Ljava/util/HashMap;Ljava/security/AccessControlContext;)V+63 java.base@17.0.10
j  jdk.internal.loader.URLClassPath$3.run()Ljdk/internal/loader/URLClassPath$Loader;+168 java.base@17.0.10
j  jdk.internal.loader.URLClassPath$3.run()Ljava/lang/Object;+1 java.base@17.0.10
j  java.security.AccessController.executePrivileged(Ljava/security/PrivilegedExceptionAction;Ljava/security/AccessControlContext;Ljava/lang/Class;)Ljava/lang/Object;+29 java.base@17.0.10
j  java.security.AccessController.doPrivileged(Ljava/security/PrivilegedExceptionAction;Ljava/security/AccessControlContext;)Ljava/lang/Object;+13 java.base@17.0.10
j  jdk.internal.loader.URLClassPath.getLoader(Ljava/net/URL;)Ljdk/internal/loader/URLClassPath$Loader;+13 java.base@17.0.10
j  jdk.internal.loader.URLClassPath.getLoader(I)Ljdk/internal/loader/URLClassPath$Loader;+81 java.base@17.0.10
j  jdk.internal.loader.URLClassPath.getResource(Ljava/lang/String;Z)Ljdk/internal/loader/Resource;+42 java.base@17.0.10
j  jdk.internal.loader.BuiltinClassLoader.findClassOnClassPathOrNull(Ljava/lang/String;)Ljava/lang/Class;+26 java.base@17.0.10
j  jdk.internal.loader.BuiltinClassLoader.loadClassOrNull(Ljava/lang/String;Z)Ljava/lang/Class;+111 java.base@17.0.10
j  jdk.internal.loader.BuiltinClassLoader.loadClass(Ljava/lang/String;Z)Ljava/lang/Class;+3 java.base@17.0.10
j  jdk.internal.loader.ClassLoaders$AppClassLoader.loadClass(Ljava/lang/String;Z)Ljava/lang/Class;+36 java.base@17.0.10
j  java.lang.ClassLoader.loadClass(Ljava/lang/String;)Ljava/lang/Class;+3 java.base@17.0.10
j  sun.instrument.InstrumentationImpl.loadClassAndStartAgent(Ljava/lang/String;Ljava/lang/String;Ljava/lang/String;)V+8 java.instrument@17.0.10
j  sun.instrument.InstrumentationImpl.loadClassAndCallPremain(Ljava/lang/String;Ljava/lang/String;)V+6 java.instrument@17.0.10
v  ~StubRoutines::call_stub
new  187 new  [0x000002731f29ac80, 0x000002731f29aea0]  544 bytes
[MachCode]
  0x000002731f29ac80: 4883 ec08 | c5fa 1104 | 24eb 1f48 | 83ec 10c5 | fb11 0424 | eb14 4883 | ec10 4889 | 0424 48c7 
  0x000002731f29aca0: 4424 0800 | 0000 00eb | 0150 410f | b755 010f | cac1 ea10 | 488b 4de8 | 488b 4908 | 488b 4908 
  0x000002731f29acc0: 488b 4108 | 807c 1004 | 070f 85d6 | 0000 0066 | 8b54 d148 | 488b 4928 | 488b 4cd1 | 0851 80b9 
  0x000002731f29ace0: 3301 0000 | 040f 85b9 | 0000 008b | 5108 f7c2 | 0100 0000 | 0f85 aa00 | 0000 498b | 8708 0100 
  0x000002731f29ad00: 0048 8d1c | 1049 3b9f | 1801 0000 | 0f87 9200 | 0000 4989 | 9f08 0100 | 00e9 0000 | 0000 4883 
  0x000002731f29ad20: ea10 0f84 | 0f00 0000 | 33c9 c1ea | 0348 894c | d008 48ff | ca75 f648 | c700 0100 | 0000 5933 
  0x000002731f29ad40: f689 700c | 48c1 e903 | 8948 0849 | ba7a 356e | ecf9 7f00 | 0041 803a | 000f 8440 | 0000 0050 
  0x000002731f29ad60: 488b c848 | 83ec 20f7 | c40f 0000 | 000f 841a | 0000 0048 | 83ec 0849 | ba20 3024 | ecf9 7f00 
  0x000002731f29ad80: 0041 ffd2 | 4883 c408 | e90d 0000 | 0049 ba20 | 3024 ecf9 | 7f00 0041 | ffd2 4883 | c420 58e9 
  0x000002731f29ada0: cd00 0000 | 5948 8b55 | e848 8b52 | 0848 8b52 | 0845 0fb7 | 4501 410f | c841 c1e8 | 10e8 0500 
  0x000002731f29adc0: 0000 e9aa | 0000 0048 | 8d44 2408 | 4c89 6dc0 | 498b cfc5 | f877 4989 | afa8 0200 | 0049 8987 
  0x000002731f29ade0: 9802 0000 | 4883 ec20 | f7c4 0f00 | 0000 0f84 | 1a00 0000 | 4883 ec08 | 49ba c025 | eeeb f97f 
  0x000002731f29ae00: 0000 41ff | d248 83c4 | 08e9 0d00 | 0000 49ba | c025 eeeb | f97f 0000 | 41ff d248 | 83c4 2049 
  0x000002731f29ae20: c787 9802 | 0000 0000 | 0000 49c7 | 87a8 0200 | 0000 0000 | 0049 c787 | a002 0000 | 0000 0000 
  0x000002731f29ae40: c5f8 7749 | 817f 0800 | 0000 000f | 8405 0000 | 00e9 aa60 | feff 498b | 87f0 0200 | 0049 c787 
  0x000002731f29ae60: f002 0000 | 0000 0000 | 4c8b 6dc0 | 4c8b 75c8 | c341 0fb6 | 5d03 4983 | c503 49ba | 90a1 70ec 
  0x000002731f29ae80: f97f 0000 | 41ff 24da | 0000 0000 | 0000 0000 | 0000 0000 | 0000 0000 | 0000 0000 | 0000 0000 
[/MachCode]

---------------  P R O C E S S  ---------------

Threads class SMR info:
_java_thread_list=0x0000027313a383d0, length=14, elements={
0x00000273139be640, 0x000002732979a260, 0x000002732979b880, 0x000002732e98c260,
0x000002732e98d0e0, 0x000002732e98e700, 0x000002732e990bd0, 0x000002732e994fc0,
0x000002732e9963d0, 0x000002732e9a1080, 0x0000027313a2a490, 0x000002732eace260,
0x000002732eb4e360, 0x000002732eb10e50
}

Java Threads: ( => current thread )
=>0x00000273139be640 JavaThread "main" [_thread_in_vm, id=17232, stack(0x00000085db800000,0x00000085db900000)]
  0x000002732979a260 JavaThread "Reference Handler" daemon [_thread_blocked, id=2056, stack(0x00000085dbb00000,0x00000085dbc00000)]
  0x000002732979b880 JavaThread "Finalizer" daemon [_thread_blocked, id=6052, stack(0x00000085dbc00000,0x00000085dbd00000)]
  0x000002732e98c260 JavaThread "Signal Dispatcher" daemon [_thread_blocked, id=18616, stack(0x00000085dbd00000,0x00000085dbe00000)]
  0x000002732e98d0e0 JavaThread "Attach Listener" daemon [_thread_blocked, id=3956, stack(0x00000085dbe00000,0x00000085dbf00000)]
  0x000002732e98e700 JavaThread "Service Thread" daemon [_thread_blocked, id=17460, stack(0x00000085dbf00000,0x00000085dc000000)]
  0x000002732e990bd0 JavaThread "Monitor Deflation Thread" daemon [_thread_blocked, id=12132, stack(0x00000085dc000000,0x00000085dc100000)]
  0x000002732e994fc0 JavaThread "C2 CompilerThread0" daemon [_thread_blocked, id=9892, stack(0x00000085dc100000,0x00000085dc200000)]
  0x000002732e9963d0 JavaThread "C1 CompilerThread0" daemon [_thread_blocked, id=2096, stack(0x00000085dc200000,0x00000085dc300000)]
  0x000002732e9a1080 JavaThread "Sweeper thread" daemon [_thread_blocked, id=2024, stack(0x00000085dc300000,0x00000085dc400000)]
  0x0000027313a2a490 JavaThread "Common-Cleaner" daemon [_thread_blocked, id=17324, stack(0x00000085dc400000,0x00000085dc500000)]
  0x000002732eace260 JavaThread "C1 CompilerThread1" daemon [_thread_blocked, id=7152, stack(0x00000085dc500000,0x00000085dc600000)]
  0x000002732eb4e360 JavaThread "C1 CompilerThread2" daemon [_thread_blocked, id=6220, stack(0x00000085dc600000,0x00000085dc700000)]
  0x000002732eb10e50 JavaThread "C2 CompilerThread1" daemon [_thread_blocked, id=14944, stack(0x00000085dc700000,0x00000085dc800000)]

Other Threads:
  0x00000273297860f0 VMThread "VM Thread" [stack: 0x00000085dba00000,0x00000085dbb00000] [id=20160]
  0x00000273139d5090 GCTaskThread "GC Thread#0" [stack: 0x00000085db900000,0x00000085dba00000] [id=14984]

Threads with active compile tasks:

VM state: not at safepoint (normal execution)

VM Mutex/Monitor currently owned by a thread:  ([mutex/lock_event])
[0x00000273139b9ab0] Metaspace_lock - owner thread: 0x00000273139be640

Heap address: 0x00000000c0000000, size: 1024 MB, Compressed Oops mode: 32-bit

CDS archive(s) not mapped
Compressed class space mapped at: 0x0000000100000000-0x0000000140000000, reserved size: 1073741824
Narrow klass base: 0x0000000000000000, Narrow klass shift: 3, Narrow klass range: 0x140000000

GC Precious Log:
 CPUs: 16 total, 16 available
 Memory: 7599M
 Large Page Support: Disabled
 NUMA Support: Disabled
 Compressed Oops: Enabled (32-bit)
 Alignments: Space 512K, Generation 512K, Heap 2M
 Heap Min Capacity: 100M
 Heap Initial Capacity: 100M
 Heap Max Capacity: 1G
 Pre-touch: Disabled
 Parallel Workers: 13

Heap:
 PSYoungGen      total 29696K, used 2560K [0x00000000eab00000, 0x00000000ecc00000, 0x0000000100000000)
  eden space 25600K, 10% used [0x00000000eab00000,0x00000000ead801f8,0x00000000ec400000)
  from space 4096K, 0% used [0x00000000ec800000,0x00000000ec800000,0x00000000ecc00000)
  to   space 4096K, 0% used [0x00000000ec400000,0x00000000ec400000,0x00000000ec800000)
 ParOldGen       total 68608K, used 0K [0x00000000c0000000, 0x00000000c4300000, 0x00000000eab00000)
  object space 68608K, 0% used [0x00000000c0000000,0x00000000c0000000,0x00000000c4300000)
 Metaspace       used 4657K, committed 4800K, reserved 1114112K
  class space    used 431K, committed 512K, reserved 1048576K

Card table byte_map: [0x0000027327010000,0x0000027327220000] _byte_map_base: 0x0000027326a10000

Marking Bits: (ParMarkBitMap*) 0x00007ff9ec6fd7d0
 Begin Bits: [0x0000027327380000, 0x0000027328380000)
 End Bits:   [0x0000027328380000, 0x0000027329380000)

Polling page: 0x0000027313a70000

Metaspace:

Usage:
  Non-class:      4.13 MB used.
      Class:    431.21 KB used.
       Both:      4.55 MB used.

Virtual space:
  Non-class space:       64.00 MB reserved,       4.19 MB (  7%) committed,  1 nodes.
      Class space:        1.00 GB reserved,     512.00 KB ( <1%) committed,  1 nodes.
             Both:        1.06 GB reserved,       4.69 MB ( <1%) committed. 

Chunk freelists:
   Non-Class:  11.00 MB
       Class:  15.56 MB
        Both:  26.56 MB

MaxMetaspaceSize: unlimited
CompressedClassSpaceSize: 1.00 GB
Initial GC threshold: 21.00 MB
Current GC threshold: 21.00 MB
CDS: off
MetaspaceReclaimPolicy: balanced
 - commit_granule_bytes: 65536.
 - commit_granule_words: 8192.
 - virtual_space_node_default_size: 8388608.
 - enlarge_chunks_in_place: 1.
 - new_chunks_are_fully_committed: 0.
 - uncommit_free_chunks: 1.
 - use_allocation_guard: 0.
 - handle_deallocations: 1.


Internal statistics:

num_allocs_failed_limit: 0.
num_arena_births: 6.
num_arena_deaths: 0.
num_vsnodes_births: 2.
num_vsnodes_deaths: 0.
num_space_committed: 75.
num_space_uncommitted: 0.
num_chunks_returned_to_freelist: 0.
num_chunks_taken_from_freelist: 10.
num_chunk_merges: 0.
num_chunk_splits: 5.
num_chunks_enlarged: 2.
num_inconsistent_stats: 0.

CodeHeap 'non-profiled nmethods': size=119168Kb used=61Kb max_used=61Kb free=119106Kb
 bounds [0x000002731f9d0000, 0x000002731fc40000, 0x0000027326e30000]
CodeHeap 'profiled nmethods': size=119104Kb used=225Kb max_used=225Kb free=118878Kb
 bounds [0x0000027317e30000, 0x00000273180a0000, 0x000002731f280000]
CodeHeap 'non-nmethods': size=7488Kb used=2195Kb max_used=2209Kb free=5292Kb
 bounds [0x000002731f280000, 0x000002731f4f0000, 0x000002731f9d0000]
 total_blobs=545 nmethods=204 adapters=254
 compilation: enabled
              stopped_count=0, restarted_count=0
 full_count=0

Compilation events (20 events):
Event: 0.140 Thread 0x000002732eb10e50 nmethod 148 0x000002731f9dd710 code [0x000002731f9dd880, 0x000002731f9dd8f8]
Event: 0.140 Thread 0x000002732eb10e50  170       4       java.util.HashMap::newNode (13 bytes)
Event: 0.140 Thread 0x000002732eb4e360  196       1       java.lang.module.ModuleDescriptor$Provides::service (5 bytes)
Event: 0.140 Thread 0x000002732eb4e360 nmethod 196 0x000002731f9dda10 code [0x000002731f9ddba0, 0x000002731f9ddc78]
Event: 0.140 Thread 0x000002732eb10e50 nmethod 170 0x000002731f9ddd10 code [0x000002731f9ddea0, 0x000002731f9ddfb8]
Event: 0.141 Thread 0x000002732eb4e360  197       3       java.lang.invoke.MemberName::testAllFlags (7 bytes)
Event: 0.141 Thread 0x000002732eace260  198       1       java.lang.Class::getModule (5 bytes)
Event: 0.141 Thread 0x000002732eace260 nmethod 198 0x000002731f9de090 code [0x000002731f9de220, 0x000002731f9de2f8]
Event: 0.141 Thread 0x000002732eace260  199       3       java.lang.String::indexOf (7 bytes)
Event: 0.141 Thread 0x000002732eb4e360 nmethod 197 0x0000027317e66d10 code [0x0000027317e66ea0, 0x0000027317e67078]
Event: 0.142 Thread 0x000002732e994fc0 nmethod 169 0x000002731f9de390 code [0x000002731f9de560, 0x000002731f9deb38]
Event: 0.142 Thread 0x000002732eb4e360  200       3       jdk.internal.org.objectweb.asm.ByteVector::putByte (39 bytes)
Event: 0.142 Thread 0x000002732e9963d0  201       3       jdk.internal.org.objectweb.asm.SymbolTable$Entry::<init> (17 bytes)
Event: 0.142 Thread 0x000002732eace260 nmethod 199 0x0000027317e67110 code [0x0000027317e672e0, 0x0000027317e675f8]
Event: 0.142 Thread 0x000002732e9963d0 nmethod 201 0x0000027317e67c10 code [0x0000027317e67dc0, 0x0000027317e67f48]
Event: 0.142 Thread 0x000002732eb4e360 nmethod 200 0x0000027317e67710 code [0x0000027317e678c0, 0x0000027317e67aa8]
Event: 0.146 Thread 0x000002732eb4e360  203       3       java.lang.StringLatin1::indexOf (36 bytes)
Event: 0.146 Thread 0x000002732eb10e50  204       4       java.lang.String::charAt (25 bytes)
Event: 0.146 Thread 0x000002732eb4e360 nmethod 203 0x0000027317e68010 code [0x0000027317e681e0, 0x0000027317e68618]
Event: 0.146 Thread 0x000002732eb10e50 nmethod 204 0x000002731f9df410 code [0x000002731f9df580, 0x000002731f9df658]

GC Heap History (0 events):
No events

Dll operation events (3 events):
Event: 0.010 Loaded shared library c:\Users\STARIM\.vscode\extensions\redhat.java-1.28.1-win32-x64\jre\17.0.10-win32-x86_64\bin\java.dll
Event: 0.144 Loaded shared library c:\Users\STARIM\.vscode\extensions\redhat.java-1.28.1-win32-x64\jre\17.0.10-win32-x86_64\bin\zip.dll
Event: 0.147 Loaded shared library C:\Users\STARIM\.vscode\extensions\redhat.java-1.28.1-win32-x64\jre\17.0.10-win32-x86_64\bin\instrument.dll

Deoptimization events (0 events):
No events

Classes unloaded (0 events):
No events

Classes redefined (0 events):
No events

Internal exceptions (1 events):
Event: 0.122 Thread 0x00000273139be640 Exception <a 'java/lang/NoSuchMethodError'{0x00000000eacb5f70}: 'void java.lang.invoke.DirectMethodHandle$Holder.invokeStatic(java.lang.Object, java.lang.Object, java.lang.Object)'> (0x00000000eacb5f70) 
thrown [s\src\hotspot\share\interpreter\linkResolver.cpp, line 759]

VM Operations (2 events):
Event: 0.128 Executing VM operation: HandshakeAllThreads
Event: 0.128 Executing VM operation: HandshakeAllThreads done

Events (20 events):
Event: 0.149 loading class jdk/internal/loader/URLClassPath$Loader done
Event: 0.149 loading class jdk/internal/loader/URLClassPath$JarLoader done
Event: 0.149 loading class java/util/zip/ZipFile
Event: 0.149 loading class java/util/zip/ZipConstants
Event: 0.149 loading class java/util/zip/ZipConstants done
Event: 0.149 loading class java/util/zip/ZipFile done
Event: 0.149 loading class java/util/zip/ZipFile$1
Event: 0.149 loading class jdk/internal/access/JavaUtilZipFileAccess
Event: 0.150 loading class jdk/internal/access/JavaUtilZipFileAccess done
Event: 0.150 loading class java/util/zip/ZipFile$1 done
Event: 0.150 loading class sun/net/www/protocol/jar/Handler
Event: 0.150 loading class sun/net/www/protocol/jar/Handler done
Event: 0.150 loading class jdk/internal/loader/URLClassPath$JarLoader$1
Event: 0.150 loading class jdk/internal/loader/URLClassPath$JarLoader$1 done
Event: 0.150 loading class jdk/internal/loader/FileURLMapper
Event: 0.150 loading class jdk/internal/loader/FileURLMapper done
Event: 0.150 loading class java/util/jar/JarFile
Event: 0.150 loading class java/util/jar/JarFile done
Event: 0.151 loading class java/util/jar/JavaUtilJarAccessImpl
Event: 0.151 loading class jdk/internal/access/JavaUtilJarAccess


Dynamic libraries:
0x00007ff6cc230000 - 0x00007ff6cc23e000 	c:\Users\STARIM\.vscode\extensions\redhat.java-1.28.1-win32-x64\jre\17.0.10-win32-x86_64\bin\java.exe
0x00007ffa4f350000 - 0x00007ffa4f567000 	C:\WINDOWS\SYSTEM32\ntdll.dll
0x00007ffa4d790000 - 0x00007ffa4d854000 	C:\WINDOWS\System32\KERNEL32.DLL
0x00007ffa4c690000 - 0x00007ffa4ca36000 	C:\WINDOWS\System32\KERNELBASE.dll
0x00007ffa4cdc0000 - 0x00007ffa4ced1000 	C:\WINDOWS\System32\ucrtbase.dll
0x00007ffa44190000 - 0x00007ffa441a7000 	c:\Users\STARIM\.vscode\extensions\redhat.java-1.28.1-win32-x64\jre\17.0.10-win32-x86_64\bin\jli.dll
0x00007ffa433c0000 - 0x00007ffa433db000 	c:\Users\STARIM\.vscode\extensions\redhat.java-1.28.1-win32-x64\jre\17.0.10-win32-x86_64\bin\VCRUNTIME140.dll
0x00007ffa4ebc0000 - 0x00007ffa4ed6e000 	C:\WINDOWS\System32\USER32.dll
0x00007ffa44890000 - 0x00007ffa44b23000 	C:\WINDOWS\WinSxS\amd64_microsoft.windows.common-controls_6595b64144ccf1df_6.0.22621.2506_none_270c5ae97388e100\COMCTL32.dll
0x00007ffa4ca40000 - 0x00007ffa4ca66000 	C:\WINDOWS\System32\win32u.dll
0x00007ffa4f090000 - 0x00007ffa4f137000 	C:\WINDOWS\System32\msvcrt.dll
0x00007ffa4e050000 - 0x00007ffa4e079000 	C:\WINDOWS\System32\GDI32.dll
0x00007ffa4cf80000 - 0x00007ffa4d098000 	C:\WINDOWS\System32\gdi32full.dll
0x00007ffa4cee0000 - 0x00007ffa4cf7a000 	C:\WINDOWS\System32\msvcp_win.dll
0x00007ffa4deb0000 - 0x00007ffa4dee1000 	C:\WINDOWS\System32\IMM32.DLL
0x00007ffa485f0000 - 0x00007ffa485fc000 	c:\Users\STARIM\.vscode\extensions\redhat.java-1.28.1-win32-x64\jre\17.0.10-win32-x86_64\bin\vcruntime140_1.dll
0x00007ffa3c370000 - 0x00007ffa3c3fd000 	c:\Users\STARIM\.vscode\extensions\redhat.java-1.28.1-win32-x64\jre\17.0.10-win32-x86_64\bin\msvcp140.dll
0x00007ff9ebb60000 - 0x00007ff9ec7c2000 	c:\Users\STARIM\.vscode\extensions\redhat.java-1.28.1-win32-x64\jre\17.0.10-win32-x86_64\bin\server\jvm.dll
0x00007ffa4d6d0000 - 0x00007ffa4d783000 	C:\WINDOWS\System32\ADVAPI32.dll
0x00007ffa4f240000 - 0x00007ffa4f2e8000 	C:\WINDOWS\System32\sechost.dll
0x00007ffa4cba0000 - 0x00007ffa4cbc8000 	C:\WINDOWS\System32\bcrypt.dll
0x00007ffa4d8f0000 - 0x00007ffa4da07000 	C:\WINDOWS\System32\RPCRT4.dll
0x00007ffa44260000 - 0x00007ffa44269000 	C:\WINDOWS\SYSTEM32\WSOCK32.dll
0x00007ffa4b4f0000 - 0x00007ffa4b53d000 	C:\WINDOWS\SYSTEM32\POWRPROF.dll
0x00007ffa4d860000 - 0x00007ffa4d8d1000 	C:\WINDOWS\System32\WS2_32.dll
0x00007ffa406a0000 - 0x00007ffa406d4000 	C:\WINDOWS\SYSTEM32\WINMM.dll
0x00007ffa429d0000 - 0x00007ffa429da000 	C:\WINDOWS\SYSTEM32\VERSION.dll
0x00007ffa4b4d0000 - 0x00007ffa4b4e3000 	C:\WINDOWS\SYSTEM32\UMPDC.dll
0x00007ffa4b7a0000 - 0x00007ffa4b7b8000 	C:\WINDOWS\SYSTEM32\kernel.appcore.dll
0x00007ffa42d20000 - 0x00007ffa42d2a000 	c:\Users\STARIM\.vscode\extensions\redhat.java-1.28.1-win32-x64\jre\17.0.10-win32-x86_64\bin\jimage.dll
0x00007ffa49b70000 - 0x00007ffa49da3000 	C:\WINDOWS\SYSTEM32\DBGHELP.DLL
0x00007ffa4db20000 - 0x00007ffa4dea9000 	C:\WINDOWS\System32\combase.dll
0x00007ffa4d590000 - 0x00007ffa4d667000 	C:\WINDOWS\System32\OLEAUT32.dll
0x00007ffa404e0000 - 0x00007ffa40512000 	C:\WINDOWS\SYSTEM32\dbgcore.DLL
0x00007ffa4cd40000 - 0x00007ffa4cdba000 	C:\WINDOWS\System32\bcryptPrimitives.dll
0x00007ffa41140000 - 0x00007ffa4114e000 	c:\Users\STARIM\.vscode\extensions\redhat.java-1.28.1-win32-x64\jre\17.0.10-win32-x86_64\bin\instrument.dll
0x00007ffa41110000 - 0x00007ffa41135000 	c:\Users\STARIM\.vscode\extensions\redhat.java-1.28.1-win32-x64\jre\17.0.10-win32-x86_64\bin\java.dll
0x00007ffa41080000 - 0x00007ffa41098000 	c:\Users\STARIM\.vscode\extensions\redhat.java-1.28.1-win32-x64\jre\17.0.10-win32-x86_64\bin\zip.dll
0x00007ffa4e0e0000 - 0x00007ffa4e93b000 	C:\WINDOWS\System32\SHELL32.dll
0x00007ffa4a5b0000 - 0x00007ffa4aea6000 	C:\WINDOWS\SYSTEM32\windows.storage.dll
0x00007ffa4a470000 - 0x00007ffa4a5ae000 	C:\WINDOWS\SYSTEM32\wintypes.dll
0x00007ffa4f140000 - 0x00007ffa4f233000 	C:\WINDOWS\System32\SHCORE.dll
0x00007ffa4d670000 - 0x00007ffa4d6ce000 	C:\WINDOWS\System32\shlwapi.dll
0x00007ffa4c5c0000 - 0x00007ffa4c5e6000 	C:\WINDOWS\SYSTEM32\profapi.dll

dbghelp: loaded successfully - version: 4.0.5 - missing functions: none
symbol engine: initialized successfully - sym options: 0x614 - pdb path: .;c:\Users\STARIM\.vscode\extensions\redhat.java-1.28.1-win32-x64\jre\17.0.10-win32-x86_64\bin;C:\WINDOWS\SYSTEM32;C:\WINDOWS\WinSxS\amd64_microsoft.windows.common-controls_6595b64144ccf1df_6.0.22621.2506_none_270c5ae97388e100;c:\Users\STARIM\.vscode\extensions\redhat.java-1.28.1-win32-x64\jre\17.0.10-win32-x86_64\bin\server

VM Arguments:
jvm_args: --add-modules=ALL-SYSTEM --add-opens=java.base/java.util=ALL-UNNAMED --add-opens=java.base/java.lang=ALL-UNNAMED --add-opens=java.base/sun.nio.fs=ALL-UNNAMED -Declipse.application=org.eclipse.jdt.ls.core.id1 -Dosgi.bundles.defaultStartLevel=4 -Declipse.product=org.eclipse.jdt.ls.core.product -Djava.import.generatesMetadataFilesAtProjectRoot=false -DDetectVMInstallationsJob.disabled=true -Dfile.encoding=utf8 -XX:+UseParallelGC -XX:GCTimeRatio=4 -XX:AdaptiveSizePolicyWeight=90 -Dsun.zip.disableMemoryMapping=true -Xmx1G -Xms100m -Xlog:disable -javaagent:c:\Users\STARIM\.vscode\extensions\redhat.java-1.28.1-win32-x64\lombok\lombok-1.18.31.jar 
java_command: c:\Users\STARIM\.vscode\extensions\redhat.java-1.28.1-win32-x64\server\plugins\org.eclipse.equinox.launcher_1.6.700.v20231214-2017.jar -configuration c:\Users\STARIM\AppData\Roaming\Code\User\globalStorage\redhat.java\1.28.1\config_ss_win -data c:\Users\STARIM\AppData\Roaming\Code\User\workspaceStorage\acb77b6dbbcca2f86ee7bb19ff107631\redhat.java\ss_ws --stdio
java_class_path (initial): c:\Users\STARIM\.vscode\extensions\redhat.java-1.28.1-win32-x64\server\plugins\org.eclipse.equinox.launcher_1.6.700.v20231214-2017.jar
Launcher Type: SUN_STANDARD

[Global flags]
    uintx AdaptiveSizePolicyWeight                 = 90                                        {product} {command line}
     intx CICompilerCount                          = 12                                        {product} {ergonomic}
    uintx GCTimeRatio                              = 4                                         {product} {command line}
   size_t InitialHeapSize                          = 104857600                                 {product} {command line}
   size_t MaxHeapSize                              = 1073741824                                {product} {command line}
   size_t MaxNewSize                               = 357564416                                 {product} {ergonomic}
   size_t MinHeapDeltaBytes                        = 524288                                    {product} {ergonomic}
   size_t MinHeapSize                              = 104857600                                 {product} {command line}
   size_t NewSize                                  = 34603008                                  {product} {ergonomic}
    uintx NonNMethodCodeHeapSize                   = 7602480                                {pd product} {ergonomic}
    uintx NonProfiledCodeHeapSize                  = 122027880                              {pd product} {ergonomic}
   size_t OldSize                                  = 70254592                                  {product} {ergonomic}
    uintx ProfiledCodeHeapSize                     = 122027880                              {pd product} {ergonomic}
    uintx ReservedCodeCacheSize                    = 251658240                              {pd product} {ergonomic}
     bool SegmentedCodeCache                       = true                                      {product} {ergonomic}
   size_t SoftMaxHeapSize                          = 1073741824                             {manageable} {ergonomic}
     bool UseCompressedClassPointers               = true                           {product lp64_product} {ergonomic}
     bool UseCompressedOops                        = true                           {product lp64_product} {ergonomic}
     bool UseLargePagesIndividualAllocation        = false                                  {pd product} {ergonomic}
     bool UseParallelGC                            = true                                      {product} {command line}

Logging:
Log output configuration:
 #0: stdout all=off uptime,level,tags
 #1: stderr all=off uptime,level,tags

Environment Variables:
PATH=C:\Program Files\Common Files\Oracle\Java\javapath;C:\Windows\system32;C:\Windows;C:\Windows\System32\Wbem;C:\Windows\System32\WindowsPowerShell\v1.0\;C:\Windows\System32\OpenSSH\;C:\Program Files (x86)\NVIDIA Corporation\PhysX\Common;C:\Program Files\dotnet\;C:\Program Files\Microsoft SQL Server\Client SDK\ODBC\170\Tools\Binn\;C:\Program Files (x86)\Microsoft SQL Server\150\Tools\Binn\;C:\Program Files\Microsoft SQL Server\150\Tools\Binn\;C:\Program Files\Microsoft SQL Server\150\DTS\Binn\;C:\WINDOWS\system32;C:\WINDOWS;C:\WINDOWS\System32\Wbem;C:\WINDOWS\System32\WindowsPowerShell\v1.0\;C:\WINDOWS\System32\OpenSSH\;C:\Users\STARIM\Downloads\apache-maven-3.9.5-bin\apache-maven-3.9.5\bin;C:\Program Files\Java\jdk-21;C:\Program Files\Git\cmd;C:\Users\STARIM\AppData\Roaming\nvm;C:\Program Files\nodejs;C:\Users\STARIM\AppData\Local\Microsoft\WindowsApps;C:\Users\STARIM\.dotnet\tools;C:\Users\STARIM\AppData\Local\Programs\Microsoft VS Code\bin;C:\Users\STARIM\AppData\Local\Programs\mongosh\;C:\Program Files\JetBrains\IntelliJ IDEA Community Edition 2023.2.5\bin;;C:\Users\STARIM\AppData\Roaming\npm;C:\Users\STARIM\AppData\Roaming\nvm;C:\Program Files\nodejs
USERNAME=STARIM
OS=Windows_NT
PROCESSOR_IDENTIFIER=AMD64 Family 23 Model 96 Stepping 1, AuthenticAMD
TMP=C:\Users\STARIM\AppData\Local\Temp
TEMP=C:\Users\STARIM\AppData\Local\Temp



Periodic native trim disabled


---------------  S Y S T E M  ---------------

OS:
 Windows 11 , 64 bit Build 22621 (10.0.22621.3085)
OS uptime: 0 days 2:08 hours
Hyper-V role detected

CPU: total 16 (initial active 16) (16 cores per cpu, 2 threads per core) family 23 model 96 stepping 1 microcode 0x0, cx8, cmov, fxsr, ht, mmx, 3dnowpref, sse, sse2, sse3, ssse3, sse4a, sse4.1, sse4.2, popcnt, lzcnt, tsc, tscinvbit, avx, avx2, aes, clmul, bmi1, bmi2, adx, sha, fma, vzeroupper, clflush, clflushopt, hv
Processor Information for all 16 processors :
  Max Mhz: 2901, Current Mhz: 2901, Mhz Limit: 2901

Memory: 4k page, system-wide physical 7599M (410M free)
TotalPageFile size 15763M (AvailPageFile size 3M)
current process WorkingSet (physical memory assigned to process): 31M, peak: 31M
current process commit charge ("private bytes"): 200M, peak: 200M

vm_info: OpenJDK 64-Bit Server VM (17.0.10+7) for windows-amd64 JRE (17.0.10+7), built on Jan 16 2024 23:25:11 by "admin" with MS VC++ 16.10 / 16.11 (VS2019)

END.
