#
# There is insufficient memory for the Java Runtime Environment to continue.
# Native memory allocation (malloc) failed to allocate 1187856 bytes for Chunk::new
# Possible reasons:
#   The system is out of physical RAM or swap space
#   The process is running with CompressedOops enabled, and the Java Heap may be blocking the growth of the native heap
# Possible solutions:
#   Reduce memory load on the system
#   Increase physical memory or swap space
#   Check if swap backing store is full
#   Decrease Java heap size (-Xmx/-Xms)
#   Decrease number of Java threads
#   Decrease Java thread stack sizes (-Xss)
#   Set larger code cache with -XX:ReservedCodeCacheSize=
#   JVM is running with Unscaled Compressed Oops mode in which the Java heap is
#     placed in the first 4GB address space. The Java Heap base address is the
#     maximum limit for the native heap growth. Please use -XX:HeapBaseMinAddress
#     to set the Java Heap base and to place the Java Heap above 4GB virtual address.
# This output file may be truncated or incomplete.
#
#  Out of Memory Error (arena.cpp:191), pid=2268, tid=5616
#
# JRE version: OpenJDK Runtime Environment Temurin-17.0.10+7 (17.0.10+7) (build 17.0.10+7)
# Java VM: OpenJDK 64-Bit Server VM Temurin-17.0.10+7 (17.0.10+7, mixed mode, tiered, compressed oops, compressed class ptrs, parallel gc, windows-amd64)
# No core dump will be written. Minidumps are not enabled by default on client versions of Windows
#

---------------  S U M M A R Y ------------

Command Line: --add-modules=ALL-SYSTEM --add-opens=java.base/java.util=ALL-UNNAMED --add-opens=java.base/java.lang=ALL-UNNAMED --add-opens=java.base/sun.nio.fs=ALL-UNNAMED -Declipse.application=org.eclipse.jdt.ls.core.id1 -Dosgi.bundles.defaultStartLevel=4 -Declipse.product=org.eclipse.jdt.ls.core.product -Djava.import.generatesMetadataFilesAtProjectRoot=false -DDetectVMInstallationsJob.disabled=true -Dfile.encoding=utf8 -XX:+UseParallelGC -XX:GCTimeRatio=4 -XX:AdaptiveSizePolicyWeight=90 -Dsun.zip.disableMemoryMapping=true -Xmx1G -Xms100m -Xlog:disable -javaagent:c:\Users\STARIM\.vscode\extensions\redhat.java-1.28.1-win32-x64\lombok\lombok-1.18.31.jar c:\Users\STARIM\.vscode\extensions\redhat.java-1.28.1-win32-x64\server\plugins\org.eclipse.equinox.launcher_1.6.700.v20231214-2017.jar -configuration c:\Users\STARIM\AppData\Roaming\Code\User\globalStorage\redhat.java\1.28.1\config_ss_win -data c:\Users\STARIM\AppData\Roaming\Code\User\workspaceStorage\acb77b6dbbcca2f86ee7bb19ff107631\redhat.java\ss_ws --stdio

Host: AMD Ryzen 7 4800H with Radeon Graphics         , 16 cores, 7G,  Windows 11 , 64 bit Build 22621 (10.0.22621.3235)
Time: Sun Mar 10 06:22:07 2024 India Standard Time elapsed time: 7.667845 seconds (0d 0h 0m 7s)

---------------  T H R E A D  ---------------

Current thread (0x000002477c9f8130):  JavaThread "C2 CompilerThread1" daemon [_thread_in_native, id=5616, stack(0x000000b6c5200000,0x000000b6c5300000)]


Current CompileTask:
C2:   7667 4313   !   4       org.eclipse.osgi.internal.loader.classpath.ClasspathManager::findLocalClass (210 bytes)

Stack: [0x000000b6c5200000,0x000000b6c5300000]
Native frames: (J=compiled Java code, j=interpreted, Vv=VM code, C=native code)
V  [jvm.dll+0x67d2c9]
V  [jvm.dll+0x834afa]
V  [jvm.dll+0x8365be]
V  [jvm.dll+0x836c23]
V  [jvm.dll+0x2477ff]
V  [jvm.dll+0xac514]
V  [jvm.dll+0xacb5c]
V  [jvm.dll+0x2aed1f]
V  [jvm.dll+0x584b67]
V  [jvm.dll+0x2228a2]
V  [jvm.dll+0x222c8f]
V  [jvm.dll+0x21bdb6]
V  [jvm.dll+0x219201]
V  [jvm.dll+0x1a502d]
V  [jvm.dll+0x2290de]
V  [jvm.dll+0x2272ac]
V  [jvm.dll+0x7e9bb7]
V  [jvm.dll+0x7e3fba]
V  [jvm.dll+0x67c1b5]
C  [ucrtbase.dll+0x29363]
C  [KERNEL32.DLL+0x1257d]
C  [ntdll.dll+0x5aa58]


---------------  P R O C E S S  ---------------

Threads class SMR info:
_java_thread_list=0x000002477d3fd960, length=31, elements={
0x000002476f793700, 0x0000024774610020, 0x0000024774611dc0, 0x000002477977df30,
0x000002477977ecc0, 0x000002477977fa50, 0x0000024779781a90, 0x0000024779784ff0,
0x0000024779785a50, 0x00000247797882b0, 0x00000247798aa030, 0x000002476f7f4db0,
0x000002477b909ac0, 0x000002477c3652d0, 0x000002477b878950, 0x000002477c34ed10,
0x000002477c347b00, 0x000002477c291210, 0x000002477c3d8df0, 0x000002477c3d6570,
0x000002477c3d79b0, 0x000002477d5b0a40, 0x000002477c9f8130, 0x00000247799821b0,
0x000002477c3d7ec0, 0x000002477c3d6060, 0x000002477c3d6f90, 0x000002477c3d83d0,
0x000002477c3d88e0, 0x000002477c3d9300, 0x000002477c3d9810
}

Java Threads: ( => current thread )
  0x000002476f793700 JavaThread "main" [_thread_blocked, id=16868, stack(0x000000b6c3600000,0x000000b6c3700000)]
  0x0000024774610020 JavaThread "Reference Handler" daemon [_thread_blocked, id=12320, stack(0x000000b6c3900000,0x000000b6c3a00000)]
  0x0000024774611dc0 JavaThread "Finalizer" daemon [_thread_blocked, id=2948, stack(0x000000b6c3a00000,0x000000b6c3b00000)]
  0x000002477977df30 JavaThread "Signal Dispatcher" daemon [_thread_blocked, id=21736, stack(0x000000b6c3b00000,0x000000b6c3c00000)]
  0x000002477977ecc0 JavaThread "Attach Listener" daemon [_thread_blocked, id=24448, stack(0x000000b6c3c00000,0x000000b6c3d00000)]
  0x000002477977fa50 JavaThread "Service Thread" daemon [_thread_blocked, id=17520, stack(0x000000b6c3d00000,0x000000b6c3e00000)]
  0x0000024779781a90 JavaThread "Monitor Deflation Thread" daemon [_thread_blocked, id=11096, stack(0x000000b6c3e00000,0x000000b6c3f00000)]
  0x0000024779784ff0 JavaThread "C2 CompilerThread0" daemon [_thread_in_native, id=3340, stack(0x000000b6c3f00000,0x000000b6c4000000)]
  0x0000024779785a50 JavaThread "C1 CompilerThread0" daemon [_thread_blocked, id=6736, stack(0x000000b6c4000000,0x000000b6c4100000)]
  0x00000247797882b0 JavaThread "Sweeper thread" daemon [_thread_blocked, id=15700, stack(0x000000b6c4100000,0x000000b6c4200000)]
  0x00000247798aa030 JavaThread "Common-Cleaner" daemon [_thread_blocked, id=18524, stack(0x000000b6c4200000,0x000000b6c4300000)]
  0x000002476f7f4db0 JavaThread "C1 CompilerThread1" daemon [_thread_blocked, id=15288, stack(0x000000b6c4300000,0x000000b6c4400000)]
  0x000002477b909ac0 JavaThread "Notification Thread" daemon [_thread_blocked, id=13140, stack(0x000000b6c4700000,0x000000b6c4800000)]
  0x000002477c3652d0 JavaThread "Active Thread: Equinox Container: 0b90f962-b7eb-442b-9710-9dd36c7dfbc7" [_thread_blocked, id=12472, stack(0x000000b6c4e00000,0x000000b6c4f00000)]
  0x000002477b878950 JavaThread "Framework Event Dispatcher: Equinox Container: 0b90f962-b7eb-442b-9710-9dd36c7dfbc7" daemon [_thread_blocked, id=6140, stack(0x000000b6c4400000,0x000000b6c4500000)]
  0x000002477c34ed10 JavaThread "Start Level: Equinox Container: 0b90f962-b7eb-442b-9710-9dd36c7dfbc7" daemon [_thread_blocked, id=14552, stack(0x000000b6c4500000,0x000000b6c4600000)]
  0x000002477c347b00 JavaThread "SCR Component Actor" daemon [_thread_blocked, id=17584, stack(0x000000b6c4600000,0x000000b6c4700000)]
  0x000002477c291210 JavaThread "SCR Component Registry" daemon [_thread_blocked, id=5544, stack(0x000000b6c5100000,0x000000b6c5200000)]
  0x000002477c3d8df0 JavaThread "Worker-JM" [_thread_blocked, id=10452, stack(0x000000b6c5300000,0x000000b6c5400000)]
  0x000002477c3d6570 JavaThread "Worker-0" [_thread_blocked, id=12392, stack(0x000000b6c5600000,0x000000b6c5700000)]
  0x000002477c3d79b0 JavaThread "Worker-1" [_thread_blocked, id=17020, stack(0x000000b6c5700000,0x000000b6c5800000)]
  0x000002477d5b0a40 JavaThread "C1 CompilerThread2" daemon [_thread_blocked, id=8296, stack(0x000000b6c5900000,0x000000b6c5a00000)]
=>0x000002477c9f8130 JavaThread "C2 CompilerThread1" daemon [_thread_in_native, id=5616, stack(0x000000b6c5200000,0x000000b6c5300000)]
  0x00000247799821b0 JavaThread "C1 CompilerThread3" daemon [_thread_blocked, id=5800, stack(0x000000b6c5c00000,0x000000b6c5d00000)]
  0x000002477c3d7ec0 JavaThread "JNA Cleaner" daemon [_thread_blocked, id=1472, stack(0x000000b6c5d00000,0x000000b6c5e00000)]
  0x000002477c3d6060 JavaThread "pool-2-thread-1" [_thread_blocked, id=20960, stack(0x000000b6c5e00000,0x000000b6c5f00000)]
  0x000002477c3d6f90 JavaThread "WorkspaceEventsHandler" [_thread_blocked, id=12732, stack(0x000000b6c5f00000,0x000000b6c6000000)]
  0x000002477c3d83d0 JavaThread "pool-1-thread-1" [_thread_blocked, id=20784, stack(0x000000b6c6000000,0x000000b6c6100000)]
  0x000002477c3d88e0 JavaThread "Worker-2" [_thread_blocked, id=9996, stack(0x000000b6c6100000,0x000000b6c6200000)]
  0x000002477c3d9300 JavaThread "ForkJoinPool.commonPool-worker-1" daemon [_thread_in_native, id=20416, stack(0x000000b6c6200000,0x000000b6c6300000)]
  0x000002477c3d9810 JavaThread "ForkJoinPool.commonPool-worker-2" daemon [_thread_blocked, id=1696, stack(0x000000b6c6300000,0x000000b6c6400000)]

Other Threads:
  0x000002476d5debf0 VMThread "VM Thread" [stack: 0x000000b6c3800000,0x000000b6c3900000] [id=9316]
  0x000002477b99eb40 WatcherThread [stack: 0x000000b6c4800000,0x000000b6c4900000] [id=23284]
  0x000002476f7a9a10 GCTaskThread "GC Thread#0" [stack: 0x000000b6c3700000,0x000000b6c3800000] [id=24276]
  0x000002477bf76010 GCTaskThread "GC Thread#1" [stack: 0x000000b6c4900000,0x000000b6c4a00000] [id=22312]
  0x000002477c02c450 GCTaskThread "GC Thread#2" [stack: 0x000000b6c4a00000,0x000000b6c4b00000] [id=3508]
  0x000002477c02c710 GCTaskThread "GC Thread#3" [stack: 0x000000b6c4b00000,0x000000b6c4c00000] [id=16992]
  0x000002477c02c9d0 GCTaskThread "GC Thread#4" [stack: 0x000000b6c4c00000,0x000000b6c4d00000] [id=16204]
  0x000002477bf70a80 GCTaskThread "GC Thread#5" [stack: 0x000000b6c4d00000,0x000000b6c4e00000] [id=15984]
  0x000002477c1105b0 GCTaskThread "GC Thread#6" [stack: 0x000000b6c4f00000,0x000000b6c5000000] [id=16440]
  0x000002477c1102f0 GCTaskThread "GC Thread#7" [stack: 0x000000b6c5000000,0x000000b6c5100000] [id=23932]
  0x000002477c111370 GCTaskThread "GC Thread#8" [stack: 0x000000b6c5400000,0x000000b6c5500000] [id=3388]
  0x000002477c110870 GCTaskThread "GC Thread#9" [stack: 0x000000b6c5500000,0x000000b6c5600000] [id=21948]
  0x000002477c111bb0 GCTaskThread "GC Thread#10" [stack: 0x000000b6c5800000,0x000000b6c5900000] [id=14708]
  0x000002477c111630 GCTaskThread "GC Thread#11" [stack: 0x000000b6c5a00000,0x000000b6c5b00000] [id=24360]
  0x000002477c110df0 GCTaskThread "GC Thread#12" [stack: 0x000000b6c5b00000,0x000000b6c5c00000] [id=22664]

Threads with active compile tasks:
C2 CompilerThread0     7686 4355       4       java.io.WinNTFileSystem::normalize (143 bytes)
C2 CompilerThread1     7687 4313   !   4       org.eclipse.osgi.internal.loader.classpath.ClasspathManager::findLocalClass (210 bytes)

VM state: not at safepoint (normal execution)

VM Mutex/Monitor currently owned by a thread: None

Heap address: 0x00000000c0000000, size: 1024 MB, Compressed Oops mode: 32-bit

CDS archive(s) not mapped
Compressed class space mapped at: 0x0000000100000000-0x0000000140000000, reserved size: 1073741824
Narrow klass base: 0x0000000000000000, Narrow klass shift: 3, Narrow klass range: 0x140000000

GC Precious Log:
 CPUs: 16 total, 16 available
 Memory: 7599M
 Large Page Support: Disabled
 NUMA Support: Disabled
 Compressed Oops: Enabled (32-bit)
 Alignments: Space 512K, Generation 512K, Heap 2M
 Heap Min Capacity: 100M
 Heap Initial Capacity: 100M
 Heap Max Capacity: 1G
 Pre-touch: Disabled
 Parallel Workers: 13

Heap:
 PSYoungGen      total 23552K, used 14787K [0x00000000eab00000, 0x00000000ec480000, 0x0000000100000000)
  eden space 22016K, 62% used [0x00000000eab00000,0x00000000eb86c570,0x00000000ec080000)
  from space 1536K, 67% used [0x00000000ec080000,0x00000000ec1849c0,0x00000000ec200000)
  to   space 2048K, 0% used [0x00000000ec280000,0x00000000ec280000,0x00000000ec480000)
 ParOldGen       total 68608K, used 26814K [0x00000000c0000000, 0x00000000c4300000, 0x00000000eab00000)
  object space 68608K, 39% used [0x00000000c0000000,0x00000000c1a2fbd0,0x00000000c4300000)
 Metaspace       used 41149K, committed 41792K, reserved 1114112K
  class space    used 4206K, committed 4480K, reserved 1048576K

Card table byte_map: [0x000002476f120000,0x000002476f330000] _byte_map_base: 0x000002476eb20000

Marking Bits: (ParMarkBitMap*) 0x00007ffd9db2d7d0
 Begin Bits: [0x0000024772420000, 0x0000024773420000)
 End Bits:   [0x0000024773420000, 0x0000024774420000)

Polling page: 0x000002476d6a0000

Metaspace:

Usage:
  Non-class:     36.08 MB used.
      Class:      4.11 MB used.
       Both:     40.19 MB used.

Virtual space:
  Non-class space:       64.00 MB reserved,      36.44 MB ( 57%) committed,  1 nodes.
      Class space:        1.00 GB reserved,       4.38 MB ( <1%) committed,  1 nodes.
             Both:        1.06 GB reserved,      40.81 MB (  4%) committed. 

Chunk freelists:
   Non-Class:  11.25 MB
       Class:  11.63 MB
        Both:  22.88 MB

MaxMetaspaceSize: unlimited
CompressedClassSpaceSize: 1.00 GB
Initial GC threshold: 21.00 MB
Current GC threshold: 58.38 MB
CDS: off
MetaspaceReclaimPolicy: balanced
 - commit_granule_bytes: 65536.
 - commit_granule_words: 8192.
 - virtual_space_node_default_size: 8388608.
 - enlarge_chunks_in_place: 1.
 - new_chunks_are_fully_committed: 0.
 - uncommit_free_chunks: 1.
 - use_allocation_guard: 0.
 - handle_deallocations: 1.


Internal statistics:

num_allocs_failed_limit: 6.
num_arena_births: 380.
num_arena_deaths: 14.
num_vsnodes_births: 2.
num_vsnodes_deaths: 0.
num_space_committed: 653.
num_space_uncommitted: 0.
num_chunks_returned_to_freelist: 20.
num_chunks_taken_from_freelist: 1695.
num_chunk_merges: 11.
num_chunk_splits: 1107.
num_chunks_enlarged: 742.
num_inconsistent_stats: 0.

CodeHeap 'non-profiled nmethods': size=119168Kb used=2170Kb max_used=2170Kb free=116997Kb
 bounds [0x0000024707ba0000, 0x0000024707e10000, 0x000002470f000000]
CodeHeap 'profiled nmethods': size=119104Kb used=9250Kb max_used=9250Kb free=109853Kb
 bounds [0x0000024700000000, 0x0000024700910000, 0x0000024707450000]
CodeHeap 'non-nmethods': size=7488Kb used=2985Kb max_used=3008Kb free=4502Kb
 bounds [0x0000024707450000, 0x00000247077b0000, 0x0000024707ba0000]
 total_blobs=4977 nmethods=4353 adapters=534
 compilation: enabled
              stopped_count=0, restarted_count=0
 full_count=0

Compilation events (20 events):
Event: 7.583 Thread 0x000002477d5b0a40 nmethod 4344 0x00000247008ffe10 code [0x0000024700900060, 0x0000024700900b48]
Event: 7.583 Thread 0x00000247799821b0 nmethod 4343 0x0000024700900d90 code [0x0000024700901060, 0x0000024700902058]
Event: 7.594 Thread 0x000002476f7f4db0 4345       3       java.lang.Class::getDeclaringClass (31 bytes)
Event: 7.594 Thread 0x0000024779785a50 4346       3       sun.reflect.generics.reflectiveObjects.ParameterizedTypeImpl::validateConstructorArguments (82 bytes)
Event: 7.594 Thread 0x000002476f7f4db0 nmethod 4345 0x0000024700902610 code [0x0000024700902800, 0x0000024700902c08]
Event: 7.595 Thread 0x0000024779785a50 nmethod 4346 0x0000024700902d90 code [0x00000247009030e0, 0x00000247009048b8]
Event: 7.612 Thread 0x0000024779785a50 4347   !   3       sun.net.www.protocol.jar.Handler::parseAbsoluteSpec (85 bytes)
Event: 7.612 Thread 0x0000024779785a50 nmethod 4347 0x0000024700905110 code [0x0000024700905400, 0x0000024700906138]
Event: 7.615 Thread 0x00000247799821b0 4348       3       sun.reflect.generics.parser.SignatureParser::parseZeroOrMoreFormalTypeParameters (19 bytes)
Event: 7.616 Thread 0x00000247799821b0 nmethod 4348 0x0000024700906690 code [0x0000024700906840, 0x0000024700906ab8]
Event: 7.622 Thread 0x0000024779784ff0 4349       4       java.lang.CharacterDataLatin1::getType (11 bytes)
Event: 7.622 Thread 0x0000024779784ff0 nmethod 4349 0x0000024707dbc890 code [0x0000024707dbca00, 0x0000024707dbcab8]
Event: 7.628 Thread 0x0000024779785a50 4350       3       jdk.internal.reflect.ClassFileAssembler::emitConstantPoolNameAndType (28 bytes)
Event: 7.628 Thread 0x000002476f7f4db0 4351       1       jdk.internal.reflect.ClassFileAssembler::getStack (5 bytes)
Event: 7.628 Thread 0x000002476f7f4db0 nmethod 4351 0x0000024707dbcb90 code [0x0000024707dbcd20, 0x0000024707dbcdf8]
Event: 7.629 Thread 0x0000024779785a50 nmethod 4350 0x0000024700906b90 code [0x0000024700906dc0, 0x0000024700907448]
Event: 7.630 Thread 0x0000024779785a50 4352       3       lombok.launch.ShadowClassLoader::toSclResourceName (54 bytes)
Event: 7.630 Thread 0x0000024779785a50 nmethod 4352 0x0000024700907810 code [0x0000024700907aa0, 0x0000024700908348]
Event: 7.649 Thread 0x0000024779784ff0 4353       4       java.net.URI::quote (214 bytes)
Event: 7.661 Thread 0x0000024779784ff0 nmethod 4353 0x0000024707dbce90 code [0x0000024707dbd0a0, 0x0000024707dbdfe0]

GC Heap History (20 events):
Event: 6.560 GC heap before
{Heap before GC invocations=10 (full 1):
 PSYoungGen      total 28160K, used 8198K [0x00000000eab00000, 0x00000000ecc00000, 0x0000000100000000)
  eden space 23552K, 15% used [0x00000000eab00000,0x00000000eae82568,0x00000000ec200000)
  from space 4608K, 99% used [0x00000000ec700000,0x00000000ecb7f3e8,0x00000000ecb80000)
  to   space 5120K, 0% used [0x00000000ec200000,0x00000000ec200000,0x00000000ec700000)
 ParOldGen       total 68608K, used 7917K [0x00000000c0000000, 0x00000000c4300000, 0x00000000eab00000)
  object space 68608K, 11% used [0x00000000c0000000,0x00000000c07bb7f0,0x00000000c4300000)
 Metaspace       used 35186K, committed 35840K, reserved 1114112K
  class space    used 3543K, committed 3776K, reserved 1048576K
}
Event: 6.563 GC heap after
{Heap after GC invocations=10 (full 1):
 PSYoungGen      total 28672K, used 4550K [0x00000000eab00000, 0x00000000ecc00000, 0x0000000100000000)
  eden space 23552K, 0% used [0x00000000eab00000,0x00000000eab00000,0x00000000ec200000)
  from space 5120K, 88% used [0x00000000ec200000,0x00000000ec671b60,0x00000000ec700000)
  to   space 5120K, 0% used [0x00000000ec700000,0x00000000ec700000,0x00000000ecc00000)
 ParOldGen       total 68608K, used 8702K [0x00000000c0000000, 0x00000000c4300000, 0x00000000eab00000)
  object space 68608K, 12% used [0x00000000c0000000,0x00000000c087fb90,0x00000000c4300000)
 Metaspace       used 35186K, committed 35840K, reserved 1114112K
  class space    used 3543K, committed 3776K, reserved 1048576K
}
Event: 6.563 GC heap before
{Heap before GC invocations=11 (full 2):
 PSYoungGen      total 28672K, used 4550K [0x00000000eab00000, 0x00000000ecc00000, 0x0000000100000000)
  eden space 23552K, 0% used [0x00000000eab00000,0x00000000eab00000,0x00000000ec200000)
  from space 5120K, 88% used [0x00000000ec200000,0x00000000ec671b60,0x00000000ec700000)
  to   space 5120K, 0% used [0x00000000ec700000,0x00000000ec700000,0x00000000ecc00000)
 ParOldGen       total 68608K, used 8702K [0x00000000c0000000, 0x00000000c4300000, 0x00000000eab00000)
  object space 68608K, 12% used [0x00000000c0000000,0x00000000c087fb90,0x00000000c4300000)
 Metaspace       used 35186K, committed 35840K, reserved 1114112K
  class space    used 3543K, committed 3776K, reserved 1048576K
}
Event: 6.578 GC heap after
{Heap after GC invocations=11 (full 2):
 PSYoungGen      total 28672K, used 0K [0x00000000eab00000, 0x00000000ecc00000, 0x0000000100000000)
  eden space 23552K, 0% used [0x00000000eab00000,0x00000000eab00000,0x00000000ec200000)
  from space 5120K, 0% used [0x00000000ec200000,0x00000000ec200000,0x00000000ec700000)
  to   space 5120K, 0% used [0x00000000ec700000,0x00000000ec700000,0x00000000ecc00000)
 ParOldGen       total 68608K, used 12751K [0x00000000c0000000, 0x00000000c4300000, 0x00000000eab00000)
  object space 68608K, 18% used [0x00000000c0000000,0x00000000c0c73d38,0x00000000c4300000)
 Metaspace       used 35186K, committed 35840K, reserved 1114112K
  class space    used 3543K, committed 3776K, reserved 1048576K
}
Event: 6.758 GC heap before
{Heap before GC invocations=12 (full 2):
 PSYoungGen      total 28672K, used 23552K [0x00000000eab00000, 0x00000000ecc00000, 0x0000000100000000)
  eden space 23552K, 100% used [0x00000000eab00000,0x00000000ec200000,0x00000000ec200000)
  from space 5120K, 0% used [0x00000000ec200000,0x00000000ec200000,0x00000000ec700000)
  to   space 5120K, 0% used [0x00000000ec700000,0x00000000ec700000,0x00000000ecc00000)
 ParOldGen       total 68608K, used 12751K [0x00000000c0000000, 0x00000000c4300000, 0x00000000eab00000)
  object space 68608K, 18% used [0x00000000c0000000,0x00000000c0c73d38,0x00000000c4300000)
 Metaspace       used 36818K, committed 37568K, reserved 1114112K
  class space    used 3730K, committed 4032K, reserved 1048576K
}
Event: 6.760 GC heap after
{Heap after GC invocations=12 (full 2):
 PSYoungGen      total 25600K, used 2144K [0x00000000eab00000, 0x00000000ec980000, 0x0000000100000000)
  eden space 23040K, 0% used [0x00000000eab00000,0x00000000eab00000,0x00000000ec180000)
  from space 2560K, 83% used [0x00000000ec700000,0x00000000ec918040,0x00000000ec980000)
  to   space 3072K, 0% used [0x00000000ec380000,0x00000000ec380000,0x00000000ec680000)
 ParOldGen       total 68608K, used 12759K [0x00000000c0000000, 0x00000000c4300000, 0x00000000eab00000)
  object space 68608K, 18% used [0x00000000c0000000,0x00000000c0c75d38,0x00000000c4300000)
 Metaspace       used 36818K, committed 37568K, reserved 1114112K
  class space    used 3730K, committed 4032K, reserved 1048576K
}
Event: 6.826 GC heap before
{Heap before GC invocations=13 (full 2):
 PSYoungGen      total 25600K, used 25184K [0x00000000eab00000, 0x00000000ec980000, 0x0000000100000000)
  eden space 23040K, 100% used [0x00000000eab00000,0x00000000ec180000,0x00000000ec180000)
  from space 2560K, 83% used [0x00000000ec700000,0x00000000ec918040,0x00000000ec980000)
  to   space 3072K, 0% used [0x00000000ec380000,0x00000000ec380000,0x00000000ec680000)
 ParOldGen       total 68608K, used 12759K [0x00000000c0000000, 0x00000000c4300000, 0x00000000eab00000)
  object space 68608K, 18% used [0x00000000c0000000,0x00000000c0c75d38,0x00000000c4300000)
 Metaspace       used 37021K, committed 37760K, reserved 1114112K
  class space    used 3752K, committed 4096K, reserved 1048576K
}
Event: 6.828 GC heap after
{Heap after GC invocations=13 (full 2):
 PSYoungGen      total 25088K, used 2112K [0x00000000eab00000, 0x00000000ec780000, 0x0000000100000000)
  eden space 22528K, 0% used [0x00000000eab00000,0x00000000eab00000,0x00000000ec100000)
  from space 2560K, 82% used [0x00000000ec380000,0x00000000ec590010,0x00000000ec600000)
  to   space 1536K, 0% used [0x00000000ec600000,0x00000000ec600000,0x00000000ec780000)
 ParOldGen       total 68608K, used 14688K [0x00000000c0000000, 0x00000000c4300000, 0x00000000eab00000)
  object space 68608K, 21% used [0x00000000c0000000,0x00000000c0e582e0,0x00000000c4300000)
 Metaspace       used 37021K, committed 37760K, reserved 1114112K
  class space    used 3752K, committed 4096K, reserved 1048576K
}
Event: 6.871 GC heap before
{Heap before GC invocations=14 (full 2):
 PSYoungGen      total 25088K, used 24640K [0x00000000eab00000, 0x00000000ec780000, 0x0000000100000000)
  eden space 22528K, 100% used [0x00000000eab00000,0x00000000ec100000,0x00000000ec100000)
  from space 2560K, 82% used [0x00000000ec380000,0x00000000ec590010,0x00000000ec600000)
  to   space 1536K, 0% used [0x00000000ec600000,0x00000000ec600000,0x00000000ec780000)
 ParOldGen       total 68608K, used 14688K [0x00000000c0000000, 0x00000000c4300000, 0x00000000eab00000)
  object space 68608K, 21% used [0x00000000c0000000,0x00000000c0e582e0,0x00000000c4300000)
 Metaspace       used 37106K, committed 37824K, reserved 1114112K
  class space    used 3765K, committed 4096K, reserved 1048576K
}
Event: 6.874 GC heap after
{Heap after GC invocations=14 (full 2):
 PSYoungGen      total 23552K, used 1504K [0x00000000eab00000, 0x00000000ec880000, 0x0000000100000000)
  eden space 22016K, 0% used [0x00000000eab00000,0x00000000eab00000,0x00000000ec080000)
  from space 1536K, 97% used [0x00000000ec600000,0x00000000ec778010,0x00000000ec780000)
  to   space 4096K, 0% used [0x00000000ec080000,0x00000000ec080000,0x00000000ec480000)
 ParOldGen       total 68608K, used 16912K [0x00000000c0000000, 0x00000000c4300000, 0x00000000eab00000)
  object space 68608K, 24% used [0x00000000c0000000,0x00000000c10842e0,0x00000000c4300000)
 Metaspace       used 37106K, committed 37824K, reserved 1114112K
  class space    used 3765K, committed 4096K, reserved 1048576K
}
Event: 6.896 GC heap before
{Heap before GC invocations=15 (full 2):
 PSYoungGen      total 23552K, used 23520K [0x00000000eab00000, 0x00000000ec880000, 0x0000000100000000)
  eden space 22016K, 100% used [0x00000000eab00000,0x00000000ec080000,0x00000000ec080000)
  from space 1536K, 97% used [0x00000000ec600000,0x00000000ec778010,0x00000000ec780000)
  to   space 4096K, 0% used [0x00000000ec080000,0x00000000ec080000,0x00000000ec480000)
 ParOldGen       total 68608K, used 16912K [0x00000000c0000000, 0x00000000c4300000, 0x00000000eab00000)
  object space 68608K, 24% used [0x00000000c0000000,0x00000000c10842e0,0x00000000c4300000)
 Metaspace       used 37106K, committed 37824K, reserved 1114112K
  class space    used 3765K, committed 4096K, reserved 1048576K
}
Event: 6.899 GC heap after
{Heap after GC invocations=15 (full 2):
 PSYoungGen      total 24576K, used 2112K [0x00000000eab00000, 0x00000000ec680000, 0x0000000100000000)
  eden space 22016K, 0% used [0x00000000eab00000,0x00000000eab00000,0x00000000ec080000)
  from space 2560K, 82% used [0x00000000ec080000,0x00000000ec290000,0x00000000ec300000)
  to   space 3072K, 0% used [0x00000000ec380000,0x00000000ec380000,0x00000000ec680000)
 ParOldGen       total 68608K, used 18458K [0x00000000c0000000, 0x00000000c4300000, 0x00000000eab00000)
  object space 68608K, 26% used [0x00000000c0000000,0x00000000c1206950,0x00000000c4300000)
 Metaspace       used 37106K, committed 37824K, reserved 1114112K
  class space    used 3765K, committed 4096K, reserved 1048576K
}
Event: 6.924 GC heap before
{Heap before GC invocations=16 (full 2):
 PSYoungGen      total 24576K, used 24128K [0x00000000eab00000, 0x00000000ec680000, 0x0000000100000000)
  eden space 22016K, 100% used [0x00000000eab00000,0x00000000ec080000,0x00000000ec080000)
  from space 2560K, 82% used [0x00000000ec080000,0x00000000ec290000,0x00000000ec300000)
  to   space 3072K, 0% used [0x00000000ec380000,0x00000000ec380000,0x00000000ec680000)
 ParOldGen       total 68608K, used 18458K [0x00000000c0000000, 0x00000000c4300000, 0x00000000eab00000)
  object space 68608K, 26% used [0x00000000c0000000,0x00000000c1206950,0x00000000c4300000)
 Metaspace       used 37107K, committed 37824K, reserved 1114112K
  class space    used 3765K, committed 4096K, reserved 1048576K
}
Event: 6.927 GC heap after
{Heap after GC invocations=16 (full 2):
 PSYoungGen      total 24576K, used 2400K [0x00000000eab00000, 0x00000000ec600000, 0x0000000100000000)
  eden space 22016K, 0% used [0x00000000eab00000,0x00000000eab00000,0x00000000ec080000)
  from space 2560K, 93% used [0x00000000ec380000,0x00000000ec5d8010,0x00000000ec600000)
  to   space 2560K, 0% used [0x00000000ec080000,0x00000000ec080000,0x00000000ec300000)
 ParOldGen       total 68608K, used 20402K [0x00000000c0000000, 0x00000000c4300000, 0x00000000eab00000)
  object space 68608K, 29% used [0x00000000c0000000,0x00000000c13ec950,0x00000000c4300000)
 Metaspace       used 37107K, committed 37824K, reserved 1114112K
  class space    used 3765K, committed 4096K, reserved 1048576K
}
Event: 6.950 GC heap before
{Heap before GC invocations=17 (full 2):
 PSYoungGen      total 24576K, used 24416K [0x00000000eab00000, 0x00000000ec600000, 0x0000000100000000)
  eden space 22016K, 100% used [0x00000000eab00000,0x00000000ec080000,0x00000000ec080000)
  from space 2560K, 93% used [0x00000000ec380000,0x00000000ec5d8010,0x00000000ec600000)
  to   space 2560K, 0% used [0x00000000ec080000,0x00000000ec080000,0x00000000ec300000)
 ParOldGen       total 68608K, used 20402K [0x00000000c0000000, 0x00000000c4300000, 0x00000000eab00000)
  object space 68608K, 29% used [0x00000000c0000000,0x00000000c13ec950,0x00000000c4300000)
 Metaspace       used 37107K, committed 37824K, reserved 1114112K
  class space    used 3765K, committed 4096K, reserved 1048576K
}
Event: 6.953 GC heap after
{Heap after GC invocations=17 (full 2):
 PSYoungGen      total 24576K, used 2048K [0x00000000eab00000, 0x00000000ec580000, 0x0000000100000000)
  eden space 22016K, 0% used [0x00000000eab00000,0x00000000eab00000,0x00000000ec080000)
  from space 2560K, 80% used [0x00000000ec080000,0x00000000ec280000,0x00000000ec300000)
  to   space 2560K, 0% used [0x00000000ec300000,0x00000000ec300000,0x00000000ec580000)
 ParOldGen       total 68608K, used 22658K [0x00000000c0000000, 0x00000000c4300000, 0x00000000eab00000)
  object space 68608K, 33% used [0x00000000c0000000,0x00000000c1620960,0x00000000c4300000)
 Metaspace       used 37107K, committed 37824K, reserved 1114112K
  class space    used 3765K, committed 4096K, reserved 1048576K
}
Event: 7.125 GC heap before
{Heap before GC invocations=18 (full 2):
 PSYoungGen      total 24576K, used 24064K [0x00000000eab00000, 0x00000000ec580000, 0x0000000100000000)
  eden space 22016K, 100% used [0x00000000eab00000,0x00000000ec080000,0x00000000ec080000)
  from space 2560K, 80% used [0x00000000ec080000,0x00000000ec280000,0x00000000ec300000)
  to   space 2560K, 0% used [0x00000000ec300000,0x00000000ec300000,0x00000000ec580000)
 ParOldGen       total 68608K, used 22658K [0x00000000c0000000, 0x00000000c4300000, 0x00000000eab00000)
  object space 68608K, 33% used [0x00000000c0000000,0x00000000c1620960,0x00000000c4300000)
 Metaspace       used 38327K, committed 39040K, reserved 1114112K
  class space    used 3895K, committed 4224K, reserved 1048576K
}
Event: 7.127 GC heap after
{Heap after GC invocations=18 (full 2):
 PSYoungGen      total 24576K, used 2464K [0x00000000eab00000, 0x00000000ec580000, 0x0000000100000000)
  eden space 22016K, 0% used [0x00000000eab00000,0x00000000eab00000,0x00000000ec080000)
  from space 2560K, 96% used [0x00000000ec300000,0x00000000ec568000,0x00000000ec580000)
  to   space 2560K, 0% used [0x00000000ec080000,0x00000000ec080000,0x00000000ec300000)
 ParOldGen       total 68608K, used 24504K [0x00000000c0000000, 0x00000000c4300000, 0x00000000eab00000)
  object space 68608K, 35% used [0x00000000c0000000,0x00000000c17ee1e0,0x00000000c4300000)
 Metaspace       used 38327K, committed 39040K, reserved 1114112K
  class space    used 3895K, committed 4224K, reserved 1048576K
}
Event: 7.487 GC heap before
{Heap before GC invocations=19 (full 2):
 PSYoungGen      total 24576K, used 24446K [0x00000000eab00000, 0x00000000ec580000, 0x0000000100000000)
  eden space 22016K, 99% used [0x00000000eab00000,0x00000000ec077960,0x00000000ec080000)
  from space 2560K, 96% used [0x00000000ec300000,0x00000000ec568000,0x00000000ec580000)
  to   space 2560K, 0% used [0x00000000ec080000,0x00000000ec080000,0x00000000ec300000)
 ParOldGen       total 68608K, used 24504K [0x00000000c0000000, 0x00000000c4300000, 0x00000000eab00000)
  object space 68608K, 35% used [0x00000000c0000000,0x00000000c17ee1e0,0x00000000c4300000)
 Metaspace       used 40340K, committed 40960K, reserved 1114112K
  class space    used 4127K, committed 4416K, reserved 1048576K
}
Event: 7.489 GC heap after
{Heap after GC invocations=19 (full 2):
 PSYoungGen      total 23552K, used 1042K [0x00000000eab00000, 0x00000000ec480000, 0x0000000100000000)
  eden space 22016K, 0% used [0x00000000eab00000,0x00000000eab00000,0x00000000ec080000)
  from space 1536K, 67% used [0x00000000ec080000,0x00000000ec1849c0,0x00000000ec200000)
  to   space 2048K, 0% used [0x00000000ec280000,0x00000000ec280000,0x00000000ec480000)
 ParOldGen       total 68608K, used 26814K [0x00000000c0000000, 0x00000000c4300000, 0x00000000eab00000)
  object space 68608K, 39% used [0x00000000c0000000,0x00000000c1a2fbd0,0x00000000c4300000)
 Metaspace       used 40340K, committed 40960K, reserved 1114112K
  class space    used 4127K, committed 4416K, reserved 1048576K
}

Dll operation events (10 events):
Event: 0.022 Loaded shared library c:\Users\STARIM\.vscode\extensions\redhat.java-1.28.1-win32-x64\jre\17.0.10-win32-x86_64\bin\java.dll
Event: 0.262 Loaded shared library c:\Users\STARIM\.vscode\extensions\redhat.java-1.28.1-win32-x64\jre\17.0.10-win32-x86_64\bin\zip.dll
Event: 0.269 Loaded shared library C:\Users\STARIM\.vscode\extensions\redhat.java-1.28.1-win32-x64\jre\17.0.10-win32-x86_64\bin\instrument.dll
Event: 0.288 Loaded shared library C:\Users\STARIM\.vscode\extensions\redhat.java-1.28.1-win32-x64\jre\17.0.10-win32-x86_64\bin\net.dll
Event: 0.290 Loaded shared library C:\Users\STARIM\.vscode\extensions\redhat.java-1.28.1-win32-x64\jre\17.0.10-win32-x86_64\bin\nio.dll
Event: 0.300 Loaded shared library C:\Users\STARIM\.vscode\extensions\redhat.java-1.28.1-win32-x64\jre\17.0.10-win32-x86_64\bin\zip.dll
Event: 0.325 Loaded shared library C:\Users\STARIM\.vscode\extensions\redhat.java-1.28.1-win32-x64\jre\17.0.10-win32-x86_64\bin\jimage.dll
Event: 0.423 Loaded shared library c:\Users\STARIM\.vscode\extensions\redhat.java-1.28.1-win32-x64\jre\17.0.10-win32-x86_64\bin\verify.dll
Event: 3.911 Loaded shared library C:\Users\STARIM\AppData\Roaming\Code\User\globalStorage\redhat.java\1.28.1\config_ss_win\org.eclipse.equinox.launcher\org.eclipse.equinox.launcher.win32.win32.x86_64_1.2.900.v20240129-1338\eclipse_11900.dll
Event: 6.115 Loaded shared library C:\Users\STARIM\AppData\Local\Temp\jna--1839154442\jna18218402206532917354.dll

Deoptimization events (20 events):
Event: 7.022 Thread 0x000002477c3d83d0 Uncommon trap: trap_request=0xffffff45 fr.pc=0x0000024707c64a98 relative=0x0000000000000158
Event: 7.022 Thread 0x000002477c3d83d0 Uncommon trap: reason=unstable_if action=reinterpret pc=0x0000024707c64a98 method=java.util.concurrent.ConcurrentHashMap.addCount(JI)V @ 7 c2
Event: 7.022 Thread 0x000002477c3d83d0 DEOPT PACKING pc=0x0000024707c64a98 sp=0x000000b6c60fce20
Event: 7.022 Thread 0x000002477c3d83d0 DEOPT UNPACKING pc=0x00000247074a66a3 sp=0x000000b6c60fcd80 mode 2
Event: 7.398 Thread 0x000002477c3d9810 DEOPT PACKING pc=0x000002470007cc89 sp=0x000000b6c63f9260
Event: 7.398 Thread 0x000002477c3d9810 DEOPT UNPACKING pc=0x00000247074a6e43 sp=0x000000b6c63f8758 mode 0
Event: 7.399 Thread 0x000002477c3d9810 DEOPT PACKING pc=0x00000247008b8b45 sp=0x000000b6c63f9490
Event: 7.399 Thread 0x000002477c3d9810 DEOPT UNPACKING pc=0x00000247074a6e43 sp=0x000000b6c63f8940 mode 0
Event: 7.415 Thread 0x000002477c3d9810 DEOPT PACKING pc=0x00000247008b8b45 sp=0x000000b6c63f9490
Event: 7.415 Thread 0x000002477c3d9810 DEOPT UNPACKING pc=0x00000247074a6e43 sp=0x000000b6c63f8940 mode 0
Event: 7.639 Thread 0x000002477c3d9810 Uncommon trap: trap_request=0xffffff45 fr.pc=0x0000024707db1300 relative=0x0000000000000c80
Event: 7.639 Thread 0x000002477c3d9810 Uncommon trap: reason=unstable_if action=reinterpret pc=0x0000024707db1300 method=java.util.TreeMap.put(Ljava/lang/Object;Ljava/lang/Object;Z)Ljava/lang/Object; @ 27 c2
Event: 7.639 Thread 0x000002477c3d9810 DEOPT PACKING pc=0x0000024707db1300 sp=0x000000b6c63fd740
Event: 7.639 Thread 0x000002477c3d9810 DEOPT UNPACKING pc=0x00000247074a66a3 sp=0x000000b6c63fd688 mode 2
Event: 7.639 Thread 0x000002477c3d9810 Uncommon trap: trap_request=0xffffff45 fr.pc=0x0000024707daf868 relative=0x0000000000000ce8
Event: 7.639 Thread 0x000002477c3d9810 Uncommon trap: reason=unstable_if action=reinterpret pc=0x0000024707daf868 method=java.util.TreeMap.put(Ljava/lang/Object;Ljava/lang/Object;Z)Ljava/lang/Object; @ 27 c2
Event: 7.639 Thread 0x000002477c3d9810 DEOPT PACKING pc=0x0000024707daf868 sp=0x000000b6c63fd6d0
Event: 7.639 Thread 0x000002477c3d9810 DEOPT UNPACKING pc=0x00000247074a66a3 sp=0x000000b6c63fd690 mode 2
Event: 7.649 Thread 0x000002477c3d9300 DEOPT PACKING pc=0x0000024700209f13 sp=0x000000b6c62f8be0
Event: 7.649 Thread 0x000002477c3d9300 DEOPT UNPACKING pc=0x00000247074a6e43 sp=0x000000b6c62f8118 mode 0

Classes unloaded (7 events):
Event: 4.584 Thread 0x000002476d5debf0 Unloading class 0x000000010021a400 'java/lang/invoke/LambdaForm$MH+0x000000010021a400'
Event: 4.584 Thread 0x000002476d5debf0 Unloading class 0x000000010021a000 'java/lang/invoke/LambdaForm$MH+0x000000010021a000'
Event: 4.584 Thread 0x000002476d5debf0 Unloading class 0x0000000100219c00 'java/lang/invoke/LambdaForm$MH+0x0000000100219c00'
Event: 4.584 Thread 0x000002476d5debf0 Unloading class 0x0000000100219800 'java/lang/invoke/LambdaForm$MH+0x0000000100219800'
Event: 4.584 Thread 0x000002476d5debf0 Unloading class 0x0000000100219400 'java/lang/invoke/LambdaForm$BMH+0x0000000100219400'
Event: 4.584 Thread 0x000002476d5debf0 Unloading class 0x0000000100219000 'java/lang/invoke/LambdaForm$DMH+0x0000000100219000'
Event: 4.584 Thread 0x000002476d5debf0 Unloading class 0x0000000100214400 'java/lang/invoke/LambdaForm$DMH+0x0000000100214400'

Classes redefined (0 events):
No events

Internal exceptions (20 events):
Event: 6.248 Thread 0x000002476f793700 Exception <a 'java/lang/NoSuchMethodError'{0x00000000eb5ea968}: 'void java.lang.invoke.DirectMethodHandle$Holder.invokeStatic(java.lang.Object, java.lang.Object, java.lang.Object, java.lang.Object)'> (0x00000000eb5ea968) 
thrown [s\src\hotspot\share\interpreter\linkResolver.cpp, line 759]
Event: 6.407 Thread 0x000002476f793700 Exception <a 'java/lang/NoSuchMethodError'{0x00000000ebe3f4c8}: 'void java.lang.invoke.DirectMethodHandle$Holder.invokeSpecial(java.lang.Object, java.lang.Object, java.lang.Object, java.lang.Object, java.lang.Object, java.lang.Object)'> (0x00000000ebe3f4c8) 
thrown [s\src\hotspot\share\interpreter\linkResolver.cpp, line 759]
Event: 6.410 Thread 0x000002476f793700 Exception <a 'java/lang/IncompatibleClassChangeError'{0x00000000ebe48fd0}: Found class java.lang.Object, but interface was expected> (0x00000000ebe48fd0) 
thrown [s\src\hotspot\share\interpreter\linkResolver.cpp, line 826]
Event: 6.544 Thread 0x000002477c3d83d0 Exception <a 'java/io/FileNotFoundException'{0x00000000ead0ddf0}> (0x00000000ead0ddf0) 
thrown [s\src\hotspot\share\prims\jni.cpp, line 516]
Event: 6.586 Thread 0x000002477c3d83d0 Exception <a 'sun/nio/fs/WindowsException'{0x00000000eab5a238}> (0x00000000eab5a238) 
thrown [s\src\hotspot\share\prims\jni.cpp, line 516]
Event: 6.591 Thread 0x000002477c3d6570 Exception <a 'java/io/FileNotFoundException'{0x00000000eab90f48}> (0x00000000eab90f48) 
thrown [s\src\hotspot\share\prims\jni.cpp, line 516]
Event: 6.591 Thread 0x000002477c3d6570 Exception <a 'java/io/FileNotFoundException'{0x00000000eab91f48}> (0x00000000eab91f48) 
thrown [s\src\hotspot\share\prims\jni.cpp, line 516]
Event: 6.591 Thread 0x000002477c3d6570 Exception <a 'java/io/FileNotFoundException'{0x00000000eab92cb8}> (0x00000000eab92cb8) 
thrown [s\src\hotspot\share\prims\jni.cpp, line 516]
Event: 6.645 Thread 0x000002477c3d79b0 Exception <a 'java/lang/NoSuchMethodError'{0x00000000eafcff20}: 'java.lang.Object java.lang.invoke.Invokers$Holder.invoke_MT(java.lang.Object, java.lang.Object, java.lang.Object)'> (0x00000000eafcff20) 
thrown [s\src\hotspot\share\interpreter\linkResolver.cpp, line 759]
Event: 6.648 Thread 0x000002477c3d83d0 Exception <a 'java/lang/NoSuchMethodError'{0x00000000eb013e60}: 'int java.lang.invoke.DirectMethodHandle$Holder.invokeVirtual(java.lang.Object, java.lang.Object)'> (0x00000000eb013e60) 
thrown [s\src\hotspot\share\interpreter\linkResolver.cpp, line 759]
Event: 6.778 Thread 0x000002477c3d79b0 Exception <a 'java/io/FileNotFoundException'{0x00000000eb1c78c0}> (0x00000000eb1c78c0) 
thrown [s\src\hotspot\share\prims\jni.cpp, line 516]
Event: 6.778 Thread 0x000002477c3d79b0 Exception <a 'java/io/FileNotFoundException'{0x00000000eb1c8e00}> (0x00000000eb1c8e00) 
thrown [s\src\hotspot\share\prims\jni.cpp, line 516]
Event: 6.779 Thread 0x000002477c3d79b0 Exception <a 'java/lang/NoSuchMethodError'{0x00000000eb1da650}: 'void java.lang.invoke.DirectMethodHandle$Holder.invokeStaticInit(java.lang.Object, java.lang.Object, java.lang.Object)'> (0x00000000eb1da650) 
thrown [s\src\hotspot\share\interpreter\linkResolver.cpp, line 759]
Event: 7.016 Thread 0x000002477c3d83d0 Exception <a 'java/lang/NoSuchMethodError'{0x00000000eb6f39c0}: 'java.lang.Object java.lang.invoke.DirectMethodHandle$Holder.invokeInterface(java.lang.Object, java.lang.Object, java.lang.Object)'> (0x00000000eb6f39c0) 
thrown [s\src\hotspot\share\interpreter\linkResolver.cpp, line 759]
Event: 7.016 Thread 0x000002477c3d9810 Exception <a 'java/lang/NoSuchMethodError'{0x00000000eb66bc18}: 'java.lang.Object java.lang.invoke.DirectMethodHandle$Holder.invokeInterface(java.lang.Object, java.lang.Object, java.lang.Object)'> (0x00000000eb66bc18) 
thrown [s\src\hotspot\share\interpreter\linkResolver.cpp, line 759]
Event: 7.016 Thread 0x000002477c3d9300 Exception <a 'java/lang/NoSuchMethodError'{0x00000000eb6d0880}: 'java.lang.Object java.lang.invoke.DirectMethodHandle$Holder.invokeInterface(java.lang.Object, java.lang.Object, java.lang.Object)'> (0x00000000eb6d0880) 
thrown [s\src\hotspot\share\interpreter\linkResolver.cpp, line 759]
Event: 7.299 Thread 0x000002477c3d83d0 Exception <a 'java/lang/LinkageError'{0x00000000eb37a1e0}: loader lombok.launch.ShadowClassLoader @4a98efe9 attempted duplicate class definition for lombok.launch.PatchFixesHider$Transform. (lombok.launch.PatchFixesHider$Transform is in unnamed module of loader lombok.launch.ShadowClassLoader @4a98efe9, parent loader org.eclipse.osgi.internal.loader.EquinoxClassLoader @2ae4eb2e)> (0x00000000eb37a1e0) 
thrown [s\src\hotspot\share\classfile\systemDictionary.cpp, line 1724]
Event: 7.299 Thread 0x000002477c3d9300 Exception <a 'java/lang/LinkageError'{0x00000000eb3c0f50}: loader lombok.launch.ShadowClassLoader @4a98efe9 attempted duplicate class definition for lombok.launch.PatchFixesHider$Transform. (lombok.launch.PatchFixesHider$Transform is in unnamed module of loader lombok.launch.ShadowClassLoader @4a98efe9, parent loader org.eclipse.osgi.internal.loader.EquinoxClassLoader @2ae4eb2e)> (0x00000000eb3c0f50) 
thrown [s\src\hotspot\share\classfile\systemDictionary.cpp, line 1724]
Event: 7.639 Thread 0x000002477c3d9810 Implicit null exception at 0x0000024707db06cb to 0x0000024707db12e8
Event: 7.639 Thread 0x000002477c3d9810 Implicit null exception at 0x0000024707daebcf to 0x0000024707daf850

VM Operations (20 events):
Event: 6.758 Executing VM operation: ParallelGCFailedAllocation
Event: 6.760 Executing VM operation: ParallelGCFailedAllocation done
Event: 6.826 Executing VM operation: ParallelGCFailedAllocation
Event: 6.828 Executing VM operation: ParallelGCFailedAllocation done
Event: 6.871 Executing VM operation: ParallelGCFailedAllocation
Event: 6.874 Executing VM operation: ParallelGCFailedAllocation done
Event: 6.896 Executing VM operation: ParallelGCFailedAllocation
Event: 6.899 Executing VM operation: ParallelGCFailedAllocation done
Event: 6.923 Executing VM operation: ParallelGCFailedAllocation
Event: 6.927 Executing VM operation: ParallelGCFailedAllocation done
Event: 6.950 Executing VM operation: ParallelGCFailedAllocation
Event: 6.953 Executing VM operation: ParallelGCFailedAllocation done
Event: 7.050 Executing VM operation: HandshakeAllThreads
Event: 7.050 Executing VM operation: HandshakeAllThreads done
Event: 7.124 Executing VM operation: ParallelGCFailedAllocation
Event: 7.127 Executing VM operation: ParallelGCFailedAllocation done
Event: 7.220 Executing VM operation: HandshakeAllThreads
Event: 7.220 Executing VM operation: HandshakeAllThreads done
Event: 7.487 Executing VM operation: ParallelGCFailedAllocation
Event: 7.489 Executing VM operation: ParallelGCFailedAllocation done

Events (20 events):
Event: 7.006 loading class java/util/concurrent/CompletableFuture$UniExceptionally done
Event: 7.007 Thread 0x000002477c3d9810 Thread added: 0x000002477c3d9810
Event: 7.008 loading class jdk/internal/reflect/UnsafeIntegerFieldAccessorImpl
Event: 7.008 loading class jdk/internal/reflect/UnsafeIntegerFieldAccessorImpl done
Event: 7.025 loading class java/util/concurrent/locks/ReentrantReadWriteLock$Sync$HoldCounter
Event: 7.025 loading class java/util/concurrent/locks/ReentrantReadWriteLock$Sync$HoldCounter done
Event: 7.042 loading class sun/nio/cs/ThreadLocalCoders
Event: 7.042 loading class sun/nio/cs/ThreadLocalCoders done
Event: 7.043 loading class sun/nio/cs/ThreadLocalCoders$1
Event: 7.043 loading class sun/nio/cs/ThreadLocalCoders$Cache
Event: 7.043 loading class sun/nio/cs/ThreadLocalCoders$Cache done
Event: 7.043 loading class sun/nio/cs/ThreadLocalCoders$1 done
Event: 7.043 loading class sun/nio/cs/ThreadLocalCoders$2
Event: 7.043 loading class sun/nio/cs/ThreadLocalCoders$2 done
Event: 7.087 loading class java/lang/ExceptionInInitializerError
Event: 7.087 loading class java/lang/ExceptionInInitializerError done
Event: 7.455 loading class java/util/Vector$1
Event: 7.455 loading class java/util/Vector$1 done
Event: 7.639 loading class java/util/Collections$UnmodifiableSortedSet
Event: 7.639 loading class java/util/Collections$UnmodifiableSortedSet done


Dynamic libraries:
0x00007ff628750000 - 0x00007ff62875e000 	c:\Users\STARIM\.vscode\extensions\redhat.java-1.28.1-win32-x64\jre\17.0.10-win32-x86_64\bin\java.exe
0x00007ffe2c2b0000 - 0x00007ffe2c4c6000 	C:\WINDOWS\SYSTEM32\ntdll.dll
0x00007ffe2b740000 - 0x00007ffe2b804000 	C:\WINDOWS\System32\KERNEL32.DLL
0x00007ffe29920000 - 0x00007ffe29cc6000 	C:\WINDOWS\System32\KERNELBASE.dll
0x00007ffe29800000 - 0x00007ffe29911000 	C:\WINDOWS\System32\ucrtbase.dll
0x00007ffe1e1c0000 - 0x00007ffe1e1d7000 	c:\Users\STARIM\.vscode\extensions\redhat.java-1.28.1-win32-x64\jre\17.0.10-win32-x86_64\bin\jli.dll
0x00007ffe17ea0000 - 0x00007ffe17ebb000 	c:\Users\STARIM\.vscode\extensions\redhat.java-1.28.1-win32-x64\jre\17.0.10-win32-x86_64\bin\VCRUNTIME140.dll
0x00007ffe2b9f0000 - 0x00007ffe2bb9d000 	C:\WINDOWS\System32\USER32.dll
0x00007ffe20600000 - 0x00007ffe20893000 	C:\WINDOWS\WinSxS\amd64_microsoft.windows.common-controls_6595b64144ccf1df_6.0.22621.3235_none_270f74e173860f98\COMCTL32.dll
0x00007ffe2a1d0000 - 0x00007ffe2a277000 	C:\WINDOWS\System32\msvcrt.dll
0x00007ffe29fd0000 - 0x00007ffe29ff6000 	C:\WINDOWS\System32\win32u.dll
0x00007ffe2a8a0000 - 0x00007ffe2a8c9000 	C:\WINDOWS\System32\GDI32.dll
0x00007ffe29eb0000 - 0x00007ffe29fc8000 	C:\WINDOWS\System32\gdi32full.dll
0x00007ffe29760000 - 0x00007ffe297fa000 	C:\WINDOWS\System32\msvcp_win.dll
0x00007ffe2c0b0000 - 0x00007ffe2c0e1000 	C:\WINDOWS\System32\IMM32.DLL
0x00007ffe1e1b0000 - 0x00007ffe1e1bc000 	c:\Users\STARIM\.vscode\extensions\redhat.java-1.28.1-win32-x64\jre\17.0.10-win32-x86_64\bin\vcruntime140_1.dll
0x00007ffe10b00000 - 0x00007ffe10b8d000 	c:\Users\STARIM\.vscode\extensions\redhat.java-1.28.1-win32-x64\jre\17.0.10-win32-x86_64\bin\msvcp140.dll
0x00007ffd9cf90000 - 0x00007ffd9dbf2000 	c:\Users\STARIM\.vscode\extensions\redhat.java-1.28.1-win32-x64\jre\17.0.10-win32-x86_64\bin\server\jvm.dll
0x00007ffe2b930000 - 0x00007ffe2b9e2000 	C:\WINDOWS\System32\ADVAPI32.dll
0x00007ffe2a290000 - 0x00007ffe2a338000 	C:\WINDOWS\System32\sechost.dll
0x00007ffe296b0000 - 0x00007ffe296d8000 	C:\WINDOWS\System32\bcrypt.dll
0x00007ffe2b810000 - 0x00007ffe2b925000 	C:\WINDOWS\System32\RPCRT4.dll
0x00007ffe28460000 - 0x00007ffe284ad000 	C:\WINDOWS\SYSTEM32\POWRPROF.dll
0x00007ffe1dea0000 - 0x00007ffe1dea9000 	C:\WINDOWS\SYSTEM32\WSOCK32.dll
0x00007ffe2bc50000 - 0x00007ffe2bcc1000 	C:\WINDOWS\System32\WS2_32.dll
0x00007ffe20080000 - 0x00007ffe200b4000 	C:\WINDOWS\SYSTEM32\WINMM.dll
0x00007ffe20130000 - 0x00007ffe2013a000 	C:\WINDOWS\SYSTEM32\VERSION.dll
0x00007ffe28430000 - 0x00007ffe28443000 	C:\WINDOWS\SYSTEM32\UMPDC.dll
0x00007ffe28700000 - 0x00007ffe28718000 	C:\WINDOWS\SYSTEM32\kernel.appcore.dll
0x00007ffe1dd80000 - 0x00007ffe1dd8a000 	c:\Users\STARIM\.vscode\extensions\redhat.java-1.28.1-win32-x64\jre\17.0.10-win32-x86_64\bin\jimage.dll
0x00007ffe26f40000 - 0x00007ffe27173000 	C:\WINDOWS\SYSTEM32\DBGHELP.DLL
0x00007ffe2b2f0000 - 0x00007ffe2b678000 	C:\WINDOWS\System32\combase.dll
0x00007ffe2a340000 - 0x00007ffe2a417000 	C:\WINDOWS\System32\OLEAUT32.dll
0x00007ffe1df80000 - 0x00007ffe1dfb2000 	C:\WINDOWS\SYSTEM32\dbgcore.DLL
0x00007ffe296e0000 - 0x00007ffe2975a000 	C:\WINDOWS\System32\bcryptPrimitives.dll
0x00007ffe1dc20000 - 0x00007ffe1dc2e000 	c:\Users\STARIM\.vscode\extensions\redhat.java-1.28.1-win32-x64\jre\17.0.10-win32-x86_64\bin\instrument.dll
0x00007ffe15d90000 - 0x00007ffe15db5000 	c:\Users\STARIM\.vscode\extensions\redhat.java-1.28.1-win32-x64\jre\17.0.10-win32-x86_64\bin\java.dll
0x00007ffe16280000 - 0x00007ffe16298000 	c:\Users\STARIM\.vscode\extensions\redhat.java-1.28.1-win32-x64\jre\17.0.10-win32-x86_64\bin\zip.dll
0x00007ffe2aa60000 - 0x00007ffe2b2bc000 	C:\WINDOWS\System32\SHELL32.dll
0x00007ffe27510000 - 0x00007ffe27e08000 	C:\WINDOWS\SYSTEM32\windows.storage.dll
0x00007ffe273d0000 - 0x00007ffe2750e000 	C:\WINDOWS\SYSTEM32\wintypes.dll
0x00007ffe2a8d0000 - 0x00007ffe2a9c3000 	C:\WINDOWS\System32\SHCORE.dll
0x00007ffe2be70000 - 0x00007ffe2bece000 	C:\WINDOWS\System32\shlwapi.dll
0x00007ffe29520000 - 0x00007ffe29546000 	C:\WINDOWS\SYSTEM32\profapi.dll
0x00007ffe13f10000 - 0x00007ffe13f29000 	C:\Users\STARIM\.vscode\extensions\redhat.java-1.28.1-win32-x64\jre\17.0.10-win32-x86_64\bin\net.dll
0x00007ffe23460000 - 0x00007ffe23597000 	C:\WINDOWS\SYSTEM32\WINHTTP.dll
0x00007ffe28ba0000 - 0x00007ffe28c09000 	C:\WINDOWS\system32\mswsock.dll
0x00007ffe10c20000 - 0x00007ffe10c36000 	C:\Users\STARIM\.vscode\extensions\redhat.java-1.28.1-win32-x64\jre\17.0.10-win32-x86_64\bin\nio.dll
0x00007ffe1dbb0000 - 0x00007ffe1dbc0000 	c:\Users\STARIM\.vscode\extensions\redhat.java-1.28.1-win32-x64\jre\17.0.10-win32-x86_64\bin\verify.dll
0x00007ffe10810000 - 0x00007ffe1084e000 	C:\Users\STARIM\AppData\Roaming\Code\User\globalStorage\redhat.java\1.28.1\config_ss_win\org.eclipse.equinox.launcher\org.eclipse.equinox.launcher.win32.win32.x86_64_1.2.900.v20240129-1338\eclipse_11900.dll
0x00007ffe2bcd0000 - 0x00007ffe2be6f000 	C:\WINDOWS\System32\ole32.dll
0x00007ffe28e00000 - 0x00007ffe28e1b000 	C:\WINDOWS\SYSTEM32\CRYPTSP.dll
0x00007ffe28660000 - 0x00007ffe28695000 	C:\WINDOWS\system32\rsaenh.dll
0x00007ffe28c90000 - 0x00007ffe28cbc000 	C:\WINDOWS\SYSTEM32\USERENV.dll
0x00007ffe28df0000 - 0x00007ffe28dfc000 	C:\WINDOWS\SYSTEM32\CRYPTBASE.dll
0x00007ffe280e0000 - 0x00007ffe2810d000 	C:\WINDOWS\SYSTEM32\IPHLPAPI.DLL
0x00007ffe2b6e0000 - 0x00007ffe2b6e9000 	C:\WINDOWS\System32\NSI.dll
0x00007ffe22f60000 - 0x00007ffe22f79000 	C:\WINDOWS\SYSTEM32\dhcpcsvc6.DLL
0x00007ffe22e70000 - 0x00007ffe22e8f000 	C:\WINDOWS\SYSTEM32\dhcpcsvc.DLL
0x00007ffe28150000 - 0x00007ffe28249000 	C:\WINDOWS\SYSTEM32\DNSAPI.dll
0x00007ffdea170000 - 0x00007ffdea1b5000 	C:\Users\STARIM\AppData\Local\Temp\jna--1839154442\jna18218402206532917354.dll
0x00007ffe2a280000 - 0x00007ffe2a288000 	C:\WINDOWS\System32\PSAPI.DLL

dbghelp: loaded successfully - version: 4.0.5 - missing functions: none
symbol engine: initialized successfully - sym options: 0x614 - pdb path: .;c:\Users\STARIM\.vscode\extensions\redhat.java-1.28.1-win32-x64\jre\17.0.10-win32-x86_64\bin;C:\WINDOWS\SYSTEM32;C:\WINDOWS\WinSxS\amd64_microsoft.windows.common-controls_6595b64144ccf1df_6.0.22621.3235_none_270f74e173860f98;c:\Users\STARIM\.vscode\extensions\redhat.java-1.28.1-win32-x64\jre\17.0.10-win32-x86_64\bin\server;C:\Users\STARIM\AppData\Roaming\Code\User\globalStorage\redhat.java\1.28.1\config_ss_win\org.eclipse.equinox.launcher\org.eclipse.equinox.launcher.win32.win32.x86_64_1.2.900.v20240129-1338;C:\Users\STARIM\AppData\Local\Temp\jna--1839154442

VM Arguments:
jvm_args: --add-modules=ALL-SYSTEM --add-opens=java.base/java.util=ALL-UNNAMED --add-opens=java.base/java.lang=ALL-UNNAMED --add-opens=java.base/sun.nio.fs=ALL-UNNAMED -Declipse.application=org.eclipse.jdt.ls.core.id1 -Dosgi.bundles.defaultStartLevel=4 -Declipse.product=org.eclipse.jdt.ls.core.product -Djava.import.generatesMetadataFilesAtProjectRoot=false -DDetectVMInstallationsJob.disabled=true -Dfile.encoding=utf8 -XX:+UseParallelGC -XX:GCTimeRatio=4 -XX:AdaptiveSizePolicyWeight=90 -Dsun.zip.disableMemoryMapping=true -Xmx1G -Xms100m -Xlog:disable -javaagent:c:\Users\STARIM\.vscode\extensions\redhat.java-1.28.1-win32-x64\lombok\lombok-1.18.31.jar 
java_command: c:\Users\STARIM\.vscode\extensions\redhat.java-1.28.1-win32-x64\server\plugins\org.eclipse.equinox.launcher_1.6.700.v20231214-2017.jar -configuration c:\Users\STARIM\AppData\Roaming\Code\User\globalStorage\redhat.java\1.28.1\config_ss_win -data c:\Users\STARIM\AppData\Roaming\Code\User\workspaceStorage\acb77b6dbbcca2f86ee7bb19ff107631\redhat.java\ss_ws --stdio
java_class_path (initial): c:\Users\STARIM\.vscode\extensions\redhat.java-1.28.1-win32-x64\server\plugins\org.eclipse.equinox.launcher_1.6.700.v20231214-2017.jar
Launcher Type: SUN_STANDARD

[Global flags]
    uintx AdaptiveSizePolicyWeight                 = 90                                        {product} {command line}
     intx CICompilerCount                          = 12                                        {product} {ergonomic}
    uintx GCTimeRatio                              = 4                                         {product} {command line}
   size_t InitialHeapSize                          = 104857600                                 {product} {command line}
   size_t MaxHeapSize                              = 1073741824                                {product} {command line}
   size_t MaxNewSize                               = 357564416                                 {product} {ergonomic}
   size_t MinHeapDeltaBytes                        = 524288                                    {product} {ergonomic}
   size_t MinHeapSize                              = 104857600                                 {product} {command line}
   size_t NewSize                                  = 34603008                                  {product} {ergonomic}
    uintx NonNMethodCodeHeapSize                   = 7602480                                {pd product} {ergonomic}
    uintx NonProfiledCodeHeapSize                  = 122027880                              {pd product} {ergonomic}
   size_t OldSize                                  = 70254592                                  {product} {ergonomic}
    uintx ProfiledCodeHeapSize                     = 122027880                              {pd product} {ergonomic}
    uintx ReservedCodeCacheSize                    = 251658240                              {pd product} {ergonomic}
     bool SegmentedCodeCache                       = true                                      {product} {ergonomic}
   size_t SoftMaxHeapSize                          = 1073741824                             {manageable} {ergonomic}
     bool UseCompressedClassPointers               = true                           {product lp64_product} {ergonomic}
     bool UseCompressedOops                        = true                           {product lp64_product} {ergonomic}
     bool UseLargePagesIndividualAllocation        = false                                  {pd product} {ergonomic}
     bool UseParallelGC                            = true                                      {product} {command line}

Logging:
Log output configuration:
 #0: stdout all=off uptime,level,tags
 #1: stderr all=off uptime,level,tags

Environment Variables:
PATH=C:\Program Files\Common Files\Oracle\Java\javapath;C:\Windows\system32;C:\Windows;C:\Windows\System32\Wbem;C:\Windows\System32\WindowsPowerShell\v1.0\;C:\Windows\System32\OpenSSH\;C:\Program Files (x86)\NVIDIA Corporation\PhysX\Common;C:\Program Files\dotnet\;C:\Program Files\Microsoft SQL Server\Client SDK\ODBC\170\Tools\Binn\;C:\Program Files (x86)\Microsoft SQL Server\150\Tools\Binn\;C:\Program Files\Microsoft SQL Server\150\Tools\Binn\;C:\Program Files\Microsoft SQL Server\150\DTS\Binn\;C:\WINDOWS\system32;C:\WINDOWS;C:\WINDOWS\System32\Wbem;C:\WINDOWS\System32\WindowsPowerShell\v1.0\;C:\WINDOWS\System32\OpenSSH\;C:\Users\STARIM\Downloads\apache-maven-3.9.5-bin\apache-maven-3.9.5\bin;C:\Program Files\Java\jdk-21;C:\Program Files\Git\cmd;C:\Users\STARIM\AppData\Roaming\nvm;C:\Program Files\nodejs;C:\Users\STARIM\AppData\Local\Microsoft\WindowsApps;C:\Users\STARIM\.dotnet\tools;C:\Users\STARIM\AppData\Local\Programs\Microsoft VS Code\bin;C:\Users\STARIM\AppData\Local\Programs\mongosh\;C:\Program Files\JetBrains\IntelliJ IDEA Community Edition 2023.2.5\bin;;C:\Users\STARIM\AppData\Roaming\npm;C:\Users\STARIM\AppData\Roaming\nvm;C:\Program Files\nodejs
USERNAME=STARIM
OS=Windows_NT
PROCESSOR_IDENTIFIER=AMD64 Family 23 Model 96 Stepping 1, AuthenticAMD
TMP=C:\Users\STARIM\AppData\Local\Temp
TEMP=C:\Users\STARIM\AppData\Local\Temp



Periodic native trim disabled


---------------  S Y S T E M  ---------------

OS:
 Windows 11 , 64 bit Build 22621 (10.0.22621.3235)
OS uptime: 0 days 12:28 hours
Hyper-V role detected

CPU: total 16 (initial active 16) (16 cores per cpu, 2 threads per core) family 23 model 96 stepping 1 microcode 0x0, cx8, cmov, fxsr, ht, mmx, 3dnowpref, sse, sse2, sse3, ssse3, sse4a, sse4.1, sse4.2, popcnt, lzcnt, tsc, tscinvbit, avx, avx2, aes, clmul, bmi1, bmi2, adx, sha, fma, vzeroupper, clflush, clflushopt, hv
Processor Information for all 16 processors :
  Max Mhz: 2901, Current Mhz: 2901, Mhz Limit: 2901

Memory: 4k page, system-wide physical 7599M (353M free)
TotalPageFile size 15763M (AvailPageFile size 5M)
current process WorkingSet (physical memory assigned to process): 177M, peak: 178M
current process commit charge ("private bytes"): 276M, peak: 277M

vm_info: OpenJDK 64-Bit Server VM (17.0.10+7) for windows-amd64 JRE (17.0.10+7), built on Jan 16 2024 23:25:11 by "admin" with MS VC++ 16.10 / 16.11 (VS2019)

END.
