#
# There is insufficient memory for the Java Runtime Environment to continue.
# Native memory allocation (malloc) failed to allocate 274016 bytes for Chunk::new
# Possible reasons:
#   The system is out of physical RAM or swap space
#   The process is running with CompressedOops enabled, and the Java Heap may be blocking the growth of the native heap
# Possible solutions:
#   Reduce memory load on the system
#   Increase physical memory or swap space
#   Check if swap backing store is full
#   Decrease Java heap size (-Xmx/-Xms)
#   Decrease number of Java threads
#   Decrease Java thread stack sizes (-Xss)
#   Set larger code cache with -XX:ReservedCodeCacheSize=
#   JVM is running with Unscaled Compressed Oops mode in which the Java heap is
#     placed in the first 4GB address space. The Java Heap base address is the
#     maximum limit for the native heap growth. Please use -XX:HeapBaseMinAddress
#     to set the Java Heap base and to place the Java Heap above 4GB virtual address.
# This output file may be truncated or incomplete.
#
#  Out of Memory Error (arena.cpp:191), pid=20488, tid=10884
#
# JRE version: OpenJDK Runtime Environment Temurin-17.0.10+7 (17.0.10+7) (build 17.0.10+7)
# Java VM: OpenJDK 64-Bit Server VM Temurin-17.0.10+7 (17.0.10+7, mixed mode, tiered, compressed oops, compressed class ptrs, parallel gc, windows-amd64)
# No core dump will be written. Minidumps are not enabled by default on client versions of Windows
#

---------------  S U M M A R Y ------------

Command Line: --add-modules=ALL-SYSTEM --add-opens=java.base/java.util=ALL-UNNAMED --add-opens=java.base/java.lang=ALL-UNNAMED --add-opens=java.base/sun.nio.fs=ALL-UNNAMED -Declipse.application=org.eclipse.jdt.ls.core.id1 -Dosgi.bundles.defaultStartLevel=4 -Declipse.product=org.eclipse.jdt.ls.core.product -Djava.import.generatesMetadataFilesAtProjectRoot=false -DDetectVMInstallationsJob.disabled=true -Dfile.encoding=utf8 -XX:+UseParallelGC -XX:GCTimeRatio=4 -XX:AdaptiveSizePolicyWeight=90 -Dsun.zip.disableMemoryMapping=true -Xmx1G -Xms100m -Xlog:disable -javaagent:c:\Users\STARIM\.vscode\extensions\redhat.java-1.28.1-win32-x64\lombok\lombok-1.18.31.jar c:\Users\STARIM\.vscode\extensions\redhat.java-1.28.1-win32-x64\server\plugins\org.eclipse.equinox.launcher_1.6.700.v20231214-2017.jar -configuration c:\Users\STARIM\AppData\Roaming\Code\User\globalStorage\redhat.java\1.28.1\config_ss_win -data c:\Users\STARIM\AppData\Roaming\Code\User\workspaceStorage\acb77b6dbbcca2f86ee7bb19ff107631\redhat.java\ss_ws --stdio

Host: AMD Ryzen 7 4800H with Radeon Graphics         , 16 cores, 7G,  Windows 11 , 64 bit Build 22621 (10.0.22621.3235)
Time: Mon Mar 18 16:39:15 2024 India Standard Time elapsed time: 0.675485 seconds (0d 0h 0m 0s)

---------------  T H R E A D  ---------------

Current thread (0x00000204fd6e0fa0):  JavaThread "C2 CompilerThread1" daemon [_thread_in_native, id=10884, stack(0x00000093dea00000,0x00000093deb00000)]


Current CompileTask:
C2:    675 1117       4       java.io.DataInputStream::readUTF (501 bytes)

Stack: [0x00000093dea00000,0x00000093deb00000]
Native frames: (J=compiled Java code, j=interpreted, Vv=VM code, C=native code)
V  [jvm.dll+0x67d2c9]
V  [jvm.dll+0x834afa]
V  [jvm.dll+0x8365be]
V  [jvm.dll+0x836c23]
V  [jvm.dll+0x2477ff]
V  [jvm.dll+0xac514]
V  [jvm.dll+0xacb5c]
V  [jvm.dll+0x2aed1f]
V  [jvm.dll+0x584b67]
V  [jvm.dll+0x2228a2]
V  [jvm.dll+0x222c8f]
V  [jvm.dll+0x21bdb6]
V  [jvm.dll+0x219201]
V  [jvm.dll+0x1a502d]
V  [jvm.dll+0x2290de]
V  [jvm.dll+0x2272ac]
V  [jvm.dll+0x7e9bb7]
V  [jvm.dll+0x7e3fba]
V  [jvm.dll+0x67c1b5]
C  [ucrtbase.dll+0x29363]
C  [KERNEL32.DLL+0x1257d]
C  [ntdll.dll+0x5aa58]


---------------  P R O C E S S  ---------------

Threads class SMR info:
_java_thread_list=0x00000204ff71ecb0, length=16, elements={
0x00000204f75f08b0, 0x00000204fc47a020, 0x00000204fc47d560, 0x00000204fd58cf10,
0x00000204fd58dca0, 0x00000204fd5905e0, 0x00000204fd594130, 0x00000204fd595d20,
0x00000204fd59c390, 0x00000204fd59da50, 0x00000204fd603f10, 0x00000204f765c7a0,
0x00000204fd6e0fa0, 0x00000204fd853370, 0x00000204fd853890, 0x00000204ff7be5b0
}

Java Threads: ( => current thread )
  0x00000204f75f08b0 JavaThread "main" [_thread_in_Java, id=15040, stack(0x00000093ddc00000,0x00000093ddd00000)]
  0x00000204fc47a020 JavaThread "Reference Handler" daemon [_thread_blocked, id=6584, stack(0x00000093ddf00000,0x00000093de000000)]
  0x00000204fc47d560 JavaThread "Finalizer" daemon [_thread_blocked, id=15772, stack(0x00000093de000000,0x00000093de100000)]
  0x00000204fd58cf10 JavaThread "Signal Dispatcher" daemon [_thread_blocked, id=4952, stack(0x00000093de100000,0x00000093de200000)]
  0x00000204fd58dca0 JavaThread "Attach Listener" daemon [_thread_blocked, id=27104, stack(0x00000093de200000,0x00000093de300000)]
  0x00000204fd5905e0 JavaThread "Service Thread" daemon [_thread_blocked, id=21572, stack(0x00000093de300000,0x00000093de400000)]
  0x00000204fd594130 JavaThread "Monitor Deflation Thread" daemon [_thread_blocked, id=9636, stack(0x00000093de400000,0x00000093de500000)]
  0x00000204fd595d20 JavaThread "C2 CompilerThread0" daemon [_thread_in_native, id=22968, stack(0x00000093de500000,0x00000093de600000)]
  0x00000204fd59c390 JavaThread "C1 CompilerThread0" daemon [_thread_blocked, id=22872, stack(0x00000093de600000,0x00000093de700000)]
  0x00000204fd59da50 JavaThread "Sweeper thread" daemon [_thread_blocked, id=26424, stack(0x00000093de700000,0x00000093de800000)]
  0x00000204fd603f10 JavaThread "Common-Cleaner" daemon [_thread_blocked, id=11252, stack(0x00000093de800000,0x00000093de900000)]
  0x00000204f765c7a0 JavaThread "C1 CompilerThread1" daemon [_thread_in_native, id=25948, stack(0x00000093de900000,0x00000093dea00000)]
=>0x00000204fd6e0fa0 JavaThread "C2 CompilerThread1" daemon [_thread_in_native, id=10884, stack(0x00000093dea00000,0x00000093deb00000)]
  0x00000204fd853370 JavaThread "C1 CompilerThread2" daemon [_thread_blocked, id=10196, stack(0x00000093deb00000,0x00000093dec00000)]
  0x00000204fd853890 JavaThread "C1 CompilerThread3" daemon [_thread_in_native, id=23676, stack(0x00000093dec00000,0x00000093ded00000)]
  0x00000204ff7be5b0 JavaThread "Notification Thread" daemon [_thread_blocked, id=16416, stack(0x00000093ded00000,0x00000093dee00000)]

Other Threads:
  0x00000204fc465ca0 VMThread "VM Thread" [stack: 0x00000093dde00000,0x00000093ddf00000] [id=18596]
  0x00000204ff72fd50 WatcherThread [stack: 0x00000093dee00000,0x00000093def00000] [id=27244]
  0x00000204f7606390 GCTaskThread "GC Thread#0" [stack: 0x00000093ddd00000,0x00000093dde00000] [id=17856]
  0x00000204ffd49850 GCTaskThread "GC Thread#1" [stack: 0x00000093def00000,0x00000093df000000] [id=17836]
  0x00000204ffd49d20 GCTaskThread "GC Thread#2" [stack: 0x00000093df000000,0x00000093df100000] [id=24288]
  0x00000204ffb41e00 GCTaskThread "GC Thread#3" [stack: 0x00000093df100000,0x00000093df200000] [id=21996]
  0x00000204ffe39860 GCTaskThread "GC Thread#4" [stack: 0x00000093df200000,0x00000093df300000] [id=7304]
  0x00000204ffe39b20 GCTaskThread "GC Thread#5" [stack: 0x00000093df300000,0x00000093df400000] [id=7916]

Threads with active compile tasks:
C2 CompilerThread0      683 1132       4       org.eclipse.osgi.container.ModuleDatabase$Persistence::readString0 (98 bytes)
C1 CompilerThread1      683 1157       3       java.lang.ClassLoader::preDefineClass (118 bytes)
C2 CompilerThread1      683 1117       4       java.io.DataInputStream::readUTF (501 bytes)
C1 CompilerThread2      683 1161       3       java.lang.ClassLoader::getNamedPackage (73 bytes)

VM state: not at safepoint (normal execution)

VM Mutex/Monitor currently owned by a thread: None

Heap address: 0x00000000c0000000, size: 1024 MB, Compressed Oops mode: 32-bit

CDS archive(s) not mapped
Compressed class space mapped at: 0x0000000100000000-0x0000000140000000, reserved size: 1073741824
Narrow klass base: 0x0000000000000000, Narrow klass shift: 3, Narrow klass range: 0x140000000

GC Precious Log:
 CPUs: 16 total, 16 available
 Memory: 7599M
 Large Page Support: Disabled
 NUMA Support: Disabled
 Compressed Oops: Enabled (32-bit)
 Alignments: Space 512K, Generation 512K, Heap 2M
 Heap Min Capacity: 100M
 Heap Initial Capacity: 100M
 Heap Max Capacity: 1G
 Pre-touch: Disabled
 Parallel Workers: 13

Heap:
 PSYoungGen      total 29696K, used 10468K [0x00000000eab00000, 0x00000000ecc00000, 0x0000000100000000)
  eden space 25600K, 28% used [0x00000000eab00000,0x00000000eb233f80,0x00000000ec400000)
  from space 4096K, 75% used [0x00000000ec400000,0x00000000ec705150,0x00000000ec800000)
  to   space 4096K, 0% used [0x00000000ec800000,0x00000000ec800000,0x00000000ecc00000)
 ParOldGen       total 68608K, used 16K [0x00000000c0000000, 0x00000000c4300000, 0x00000000eab00000)
  object space 68608K, 0% used [0x00000000c0000000,0x00000000c0004000,0x00000000c4300000)
 Metaspace       used 11985K, committed 12096K, reserved 1114112K
  class space    used 1176K, committed 1216K, reserved 1048576K

Card table byte_map: [0x00000204f6fb0000,0x00000204f71c0000] _byte_map_base: 0x00000204f69b0000

Marking Bits: (ParMarkBitMap*) 0x00007ffaaa13d7d0
 Begin Bits: [0x00000204fa280000, 0x00000204fb280000)
 End Bits:   [0x00000204fb280000, 0x00000204fc280000)

Polling page: 0x00000204f6da0000

Metaspace:

Usage:
  Non-class:     10.56 MB used.
      Class:      1.15 MB used.
       Both:     11.70 MB used.

Virtual space:
  Non-class space:       64.00 MB reserved,      10.62 MB ( 17%) committed,  1 nodes.
      Class space:        1.00 GB reserved,       1.19 MB ( <1%) committed,  1 nodes.
             Both:        1.06 GB reserved,      11.81 MB (  1%) committed. 

Chunk freelists:
   Non-Class:  4.52 MB
       Class:  14.62 MB
        Both:  19.14 MB

MaxMetaspaceSize: unlimited
CompressedClassSpaceSize: 1.00 GB
Initial GC threshold: 21.00 MB
Current GC threshold: 21.00 MB
CDS: off
MetaspaceReclaimPolicy: balanced
 - commit_granule_bytes: 65536.
 - commit_granule_words: 8192.
 - virtual_space_node_default_size: 8388608.
 - enlarge_chunks_in_place: 1.
 - new_chunks_are_fully_committed: 0.
 - uncommit_free_chunks: 1.
 - use_allocation_guard: 0.
 - handle_deallocations: 1.


Internal statistics:

num_allocs_failed_limit: 0.
num_arena_births: 30.
num_arena_deaths: 0.
num_vsnodes_births: 2.
num_vsnodes_deaths: 0.
num_space_committed: 189.
num_space_uncommitted: 0.
num_chunks_returned_to_freelist: 0.
num_chunks_taken_from_freelist: 133.
num_chunk_merges: 0.
num_chunk_splits: 89.
num_chunks_enlarged: 77.
num_inconsistent_stats: 0.

CodeHeap 'non-profiled nmethods': size=119168Kb used=437Kb max_used=437Kb free=118730Kb
 bounds [0x0000020487ba0000, 0x0000020487e10000, 0x000002048f000000]
CodeHeap 'profiled nmethods': size=119104Kb used=2092Kb max_used=2092Kb free=117011Kb
 bounds [0x0000020480000000, 0x0000020480270000, 0x0000020487450000]
CodeHeap 'non-nmethods': size=7488Kb used=2835Kb max_used=2858Kb free=4652Kb
 bounds [0x0000020487450000, 0x0000020487720000, 0x0000020487ba0000]
 total_blobs=1599 nmethods=1158 adapters=353
 compilation: enabled
              stopped_count=0, restarted_count=0
 full_count=0

Compilation events (20 events):
Event: 0.671 Thread 0x00000204fd595d20 1131       4       java.io.DataInputStream::readByte (6 bytes)
Event: 0.671 Thread 0x00000204f765c7a0 nmethod 1134 0x00000204801f9e90 code [0x00000204801fa100, 0x00000204801fae08]
Event: 0.672 Thread 0x00000204f765c7a0 1136       3       sun.net.www.protocol.jar.Handler::parseURL (173 bytes)
Event: 0.672 Thread 0x00000204fd853370 1137       3       sun.net.www.protocol.jar.Handler::indexOfBangSlash (52 bytes)
Event: 0.672 Thread 0x00000204fd59c390 1138       3       java.net.URLStreamHandler::setURL (159 bytes)
Event: 0.673 Thread 0x00000204f765c7a0 nmethod 1136 0x00000204801fb290 code [0x00000204801fb540, 0x00000204801fc0d8]
Event: 0.673 Thread 0x00000204fd853370 nmethod 1137 0x00000204801fc610 code [0x00000204801fc880, 0x00000204801fd378]
Event: 0.673 Thread 0x00000204fd853370 1139       3       org.eclipse.osgi.container.ModuleRevisionBuilder::unmodifiableMap (86 bytes)
Event: 0.673 Thread 0x00000204f765c7a0 1140       1       org.eclipse.osgi.container.ModuleRevisionBuilder$GenericInfo::getNamespace (5 bytes)
Event: 0.673 Thread 0x00000204f765c7a0 nmethod 1140 0x0000020487c09990 code [0x0000020487c09b20, 0x0000020487c09bf8]
Event: 0.673 Thread 0x00000204f765c7a0 1141       3       java.util.Collections::emptyMap (4 bytes)
Event: 0.673 Thread 0x00000204fd853890 1142       1       java.util.Collections$EmptyMap::size (2 bytes)
Event: 0.673 Thread 0x00000204fd59c390 nmethod 1138 0x00000204801fd790 code [0x00000204801fdb20, 0x00000204801ff088]
Event: 0.673 Thread 0x00000204fd595d20 nmethod 1131 0x0000020487c09c90 code [0x0000020487c09e20, 0x0000020487c0a228]
Event: 0.673 Thread 0x00000204fd59c390 1143       3       org.eclipse.osgi.container.ModuleDatabase$Persistence::readGenericInfo (114 bytes)
Event: 0.673 Thread 0x00000204fd595d20 1129       4       java.io.DataInputStream::readInt (68 bytes)
Event: 0.673 Thread 0x00000204f765c7a0 nmethod 1141 0x00000204801ff990 code [0x00000204801ffb20, 0x00000204801ffc18]
Event: 0.673 Thread 0x00000204f765c7a0 1150       3       java.util.LinkedHashMap::afterNodeAccess (116 bytes)
Event: 0.673 Thread 0x00000204fd853890 nmethod 1142 0x0000020487c0a410 code [0x0000020487c0a5a0, 0x0000020487c0a678]
Event: 0.673 Thread 0x00000204fd853890 1145       3       org.eclipse.osgi.container.ModuleRevisionBuilder::basicAddGenericInfo (23 bytes)

GC Heap History (2 events):
Event: 0.582 GC heap before
{Heap before GC invocations=1 (full 0):
 PSYoungGen      total 29696K, used 25600K [0x00000000eab00000, 0x00000000ecc00000, 0x0000000100000000)
  eden space 25600K, 100% used [0x00000000eab00000,0x00000000ec400000,0x00000000ec400000)
  from space 4096K, 0% used [0x00000000ec800000,0x00000000ec800000,0x00000000ecc00000)
  to   space 4096K, 0% used [0x00000000ec400000,0x00000000ec400000,0x00000000ec800000)
 ParOldGen       total 68608K, used 0K [0x00000000c0000000, 0x00000000c4300000, 0x00000000eab00000)
  object space 68608K, 0% used [0x00000000c0000000,0x00000000c0000000,0x00000000c4300000)
 Metaspace       used 10641K, committed 10816K, reserved 1114112K
  class space    used 1060K, committed 1152K, reserved 1048576K
}
Event: 0.587 GC heap after
{Heap after GC invocations=1 (full 0):
 PSYoungGen      total 29696K, used 3092K [0x00000000eab00000, 0x00000000ecc00000, 0x0000000100000000)
  eden space 25600K, 0% used [0x00000000eab00000,0x00000000eab00000,0x00000000ec400000)
  from space 4096K, 75% used [0x00000000ec400000,0x00000000ec705150,0x00000000ec800000)
  to   space 4096K, 0% used [0x00000000ec800000,0x00000000ec800000,0x00000000ecc00000)
 ParOldGen       total 68608K, used 16K [0x00000000c0000000, 0x00000000c4300000, 0x00000000eab00000)
  object space 68608K, 0% used [0x00000000c0000000,0x00000000c0004000,0x00000000c4300000)
 Metaspace       used 10641K, committed 10816K, reserved 1114112K
  class space    used 1060K, committed 1152K, reserved 1048576K
}

Dll operation events (8 events):
Event: 0.008 Loaded shared library c:\Users\STARIM\.vscode\extensions\redhat.java-1.28.1-win32-x64\jre\17.0.10-win32-x86_64\bin\java.dll
Event: 0.113 Loaded shared library c:\Users\STARIM\.vscode\extensions\redhat.java-1.28.1-win32-x64\jre\17.0.10-win32-x86_64\bin\zip.dll
Event: 0.116 Loaded shared library C:\Users\STARIM\.vscode\extensions\redhat.java-1.28.1-win32-x64\jre\17.0.10-win32-x86_64\bin\instrument.dll
Event: 0.125 Loaded shared library C:\Users\STARIM\.vscode\extensions\redhat.java-1.28.1-win32-x64\jre\17.0.10-win32-x86_64\bin\net.dll
Event: 0.127 Loaded shared library C:\Users\STARIM\.vscode\extensions\redhat.java-1.28.1-win32-x64\jre\17.0.10-win32-x86_64\bin\nio.dll
Event: 0.132 Loaded shared library C:\Users\STARIM\.vscode\extensions\redhat.java-1.28.1-win32-x64\jre\17.0.10-win32-x86_64\bin\zip.dll
Event: 0.144 Loaded shared library C:\Users\STARIM\.vscode\extensions\redhat.java-1.28.1-win32-x64\jre\17.0.10-win32-x86_64\bin\jimage.dll
Event: 0.193 Loaded shared library c:\Users\STARIM\.vscode\extensions\redhat.java-1.28.1-win32-x64\jre\17.0.10-win32-x86_64\bin\verify.dll

Deoptimization events (20 events):
Event: 0.570 Thread 0x00000204f75f08b0 DEOPT PACKING pc=0x0000020487bd8010 sp=0x00000093ddcfe570
Event: 0.570 Thread 0x00000204f75f08b0 DEOPT UNPACKING pc=0x00000204874a66a3 sp=0x00000093ddcfe4b8 mode 2
Event: 0.570 Thread 0x00000204f75f08b0 Uncommon trap: trap_request=0xffffff45 fr.pc=0x0000020487bf8960 relative=0x0000000000000240
Event: 0.570 Thread 0x00000204f75f08b0 Uncommon trap: reason=unstable_if action=reinterpret pc=0x0000020487bf8960 method=java.util.HashMap.hash(Ljava/lang/Object;)I @ 1 c2
Event: 0.570 Thread 0x00000204f75f08b0 DEOPT PACKING pc=0x0000020487bf8960 sp=0x00000093ddcfe520
Event: 0.570 Thread 0x00000204f75f08b0 DEOPT UNPACKING pc=0x00000204874a66a3 sp=0x00000093ddcfe3b8 mode 2
Event: 0.570 Thread 0x00000204f75f08b0 Uncommon trap: trap_request=0xffffff45 fr.pc=0x0000020487bec860 relative=0x0000000000000240
Event: 0.570 Thread 0x00000204f75f08b0 Uncommon trap: reason=unstable_if action=reinterpret pc=0x0000020487bec860 method=java.util.HashMap.hash(Ljava/lang/Object;)I @ 1 c2
Event: 0.570 Thread 0x00000204f75f08b0 DEOPT PACKING pc=0x0000020487bec860 sp=0x00000093ddcfe5c0
Event: 0.570 Thread 0x00000204f75f08b0 DEOPT UNPACKING pc=0x00000204874a66a3 sp=0x00000093ddcfe4c8 mode 2
Event: 0.570 Thread 0x00000204f75f08b0 Uncommon trap: trap_request=0xffffffde fr.pc=0x0000020487bd8010 relative=0x0000000000000530
Event: 0.570 Thread 0x00000204f75f08b0 Uncommon trap: reason=class_check action=maybe_recompile pc=0x0000020487bd8010 method=java.util.Collections$UnmodifiableCollection$1.<init>(Ljava/util/Collections$UnmodifiableCollection;)V @ 17 c2
Event: 0.570 Thread 0x00000204f75f08b0 DEOPT PACKING pc=0x0000020487bd8010 sp=0x00000093ddcfe570
Event: 0.570 Thread 0x00000204f75f08b0 DEOPT UNPACKING pc=0x00000204874a66a3 sp=0x00000093ddcfe4b8 mode 2
Event: 0.570 Thread 0x00000204f75f08b0 Uncommon trap: trap_request=0xffffff45 fr.pc=0x0000020487be4214 relative=0x0000000000000094
Event: 0.570 Thread 0x00000204f75f08b0 Uncommon trap: reason=unstable_if action=reinterpret pc=0x0000020487be4214 method=java.util.HashMap.hash(Ljava/lang/Object;)I @ 1 c2
Event: 0.570 Thread 0x00000204f75f08b0 DEOPT PACKING pc=0x0000020487be4214 sp=0x00000093ddcfe420
Event: 0.570 Thread 0x00000204f75f08b0 DEOPT UNPACKING pc=0x00000204874a66a3 sp=0x00000093ddcfe3b8 mode 2
Event: 0.591 Thread 0x00000204f75f08b0 DEOPT PACKING pc=0x000002048004ef22 sp=0x00000093ddcf9f40
Event: 0.591 Thread 0x00000204f75f08b0 DEOPT UNPACKING pc=0x00000204874a6e43 sp=0x00000093ddcf93a0 mode 0

Classes unloaded (0 events):
No events

Classes redefined (0 events):
No events

Internal exceptions (20 events):
Event: 0.392 Thread 0x00000204f75f08b0 Exception <a 'java/io/FileNotFoundException'{0x00000000eb9f3230}> (0x00000000eb9f3230) 
thrown [s\src\hotspot\share\prims\jni.cpp, line 516]
Event: 0.393 Thread 0x00000204f75f08b0 Exception <a 'java/io/FileNotFoundException'{0x00000000eb9f3f20}> (0x00000000eb9f3f20) 
thrown [s\src\hotspot\share\prims\jni.cpp, line 516]
Event: 0.393 Thread 0x00000204f75f08b0 Exception <a 'java/io/FileNotFoundException'{0x00000000eb9f4be0}> (0x00000000eb9f4be0) 
thrown [s\src\hotspot\share\prims\jni.cpp, line 516]
Event: 0.396 Thread 0x00000204f75f08b0 Implicit null exception at 0x0000020487bc4272 to 0x0000020487bc4790
Event: 0.398 Thread 0x00000204f75f08b0 Exception <a 'java/io/FileNotFoundException'{0x00000000eba2f558}> (0x00000000eba2f558) 
thrown [s\src\hotspot\share\prims\jni.cpp, line 516]
Event: 0.531 Thread 0x00000204f75f08b0 Exception <a 'java/lang/ClassNotFoundException'{0x00000000ec2366b8}: sun/net/www/protocol/c/Handler> (0x00000000ec2366b8) 
thrown [s\src\hotspot\share\classfile\systemDictionary.cpp, line 256]
Event: 0.531 Thread 0x00000204f75f08b0 Exception <a 'java/lang/ClassNotFoundException'{0x00000000ec237a88}: sun/net/www/protocol/c/Handler> (0x00000000ec237a88) 
thrown [s\src\hotspot\share\classfile\systemDictionary.cpp, line 256]
Event: 0.531 Thread 0x00000204f75f08b0 Exception <a 'java/lang/ClassNotFoundException'{0x00000000ec238cf0}: sun/net/www/protocol/c/Handler> (0x00000000ec238cf0) 
thrown [s\src\hotspot\share\classfile\systemDictionary.cpp, line 256]
Event: 0.538 Thread 0x00000204f75f08b0 Exception <a 'java/io/FileNotFoundException'{0x00000000ec25dd28}> (0x00000000ec25dd28) 
thrown [s\src\hotspot\share\prims\jni.cpp, line 516]
Event: 0.570 Thread 0x00000204f75f08b0 Implicit null exception at 0x0000020487bf58fb to 0x0000020487bf6280
Event: 0.570 Thread 0x00000204f75f08b0 Implicit null exception at 0x0000020487bf876c to 0x0000020487bf8948
Event: 0.570 Thread 0x00000204f75f08b0 Implicit null exception at 0x0000020487bec66c to 0x0000020487bec848
Event: 0.570 Thread 0x00000204f75f08b0 Implicit null exception at 0x0000020487be418f to 0x0000020487be4205
Event: 0.610 Thread 0x00000204f75f08b0 Exception <a 'java/lang/NoSuchMethodError'{0x00000000eacb0aa8}: 'int java.lang.invoke.DirectMethodHandle$Holder.invokeStaticInit(java.lang.Object, java.lang.Object, java.lang.Object, java.lang.Object)'> (0x00000000eacb0aa8) 
thrown [s\src\hotspot\share\interpreter\linkResolver.cpp, line 759]
Event: 0.611 Thread 0x00000204f75f08b0 Exception <a 'java/lang/NoSuchMethodError'{0x00000000eacbb220}: 'java.lang.Object java.lang.invoke.DirectMethodHandle$Holder.invokeInterface(java.lang.Object, java.lang.Object)'> (0x00000000eacbb220) 
thrown [s\src\hotspot\share\interpreter\linkResolver.cpp, line 759]
Event: 0.611 Thread 0x00000204f75f08b0 Exception <a 'java/lang/IncompatibleClassChangeError'{0x00000000eacbea18}: Found class java.lang.Object, but interface was expected> (0x00000000eacbea18) 
thrown [s\src\hotspot\share\interpreter\linkResolver.cpp, line 826]
Event: 0.612 Thread 0x00000204f75f08b0 Exception <a 'java/lang/NoSuchMethodError'{0x00000000eacc2f08}: 'void java.lang.invoke.DirectMethodHandle$Holder.invokeStatic(java.lang.Object, java.lang.Object)'> (0x00000000eacc2f08) 
thrown [s\src\hotspot\share\interpreter\linkResolver.cpp, line 759]
Event: 0.612 Thread 0x00000204f75f08b0 Exception <a 'java/lang/NoSuchMethodError'{0x00000000eacc6708}: 'void java.lang.invoke.DirectMethodHandle$Holder.invokeStaticInit(java.lang.Object, java.lang.Object)'> (0x00000000eacc6708) 
thrown [s\src\hotspot\share\interpreter\linkResolver.cpp, line 759]
Event: 0.613 Thread 0x00000204f75f08b0 Exception <a 'java/lang/NoSuchMethodError'{0x00000000eaccdbf8}: 'int java.lang.invoke.DirectMethodHandle$Holder.invokeStaticInit(java.lang.Object, java.lang.Object)'> (0x00000000eaccdbf8) 
thrown [s\src\hotspot\share\interpreter\linkResolver.cpp, line 759]
Event: 0.637 Thread 0x00000204f75f08b0 Exception <a 'java/lang/NoSuchMethodError'{0x00000000eadf7af0}: 'void java.lang.invoke.DirectMethodHandle$Holder.invokeSpecial(java.lang.Object, java.lang.Object, java.lang.Object)'> (0x00000000eadf7af0) 
thrown [s\src\hotspot\share\interpreter\linkResolver.cpp, line 759]

VM Operations (14 events):
Event: 0.100 Executing VM operation: HandshakeAllThreads
Event: 0.100 Executing VM operation: HandshakeAllThreads done
Event: 0.156 Executing VM operation: HandshakeAllThreads
Event: 0.156 Executing VM operation: HandshakeAllThreads done
Event: 0.372 Executing VM operation: HandshakeAllThreads
Event: 0.372 Executing VM operation: HandshakeAllThreads done
Event: 0.385 Executing VM operation: HandshakeAllThreads
Event: 0.385 Executing VM operation: HandshakeAllThreads done
Event: 0.517 Executing VM operation: HandshakeAllThreads
Event: 0.518 Executing VM operation: HandshakeAllThreads done
Event: 0.561 Executing VM operation: ICBufferFull
Event: 0.561 Executing VM operation: ICBufferFull done
Event: 0.582 Executing VM operation: ParallelGCFailedAllocation
Event: 0.587 Executing VM operation: ParallelGCFailedAllocation done

Events (20 events):
Event: 0.653 loading class java/util/AbstractQueue done
Event: 0.653 loading class java/util/concurrent/SynchronousQueue done
Event: 0.653 loading class java/util/concurrent/SynchronousQueue$TransferStack
Event: 0.653 loading class java/util/concurrent/SynchronousQueue$Transferer
Event: 0.653 loading class java/util/concurrent/SynchronousQueue$Transferer done
Event: 0.653 loading class java/util/concurrent/SynchronousQueue$TransferStack done
Event: 0.653 loading class java/util/concurrent/SynchronousQueue$TransferStack$SNode
Event: 0.653 loading class java/util/concurrent/ForkJoinPool$ManagedBlocker
Event: 0.653 loading class java/util/concurrent/ForkJoinPool$ManagedBlocker done
Event: 0.653 loading class java/util/concurrent/SynchronousQueue$TransferStack$SNode done
Event: 0.653 loading class java/util/concurrent/RejectedExecutionHandler
Event: 0.653 loading class java/util/concurrent/RejectedExecutionHandler done
Event: 0.653 loading class java/util/concurrent/LinkedBlockingQueue
Event: 0.654 loading class java/util/concurrent/LinkedBlockingQueue done
Event: 0.654 loading class java/util/concurrent/LinkedBlockingQueue$Node
Event: 0.654 loading class java/util/concurrent/LinkedBlockingQueue$Node done
Event: 0.660 loading class java/util/concurrent/Semaphore$NonfairSync
Event: 0.660 loading class java/util/concurrent/Semaphore$Sync
Event: 0.660 loading class java/util/concurrent/Semaphore$Sync done
Event: 0.660 loading class java/util/concurrent/Semaphore$NonfairSync done


Dynamic libraries:
0x00007ff74b110000 - 0x00007ff74b11e000 	c:\Users\STARIM\.vscode\extensions\redhat.java-1.28.1-win32-x64\jre\17.0.10-win32-x86_64\bin\java.exe
0x00007ffb288d0000 - 0x00007ffb28ae6000 	C:\WINDOWS\SYSTEM32\ntdll.dll
0x00007ffb27600000 - 0x00007ffb276c4000 	C:\WINDOWS\System32\KERNEL32.DLL
0x00007ffb26100000 - 0x00007ffb264a6000 	C:\WINDOWS\System32\KERNELBASE.dll
0x00007ffb25e00000 - 0x00007ffb25f11000 	C:\WINDOWS\System32\ucrtbase.dll
0x00007ffaf02d0000 - 0x00007ffaf02eb000 	c:\Users\STARIM\.vscode\extensions\redhat.java-1.28.1-win32-x64\jre\17.0.10-win32-x86_64\bin\VCRUNTIME140.dll
0x00007ffaf10d0000 - 0x00007ffaf10e7000 	c:\Users\STARIM\.vscode\extensions\redhat.java-1.28.1-win32-x64\jre\17.0.10-win32-x86_64\bin\jli.dll
0x00007ffb26bc0000 - 0x00007ffb26d6d000 	C:\WINDOWS\System32\USER32.dll
0x00007ffb25c40000 - 0x00007ffb25c66000 	C:\WINDOWS\System32\win32u.dll
0x00007ffb1cd90000 - 0x00007ffb1d023000 	C:\WINDOWS\WinSxS\amd64_microsoft.windows.common-controls_6595b64144ccf1df_6.0.22621.3235_none_270f74e173860f98\COMCTL32.dll
0x00007ffb28860000 - 0x00007ffb28889000 	C:\WINDOWS\System32\GDI32.dll
0x00007ffb26b10000 - 0x00007ffb26bb7000 	C:\WINDOWS\System32\msvcrt.dll
0x00007ffb25c70000 - 0x00007ffb25d88000 	C:\WINDOWS\System32\gdi32full.dll
0x00007ffb25f20000 - 0x00007ffb25fba000 	C:\WINDOWS\System32\msvcp_win.dll
0x00007ffb26a70000 - 0x00007ffb26aa1000 	C:\WINDOWS\System32\IMM32.DLL
0x00007ffb12c20000 - 0x00007ffb12c2c000 	c:\Users\STARIM\.vscode\extensions\redhat.java-1.28.1-win32-x64\jre\17.0.10-win32-x86_64\bin\vcruntime140_1.dll
0x00007ffae1410000 - 0x00007ffae149d000 	c:\Users\STARIM\.vscode\extensions\redhat.java-1.28.1-win32-x64\jre\17.0.10-win32-x86_64\bin\msvcp140.dll
0x00007ffaa95a0000 - 0x00007ffaaa202000 	c:\Users\STARIM\.vscode\extensions\redhat.java-1.28.1-win32-x64\jre\17.0.10-win32-x86_64\bin\server\jvm.dll
0x00007ffb26620000 - 0x00007ffb266d2000 	C:\WINDOWS\System32\ADVAPI32.dll
0x00007ffb28570000 - 0x00007ffb28618000 	C:\WINDOWS\System32\sechost.dll
0x00007ffb25c10000 - 0x00007ffb25c38000 	C:\WINDOWS\System32\bcrypt.dll
0x00007ffb28740000 - 0x00007ffb28855000 	C:\WINDOWS\System32\RPCRT4.dll
0x00007ffb25880000 - 0x00007ffb258cd000 	C:\WINDOWS\SYSTEM32\POWRPROF.dll
0x00007ffb1aef0000 - 0x00007ffb1af24000 	C:\WINDOWS\SYSTEM32\WINMM.dll
0x00007ffb20130000 - 0x00007ffb20139000 	C:\WINDOWS\SYSTEM32\WSOCK32.dll
0x00007ffb1c5d0000 - 0x00007ffb1c5da000 	C:\WINDOWS\SYSTEM32\VERSION.dll
0x00007ffb276d0000 - 0x00007ffb27741000 	C:\WINDOWS\System32\WS2_32.dll
0x00007ffb25860000 - 0x00007ffb25873000 	C:\WINDOWS\SYSTEM32\UMPDC.dll
0x00007ffb24c20000 - 0x00007ffb24c38000 	C:\WINDOWS\SYSTEM32\kernel.appcore.dll
0x00007ffb11490000 - 0x00007ffb1149a000 	c:\Users\STARIM\.vscode\extensions\redhat.java-1.28.1-win32-x64\jre\17.0.10-win32-x86_64\bin\jimage.dll
0x00007ffb22f80000 - 0x00007ffb231b3000 	C:\WINDOWS\SYSTEM32\DBGHELP.DLL
0x00007ffb266e0000 - 0x00007ffb26a68000 	C:\WINDOWS\System32\combase.dll
0x00007ffb27350000 - 0x00007ffb27427000 	C:\WINDOWS\System32\OLEAUT32.dll
0x00007ffb17c00000 - 0x00007ffb17c32000 	C:\WINDOWS\SYSTEM32\dbgcore.DLL
0x00007ffb25fc0000 - 0x00007ffb2603a000 	C:\WINDOWS\System32\bcryptPrimitives.dll
0x00007ffb0ea10000 - 0x00007ffb0ea1e000 	c:\Users\STARIM\.vscode\extensions\redhat.java-1.28.1-win32-x64\jre\17.0.10-win32-x86_64\bin\instrument.dll
0x00007ffaee1c0000 - 0x00007ffaee1e5000 	c:\Users\STARIM\.vscode\extensions\redhat.java-1.28.1-win32-x64\jre\17.0.10-win32-x86_64\bin\java.dll
0x00007ffaeb8d0000 - 0x00007ffaeb8e8000 	c:\Users\STARIM\.vscode\extensions\redhat.java-1.28.1-win32-x64\jre\17.0.10-win32-x86_64\bin\zip.dll
0x00007ffb27960000 - 0x00007ffb281bd000 	C:\WINDOWS\System32\SHELL32.dll
0x00007ffb23b20000 - 0x00007ffb24418000 	C:\WINDOWS\SYSTEM32\windows.storage.dll
0x00007ffb239e0000 - 0x00007ffb23b1e000 	C:\WINDOWS\SYSTEM32\wintypes.dll
0x00007ffb274f0000 - 0x00007ffb275e3000 	C:\WINDOWS\System32\SHCORE.dll
0x00007ffb27900000 - 0x00007ffb2795e000 	C:\WINDOWS\System32\shlwapi.dll
0x00007ffb25b40000 - 0x00007ffb25b66000 	C:\WINDOWS\SYSTEM32\profapi.dll
0x00007ffae79f0000 - 0x00007ffae7a09000 	C:\Users\STARIM\.vscode\extensions\redhat.java-1.28.1-win32-x64\jre\17.0.10-win32-x86_64\bin\net.dll
0x00007ffb1f7e0000 - 0x00007ffb1f917000 	C:\WINDOWS\SYSTEM32\WINHTTP.dll
0x00007ffb250b0000 - 0x00007ffb25119000 	C:\WINDOWS\system32\mswsock.dll
0x00007ffae79d0000 - 0x00007ffae79e6000 	C:\Users\STARIM\.vscode\extensions\redhat.java-1.28.1-win32-x64\jre\17.0.10-win32-x86_64\bin\nio.dll
0x00007ffb0ad50000 - 0x00007ffb0ad60000 	c:\Users\STARIM\.vscode\extensions\redhat.java-1.28.1-win32-x64\jre\17.0.10-win32-x86_64\bin\verify.dll

dbghelp: loaded successfully - version: 4.0.5 - missing functions: none
symbol engine: initialized successfully - sym options: 0x614 - pdb path: .;c:\Users\STARIM\.vscode\extensions\redhat.java-1.28.1-win32-x64\jre\17.0.10-win32-x86_64\bin;C:\WINDOWS\SYSTEM32;C:\WINDOWS\WinSxS\amd64_microsoft.windows.common-controls_6595b64144ccf1df_6.0.22621.3235_none_270f74e173860f98;c:\Users\STARIM\.vscode\extensions\redhat.java-1.28.1-win32-x64\jre\17.0.10-win32-x86_64\bin\server

VM Arguments:
jvm_args: --add-modules=ALL-SYSTEM --add-opens=java.base/java.util=ALL-UNNAMED --add-opens=java.base/java.lang=ALL-UNNAMED --add-opens=java.base/sun.nio.fs=ALL-UNNAMED -Declipse.application=org.eclipse.jdt.ls.core.id1 -Dosgi.bundles.defaultStartLevel=4 -Declipse.product=org.eclipse.jdt.ls.core.product -Djava.import.generatesMetadataFilesAtProjectRoot=false -DDetectVMInstallationsJob.disabled=true -Dfile.encoding=utf8 -XX:+UseParallelGC -XX:GCTimeRatio=4 -XX:AdaptiveSizePolicyWeight=90 -Dsun.zip.disableMemoryMapping=true -Xmx1G -Xms100m -Xlog:disable -javaagent:c:\Users\STARIM\.vscode\extensions\redhat.java-1.28.1-win32-x64\lombok\lombok-1.18.31.jar 
java_command: c:\Users\STARIM\.vscode\extensions\redhat.java-1.28.1-win32-x64\server\plugins\org.eclipse.equinox.launcher_1.6.700.v20231214-2017.jar -configuration c:\Users\STARIM\AppData\Roaming\Code\User\globalStorage\redhat.java\1.28.1\config_ss_win -data c:\Users\STARIM\AppData\Roaming\Code\User\workspaceStorage\acb77b6dbbcca2f86ee7bb19ff107631\redhat.java\ss_ws --stdio
java_class_path (initial): c:\Users\STARIM\.vscode\extensions\redhat.java-1.28.1-win32-x64\server\plugins\org.eclipse.equinox.launcher_1.6.700.v20231214-2017.jar
Launcher Type: SUN_STANDARD

[Global flags]
    uintx AdaptiveSizePolicyWeight                 = 90                                        {product} {command line}
     intx CICompilerCount                          = 12                                        {product} {ergonomic}
    uintx GCTimeRatio                              = 4                                         {product} {command line}
   size_t InitialHeapSize                          = 104857600                                 {product} {command line}
   size_t MaxHeapSize                              = 1073741824                                {product} {command line}
   size_t MaxNewSize                               = 357564416                                 {product} {ergonomic}
   size_t MinHeapDeltaBytes                        = 524288                                    {product} {ergonomic}
   size_t MinHeapSize                              = 104857600                                 {product} {command line}
   size_t NewSize                                  = 34603008                                  {product} {ergonomic}
    uintx NonNMethodCodeHeapSize                   = 7602480                                {pd product} {ergonomic}
    uintx NonProfiledCodeHeapSize                  = 122027880                              {pd product} {ergonomic}
   size_t OldSize                                  = 70254592                                  {product} {ergonomic}
    uintx ProfiledCodeHeapSize                     = 122027880                              {pd product} {ergonomic}
    uintx ReservedCodeCacheSize                    = 251658240                              {pd product} {ergonomic}
     bool SegmentedCodeCache                       = true                                      {product} {ergonomic}
   size_t SoftMaxHeapSize                          = 1073741824                             {manageable} {ergonomic}
     bool UseCompressedClassPointers               = true                           {product lp64_product} {ergonomic}
     bool UseCompressedOops                        = true                           {product lp64_product} {ergonomic}
     bool UseLargePagesIndividualAllocation        = false                                  {pd product} {ergonomic}
     bool UseParallelGC                            = true                                      {product} {command line}

Logging:
Log output configuration:
 #0: stdout all=off uptime,level,tags
 #1: stderr all=off uptime,level,tags

Environment Variables:
PATH=C:\Program Files\Common Files\Oracle\Java\javapath;C:\Windows\system32;C:\Windows;C:\Windows\System32\Wbem;C:\Windows\System32\WindowsPowerShell\v1.0\;C:\Windows\System32\OpenSSH\;C:\Program Files (x86)\NVIDIA Corporation\PhysX\Common;C:\Program Files\dotnet\;C:\Program Files\Microsoft SQL Server\Client SDK\ODBC\170\Tools\Binn\;C:\Program Files (x86)\Microsoft SQL Server\150\Tools\Binn\;C:\Program Files\Microsoft SQL Server\150\Tools\Binn\;C:\Program Files\Microsoft SQL Server\150\DTS\Binn\;C:\WINDOWS\system32;C:\WINDOWS;C:\WINDOWS\System32\Wbem;C:\WINDOWS\System32\WindowsPowerShell\v1.0\;C:\WINDOWS\System32\OpenSSH\;C:\Users\STARIM\Downloads\apache-maven-3.9.5-bin\apache-maven-3.9.5\bin;C:\Program Files\Java\jdk-21;C:\Program Files\Git\cmd;C:\Users\STARIM\AppData\Roaming\nvm;C:\Program Files\nodejs;C:\Users\STARIM\AppData\Local\Microsoft\WindowsApps;C:\Users\STARIM\.dotnet\tools;C:\Users\STARIM\AppData\Local\Programs\Microsoft VS Code\bin;C:\Users\STARIM\AppData\Local\Programs\mongosh\;C:\Program Files\JetBrains\IntelliJ IDEA Community Edition 2023.2.5\bin;;C:\Users\STARIM\AppData\Roaming\npm;C:\Users\STARIM\AppData\Roaming\nvm;C:\Program Files\nodejs
USERNAME=STARIM
OS=Windows_NT
PROCESSOR_IDENTIFIER=AMD64 Family 23 Model 96 Stepping 1, AuthenticAMD
TMP=C:\Users\STARIM\AppData\Local\Temp
TEMP=C:\Users\STARIM\AppData\Local\Temp



Periodic native trim disabled


---------------  S Y S T E M  ---------------

OS:
 Windows 11 , 64 bit Build 22621 (10.0.22621.3235)
OS uptime: 4 days 2:40 hours
Hyper-V role detected

CPU: total 16 (initial active 16) (16 cores per cpu, 2 threads per core) family 23 model 96 stepping 1 microcode 0x0, cx8, cmov, fxsr, ht, mmx, 3dnowpref, sse, sse2, sse3, ssse3, sse4a, sse4.1, sse4.2, popcnt, lzcnt, tsc, tscinvbit, avx, avx2, aes, clmul, bmi1, bmi2, adx, sha, fma, vzeroupper, clflush, clflushopt, hv
Processor Information for all 16 processors :
  Max Mhz: 2901, Current Mhz: 2901, Mhz Limit: 2901

Memory: 4k page, system-wide physical 7599M (369M free)
TotalPageFile size 15763M (AvailPageFile size 1M)
current process WorkingSet (physical memory assigned to process): 79M, peak: 79M
current process commit charge ("private bytes"): 217M, peak: 218M

vm_info: OpenJDK 64-Bit Server VM (17.0.10+7) for windows-amd64 JRE (17.0.10+7), built on Jan 16 2024 23:25:11 by "admin" with MS VC++ 16.10 / 16.11 (VS2019)

END.
