#
# There is insufficient memory for the Java Runtime Environment to continue.
# Native memory allocation (malloc) failed to allocate 1570256 bytes for Chunk::new
# Possible reasons:
#   The system is out of physical RAM or swap space
#   The process is running with CompressedOops enabled, and the Java Heap may be blocking the growth of the native heap
# Possible solutions:
#   Reduce memory load on the system
#   Increase physical memory or swap space
#   Check if swap backing store is full
#   Decrease Java heap size (-Xmx/-Xms)
#   Decrease number of Java threads
#   Decrease Java thread stack sizes (-Xss)
#   Set larger code cache with -XX:ReservedCodeCacheSize=
#   JVM is running with Unscaled Compressed Oops mode in which the Java heap is
#     placed in the first 4GB address space. The Java Heap base address is the
#     maximum limit for the native heap growth. Please use -XX:HeapBaseMinAddress
#     to set the Java Heap base and to place the Java Heap above 4GB virtual address.
# This output file may be truncated or incomplete.
#
#  Out of Memory Error (arena.cpp:191), pid=7316, tid=22508
#
# JRE version: OpenJDK Runtime Environment Temurin-17.0.10+7 (17.0.10+7) (build 17.0.10+7)
# Java VM: OpenJDK 64-Bit Server VM Temurin-17.0.10+7 (17.0.10+7, mixed mode, tiered, compressed oops, compressed class ptrs, parallel gc, windows-amd64)
# No core dump will be written. Minidumps are not enabled by default on client versions of Windows
#

---------------  S U M M A R Y ------------

Command Line: --add-modules=ALL-SYSTEM --add-opens=java.base/java.util=ALL-UNNAMED --add-opens=java.base/java.lang=ALL-UNNAMED --add-opens=java.base/sun.nio.fs=ALL-UNNAMED -Declipse.application=org.eclipse.jdt.ls.core.id1 -Dosgi.bundles.defaultStartLevel=4 -Declipse.product=org.eclipse.jdt.ls.core.product -Djava.import.generatesMetadataFilesAtProjectRoot=false -DDetectVMInstallationsJob.disabled=true -Dfile.encoding=utf8 -XX:+UseParallelGC -XX:GCTimeRatio=4 -XX:AdaptiveSizePolicyWeight=90 -Dsun.zip.disableMemoryMapping=true -Xmx1G -Xms100m -Xlog:disable -javaagent:c:\Users\STARIM\.vscode\extensions\redhat.java-1.28.1-win32-x64\lombok\lombok-1.18.31.jar -XX:+HeapDumpOnOutOfMemoryError -XX:HeapDumpPath=c:\Users\STARIM\AppData\Roaming\Code\User\workspaceStorage\acb77b6dbbcca2f86ee7bb19ff107631\redhat.java -Daether.dependencyCollector.impl=bf c:\Users\STARIM\.vscode\extensions\redhat.java-1.28.1-win32-x64\server\plugins\org.eclipse.equinox.launcher_1.6.700.v20231214-2017.jar -configuration c:\Users\STARIM\AppData\Roaming\Code\User\globalStorage\redhat.java\1.28.1\config_win -data c:\Users\STARIM\AppData\Roaming\Code\User\workspaceStorage\acb77b6dbbcca2f86ee7bb19ff107631\redhat.java\jdt_ws --stdio

Host: AMD Ryzen 7 4800H with Radeon Graphics         , 16 cores, 7G,  Windows 11 , 64 bit Build 22621 (10.0.22621.3235)
Time: Mon Mar 18 16:41:37 2024 India Standard Time elapsed time: 8.157692 seconds (0d 0h 0m 8s)

---------------  T H R E A D  ---------------

Current thread (0x00000221c8991220):  JavaThread "C2 CompilerThread0" daemon [_thread_in_native, id=22508, stack(0x000000be6ad00000,0x000000be6ae00000)]


Current CompileTask:
C2:   8157 4028       4       org.lombokweb.asm.ClassReader::readMethod (1066 bytes)

Stack: [0x000000be6ad00000,0x000000be6ae00000]
Native frames: (J=compiled Java code, j=interpreted, Vv=VM code, C=native code)
V  [jvm.dll+0x67d2c9]
V  [jvm.dll+0x834afa]
V  [jvm.dll+0x8365be]
V  [jvm.dll+0x836c23]
V  [jvm.dll+0x2477ff]
V  [jvm.dll+0xac514]
V  [jvm.dll+0xacb5c]
V  [jvm.dll+0x366782]
V  [jvm.dll+0x330bfa]
V  [jvm.dll+0x33009a]
V  [jvm.dll+0x219ef1]
V  [jvm.dll+0x219311]
V  [jvm.dll+0x1a502d]
V  [jvm.dll+0x2290de]
V  [jvm.dll+0x2272ac]
V  [jvm.dll+0x7e9bb7]
V  [jvm.dll+0x7e3fba]
V  [jvm.dll+0x67c1b5]
C  [ucrtbase.dll+0x29363]
C  [KERNEL32.DLL+0x1257d]
C  [ntdll.dll+0x5aa58]


---------------  P R O C E S S  ---------------

Threads class SMR info:
_java_thread_list=0x00000221cb8bb710, length=22, elements={
0x00000221afb122b0, 0x00000221c399d020, 0x00000221c399e550, 0x00000221c898af10,
0x00000221c898bca0, 0x00000221c898ca30, 0x00000221c898e510, 0x00000221c8991220,
0x00000221c89e74f0, 0x00000221c89f8600, 0x00000221c8aeeec0, 0x00000221c8b27690,
0x00000221cabba6e0, 0x00000221cb22cc70, 0x00000221cb4ac6f0, 0x00000221cb212600,
0x00000221cb7948d0, 0x00000221cba59030, 0x00000221cb97fb20, 0x00000221cb218f00,
0x00000221cb219410, 0x00000221cb21b270
}

Java Threads: ( => current thread )
  0x00000221afb122b0 JavaThread "main" [_thread_blocked, id=13976, stack(0x000000be6a400000,0x000000be6a500000)]
  0x00000221c399d020 JavaThread "Reference Handler" daemon [_thread_blocked, id=20752, stack(0x000000be6a700000,0x000000be6a800000)]
  0x00000221c399e550 JavaThread "Finalizer" daemon [_thread_blocked, id=13104, stack(0x000000be6a800000,0x000000be6a900000)]
  0x00000221c898af10 JavaThread "Signal Dispatcher" daemon [_thread_blocked, id=19880, stack(0x000000be6a900000,0x000000be6aa00000)]
  0x00000221c898bca0 JavaThread "Attach Listener" daemon [_thread_blocked, id=18876, stack(0x000000be6aa00000,0x000000be6ab00000)]
  0x00000221c898ca30 JavaThread "Service Thread" daemon [_thread_blocked, id=22904, stack(0x000000be6ab00000,0x000000be6ac00000)]
  0x00000221c898e510 JavaThread "Monitor Deflation Thread" daemon [_thread_blocked, id=19828, stack(0x000000be6ac00000,0x000000be6ad00000)]
=>0x00000221c8991220 JavaThread "C2 CompilerThread0" daemon [_thread_in_native, id=22508, stack(0x000000be6ad00000,0x000000be6ae00000)]
  0x00000221c89e74f0 JavaThread "C1 CompilerThread0" daemon [_thread_blocked, id=17016, stack(0x000000be6ae00000,0x000000be6af00000)]
  0x00000221c89f8600 JavaThread "Sweeper thread" daemon [_thread_blocked, id=27912, stack(0x000000be6af00000,0x000000be6b000000)]
  0x00000221c8aeeec0 JavaThread "Common-Cleaner" daemon [_thread_blocked, id=2044, stack(0x000000be6b000000,0x000000be6b100000)]
  0x00000221c8b27690 JavaThread "C1 CompilerThread1" daemon [_thread_blocked, id=28404, stack(0x000000be6b100000,0x000000be6b200000)]
  0x00000221cabba6e0 JavaThread "Notification Thread" daemon [_thread_blocked, id=6336, stack(0x000000be6b200000,0x000000be6b300000)]
  0x00000221cb22cc70 JavaThread "Active Thread: Equinox Container: 5431fd4a-7a7e-4b04-b36d-7fe8b4adf3d6" [_thread_blocked, id=22296, stack(0x000000be6b900000,0x000000be6ba00000)]
  0x00000221cb4ac6f0 JavaThread "Framework Event Dispatcher: Equinox Container: 5431fd4a-7a7e-4b04-b36d-7fe8b4adf3d6" daemon [_thread_blocked, id=24404, stack(0x000000be6ba00000,0x000000be6bb00000)]
  0x00000221cb212600 JavaThread "Start Level: Equinox Container: 5431fd4a-7a7e-4b04-b36d-7fe8b4adf3d6" daemon [_thread_in_vm, id=16984, stack(0x000000be6bb00000,0x000000be6bc00000)]
  0x00000221cb7948d0 JavaThread "Bundle File Closer" daemon [_thread_blocked, id=27940, stack(0x000000be6be00000,0x000000be6bf00000)]
  0x00000221cba59030 JavaThread "SCR Component Actor" daemon [_thread_blocked, id=10948, stack(0x000000be6bf00000,0x000000be6c000000)]
  0x00000221cb97fb20 JavaThread "SCR Component Registry" daemon [_thread_blocked, id=15552, stack(0x000000be6c100000,0x000000be6c200000)]
  0x00000221cb218f00 JavaThread "Worker-JM" [_thread_blocked, id=14128, stack(0x000000be6c400000,0x000000be6c500000)]
  0x00000221cb219410 JavaThread "Worker-0" [_thread_blocked, id=13016, stack(0x000000be6c600000,0x000000be6c700000)]
  0x00000221cb21b270 JavaThread "Worker-1" [_thread_blocked, id=14180, stack(0x000000be6c700000,0x000000be6c800000)]

Other Threads:
  0x00000221afb9cdb0 VMThread "VM Thread" [stack: 0x000000be6a600000,0x000000be6a700000] [id=15816]
  0x00000221cabbabc0 WatcherThread [stack: 0x000000be6b300000,0x000000be6b400000] [id=17732]
  0x00000221afb2c070 GCTaskThread "GC Thread#0" [stack: 0x000000be6a500000,0x000000be6a600000] [id=12028]
  0x00000221cb159090 GCTaskThread "GC Thread#1" [stack: 0x000000be6b400000,0x000000be6b500000] [id=8672]
  0x00000221cb169080 GCTaskThread "GC Thread#2" [stack: 0x000000be6b500000,0x000000be6b600000] [id=26048]
  0x00000221cb169340 GCTaskThread "GC Thread#3" [stack: 0x000000be6b600000,0x000000be6b700000] [id=14464]
  0x00000221cb169600 GCTaskThread "GC Thread#4" [stack: 0x000000be6b700000,0x000000be6b800000] [id=24340]
  0x00000221cb16a6e0 GCTaskThread "GC Thread#5" [stack: 0x000000be6b800000,0x000000be6b900000] [id=26944]
  0x00000221cb5444c0 GCTaskThread "GC Thread#6" [stack: 0x000000be6bc00000,0x000000be6bd00000] [id=9436]
  0x00000221ad8db210 GCTaskThread "GC Thread#7" [stack: 0x000000be6bd00000,0x000000be6be00000] [id=24384]
  0x00000221cb8f50a0 GCTaskThread "GC Thread#8" [stack: 0x000000be6c000000,0x000000be6c100000] [id=9572]
  0x00000221cba38aa0 GCTaskThread "GC Thread#9" [stack: 0x000000be6c200000,0x000000be6c300000] [id=18516]
  0x00000221cba37040 GCTaskThread "GC Thread#10" [stack: 0x000000be6c300000,0x000000be6c400000] [id=7484]
  0x00000221cb5f5630 GCTaskThread "GC Thread#11" [stack: 0x000000be6c500000,0x000000be6c600000] [id=19220]
  0x00000221cace4d60 GCTaskThread "GC Thread#12" [stack: 0x000000be6c800000,0x000000be6c900000] [id=11480]

Threads with active compile tasks:
C2 CompilerThread0     8186 4028       4       org.lombokweb.asm.ClassReader::readMethod (1066 bytes)
C1 CompilerThread0     8186 4141       3       com.sun.org.apache.xerces.internal.dom.AttrImpl::getNodeName (16 bytes)

VM state: not at safepoint (normal execution)

VM Mutex/Monitor currently owned by a thread: None

Heap address: 0x00000000c0000000, size: 1024 MB, Compressed Oops mode: 32-bit

CDS archive(s) not mapped
Compressed class space mapped at: 0x0000000100000000-0x0000000140000000, reserved size: 1073741824
Narrow klass base: 0x0000000000000000, Narrow klass shift: 3, Narrow klass range: 0x140000000

GC Precious Log:
 CPUs: 16 total, 16 available
 Memory: 7599M
 Large Page Support: Disabled
 NUMA Support: Disabled
 Compressed Oops: Enabled (32-bit)
 Alignments: Space 512K, Generation 512K, Heap 2M
 Heap Min Capacity: 100M
 Heap Initial Capacity: 100M
 Heap Max Capacity: 1G
 Pre-touch: Disabled
 Parallel Workers: 13

Heap:
 PSYoungGen      total 27136K, used 13304K [0x00000000eab00000, 0x00000000ec900000, 0x0000000100000000)
  eden space 23552K, 41% used [0x00000000eab00000,0x00000000eb4a5828,0x00000000ec200000)
  from space 3584K, 95% used [0x00000000ec380000,0x00000000ec6d8810,0x00000000ec700000)
  to   space 2048K, 0% used [0x00000000ec700000,0x00000000ec700000,0x00000000ec900000)
 ParOldGen       total 68608K, used 12782K [0x00000000c0000000, 0x00000000c4300000, 0x00000000eab00000)
  object space 68608K, 18% used [0x00000000c0000000,0x00000000c0c7ba70,0x00000000c4300000)
 Metaspace       used 33561K, committed 34240K, reserved 1114112K
  class space    used 3284K, committed 3584K, reserved 1048576K

Card table byte_map: [0x00000221af3b0000,0x00000221af5c0000] _byte_map_base: 0x00000221aedb0000

Marking Bits: (ParMarkBitMap*) 0x00007ffaa866d7d0
 Begin Bits: [0x00000221c17a0000, 0x00000221c27a0000)
 End Bits:   [0x00000221c27a0000, 0x00000221c37a0000)

Polling page: 0x00000221ad7b0000

Metaspace:

Usage:
  Non-class:     29.57 MB used.
      Class:      3.21 MB used.
       Both:     32.78 MB used.

Virtual space:
  Non-class space:       64.00 MB reserved,      29.94 MB ( 47%) committed,  1 nodes.
      Class space:        1.00 GB reserved,       3.50 MB ( <1%) committed,  1 nodes.
             Both:        1.06 GB reserved,      33.44 MB (  3%) committed. 

Chunk freelists:
   Non-Class:  2.02 MB
       Class:  12.45 MB
        Both:  14.47 MB

MaxMetaspaceSize: unlimited
CompressedClassSpaceSize: 1.00 GB
Initial GC threshold: 21.00 MB
Current GC threshold: 35.00 MB
CDS: off
MetaspaceReclaimPolicy: balanced
 - commit_granule_bytes: 65536.
 - commit_granule_words: 8192.
 - virtual_space_node_default_size: 8388608.
 - enlarge_chunks_in_place: 1.
 - new_chunks_are_fully_committed: 0.
 - uncommit_free_chunks: 1.
 - use_allocation_guard: 0.
 - handle_deallocations: 1.


Internal statistics:

num_allocs_failed_limit: 3.
num_arena_births: 572.
num_arena_deaths: 0.
num_vsnodes_births: 2.
num_vsnodes_deaths: 0.
num_space_committed: 535.
num_space_uncommitted: 0.
num_chunks_returned_to_freelist: 3.
num_chunks_taken_from_freelist: 1626.
num_chunk_merges: 3.
num_chunk_splits: 1034.
num_chunks_enlarged: 631.
num_inconsistent_stats: 0.

CodeHeap 'non-profiled nmethods': size=119168Kb used=1555Kb max_used=1555Kb free=117612Kb
 bounds [0x00000221ba340000, 0x00000221ba5b0000, 0x00000221c17a0000]
CodeHeap 'profiled nmethods': size=119104Kb used=8996Kb max_used=8996Kb free=110107Kb
 bounds [0x00000221b27a0000, 0x00000221b3070000, 0x00000221b9bf0000]
CodeHeap 'non-nmethods': size=7488Kb used=1819Kb max_used=1819Kb free=5669Kb
 bounds [0x00000221b9bf0000, 0x00000221b9e60000, 0x00000221ba340000]
 total_blobs=4692 nmethods=4122 adapters=483
 compilation: enabled
              stopped_count=0, restarted_count=0
 full_count=0

Compilation events (20 events):
Event: 8.119 Thread 0x00000221c89e74f0 4095       3       org.eclipse.core.runtime.Path::parsePortableString (175 bytes)
Event: 8.120 Thread 0x00000221c8b27690 nmethod 4094 0x00000221b304d210 code [0x00000221b304d440, 0x00000221b304dcd8]
Event: 8.120 Thread 0x00000221c8b27690 4096       3       org.eclipse.core.runtime.Path::fromPortableString (5 bytes)
Event: 8.120 Thread 0x00000221c8b27690 nmethod 4096 0x00000221b304e010 code [0x00000221b304e1c0, 0x00000221b304e328]
Event: 8.122 Thread 0x00000221c89e74f0 nmethod 4095 0x00000221b304e410 code [0x00000221b304e760, 0x00000221b304fb18]
Event: 8.126 Thread 0x00000221c89e74f0 4097   !   3       org.eclipse.osgi.internal.loader.BundleLoader::findImportedSource (29 bytes)
Event: 8.127 Thread 0x00000221c89e74f0 nmethod 4097 0x00000221b3050310 code [0x00000221b30504e0, 0x00000221b3050898]
Event: 8.129 Thread 0x00000221c89e74f0 4098 %     3       java.util.Properties::loadConvert @ 8 (540 bytes)
Event: 8.130 Thread 0x00000221c89e74f0 nmethod 4098% 0x00000221b3050a10 code [0x00000221b3050d00, 0x00000221b3052238]
Event: 8.152 Thread 0x00000221c8b27690 4099       3       java.nio.ByteBuffer::<init> (47 bytes)
Event: 8.153 Thread 0x00000221c89e74f0 4100       3       java.util.Properties::loadConvert (540 bytes)
Event: 8.153 Thread 0x00000221c8b27690 nmethod 4099 0x00000221b3052890 code [0x00000221b3052a40, 0x00000221b3052c28]
Event: 8.153 Thread 0x00000221c8b27690 4103       3       java.lang.Character::isJavaIdentifierPart (9 bytes)
Event: 8.154 Thread 0x00000221c8b27690 nmethod 4103 0x00000221b3052d10 code [0x00000221b3052ec0, 0x00000221b30530b8]
Event: 8.154 Thread 0x00000221c8b27690 4104       3       java.lang.CharacterDataLatin1::isJavaIdentifierPart (20 bytes)
Event: 8.154 Thread 0x00000221c89e74f0 nmethod 4100 0x00000221b3053190 code [0x00000221b3053480, 0x00000221b3054898]
Event: 8.154 Thread 0x00000221c8b27690 nmethod 4104 0x00000221b3054f10 code [0x00000221b30550c0, 0x00000221b30552d8]
Event: 8.154 Thread 0x00000221c89e74f0 4105       3       jdk.internal.loader.BootLoader::findResource (8 bytes)
Event: 8.154 Thread 0x00000221c8b27690 4106       1       jdk.internal.jimage.decompressor.CompressedResourceHeader::getSize (3 bytes)
Event: 8.154 Thread 0x00000221c8b27690 nmethod 4106 0x00000221ba4c3910 code [0x00000221ba4c3aa0, 0x00000221ba4c3b58]

GC Heap History (20 events):
Event: 1.424 GC heap before
{Heap before GC invocations=1 (full 0):
 PSYoungGen      total 29696K, used 25600K [0x00000000eab00000, 0x00000000ecc00000, 0x0000000100000000)
  eden space 25600K, 100% used [0x00000000eab00000,0x00000000ec400000,0x00000000ec400000)
  from space 4096K, 0% used [0x00000000ec800000,0x00000000ec800000,0x00000000ecc00000)
  to   space 4096K, 0% used [0x00000000ec400000,0x00000000ec400000,0x00000000ec800000)
 ParOldGen       total 68608K, used 0K [0x00000000c0000000, 0x00000000c4300000, 0x00000000eab00000)
  object space 68608K, 0% used [0x00000000c0000000,0x00000000c0000000,0x00000000c4300000)
 Metaspace       used 10869K, committed 11072K, reserved 1114112K
  class space    used 1075K, committed 1152K, reserved 1048576K
}
Event: 1.436 GC heap after
{Heap after GC invocations=1 (full 0):
 PSYoungGen      total 29696K, used 3124K [0x00000000eab00000, 0x00000000ecc00000, 0x0000000100000000)
  eden space 25600K, 0% used [0x00000000eab00000,0x00000000eab00000,0x00000000ec400000)
  from space 4096K, 76% used [0x00000000ec400000,0x00000000ec70d130,0x00000000ec800000)
  to   space 4096K, 0% used [0x00000000ec800000,0x00000000ec800000,0x00000000ecc00000)
 ParOldGen       total 68608K, used 16K [0x00000000c0000000, 0x00000000c4300000, 0x00000000eab00000)
  object space 68608K, 0% used [0x00000000c0000000,0x00000000c0004000,0x00000000c4300000)
 Metaspace       used 10869K, committed 11072K, reserved 1114112K
  class space    used 1075K, committed 1152K, reserved 1048576K
}
Event: 2.631 GC heap before
{Heap before GC invocations=2 (full 0):
 PSYoungGen      total 29696K, used 28724K [0x00000000eab00000, 0x00000000ecc00000, 0x0000000100000000)
  eden space 25600K, 100% used [0x00000000eab00000,0x00000000ec400000,0x00000000ec400000)
  from space 4096K, 76% used [0x00000000ec400000,0x00000000ec70d130,0x00000000ec800000)
  to   space 4096K, 0% used [0x00000000ec800000,0x00000000ec800000,0x00000000ecc00000)
 ParOldGen       total 68608K, used 16K [0x00000000c0000000, 0x00000000c4300000, 0x00000000eab00000)
  object space 68608K, 0% used [0x00000000c0000000,0x00000000c0004000,0x00000000c4300000)
 Metaspace       used 14538K, committed 14720K, reserved 1114112K
  class space    used 1446K, committed 1536K, reserved 1048576K
}
Event: 2.641 GC heap after
{Heap after GC invocations=2 (full 0):
 PSYoungGen      total 29696K, used 4084K [0x00000000eab00000, 0x00000000ecc00000, 0x0000000100000000)
  eden space 25600K, 0% used [0x00000000eab00000,0x00000000eab00000,0x00000000ec400000)
  from space 4096K, 99% used [0x00000000ec800000,0x00000000ecbfd130,0x00000000ecc00000)
  to   space 4096K, 0% used [0x00000000ec400000,0x00000000ec400000,0x00000000ec800000)
 ParOldGen       total 68608K, used 1446K [0x00000000c0000000, 0x00000000c4300000, 0x00000000eab00000)
  object space 68608K, 2% used [0x00000000c0000000,0x00000000c0169840,0x00000000c4300000)
 Metaspace       used 14538K, committed 14720K, reserved 1114112K
  class space    used 1446K, committed 1536K, reserved 1048576K
}
Event: 3.984 GC heap before
{Heap before GC invocations=3 (full 0):
 PSYoungGen      total 29696K, used 29684K [0x00000000eab00000, 0x00000000ecc00000, 0x0000000100000000)
  eden space 25600K, 100% used [0x00000000eab00000,0x00000000ec400000,0x00000000ec400000)
  from space 4096K, 99% used [0x00000000ec800000,0x00000000ecbfd130,0x00000000ecc00000)
  to   space 4096K, 0% used [0x00000000ec400000,0x00000000ec400000,0x00000000ec800000)
 ParOldGen       total 68608K, used 1446K [0x00000000c0000000, 0x00000000c4300000, 0x00000000eab00000)
  object space 68608K, 2% used [0x00000000c0000000,0x00000000c0169840,0x00000000c4300000)
 Metaspace       used 16214K, committed 16448K, reserved 1114112K
  class space    used 1621K, committed 1728K, reserved 1048576K
}
Event: 3.994 GC heap after
{Heap after GC invocations=3 (full 0):
 PSYoungGen      total 29696K, used 4095K [0x00000000eab00000, 0x00000000ecc00000, 0x0000000100000000)
  eden space 25600K, 0% used [0x00000000eab00000,0x00000000eab00000,0x00000000ec400000)
  from space 4096K, 99% used [0x00000000ec400000,0x00000000ec7fff20,0x00000000ec800000)
  to   space 4096K, 0% used [0x00000000ec800000,0x00000000ec800000,0x00000000ecc00000)
 ParOldGen       total 68608K, used 5110K [0x00000000c0000000, 0x00000000c4300000, 0x00000000eab00000)
  object space 68608K, 7% used [0x00000000c0000000,0x00000000c04fda00,0x00000000c4300000)
 Metaspace       used 16214K, committed 16448K, reserved 1114112K
  class space    used 1621K, committed 1728K, reserved 1048576K
}
Event: 4.976 GC heap before
{Heap before GC invocations=4 (full 0):
 PSYoungGen      total 29696K, used 29695K [0x00000000eab00000, 0x00000000ecc00000, 0x0000000100000000)
  eden space 25600K, 100% used [0x00000000eab00000,0x00000000ec400000,0x00000000ec400000)
  from space 4096K, 99% used [0x00000000ec400000,0x00000000ec7fff20,0x00000000ec800000)
  to   space 4096K, 0% used [0x00000000ec800000,0x00000000ec800000,0x00000000ecc00000)
 ParOldGen       total 68608K, used 5110K [0x00000000c0000000, 0x00000000c4300000, 0x00000000eab00000)
  object space 68608K, 7% used [0x00000000c0000000,0x00000000c04fda00,0x00000000c4300000)
 Metaspace       used 19804K, committed 20288K, reserved 1114112K
  class space    used 1988K, committed 2176K, reserved 1048576K
}
Event: 4.986 GC heap after
{Heap after GC invocations=4 (full 0):
 PSYoungGen      total 29696K, used 4091K [0x00000000eab00000, 0x00000000ecc00000, 0x0000000100000000)
  eden space 25600K, 0% used [0x00000000eab00000,0x00000000eab00000,0x00000000ec400000)
  from space 4096K, 99% used [0x00000000ec800000,0x00000000ecbfeee8,0x00000000ecc00000)
  to   space 4096K, 0% used [0x00000000ec400000,0x00000000ec400000,0x00000000ec800000)
 ParOldGen       total 68608K, used 6698K [0x00000000c0000000, 0x00000000c4300000, 0x00000000eab00000)
  object space 68608K, 9% used [0x00000000c0000000,0x00000000c068a9b0,0x00000000c4300000)
 Metaspace       used 19804K, committed 20288K, reserved 1114112K
  class space    used 1988K, committed 2176K, reserved 1048576K
}
Event: 5.224 GC heap before
{Heap before GC invocations=5 (full 0):
 PSYoungGen      total 29696K, used 10896K [0x00000000eab00000, 0x00000000ecc00000, 0x0000000100000000)
  eden space 25600K, 26% used [0x00000000eab00000,0x00000000eb1a54c8,0x00000000ec400000)
  from space 4096K, 99% used [0x00000000ec800000,0x00000000ecbfeee8,0x00000000ecc00000)
  to   space 4096K, 0% used [0x00000000ec400000,0x00000000ec400000,0x00000000ec800000)
 ParOldGen       total 68608K, used 6698K [0x00000000c0000000, 0x00000000c4300000, 0x00000000eab00000)
  object space 68608K, 9% used [0x00000000c0000000,0x00000000c068a9b0,0x00000000c4300000)
 Metaspace       used 21122K, committed 21504K, reserved 1114112K
  class space    used 2114K, committed 2304K, reserved 1048576K
}
Event: 5.229 GC heap after
{Heap after GC invocations=5 (full 0):
 PSYoungGen      total 29696K, used 4085K [0x00000000eab00000, 0x00000000ece00000, 0x0000000100000000)
  eden space 25600K, 0% used [0x00000000eab00000,0x00000000eab00000,0x00000000ec400000)
  from space 4096K, 99% used [0x00000000ec400000,0x00000000ec7fd6d0,0x00000000ec800000)
  to   space 5120K, 0% used [0x00000000ec900000,0x00000000ec900000,0x00000000ece00000)
 ParOldGen       total 68608K, used 6991K [0x00000000c0000000, 0x00000000c4300000, 0x00000000eab00000)
  object space 68608K, 10% used [0x00000000c0000000,0x00000000c06d3ee0,0x00000000c4300000)
 Metaspace       used 21122K, committed 21504K, reserved 1114112K
  class space    used 2114K, committed 2304K, reserved 1048576K
}
Event: 5.229 GC heap before
{Heap before GC invocations=6 (full 1):
 PSYoungGen      total 29696K, used 4085K [0x00000000eab00000, 0x00000000ece00000, 0x0000000100000000)
  eden space 25600K, 0% used [0x00000000eab00000,0x00000000eab00000,0x00000000ec400000)
  from space 4096K, 99% used [0x00000000ec400000,0x00000000ec7fd6d0,0x00000000ec800000)
  to   space 5120K, 0% used [0x00000000ec900000,0x00000000ec900000,0x00000000ece00000)
 ParOldGen       total 68608K, used 6991K [0x00000000c0000000, 0x00000000c4300000, 0x00000000eab00000)
  object space 68608K, 10% used [0x00000000c0000000,0x00000000c06d3ee0,0x00000000c4300000)
 Metaspace       used 21122K, committed 21504K, reserved 1114112K
  class space    used 2114K, committed 2304K, reserved 1048576K
}
Event: 5.261 GC heap after
{Heap after GC invocations=6 (full 1):
 PSYoungGen      total 29696K, used 0K [0x00000000eab00000, 0x00000000ece00000, 0x0000000100000000)
  eden space 25600K, 0% used [0x00000000eab00000,0x00000000eab00000,0x00000000ec400000)
  from space 4096K, 0% used [0x00000000ec400000,0x00000000ec400000,0x00000000ec800000)
  to   space 5120K, 0% used [0x00000000ec900000,0x00000000ec900000,0x00000000ece00000)
 ParOldGen       total 68608K, used 10548K [0x00000000c0000000, 0x00000000c4300000, 0x00000000eab00000)
  object space 68608K, 15% used [0x00000000c0000000,0x00000000c0a4d070,0x00000000c4300000)
 Metaspace       used 21122K, committed 21504K, reserved 1114112K
  class space    used 2114K, committed 2304K, reserved 1048576K
}
Event: 6.063 GC heap before
{Heap before GC invocations=7 (full 1):
 PSYoungGen      total 29696K, used 25600K [0x00000000eab00000, 0x00000000ece00000, 0x0000000100000000)
  eden space 25600K, 100% used [0x00000000eab00000,0x00000000ec400000,0x00000000ec400000)
  from space 4096K, 0% used [0x00000000ec400000,0x00000000ec400000,0x00000000ec800000)
  to   space 5120K, 0% used [0x00000000ec900000,0x00000000ec900000,0x00000000ece00000)
 ParOldGen       total 68608K, used 10548K [0x00000000c0000000, 0x00000000c4300000, 0x00000000eab00000)
  object space 68608K, 15% used [0x00000000c0000000,0x00000000c0a4d070,0x00000000c4300000)
 Metaspace       used 24489K, committed 25024K, reserved 1114112K
  class space    used 2471K, committed 2688K, reserved 1048576K
}
Event: 6.067 GC heap after
{Heap after GC invocations=7 (full 1):
 PSYoungGen      total 26112K, used 1008K [0x00000000eab00000, 0x00000000eca00000, 0x0000000100000000)
  eden space 25088K, 0% used [0x00000000eab00000,0x00000000eab00000,0x00000000ec380000)
  from space 1024K, 98% used [0x00000000ec900000,0x00000000ec9fc0a8,0x00000000eca00000)
  to   space 2560K, 0% used [0x00000000ec500000,0x00000000ec500000,0x00000000ec780000)
 ParOldGen       total 68608K, used 10556K [0x00000000c0000000, 0x00000000c4300000, 0x00000000eab00000)
  object space 68608K, 15% used [0x00000000c0000000,0x00000000c0a4f070,0x00000000c4300000)
 Metaspace       used 24489K, committed 25024K, reserved 1114112K
  class space    used 2471K, committed 2688K, reserved 1048576K
}
Event: 7.318 GC heap before
{Heap before GC invocations=8 (full 1):
 PSYoungGen      total 26112K, used 26083K [0x00000000eab00000, 0x00000000eca00000, 0x0000000100000000)
  eden space 25088K, 99% used [0x00000000eab00000,0x00000000ec37cd08,0x00000000ec380000)
  from space 1024K, 98% used [0x00000000ec900000,0x00000000ec9fc0a8,0x00000000eca00000)
  to   space 2560K, 0% used [0x00000000ec500000,0x00000000ec500000,0x00000000ec780000)
 ParOldGen       total 68608K, used 10556K [0x00000000c0000000, 0x00000000c4300000, 0x00000000eab00000)
  object space 68608K, 15% used [0x00000000c0000000,0x00000000c0a4f070,0x00000000c4300000)
 Metaspace       used 27372K, committed 28096K, reserved 1114112K
  class space    used 2815K, committed 3136K, reserved 1048576K
}
Event: 7.321 GC heap after
{Heap after GC invocations=8 (full 1):
 PSYoungGen      total 27136K, used 2551K [0x00000000eab00000, 0x00000000ecb00000, 0x0000000100000000)
  eden space 24576K, 0% used [0x00000000eab00000,0x00000000eab00000,0x00000000ec300000)
  from space 2560K, 99% used [0x00000000ec500000,0x00000000ec77de40,0x00000000ec780000)
  to   space 3584K, 0% used [0x00000000ec780000,0x00000000ec780000,0x00000000ecb00000)
 ParOldGen       total 68608K, used 11372K [0x00000000c0000000, 0x00000000c4300000, 0x00000000eab00000)
  object space 68608K, 16% used [0x00000000c0000000,0x00000000c0b1b080,0x00000000c4300000)
 Metaspace       used 27372K, committed 28096K, reserved 1114112K
  class space    used 2815K, committed 3136K, reserved 1048576K
}
Event: 7.743 GC heap before
{Heap before GC invocations=9 (full 1):
 PSYoungGen      total 27136K, used 27127K [0x00000000eab00000, 0x00000000ecb00000, 0x0000000100000000)
  eden space 24576K, 100% used [0x00000000eab00000,0x00000000ec300000,0x00000000ec300000)
  from space 2560K, 99% used [0x00000000ec500000,0x00000000ec77de40,0x00000000ec780000)
  to   space 3584K, 0% used [0x00000000ec780000,0x00000000ec780000,0x00000000ecb00000)
 ParOldGen       total 68608K, used 11372K [0x00000000c0000000, 0x00000000c4300000, 0x00000000eab00000)
  object space 68608K, 16% used [0x00000000c0000000,0x00000000c0b1b080,0x00000000c4300000)
 Metaspace       used 30052K, committed 30784K, reserved 1114112K
  class space    used 2993K, committed 3328K, reserved 1048576K
}
Event: 7.745 GC heap after
{Heap after GC invocations=9 (full 1):
 PSYoungGen      total 27136K, used 2966K [0x00000000eab00000, 0x00000000eca80000, 0x0000000100000000)
  eden space 24064K, 0% used [0x00000000eab00000,0x00000000eab00000,0x00000000ec280000)
  from space 3072K, 96% used [0x00000000ec780000,0x00000000eca65a60,0x00000000eca80000)
  to   space 3584K, 0% used [0x00000000ec380000,0x00000000ec380000,0x00000000ec700000)
 ParOldGen       total 68608K, used 11380K [0x00000000c0000000, 0x00000000c4300000, 0x00000000eab00000)
  object space 68608K, 16% used [0x00000000c0000000,0x00000000c0b1d080,0x00000000c4300000)
 Metaspace       used 30052K, committed 30784K, reserved 1114112K
  class space    used 2993K, committed 3328K, reserved 1048576K
}
Event: 8.080 GC heap before
{Heap before GC invocations=10 (full 1):
 PSYoungGen      total 27136K, used 27030K [0x00000000eab00000, 0x00000000eca80000, 0x0000000100000000)
  eden space 24064K, 100% used [0x00000000eab00000,0x00000000ec280000,0x00000000ec280000)
  from space 3072K, 96% used [0x00000000ec780000,0x00000000eca65a60,0x00000000eca80000)
  to   space 3584K, 0% used [0x00000000ec380000,0x00000000ec380000,0x00000000ec700000)
 ParOldGen       total 68608K, used 11380K [0x00000000c0000000, 0x00000000c4300000, 0x00000000eab00000)
  object space 68608K, 16% used [0x00000000c0000000,0x00000000c0b1d080,0x00000000c4300000)
 Metaspace       used 32848K, committed 33536K, reserved 1114112K
  class space    used 3211K, committed 3520K, reserved 1048576K
}
Event: 8.084 GC heap after
{Heap after GC invocations=10 (full 1):
 PSYoungGen      total 27136K, used 3426K [0x00000000eab00000, 0x00000000ec900000, 0x0000000100000000)
  eden space 23552K, 0% used [0x00000000eab00000,0x00000000eab00000,0x00000000ec200000)
  from space 3584K, 95% used [0x00000000ec380000,0x00000000ec6d8810,0x00000000ec700000)
  to   space 2048K, 0% used [0x00000000ec700000,0x00000000ec700000,0x00000000ec900000)
 ParOldGen       total 68608K, used 12782K [0x00000000c0000000, 0x00000000c4300000, 0x00000000eab00000)
  object space 68608K, 18% used [0x00000000c0000000,0x00000000c0c7ba70,0x00000000c4300000)
 Metaspace       used 32848K, committed 33536K, reserved 1114112K
  class space    used 3211K, committed 3520K, reserved 1048576K
}

Dll operation events (9 events):
Event: 0.016 Loaded shared library c:\Users\STARIM\.vscode\extensions\redhat.java-1.28.1-win32-x64\jre\17.0.10-win32-x86_64\bin\java.dll
Event: 0.301 Loaded shared library c:\Users\STARIM\.vscode\extensions\redhat.java-1.28.1-win32-x64\jre\17.0.10-win32-x86_64\bin\zip.dll
Event: 0.308 Loaded shared library C:\Users\STARIM\.vscode\extensions\redhat.java-1.28.1-win32-x64\jre\17.0.10-win32-x86_64\bin\instrument.dll
Event: 0.343 Loaded shared library C:\Users\STARIM\.vscode\extensions\redhat.java-1.28.1-win32-x64\jre\17.0.10-win32-x86_64\bin\net.dll
Event: 0.348 Loaded shared library C:\Users\STARIM\.vscode\extensions\redhat.java-1.28.1-win32-x64\jre\17.0.10-win32-x86_64\bin\nio.dll
Event: 0.360 Loaded shared library C:\Users\STARIM\.vscode\extensions\redhat.java-1.28.1-win32-x64\jre\17.0.10-win32-x86_64\bin\zip.dll
Event: 0.394 Loaded shared library C:\Users\STARIM\.vscode\extensions\redhat.java-1.28.1-win32-x64\jre\17.0.10-win32-x86_64\bin\jimage.dll
Event: 0.499 Loaded shared library c:\Users\STARIM\.vscode\extensions\redhat.java-1.28.1-win32-x64\jre\17.0.10-win32-x86_64\bin\verify.dll
Event: 2.511 Loaded shared library C:\Users\STARIM\AppData\Roaming\Code\User\globalStorage\redhat.java\1.28.1\config_win\org.eclipse.equinox.launcher\org.eclipse.equinox.launcher.win32.win32.x86_64_1.2.900.v20240129-1338\eclipse_11900.dll

Deoptimization events (20 events):
Event: 7.335 Thread 0x00000221cb212600 DEOPT PACKING pc=0x00000221b2b530e7 sp=0x000000be6bbf5460
Event: 7.335 Thread 0x00000221cb212600 DEOPT UNPACKING pc=0x00000221b9c46e43 sp=0x000000be6bbf49e0 mode 0
Event: 8.119 Thread 0x00000221cb212600 Uncommon trap: trap_request=0xffffffde fr.pc=0x00000221ba3c8f90 relative=0x0000000000000970
Event: 8.119 Thread 0x00000221cb212600 Uncommon trap: reason=class_check action=maybe_recompile pc=0x00000221ba3c8f90 method=java.util.HashMap.putVal(ILjava/lang/Object;Ljava/lang/Object;ZZ)Ljava/lang/Object; @ 91 c2
Event: 8.119 Thread 0x00000221cb212600 DEOPT PACKING pc=0x00000221ba3c8f90 sp=0x000000be6bbf9d80
Event: 8.119 Thread 0x00000221cb212600 DEOPT UNPACKING pc=0x00000221b9c466a3 sp=0x000000be6bbf9d00 mode 2
Event: 8.129 Thread 0x00000221cb212600 Uncommon trap: trap_request=0xffffff45 fr.pc=0x00000221ba44f8c8 relative=0x0000000000000f28
Event: 8.129 Thread 0x00000221cb212600 Uncommon trap: reason=unstable_if action=reinterpret pc=0x00000221ba44f8c8 method=java.util.Properties.loadConvert([CIILjava/lang/StringBuilder;)Ljava/lang/String; @ 463 c2
Event: 8.129 Thread 0x00000221cb212600 DEOPT PACKING pc=0x00000221ba44f8c8 sp=0x000000be6bbf8040
Event: 8.129 Thread 0x00000221cb212600 DEOPT UNPACKING pc=0x00000221b9c466a3 sp=0x000000be6bbf8020 mode 2
Event: 8.130 Thread 0x00000221cb212600 Uncommon trap: trap_request=0xffffffc6 fr.pc=0x00000221ba405f24 relative=0x00000000000009e4
Event: 8.130 Thread 0x00000221cb212600 Uncommon trap: reason=bimorphic_or_optimized_type_check action=maybe_recompile pc=0x00000221ba405f24 method=java.util.HashMap.putVal(ILjava/lang/Object;Ljava/lang/Object;ZZ)Ljava/lang/Object; @ 56 c2
Event: 8.130 Thread 0x00000221cb212600 DEOPT PACKING pc=0x00000221ba405f24 sp=0x000000be6bbf9aa0
Event: 8.130 Thread 0x00000221cb212600 DEOPT UNPACKING pc=0x00000221b9c466a3 sp=0x000000be6bbf99a0 mode 2
Event: 8.130 Thread 0x00000221cb212600 Uncommon trap: trap_request=0xffffffc6 fr.pc=0x00000221ba405f38 relative=0x00000000000009f8
Event: 8.130 Thread 0x00000221cb212600 Uncommon trap: reason=bimorphic_or_optimized_type_check action=maybe_recompile pc=0x00000221ba405f38 method=java.util.HashMap.putVal(ILjava/lang/Object;Ljava/lang/Object;ZZ)Ljava/lang/Object; @ 253 c2
Event: 8.130 Thread 0x00000221cb212600 DEOPT PACKING pc=0x00000221ba405f38 sp=0x000000be6bbf99f0
Event: 8.130 Thread 0x00000221cb212600 DEOPT UNPACKING pc=0x00000221b9c466a3 sp=0x000000be6bbf9918 mode 2
Event: 8.154 Thread 0x00000221cb212600 DEOPT PACKING pc=0x00000221b2b680d6 sp=0x000000be6bbf86d0
Event: 8.154 Thread 0x00000221cb212600 DEOPT UNPACKING pc=0x00000221b9c46e43 sp=0x000000be6bbf7b70 mode 0

Classes unloaded (0 events):
No events

Classes redefined (0 events):
No events

Internal exceptions (20 events):
Event: 7.006 Thread 0x00000221cb212600 Exception <a 'java/lang/NoSuchMethodError'{0x00000000ebca7b48}: 'int java.lang.invoke.DirectMethodHandle$Holder.invokeStaticInit(java.lang.Object, int, int)'> (0x00000000ebca7b48) 
thrown [s\src\hotspot\share\interpreter\linkResolver.cpp, line 759]
Event: 7.009 Thread 0x00000221cb212600 Exception <a 'java/lang/NoSuchMethodError'{0x00000000ebcb0328}: 'int java.lang.invoke.DirectMethodHandle$Holder.invokeStaticInit(java.lang.Object, long, long)'> (0x00000000ebcb0328) 
thrown [s\src\hotspot\share\interpreter\linkResolver.cpp, line 759]
Event: 7.011 Thread 0x00000221cb212600 Exception <a 'java/lang/NoSuchMethodError'{0x00000000ebcb83d8}: 'int java.lang.invoke.DirectMethodHandle$Holder.invokeStaticInit(java.lang.Object, float, float)'> (0x00000000ebcb83d8) 
thrown [s\src\hotspot\share\interpreter\linkResolver.cpp, line 759]
Event: 7.013 Thread 0x00000221cb212600 Exception <a 'java/lang/NoSuchMethodError'{0x00000000ebcc0220}: 'int java.lang.invoke.DirectMethodHandle$Holder.invokeStaticInit(java.lang.Object, double, double)'> (0x00000000ebcc0220) 
thrown [s\src\hotspot\share\interpreter\linkResolver.cpp, line 759]
Event: 7.014 Thread 0x00000221cb212600 Exception <a 'java/lang/NoSuchMethodError'{0x00000000ebcc5818}: 'int java.lang.invoke.DirectMethodHandle$Holder.invokeStatic(java.lang.Object, long)'> (0x00000000ebcc5818) 
thrown [s\src\hotspot\share\interpreter\linkResolver.cpp, line 759]
Event: 7.024 Thread 0x00000221cb212600 Exception <a 'java/lang/NoSuchMethodError'{0x00000000ebceda70}: 'int java.lang.invoke.Invokers$Holder.linkToTargetMethod(java.lang.Object, java.lang.Object)'> (0x00000000ebceda70) 
thrown [s\src\hotspot\share\interpreter\linkResolver.cpp, line 759]
Event: 7.078 Thread 0x00000221cb212600 Exception <a 'java/lang/NoSuchMethodError'{0x00000000ebddc9a0}: 'java.lang.Object java.lang.invoke.DirectMethodHandle$Holder.invokeSpecial(java.lang.Object, java.lang.Object, java.lang.Object, java.lang.Object, java.lang.Object, java.lang.Object, java.lang.Object, java.lang.Object, java.lang.Object, java.lang.Object, java.lang.Object)'> (0x00000000ebddc9a0) 
thrown [s\src\hotspot\share\interpreter\linkResolver.cpp, line 759]
Event: 7.079 Thread 0x00000221cb212600 Exception <a 'java/lang/NoSuchMethodError'{0x00000000ebde1eb8}: 'java.lang.Object java.lang.invoke.Invokers$Holder.invoke_MT(java.lang.Object, java.lang.Object, java.lang.Object, java.lang.Object, java.lang.Object, java.lang.Object, java.lang.Object, java.lang.Object, java.lang.Object, java.lang.Object, java.lang.Object)'> (0x00000000ebde1eb8) 
thrown [s\src\hotspot\share\interpreter\linkResolver.cpp, line 759]
Event: 7.121 Thread 0x00000221cb212600 Exception <a 'java/lang/NoSuchMethodError'{0x00000000ebe6ee78}: 'java.lang.Object java.lang.invoke.DirectMethodHandle$Holder.invokeSpecial(java.lang.Object, java.lang.Object, java.lang.Object, java.lang.Object, java.lang.Object, java.lang.Object, java.lang.Object, java.lang.Object, java.lang.Object, java.lang.Object)'> (0x00000000ebe6ee78) 
thrown [s\src\hotspot\share\interpreter\linkResolver.cpp, line 759]
Event: 7.122 Thread 0x00000221cb212600 Exception <a 'java/lang/NoSuchMethodError'{0x00000000ebe740c8}: 'java.lang.Object java.lang.invoke.Invokers$Holder.invoke_MT(java.lang.Object, java.lang.Object, java.lang.Object, java.lang.Object, java.lang.Object, java.lang.Object, java.lang.Object, java.lang.Object, java.lang.Object, java.lang.Object)'> (0x00000000ebe740c8) 
thrown [s\src\hotspot\share\interpreter\linkResolver.cpp, line 759]
Event: 7.150 Thread 0x00000221cb212600 Exception <a 'java/lang/NoSuchMethodError'{0x00000000ebf1b370}: 'java.lang.Object java.lang.invoke.DirectMethodHandle$Holder.newInvokeSpecial(java.lang.Object, java.lang.Object, java.lang.Object, java.lang.Object, java.lang.Object, java.lang.Object, java.lang.Object)'> (0x00000000ebf1b370) 
thrown [s\src\hotspot\share\interpreter\linkResolver.cpp, line 759]
Event: 7.170 Thread 0x00000221cb212600 Exception <a 'java/lang/NoSuchMethodError'{0x00000000ebf88be8}: 'java.lang.Object java.lang.invoke.DirectMethodHandle$Holder.invokeSpecial(java.lang.Object, java.lang.Object, java.lang.Object, java.lang.Object, java.lang.Object, java.lang.Object, java.lang.Object, java.lang.Object, java.lang.Object, java.lang.Object, java.lang.Object, java.lang.Object, java.lang.Object)'> (0x00000000ebf88be8) 
thrown [s\src\hotspot\share\interpreter\linkResolver.cpp, line 759]
Event: 7.171 Thread 0x00000221cb212600 Exception <a 'java/lang/NoSuchMethodError'{0x00000000ebf8e718}: 'java.lang.Object java.lang.invoke.Invokers$Holder.invoker(java.lang.Object, java.lang.Object, java.lang.Object, java.lang.Object, java.lang.Object, java.lang.Object, java.lang.Object, java.lang.Object, java.lang.Object, java.lang.Object, java.lang.Object, java.lang.Object, java.lang.Object)'> (0x00000000ebf8e718) 
thrown [s\src\hotspot\share\interpreter\linkResolver.cpp, line 759]
Event: 7.172 Thread 0x00000221cb212600 Exception <a 'java/lang/NoSuchMethodError'{0x00000000ebf95418}: 'java.lang.Object java.lang.invoke.DirectMethodHandle$Holder.invokeSpecial(java.lang.Object, java.lang.Object, java.lang.Object, java.lang.Object, java.lang.Object, java.lang.Object, java.lang.Object, java.lang.Object, java.lang.Object, java.lang.Object, java.lang.Object, java.lang.Object, java.lang.Object, java.lang.Object)'> (0x00000000ebf95418) 
thrown [s\src\hotspot\share\interpreter\linkResolver.cpp, line 759]
Event: 7.188 Thread 0x00000221cb212600 Exception <a 'java/lang/NoSuchMethodError'{0x00000000ebffd8d0}: static Lorg/eclipse/m2e/core/internal/lifecyclemapping/model/PluginExecutionMetadata;.<clinit>()V> (0x00000000ebffd8d0) 
thrown [s\src\hotspot\share\prims\jni.cpp, line 1107]
Event: 7.207 Thread 0x00000221cb212600 Exception <a 'java/lang/NoSuchMethodError'{0x00000000ec05b0e0}: static Lorg/eclipse/m2e/core/internal/lifecyclemapping/model/PluginExecutionFilter;.<clinit>()V> (0x00000000ec05b0e0) 
thrown [s\src\hotspot\share\prims\jni.cpp, line 1107]
Event: 7.214 Thread 0x00000221cb212600 Exception <a 'java/lang/NoSuchMethodError'{0x00000000ec08fa78}: static Lorg/eclipse/m2e/core/internal/project/registry/MavenProjectFacade$MavenProjectConfiguration;.<clinit>()V> (0x00000000ec08fa78) 
thrown [s\src\hotspot\share\prims\jni.cpp, line 1107]
Event: 8.089 Thread 0x00000221cb212600 Exception <a 'java/lang/NoSuchMethodError'{0x00000000eb0f15b0}: 'java.lang.Object java.lang.invoke.DirectMethodHandle$Holder.newInvokeSpecial(java.lang.Object, int, java.lang.Object, java.lang.Object)'> (0x00000000eb0f15b0) 
thrown [s\src\hotspot\share\interpreter\linkResolver.cpp, line 759]
Event: 8.152 Thread 0x00000221cb212600 Exception <a 'java/lang/ClassNotFoundException'{0x00000000eb391ef0}: com/sun/org/apache/xerces/internal/impl/msg/spi/DOMMessagesProvider> (0x00000000eb391ef0) 
thrown [s\src\hotspot\share\classfile\systemDictionary.cpp, line 256]
Event: 8.154 Thread 0x00000221cb212600 Exception <a 'java/lang/ClassNotFoundException'{0x00000000eb3a3678}: com/sun/org/apache/xerces/internal/impl/msg/spi/XMLSerializerMessagesProvider> (0x00000000eb3a3678) 
thrown [s\src\hotspot\share\classfile\systemDictionary.cpp, line 256]

VM Operations (20 events):
Event: 5.824 Executing VM operation: HandshakeAllThreads
Event: 5.824 Executing VM operation: HandshakeAllThreads done
Event: 5.872 Executing VM operation: HandshakeAllThreads
Event: 5.872 Executing VM operation: HandshakeAllThreads done
Event: 5.882 Executing VM operation: HandshakeAllThreads
Event: 5.882 Executing VM operation: HandshakeAllThreads done
Event: 6.063 Executing VM operation: ParallelGCFailedAllocation
Event: 6.067 Executing VM operation: ParallelGCFailedAllocation done
Event: 6.935 Executing VM operation: HandshakeAllThreads
Event: 6.935 Executing VM operation: HandshakeAllThreads done
Event: 6.935 Executing VM operation: HandshakeAllThreads
Event: 6.935 Executing VM operation: HandshakeAllThreads done
Event: 7.318 Executing VM operation: ParallelGCFailedAllocation
Event: 7.322 Executing VM operation: ParallelGCFailedAllocation done
Event: 7.743 Executing VM operation: ParallelGCFailedAllocation
Event: 7.745 Executing VM operation: ParallelGCFailedAllocation done
Event: 8.080 Executing VM operation: ParallelGCFailedAllocation
Event: 8.084 Executing VM operation: ParallelGCFailedAllocation done
Event: 8.121 Executing VM operation: HandshakeAllThreads
Event: 8.121 Executing VM operation: HandshakeAllThreads done

Events (20 events):
Event: 8.151 loading class com/sun/org/apache/xerces/internal/dom/AttrImpl done
Event: 8.151 loading class com/sun/org/apache/xerces/internal/dom/DeferredAttrImpl done
Event: 8.151 loading class com/sun/org/apache/xerces/internal/dom/DOMMessageFormatter
Event: 8.151 loading class com/sun/org/apache/xerces/internal/dom/DOMMessageFormatter done
Event: 8.152 loading class com/sun/org/apache/xerces/internal/impl/msg/DOMMessages
Event: 8.152 loading class com/sun/org/apache/xerces/internal/impl/msg/DOMMessages done
Event: 8.152 loading class com/sun/org/apache/xerces/internal/impl/msg/DOMMessages
Event: 8.152 loading class com/sun/org/apache/xerces/internal/impl/msg/DOMMessages done
Event: 8.153 loading class com/sun/org/apache/xerces/internal/impl/msg/DOMMessages_en
Event: 8.153 loading class com/sun/org/apache/xerces/internal/impl/msg/DOMMessages_en done
Event: 8.153 loading class com/sun/org/apache/xerces/internal/impl/msg/DOMMessages_en
Event: 8.153 loading class com/sun/org/apache/xerces/internal/impl/msg/DOMMessages_en done
Event: 8.153 loading class com/sun/org/apache/xerces/internal/impl/msg/DOMMessages_en_IN
Event: 8.153 loading class com/sun/org/apache/xerces/internal/impl/msg/DOMMessages_en_IN done
Event: 8.153 loading class com/sun/org/apache/xerces/internal/impl/msg/DOMMessages_en_IN
Event: 8.153 loading class com/sun/org/apache/xerces/internal/impl/msg/DOMMessages_en_IN done
Event: 8.154 loading class com/sun/org/apache/xerces/internal/impl/msg/XMLSerializerMessages
Event: 8.154 loading class com/sun/org/apache/xerces/internal/impl/msg/XMLSerializerMessages done
Event: 8.154 loading class com/sun/org/apache/xerces/internal/impl/msg/XMLSerializerMessages
Event: 8.154 loading class com/sun/org/apache/xerces/internal/impl/msg/XMLSerializerMessages done


Dynamic libraries:
0x00007ff7a6520000 - 0x00007ff7a652e000 	c:\Users\STARIM\.vscode\extensions\redhat.java-1.28.1-win32-x64\jre\17.0.10-win32-x86_64\bin\java.exe
0x00007ffb288d0000 - 0x00007ffb28ae6000 	C:\WINDOWS\SYSTEM32\ntdll.dll
0x00007ffb27600000 - 0x00007ffb276c4000 	C:\WINDOWS\System32\KERNEL32.DLL
0x00007ffb26100000 - 0x00007ffb264a6000 	C:\WINDOWS\System32\KERNELBASE.dll
0x00007ffb25e00000 - 0x00007ffb25f11000 	C:\WINDOWS\System32\ucrtbase.dll
0x00007ffaf4810000 - 0x00007ffaf482b000 	c:\Users\STARIM\.vscode\extensions\redhat.java-1.28.1-win32-x64\jre\17.0.10-win32-x86_64\bin\VCRUNTIME140.dll
0x00007ffaf4700000 - 0x00007ffaf4717000 	c:\Users\STARIM\.vscode\extensions\redhat.java-1.28.1-win32-x64\jre\17.0.10-win32-x86_64\bin\jli.dll
0x00007ffb26bc0000 - 0x00007ffb26d6d000 	C:\WINDOWS\System32\USER32.dll
0x00007ffb1cd90000 - 0x00007ffb1d023000 	C:\WINDOWS\WinSxS\amd64_microsoft.windows.common-controls_6595b64144ccf1df_6.0.22621.3235_none_270f74e173860f98\COMCTL32.dll
0x00007ffb25c40000 - 0x00007ffb25c66000 	C:\WINDOWS\System32\win32u.dll
0x00007ffb28860000 - 0x00007ffb28889000 	C:\WINDOWS\System32\GDI32.dll
0x00007ffb26b10000 - 0x00007ffb26bb7000 	C:\WINDOWS\System32\msvcrt.dll
0x00007ffb25c70000 - 0x00007ffb25d88000 	C:\WINDOWS\System32\gdi32full.dll
0x00007ffb25f20000 - 0x00007ffb25fba000 	C:\WINDOWS\System32\msvcp_win.dll
0x00007ffb26a70000 - 0x00007ffb26aa1000 	C:\WINDOWS\System32\IMM32.DLL
0x00007ffb11490000 - 0x00007ffb1149c000 	c:\Users\STARIM\.vscode\extensions\redhat.java-1.28.1-win32-x64\jre\17.0.10-win32-x86_64\bin\vcruntime140_1.dll
0x00007ffaf3660000 - 0x00007ffaf36ed000 	c:\Users\STARIM\.vscode\extensions\redhat.java-1.28.1-win32-x64\jre\17.0.10-win32-x86_64\bin\msvcp140.dll
0x00007ffaa7ad0000 - 0x00007ffaa8732000 	c:\Users\STARIM\.vscode\extensions\redhat.java-1.28.1-win32-x64\jre\17.0.10-win32-x86_64\bin\server\jvm.dll
0x00007ffb26620000 - 0x00007ffb266d2000 	C:\WINDOWS\System32\ADVAPI32.dll
0x00007ffb28570000 - 0x00007ffb28618000 	C:\WINDOWS\System32\sechost.dll
0x00007ffb25c10000 - 0x00007ffb25c38000 	C:\WINDOWS\System32\bcrypt.dll
0x00007ffb28740000 - 0x00007ffb28855000 	C:\WINDOWS\System32\RPCRT4.dll
0x00007ffb20130000 - 0x00007ffb20139000 	C:\WINDOWS\SYSTEM32\WSOCK32.dll
0x00007ffb25880000 - 0x00007ffb258cd000 	C:\WINDOWS\SYSTEM32\POWRPROF.dll
0x00007ffb276d0000 - 0x00007ffb27741000 	C:\WINDOWS\System32\WS2_32.dll
0x00007ffb1c5d0000 - 0x00007ffb1c5da000 	C:\WINDOWS\SYSTEM32\VERSION.dll
0x00007ffb1aef0000 - 0x00007ffb1af24000 	C:\WINDOWS\SYSTEM32\WINMM.dll
0x00007ffb25860000 - 0x00007ffb25873000 	C:\WINDOWS\SYSTEM32\UMPDC.dll
0x00007ffb24c20000 - 0x00007ffb24c38000 	C:\WINDOWS\SYSTEM32\kernel.appcore.dll
0x00007ffb0ea10000 - 0x00007ffb0ea1a000 	c:\Users\STARIM\.vscode\extensions\redhat.java-1.28.1-win32-x64\jre\17.0.10-win32-x86_64\bin\jimage.dll
0x00007ffb22f80000 - 0x00007ffb231b3000 	C:\WINDOWS\SYSTEM32\DBGHELP.DLL
0x00007ffb266e0000 - 0x00007ffb26a68000 	C:\WINDOWS\System32\combase.dll
0x00007ffb27350000 - 0x00007ffb27427000 	C:\WINDOWS\System32\OLEAUT32.dll
0x00007ffb17c00000 - 0x00007ffb17c32000 	C:\WINDOWS\SYSTEM32\dbgcore.DLL
0x00007ffb25fc0000 - 0x00007ffb2603a000 	C:\WINDOWS\System32\bcryptPrimitives.dll
0x00007ffb0ad50000 - 0x00007ffb0ad5e000 	c:\Users\STARIM\.vscode\extensions\redhat.java-1.28.1-win32-x64\jre\17.0.10-win32-x86_64\bin\instrument.dll
0x00007ffaf4630000 - 0x00007ffaf4655000 	c:\Users\STARIM\.vscode\extensions\redhat.java-1.28.1-win32-x64\jre\17.0.10-win32-x86_64\bin\java.dll
0x00007ffaf10d0000 - 0x00007ffaf10e8000 	c:\Users\STARIM\.vscode\extensions\redhat.java-1.28.1-win32-x64\jre\17.0.10-win32-x86_64\bin\zip.dll
0x00007ffb27960000 - 0x00007ffb281bd000 	C:\WINDOWS\System32\SHELL32.dll
0x00007ffb23b20000 - 0x00007ffb24418000 	C:\WINDOWS\SYSTEM32\windows.storage.dll
0x00007ffb239e0000 - 0x00007ffb23b1e000 	C:\WINDOWS\SYSTEM32\wintypes.dll
0x00007ffb274f0000 - 0x00007ffb275e3000 	C:\WINDOWS\System32\SHCORE.dll
0x00007ffb27900000 - 0x00007ffb2795e000 	C:\WINDOWS\System32\shlwapi.dll
0x00007ffb25b40000 - 0x00007ffb25b66000 	C:\WINDOWS\SYSTEM32\profapi.dll
0x00007ffaf0360000 - 0x00007ffaf0379000 	C:\Users\STARIM\.vscode\extensions\redhat.java-1.28.1-win32-x64\jre\17.0.10-win32-x86_64\bin\net.dll
0x00007ffb1f7e0000 - 0x00007ffb1f917000 	C:\WINDOWS\SYSTEM32\WINHTTP.dll
0x00007ffb250b0000 - 0x00007ffb25119000 	C:\WINDOWS\system32\mswsock.dll
0x00007ffaf0340000 - 0x00007ffaf0356000 	C:\Users\STARIM\.vscode\extensions\redhat.java-1.28.1-win32-x64\jre\17.0.10-win32-x86_64\bin\nio.dll
0x00007ffb07950000 - 0x00007ffb07960000 	c:\Users\STARIM\.vscode\extensions\redhat.java-1.28.1-win32-x64\jre\17.0.10-win32-x86_64\bin\verify.dll
0x00007ffae12c0000 - 0x00007ffae12fe000 	C:\Users\STARIM\AppData\Roaming\Code\User\globalStorage\redhat.java\1.28.1\config_win\org.eclipse.equinox.launcher\org.eclipse.equinox.launcher.win32.win32.x86_64_1.2.900.v20240129-1338\eclipse_11900.dll
0x00007ffb27760000 - 0x00007ffb278ff000 	C:\WINDOWS\System32\ole32.dll

dbghelp: loaded successfully - version: 4.0.5 - missing functions: none
symbol engine: initialized successfully - sym options: 0x614 - pdb path: .;c:\Users\STARIM\.vscode\extensions\redhat.java-1.28.1-win32-x64\jre\17.0.10-win32-x86_64\bin;C:\WINDOWS\SYSTEM32;C:\WINDOWS\WinSxS\amd64_microsoft.windows.common-controls_6595b64144ccf1df_6.0.22621.3235_none_270f74e173860f98;c:\Users\STARIM\.vscode\extensions\redhat.java-1.28.1-win32-x64\jre\17.0.10-win32-x86_64\bin\server;C:\Users\STARIM\AppData\Roaming\Code\User\globalStorage\redhat.java\1.28.1\config_win\org.eclipse.equinox.launcher\org.eclipse.equinox.launcher.win32.win32.x86_64_1.2.900.v20240129-1338

VM Arguments:
jvm_args: --add-modules=ALL-SYSTEM --add-opens=java.base/java.util=ALL-UNNAMED --add-opens=java.base/java.lang=ALL-UNNAMED --add-opens=java.base/sun.nio.fs=ALL-UNNAMED -Declipse.application=org.eclipse.jdt.ls.core.id1 -Dosgi.bundles.defaultStartLevel=4 -Declipse.product=org.eclipse.jdt.ls.core.product -Djava.import.generatesMetadataFilesAtProjectRoot=false -DDetectVMInstallationsJob.disabled=true -Dfile.encoding=utf8 -XX:+UseParallelGC -XX:GCTimeRatio=4 -XX:AdaptiveSizePolicyWeight=90 -Dsun.zip.disableMemoryMapping=true -Xmx1G -Xms100m -Xlog:disable -javaagent:c:\Users\STARIM\.vscode\extensions\redhat.java-1.28.1-win32-x64\lombok\lombok-1.18.31.jar -XX:+HeapDumpOnOutOfMemoryError -XX:HeapDumpPath=c:\Users\STARIM\AppData\Roaming\Code\User\workspaceStorage\acb77b6dbbcca2f86ee7bb19ff107631\redhat.java -Daether.dependencyCollector.impl=bf 
java_command: c:\Users\STARIM\.vscode\extensions\redhat.java-1.28.1-win32-x64\server\plugins\org.eclipse.equinox.launcher_1.6.700.v20231214-2017.jar -configuration c:\Users\STARIM\AppData\Roaming\Code\User\globalStorage\redhat.java\1.28.1\config_win -data c:\Users\STARIM\AppData\Roaming\Code\User\workspaceStorage\acb77b6dbbcca2f86ee7bb19ff107631\redhat.java\jdt_ws --stdio
java_class_path (initial): c:\Users\STARIM\.vscode\extensions\redhat.java-1.28.1-win32-x64\server\plugins\org.eclipse.equinox.launcher_1.6.700.v20231214-2017.jar
Launcher Type: SUN_STANDARD

[Global flags]
    uintx AdaptiveSizePolicyWeight                 = 90                                        {product} {command line}
     intx CICompilerCount                          = 12                                        {product} {ergonomic}
    uintx GCTimeRatio                              = 4                                         {product} {command line}
     bool HeapDumpOnOutOfMemoryError               = true                                   {manageable} {command line}
    ccstr HeapDumpPath                             = c:\Users\STARIM\AppData\Roaming\Code\User\workspaceStorage\acb77b6dbbcca2f86ee7bb19ff107631\redhat.java         {manageable} {command line}
   size_t InitialHeapSize                          = 104857600                                 {product} {command line}
   size_t MaxHeapSize                              = 1073741824                                {product} {command line}
   size_t MaxNewSize                               = 357564416                                 {product} {ergonomic}
   size_t MinHeapDeltaBytes                        = 524288                                    {product} {ergonomic}
   size_t MinHeapSize                              = 104857600                                 {product} {command line}
   size_t NewSize                                  = 34603008                                  {product} {ergonomic}
    uintx NonNMethodCodeHeapSize                   = 7602480                                {pd product} {ergonomic}
    uintx NonProfiledCodeHeapSize                  = 122027880                              {pd product} {ergonomic}
   size_t OldSize                                  = 70254592                                  {product} {ergonomic}
    uintx ProfiledCodeHeapSize                     = 122027880                              {pd product} {ergonomic}
    uintx ReservedCodeCacheSize                    = 251658240                              {pd product} {ergonomic}
     bool SegmentedCodeCache                       = true                                      {product} {ergonomic}
   size_t SoftMaxHeapSize                          = 1073741824                             {manageable} {ergonomic}
     bool UseCompressedClassPointers               = true                           {product lp64_product} {ergonomic}
     bool UseCompressedOops                        = true                           {product lp64_product} {ergonomic}
     bool UseLargePagesIndividualAllocation        = false                                  {pd product} {ergonomic}
     bool UseParallelGC                            = true                                      {product} {command line}

Logging:
Log output configuration:
 #0: stdout all=off uptime,level,tags
 #1: stderr all=off uptime,level,tags

Environment Variables:
PATH=C:\Program Files\Common Files\Oracle\Java\javapath;C:\Windows\system32;C:\Windows;C:\Windows\System32\Wbem;C:\Windows\System32\WindowsPowerShell\v1.0\;C:\Windows\System32\OpenSSH\;C:\Program Files (x86)\NVIDIA Corporation\PhysX\Common;C:\Program Files\dotnet\;C:\Program Files\Microsoft SQL Server\Client SDK\ODBC\170\Tools\Binn\;C:\Program Files (x86)\Microsoft SQL Server\150\Tools\Binn\;C:\Program Files\Microsoft SQL Server\150\Tools\Binn\;C:\Program Files\Microsoft SQL Server\150\DTS\Binn\;C:\WINDOWS\system32;C:\WINDOWS;C:\WINDOWS\System32\Wbem;C:\WINDOWS\System32\WindowsPowerShell\v1.0\;C:\WINDOWS\System32\OpenSSH\;C:\Users\STARIM\Downloads\apache-maven-3.9.5-bin\apache-maven-3.9.5\bin;C:\Program Files\Java\jdk-21;C:\Program Files\Git\cmd;C:\Users\STARIM\AppData\Roaming\nvm;C:\Program Files\nodejs;C:\Users\STARIM\AppData\Local\Microsoft\WindowsApps;C:\Users\STARIM\.dotnet\tools;C:\Users\STARIM\AppData\Local\Programs\Microsoft VS Code\bin;C:\Users\STARIM\AppData\Local\Programs\mongosh\;C:\Program Files\JetBrains\IntelliJ IDEA Community Edition 2023.2.5\bin;;C:\Users\STARIM\AppData\Roaming\npm;C:\Users\STARIM\AppData\Roaming\nvm;C:\Program Files\nodejs
USERNAME=STARIM
OS=Windows_NT
PROCESSOR_IDENTIFIER=AMD64 Family 23 Model 96 Stepping 1, AuthenticAMD
TMP=C:\Users\STARIM\AppData\Local\Temp
TEMP=C:\Users\STARIM\AppData\Local\Temp



Periodic native trim disabled


---------------  S Y S T E M  ---------------

OS:
 Windows 11 , 64 bit Build 22621 (10.0.22621.3235)
OS uptime: 4 days 2:43 hours
Hyper-V role detected

CPU: total 16 (initial active 16) (16 cores per cpu, 2 threads per core) family 23 model 96 stepping 1 microcode 0x0, cx8, cmov, fxsr, ht, mmx, 3dnowpref, sse, sse2, sse3, ssse3, sse4a, sse4.1, sse4.2, popcnt, lzcnt, tsc, tscinvbit, avx, avx2, aes, clmul, bmi1, bmi2, adx, sha, fma, vzeroupper, clflush, clflushopt, hv
Processor Information for all 16 processors :
  Max Mhz: 2901, Current Mhz: 2901, Mhz Limit: 2901

Memory: 4k page, system-wide physical 7599M (123M free)
TotalPageFile size 15763M (AvailPageFile size 0M)
current process WorkingSet (physical memory assigned to process): 147M, peak: 147M
current process commit charge ("private bytes"): 264M, peak: 266M

vm_info: OpenJDK 64-Bit Server VM (17.0.10+7) for windows-amd64 JRE (17.0.10+7), built on Jan 16 2024 23:25:11 by "admin" with MS VC++ 16.10 / 16.11 (VS2019)

END.
